[0.085s] Invoking command in '/home/bctat/turtlebot3ros/turtlebot3_ws/build/image_interfaces': CMAKE_PREFIX_PATH=${CMAKE_PREFIX_PATH}:/home/bctat/turtlebot3ros/turtlebot3_ws/install/turtlebot3_controller:/opt/ros/humble /usr/bin/cmake /home/bctat/turtlebot3ros/turtlebot3_ws/src/image_interfaces -DAMENT_CMAKE_SYMLINK_INSTALL=1 -DCMAKE_INSTALL_PREFIX=/home/bctat/turtlebot3ros/turtlebot3_ws/install/image_interfaces
[0.125s] -- The C compiler identification is GNU 11.4.0
[0.167s] -- The CXX compiler identification is GNU 11.4.0
[0.173s] -- Detecting C compiler ABI info
[0.213s] -- Detecting C compiler ABI info - done
[0.218s] -- Check for working C compiler: /usr/bin/cc - skipped
[0.218s] -- Detecting C compile features
[0.218s] -- Detecting C compile features - done
[0.221s] -- Detecting CXX compiler ABI info
[0.266s] -- Detecting CXX compiler ABI info - done
[0.271s] -- Check for working CXX compiler: /usr/bin/c++ - skipped
[0.271s] -- Detecting CXX compile features
[0.271s] -- Detecting CXX compile features - done
[0.273s] -- Found ament_cmake: 1.3.5 (/opt/ros/humble/share/ament_cmake/cmake)
[0.381s] -- Found Python3: /usr/bin/python3.10 (found version "3.10.12") found components: Interpreter 
[0.422s] -- Override CMake install command with custom implementation using symlinks instead of copying resources
[0.440s] -- Found ament_lint_auto: 0.12.8 (/opt/ros/humble/share/ament_lint_auto/cmake)
[0.488s] -- Found rosidl_default_generators: 1.2.0 (/opt/ros/humble/share/rosidl_default_generators/cmake)
[0.490s] -- Using all available rosidl_typesupport_c: rosidl_typesupport_fastrtps_c;rosidl_typesupport_introspection_c
[0.494s] -- Found rosidl_adapter: 3.1.5 (/opt/ros/humble/share/rosidl_adapter/cmake)
[0.520s] -- Using all available rosidl_typesupport_cpp: rosidl_typesupport_fastrtps_cpp;rosidl_typesupport_introspection_cpp
[0.656s] -- Found ament_cmake_ros: 0.10.0 (/opt/ros/humble/share/ament_cmake_ros/cmake)
[0.764s] -- Using all available rosidl_typesupport_c: rosidl_typesupport_fastrtps_c;rosidl_typesupport_introspection_c
[0.904s] -- Using all available rosidl_typesupport_cpp: rosidl_typesupport_fastrtps_cpp;rosidl_typesupport_introspection_cpp
[0.918s] -- Found PythonInterp: /usr/bin/python3 (found suitable version "3.10.12", minimum required is "3.6") 
[0.920s] -- Found python_cmake_module: 0.10.0 (/opt/ros/humble/share/python_cmake_module/cmake)
[0.937s] -- Found PythonLibs: /usr/lib/x86_64-linux-gnu/libpython3.10.so (found suitable version "3.10.12", minimum required is "3.5") 
[0.937s] -- Using PYTHON_EXECUTABLE: /usr/bin/python3
[0.937s] -- Using PYTHON_INCLUDE_DIRS: /usr/include/python3.10
[0.937s] -- Using PYTHON_LIBRARIES: /usr/lib/x86_64-linux-gnu/libpython3.10.so
[0.951s] -- Found PythonExtra: .so  
[0.973s] -- Added test 'lint_cmake' to check CMake code style
[0.974s] -- Added test 'xmllint' to check XML markup files
[0.977s] -- Configuring done
[0.992s] -- Generating done
[0.993s] -- Build files have been written to: /home/bctat/turtlebot3ros/turtlebot3_ws/build/image_interfaces
[0.997s] Invoked command in '/home/bctat/turtlebot3ros/turtlebot3_ws/build/image_interfaces' returned '0': CMAKE_PREFIX_PATH=${CMAKE_PREFIX_PATH}:/home/bctat/turtlebot3ros/turtlebot3_ws/install/turtlebot3_controller:/opt/ros/humble /usr/bin/cmake /home/bctat/turtlebot3ros/turtlebot3_ws/src/image_interfaces -DAMENT_CMAKE_SYMLINK_INSTALL=1 -DCMAKE_INSTALL_PREFIX=/home/bctat/turtlebot3ros/turtlebot3_ws/install/image_interfaces
[0.997s] Invoking command in '/home/bctat/turtlebot3ros/turtlebot3_ws/build/image_interfaces': CMAKE_PREFIX_PATH=${CMAKE_PREFIX_PATH}:/home/bctat/turtlebot3ros/turtlebot3_ws/install/turtlebot3_controller:/opt/ros/humble /usr/bin/cmake --build /home/bctat/turtlebot3ros/turtlebot3_ws/build/image_interfaces -- -j12 -l12
[1.020s] [  2%] [34m[1mGenerating C code for ROS interfaces[0m
[1.029s] [  5%] [34m[1mGenerating C++ code for ROS interfaces[0m
[1.038s] [  5%] Built target ament_cmake_python_symlink_image_interfaces
[1.189s] running egg_info
[1.190s] creating image_interfaces.egg-info
[1.190s] writing image_interfaces.egg-info/PKG-INFO
[1.190s] writing dependency_links to image_interfaces.egg-info/dependency_links.txt
[1.190s] writing top-level names to image_interfaces.egg-info/top_level.txt
[1.190s] writing manifest file 'image_interfaces.egg-info/SOURCES.txt'
[1.191s] reading manifest file 'image_interfaces.egg-info/SOURCES.txt'
[1.191s] writing manifest file 'image_interfaces.egg-info/SOURCES.txt'
[1.213s] [  5%] Built target ament_cmake_python_build_image_interfaces_egg
[1.217s] [ 10%] [32mBuilding C object CMakeFiles/image_interfaces__rosidl_generator_c.dir/rosidl_generator_c/image_interfaces/srv/detail/find_centroid__functions.c.o[0m
[1.217s] [ 10%] [32mBuilding C object CMakeFiles/image_interfaces__rosidl_generator_c.dir/rosidl_generator_c/image_interfaces/msg/detail/centroid__functions.c.o[0m
[1.218s] [ 10%] Built target image_interfaces__cpp
[1.223s] [ 17%] [34m[1mGenerating C++ type support dispatch for ROS interfaces[0m
[1.223s] [ 17%] [34m[1mGenerating C++ type support for eProsima Fast-RTPS[0m
[1.223s] [ 17%] [34m[1mGenerating C++ introspection for ROS interfaces[0m
[1.250s] [ 20%] [32m[1mLinking C shared library libimage_interfaces__rosidl_generator_c.so[0m
[1.273s] [ 20%] Built target image_interfaces__rosidl_generator_c
[1.278s] [ 28%] [34m[1mGenerating C introspection for ROS interfaces[0m
[1.278s] [ 28%] [34m[1mGenerating C type support for eProsima Fast-RTPS[0m
[1.279s] [ 28%] [34m[1mGenerating C type support dispatch for ROS interfaces[0m
[1.390s] [ 30%] [32mBuilding CXX object CMakeFiles/image_interfaces__rosidl_typesupport_introspection_cpp.dir/rosidl_typesupport_introspection_cpp/image_interfaces/msg/detail/centroid__type_support.cpp.o[0m
[1.391s] [ 33%] [32mBuilding CXX object CMakeFiles/image_interfaces__rosidl_typesupport_introspection_cpp.dir/rosidl_typesupport_introspection_cpp/image_interfaces/srv/detail/find_centroid__type_support.cpp.o[0m
[1.407s] [ 35%] [32mBuilding CXX object CMakeFiles/image_interfaces__rosidl_typesupport_fastrtps_cpp.dir/rosidl_typesupport_fastrtps_cpp/image_interfaces/msg/detail/dds_fastrtps/centroid__type_support.cpp.o[0m
[1.408s] [ 38%] [32mBuilding CXX object CMakeFiles/image_interfaces__rosidl_typesupport_fastrtps_cpp.dir/rosidl_typesupport_fastrtps_cpp/image_interfaces/srv/detail/dds_fastrtps/find_centroid__type_support.cpp.o[0m
[1.449s] [ 41%] [32mBuilding CXX object CMakeFiles/image_interfaces__rosidl_typesupport_cpp.dir/rosidl_typesupport_cpp/image_interfaces/srv/find_centroid__type_support.cpp.o[0m
[1.449s] [ 43%] [32mBuilding CXX object CMakeFiles/image_interfaces__rosidl_typesupport_cpp.dir/rosidl_typesupport_cpp/image_interfaces/msg/centroid__type_support.cpp.o[0m
[1.456s] [ 46%] [32mBuilding C object CMakeFiles/image_interfaces__rosidl_typesupport_introspection_c.dir/rosidl_typesupport_introspection_c/image_interfaces/msg/detail/centroid__type_support.c.o[0m
[1.457s] [ 48%] [32mBuilding C object CMakeFiles/image_interfaces__rosidl_typesupport_introspection_c.dir/rosidl_typesupport_introspection_c/image_interfaces/srv/detail/find_centroid__type_support.c.o[0m
[1.491s] [ 51%] [32m[1mLinking C shared library libimage_interfaces__rosidl_typesupport_introspection_c.so[0m
[1.498s] [ 56%] [32mBuilding CXX object CMakeFiles/image_interfaces__rosidl_typesupport_fastrtps_c.dir/rosidl_typesupport_fastrtps_c/image_interfaces/srv/detail/find_centroid__type_support_c.cpp.o[0m
[1.499s] [ 56%] [32mBuilding CXX object CMakeFiles/image_interfaces__rosidl_typesupport_fastrtps_c.dir/rosidl_typesupport_fastrtps_c/image_interfaces/msg/detail/centroid__type_support_c.cpp.o[0m
[1.518s] [ 56%] Built target image_interfaces__rosidl_typesupport_introspection_c
[1.525s] [ 58%] [32mBuilding CXX object CMakeFiles/image_interfaces__rosidl_typesupport_c.dir/rosidl_typesupport_c/image_interfaces/msg/centroid__type_support.cpp.o[0m
[1.526s] [ 61%] [32mBuilding CXX object CMakeFiles/image_interfaces__rosidl_typesupport_c.dir/rosidl_typesupport_c/image_interfaces/srv/find_centroid__type_support.cpp.o[0m
[1.560s] [ 64%] [32m[1mLinking CXX shared library libimage_interfaces__rosidl_typesupport_c.so[0m
[1.599s] [ 64%] Built target image_interfaces__rosidl_typesupport_c
[1.637s] [ 66%] [32m[1mLinking CXX shared library libimage_interfaces__rosidl_typesupport_cpp.so[0m
[1.663s] [ 66%] Built target image_interfaces__rosidl_typesupport_cpp
[1.706s] [ 69%] [32m[1mLinking CXX shared library libimage_interfaces__rosidl_typesupport_fastrtps_cpp.so[0m
[1.706s] [ 71%] [32m[1mLinking CXX shared library libimage_interfaces__rosidl_typesupport_introspection_cpp.so[0m
[1.731s] [ 71%] Built target image_interfaces__rosidl_typesupport_introspection_cpp
[1.753s] [ 71%] Built target image_interfaces__rosidl_typesupport_fastrtps_cpp
[1.765s] [ 74%] [32m[1mLinking CXX shared library libimage_interfaces__rosidl_typesupport_fastrtps_c.so[0m
[1.807s] [ 74%] Built target image_interfaces__rosidl_typesupport_fastrtps_c
[1.819s] [ 74%] Built target image_interfaces
[1.829s] [ 76%] [34m[1mGenerating Python code for ROS interfaces[0m
[2.050s] [ 76%] Built target image_interfaces__py
[2.060s] [ 79%] [32mBuilding C object CMakeFiles/image_interfaces__rosidl_generator_py.dir/rosidl_generator_py/image_interfaces/msg/_centroid_s.c.o[0m
[2.060s] [ 82%] [32mBuilding C object CMakeFiles/image_interfaces__rosidl_generator_py.dir/rosidl_generator_py/image_interfaces/srv/_find_centroid_s.c.o[0m
[2.115s] [ 84%] [32m[1mLinking C shared library rosidl_generator_py/image_interfaces/libimage_interfaces__rosidl_generator_py.so[0m
[2.139s] [ 84%] Built target image_interfaces__rosidl_generator_py
[2.155s] [ 92%] [32mBuilding C object CMakeFiles/image_interfaces__rosidl_typesupport_introspection_c__pyext.dir/rosidl_generator_py/image_interfaces/_image_interfaces_s.ep.rosidl_typesupport_introspection_c.c.o[0m
[2.155s] [ 92%] [32mBuilding C object CMakeFiles/image_interfaces__rosidl_typesupport_c__pyext.dir/rosidl_generator_py/image_interfaces/_image_interfaces_s.ep.rosidl_typesupport_c.c.o[0m
[2.155s] [ 92%] [32mBuilding C object CMakeFiles/image_interfaces__rosidl_typesupport_fastrtps_c__pyext.dir/rosidl_generator_py/image_interfaces/_image_interfaces_s.ep.rosidl_typesupport_fastrtps_c.c.o[0m
[2.208s] [ 97%] [32m[1mLinking C shared library rosidl_generator_py/image_interfaces/image_interfaces_s__rosidl_typesupport_c.cpython-310-x86_64-linux-gnu.so[0m
[2.208s] [ 97%] [32m[1mLinking C shared library rosidl_generator_py/image_interfaces/image_interfaces_s__rosidl_typesupport_introspection_c.cpython-310-x86_64-linux-gnu.so[0m
[2.209s] [100%] [32m[1mLinking C shared library rosidl_generator_py/image_interfaces/image_interfaces_s__rosidl_typesupport_fastrtps_c.cpython-310-x86_64-linux-gnu.so[0m
[2.227s] [100%] Built target image_interfaces__rosidl_typesupport_introspection_c__pyext
[2.227s] [100%] Built target image_interfaces__rosidl_typesupport_fastrtps_c__pyext
[2.227s] [100%] Built target image_interfaces__rosidl_typesupport_c__pyext
[2.234s] Invoked command in '/home/bctat/turtlebot3ros/turtlebot3_ws/build/image_interfaces' returned '0': CMAKE_PREFIX_PATH=${CMAKE_PREFIX_PATH}:/home/bctat/turtlebot3ros/turtlebot3_ws/install/turtlebot3_controller:/opt/ros/humble /usr/bin/cmake --build /home/bctat/turtlebot3ros/turtlebot3_ws/build/image_interfaces -- -j12 -l12
[2.272s] Invoking command in '/home/bctat/turtlebot3ros/turtlebot3_ws/build/image_interfaces': CMAKE_PREFIX_PATH=${CMAKE_PREFIX_PATH}:/home/bctat/turtlebot3ros/turtlebot3_ws/install/turtlebot3_controller:/opt/ros/humble /usr/bin/cmake --install /home/bctat/turtlebot3ros/turtlebot3_ws/build/image_interfaces
[2.278s] -- Install configuration: ""
[2.279s] -- Execute custom install script
[2.280s] -- Symlinking: /home/bctat/turtlebot3ros/turtlebot3_ws/install/image_interfaces/share/ament_index/resource_index/rosidl_interfaces/image_interfaces
[2.288s] -- Symlinking: /home/bctat/turtlebot3ros/turtlebot3_ws/install/image_interfaces/include/image_interfaces/image_interfaces/msg/centroid.h
[2.295s] -- Symlinking: /home/bctat/turtlebot3ros/turtlebot3_ws/install/image_interfaces/include/image_interfaces/image_interfaces/msg/detail/centroid__functions.h
[2.301s] -- Symlinking: /home/bctat/turtlebot3ros/turtlebot3_ws/install/image_interfaces/include/image_interfaces/image_interfaces/msg/detail/centroid__struct.h
[2.306s] -- Symlinking: /home/bctat/turtlebot3ros/turtlebot3_ws/install/image_interfaces/include/image_interfaces/image_interfaces/msg/detail/centroid__type_support.h
[2.310s] -- Symlinking: /home/bctat/turtlebot3ros/turtlebot3_ws/install/image_interfaces/include/image_interfaces/image_interfaces/msg/rosidl_generator_c__visibility_control.h
[2.315s] -- Symlinking: /home/bctat/turtlebot3ros/turtlebot3_ws/install/image_interfaces/include/image_interfaces/image_interfaces/srv/detail/find_centroid__functions.h
[2.319s] -- Symlinking: /home/bctat/turtlebot3ros/turtlebot3_ws/install/image_interfaces/include/image_interfaces/image_interfaces/srv/detail/find_centroid__struct.h
[2.323s] -- Symlinking: /home/bctat/turtlebot3ros/turtlebot3_ws/install/image_interfaces/include/image_interfaces/image_interfaces/srv/detail/find_centroid__type_support.h
[2.327s] -- Symlinking: /home/bctat/turtlebot3ros/turtlebot3_ws/install/image_interfaces/include/image_interfaces/image_interfaces/srv/find_centroid.h
[2.332s] -- Symlinking: /home/bctat/turtlebot3ros/turtlebot3_ws/install/image_interfaces/share/image_interfaces/environment/library_path.sh
[2.336s] -- Symlinking: /home/bctat/turtlebot3ros/turtlebot3_ws/install/image_interfaces/share/image_interfaces/environment/library_path.dsv
[2.341s] -- Symlinking: /home/bctat/turtlebot3ros/turtlebot3_ws/install/image_interfaces/include/image_interfaces/image_interfaces/msg/detail/centroid__rosidl_typesupport_fastrtps_c.h
[2.345s] -- Symlinking: /home/bctat/turtlebot3ros/turtlebot3_ws/install/image_interfaces/include/image_interfaces/image_interfaces/msg/rosidl_typesupport_fastrtps_c__visibility_control.h
[2.349s] -- Symlinking: /home/bctat/turtlebot3ros/turtlebot3_ws/install/image_interfaces/include/image_interfaces/image_interfaces/srv/detail/find_centroid__rosidl_typesupport_fastrtps_c.h
[2.353s] -- Symlinking: /home/bctat/turtlebot3ros/turtlebot3_ws/install/image_interfaces/include/image_interfaces/image_interfaces/msg/detail/centroid__rosidl_typesupport_introspection_c.h
[2.357s] -- Symlinking: /home/bctat/turtlebot3ros/turtlebot3_ws/install/image_interfaces/include/image_interfaces/image_interfaces/msg/rosidl_typesupport_introspection_c__visibility_control.h
[2.362s] -- Symlinking: /home/bctat/turtlebot3ros/turtlebot3_ws/install/image_interfaces/include/image_interfaces/image_interfaces/srv/detail/find_centroid__rosidl_typesupport_introspection_c.h
[2.366s] -- Symlinking: /home/bctat/turtlebot3ros/turtlebot3_ws/install/image_interfaces/include/image_interfaces/image_interfaces/msg/centroid.hpp
[2.370s] -- Symlinking: /home/bctat/turtlebot3ros/turtlebot3_ws/install/image_interfaces/include/image_interfaces/image_interfaces/msg/detail/centroid__builder.hpp
[2.374s] -- Symlinking: /home/bctat/turtlebot3ros/turtlebot3_ws/install/image_interfaces/include/image_interfaces/image_interfaces/msg/detail/centroid__struct.hpp
[2.379s] -- Symlinking: /home/bctat/turtlebot3ros/turtlebot3_ws/install/image_interfaces/include/image_interfaces/image_interfaces/msg/detail/centroid__traits.hpp
[2.383s] -- Symlinking: /home/bctat/turtlebot3ros/turtlebot3_ws/install/image_interfaces/include/image_interfaces/image_interfaces/srv/detail/find_centroid__builder.hpp
[2.387s] -- Symlinking: /home/bctat/turtlebot3ros/turtlebot3_ws/install/image_interfaces/include/image_interfaces/image_interfaces/srv/detail/find_centroid__struct.hpp
[2.392s] -- Symlinking: /home/bctat/turtlebot3ros/turtlebot3_ws/install/image_interfaces/include/image_interfaces/image_interfaces/srv/detail/find_centroid__traits.hpp
[2.397s] -- Symlinking: /home/bctat/turtlebot3ros/turtlebot3_ws/install/image_interfaces/include/image_interfaces/image_interfaces/srv/find_centroid.hpp
[2.402s] -- Symlinking: /home/bctat/turtlebot3ros/turtlebot3_ws/install/image_interfaces/include/image_interfaces/image_interfaces/msg/detail/centroid__rosidl_typesupport_fastrtps_cpp.hpp
[2.407s] -- Symlinking: /home/bctat/turtlebot3ros/turtlebot3_ws/install/image_interfaces/include/image_interfaces/image_interfaces/msg/rosidl_typesupport_fastrtps_cpp__visibility_control.h
[2.411s] -- Symlinking: /home/bctat/turtlebot3ros/turtlebot3_ws/install/image_interfaces/include/image_interfaces/image_interfaces/srv/detail/find_centroid__rosidl_typesupport_fastrtps_cpp.hpp
[2.417s] -- Symlinking: /home/bctat/turtlebot3ros/turtlebot3_ws/install/image_interfaces/include/image_interfaces/image_interfaces/msg/detail/centroid__rosidl_typesupport_introspection_cpp.hpp
[2.423s] -- Symlinking: /home/bctat/turtlebot3ros/turtlebot3_ws/install/image_interfaces/include/image_interfaces/image_interfaces/srv/detail/find_centroid__rosidl_typesupport_introspection_cpp.hpp
[2.428s] -- Symlinking: /home/bctat/turtlebot3ros/turtlebot3_ws/install/image_interfaces/share/image_interfaces/environment/pythonpath.sh
[2.433s] -- Symlinking: /home/bctat/turtlebot3ros/turtlebot3_ws/install/image_interfaces/share/image_interfaces/environment/pythonpath.dsv
[2.438s] -- Symlinking: /home/bctat/turtlebot3ros/turtlebot3_ws/install/image_interfaces/local/lib/python3.10/dist-packages/image_interfaces-0.0.0-py3.10.egg-info/PKG-INFO
[2.443s] -- Symlinking: /home/bctat/turtlebot3ros/turtlebot3_ws/install/image_interfaces/local/lib/python3.10/dist-packages/image_interfaces-0.0.0-py3.10.egg-info/SOURCES.txt
[2.447s] -- Symlinking: /home/bctat/turtlebot3ros/turtlebot3_ws/install/image_interfaces/local/lib/python3.10/dist-packages/image_interfaces-0.0.0-py3.10.egg-info/dependency_links.txt
[2.451s] -- Symlinking: /home/bctat/turtlebot3ros/turtlebot3_ws/install/image_interfaces/local/lib/python3.10/dist-packages/image_interfaces-0.0.0-py3.10.egg-info/top_level.txt
[2.456s] -- Symlinking: /home/bctat/turtlebot3ros/turtlebot3_ws/install/image_interfaces/local/lib/python3.10/dist-packages/image_interfaces/__init__.py
[2.460s] -- Symlinking: /home/bctat/turtlebot3ros/turtlebot3_ws/install/image_interfaces/local/lib/python3.10/dist-packages/image_interfaces/_image_interfaces_s.ep.rosidl_typesupport_c.c
[2.464s] -- Symlinking: /home/bctat/turtlebot3ros/turtlebot3_ws/install/image_interfaces/local/lib/python3.10/dist-packages/image_interfaces/_image_interfaces_s.ep.rosidl_typesupport_fastrtps_c.c
[2.468s] -- Symlinking: /home/bctat/turtlebot3ros/turtlebot3_ws/install/image_interfaces/local/lib/python3.10/dist-packages/image_interfaces/_image_interfaces_s.ep.rosidl_typesupport_introspection_c.c
[2.474s] -- Symlinking: /home/bctat/turtlebot3ros/turtlebot3_ws/install/image_interfaces/local/lib/python3.10/dist-packages/image_interfaces/image_interfaces_s__rosidl_typesupport_c.cpython-310-x86_64-linux-gnu.so
[2.483s] -- Symlinking: /home/bctat/turtlebot3ros/turtlebot3_ws/install/image_interfaces/local/lib/python3.10/dist-packages/image_interfaces/image_interfaces_s__rosidl_typesupport_fastrtps_c.cpython-310-x86_64-linux-gnu.so
[2.492s] -- Symlinking: /home/bctat/turtlebot3ros/turtlebot3_ws/install/image_interfaces/local/lib/python3.10/dist-packages/image_interfaces/image_interfaces_s__rosidl_typesupport_introspection_c.cpython-310-x86_64-linux-gnu.so
[2.501s] -- Symlinking: /home/bctat/turtlebot3ros/turtlebot3_ws/install/image_interfaces/local/lib/python3.10/dist-packages/image_interfaces/libimage_interfaces__rosidl_generator_py.so
[2.509s] -- Symlinking: /home/bctat/turtlebot3ros/turtlebot3_ws/install/image_interfaces/local/lib/python3.10/dist-packages/image_interfaces/msg/__init__.py
[2.516s] -- Symlinking: /home/bctat/turtlebot3ros/turtlebot3_ws/install/image_interfaces/local/lib/python3.10/dist-packages/image_interfaces/msg/_centroid.py
[2.523s] -- Symlinking: /home/bctat/turtlebot3ros/turtlebot3_ws/install/image_interfaces/local/lib/python3.10/dist-packages/image_interfaces/msg/_centroid_s.c
[2.530s] -- Symlinking: /home/bctat/turtlebot3ros/turtlebot3_ws/install/image_interfaces/local/lib/python3.10/dist-packages/image_interfaces/srv/__init__.py
[2.538s] -- Symlinking: /home/bctat/turtlebot3ros/turtlebot3_ws/install/image_interfaces/local/lib/python3.10/dist-packages/image_interfaces/srv/_find_centroid.py
[2.543s] -- Symlinking: /home/bctat/turtlebot3ros/turtlebot3_ws/install/image_interfaces/local/lib/python3.10/dist-packages/image_interfaces/srv/_find_centroid_s.c
[2.548s] -- Up-to-date symlink: /home/bctat/turtlebot3ros/turtlebot3_ws/install/image_interfaces/local/lib/python3.10/dist-packages/image_interfaces/image_interfaces_s__rosidl_typesupport_fastrtps_c.cpython-310-x86_64-linux-gnu.so
[2.548s] -- Up-to-date symlink: /home/bctat/turtlebot3ros/turtlebot3_ws/install/image_interfaces/local/lib/python3.10/dist-packages/image_interfaces/image_interfaces_s__rosidl_typesupport_introspection_c.cpython-310-x86_64-linux-gnu.so
[2.548s] -- Up-to-date symlink: /home/bctat/turtlebot3ros/turtlebot3_ws/install/image_interfaces/local/lib/python3.10/dist-packages/image_interfaces/image_interfaces_s__rosidl_typesupport_c.cpython-310-x86_64-linux-gnu.so
[2.548s] -- Symlinking: /home/bctat/turtlebot3ros/turtlebot3_ws/install/image_interfaces/share/image_interfaces/msg/Centroid.idl
[2.553s] -- Symlinking: /home/bctat/turtlebot3ros/turtlebot3_ws/install/image_interfaces/share/image_interfaces/srv/FindCentroid.idl
[2.558s] -- Symlinking: /home/bctat/turtlebot3ros/turtlebot3_ws/install/image_interfaces/share/image_interfaces/msg/Centroid.msg
[2.563s] -- Symlinking: /home/bctat/turtlebot3ros/turtlebot3_ws/install/image_interfaces/share/image_interfaces/srv/FindCentroid.srv
[2.568s] -- Symlinking: /home/bctat/turtlebot3ros/turtlebot3_ws/install/image_interfaces/share/image_interfaces/srv/FindCentroid_Request.msg
[2.575s] -- Symlinking: /home/bctat/turtlebot3ros/turtlebot3_ws/install/image_interfaces/share/image_interfaces/srv/FindCentroid_Response.msg
[2.583s] -- Symlinking: /home/bctat/turtlebot3ros/turtlebot3_ws/install/image_interfaces/share/ament_index/resource_index/package_run_dependencies/image_interfaces
[2.590s] -- Symlinking: /home/bctat/turtlebot3ros/turtlebot3_ws/install/image_interfaces/share/ament_index/resource_index/parent_prefix_path/image_interfaces
[2.597s] -- Symlinking: /home/bctat/turtlebot3ros/turtlebot3_ws/install/image_interfaces/share/image_interfaces/environment/ament_prefix_path.sh
[2.604s] -- Symlinking: /home/bctat/turtlebot3ros/turtlebot3_ws/install/image_interfaces/share/image_interfaces/environment/ament_prefix_path.dsv
[2.611s] -- Symlinking: /home/bctat/turtlebot3ros/turtlebot3_ws/install/image_interfaces/share/image_interfaces/environment/path.sh
[2.617s] -- Symlinking: /home/bctat/turtlebot3ros/turtlebot3_ws/install/image_interfaces/share/image_interfaces/environment/path.dsv
[2.623s] -- Symlinking: /home/bctat/turtlebot3ros/turtlebot3_ws/install/image_interfaces/share/image_interfaces/local_setup.bash
[2.627s] -- Symlinking: /home/bctat/turtlebot3ros/turtlebot3_ws/install/image_interfaces/share/image_interfaces/local_setup.sh
[2.633s] -- Symlinking: /home/bctat/turtlebot3ros/turtlebot3_ws/install/image_interfaces/share/image_interfaces/local_setup.zsh
[2.638s] -- Symlinking: /home/bctat/turtlebot3ros/turtlebot3_ws/install/image_interfaces/share/image_interfaces/local_setup.dsv
[2.642s] -- Symlinking: /home/bctat/turtlebot3ros/turtlebot3_ws/install/image_interfaces/share/image_interfaces/package.dsv
[2.646s] -- Symlinking: /home/bctat/turtlebot3ros/turtlebot3_ws/install/image_interfaces/share/ament_index/resource_index/packages/image_interfaces
[2.650s] -- Symlinking: /home/bctat/turtlebot3ros/turtlebot3_ws/install/image_interfaces/share/image_interfaces/cmake/rosidl_cmake-extras.cmake
[2.655s] -- Symlinking: /home/bctat/turtlebot3ros/turtlebot3_ws/install/image_interfaces/share/image_interfaces/cmake/ament_cmake_export_include_directories-extras.cmake
[2.659s] -- Symlinking: /home/bctat/turtlebot3ros/turtlebot3_ws/install/image_interfaces/share/image_interfaces/cmake/ament_cmake_export_libraries-extras.cmake
[2.663s] -- Symlinking: /home/bctat/turtlebot3ros/turtlebot3_ws/install/image_interfaces/share/image_interfaces/cmake/ament_cmake_export_targets-extras.cmake
[2.668s] -- Symlinking: /home/bctat/turtlebot3ros/turtlebot3_ws/install/image_interfaces/share/image_interfaces/cmake/rosidl_cmake_export_typesupport_targets-extras.cmake
[2.672s] -- Symlinking: /home/bctat/turtlebot3ros/turtlebot3_ws/install/image_interfaces/share/image_interfaces/cmake/ament_cmake_export_dependencies-extras.cmake
[2.676s] -- Symlinking: /home/bctat/turtlebot3ros/turtlebot3_ws/install/image_interfaces/share/image_interfaces/cmake/rosidl_cmake_export_typesupport_libraries-extras.cmake
[2.681s] -- Symlinking: /home/bctat/turtlebot3ros/turtlebot3_ws/install/image_interfaces/share/image_interfaces/cmake/image_interfacesConfig.cmake
[2.685s] -- Symlinking: /home/bctat/turtlebot3ros/turtlebot3_ws/install/image_interfaces/share/image_interfaces/cmake/image_interfacesConfig-version.cmake
[2.689s] -- Symlinking: /home/bctat/turtlebot3ros/turtlebot3_ws/install/image_interfaces/share/image_interfaces/package.xml
[2.694s] -- Installing: /home/bctat/turtlebot3ros/turtlebot3_ws/install/image_interfaces/lib/libimage_interfaces__rosidl_generator_c.so
[2.694s] -- Set runtime path of "/home/bctat/turtlebot3ros/turtlebot3_ws/install/image_interfaces/lib/libimage_interfaces__rosidl_generator_c.so" to ""
[2.694s] -- Installing: /home/bctat/turtlebot3ros/turtlebot3_ws/install/image_interfaces/lib/libimage_interfaces__rosidl_typesupport_fastrtps_c.so
[2.694s] -- Set runtime path of "/home/bctat/turtlebot3ros/turtlebot3_ws/install/image_interfaces/lib/libimage_interfaces__rosidl_typesupport_fastrtps_c.so" to ""
[2.694s] -- Installing: /home/bctat/turtlebot3ros/turtlebot3_ws/install/image_interfaces/lib/libimage_interfaces__rosidl_typesupport_introspection_c.so
[2.694s] -- Set runtime path of "/home/bctat/turtlebot3ros/turtlebot3_ws/install/image_interfaces/lib/libimage_interfaces__rosidl_typesupport_introspection_c.so" to ""
[2.694s] -- Installing: /home/bctat/turtlebot3ros/turtlebot3_ws/install/image_interfaces/lib/libimage_interfaces__rosidl_typesupport_c.so
[2.694s] -- Set runtime path of "/home/bctat/turtlebot3ros/turtlebot3_ws/install/image_interfaces/lib/libimage_interfaces__rosidl_typesupport_c.so" to ""
[2.694s] -- Installing: /home/bctat/turtlebot3ros/turtlebot3_ws/install/image_interfaces/lib/libimage_interfaces__rosidl_typesupport_fastrtps_cpp.so
[2.695s] -- Set runtime path of "/home/bctat/turtlebot3ros/turtlebot3_ws/install/image_interfaces/lib/libimage_interfaces__rosidl_typesupport_fastrtps_cpp.so" to ""
[2.695s] -- Installing: /home/bctat/turtlebot3ros/turtlebot3_ws/install/image_interfaces/lib/libimage_interfaces__rosidl_typesupport_introspection_cpp.so
[2.695s] -- Set runtime path of "/home/bctat/turtlebot3ros/turtlebot3_ws/install/image_interfaces/lib/libimage_interfaces__rosidl_typesupport_introspection_cpp.so" to ""
[2.695s] -- Installing: /home/bctat/turtlebot3ros/turtlebot3_ws/install/image_interfaces/lib/libimage_interfaces__rosidl_typesupport_cpp.so
[2.695s] -- Set runtime path of "/home/bctat/turtlebot3ros/turtlebot3_ws/install/image_interfaces/lib/libimage_interfaces__rosidl_typesupport_cpp.so" to ""
[2.717s] Listing '/home/bctat/turtlebot3ros/turtlebot3_ws/install/image_interfaces/local/lib/python3.10/dist-packages/image_interfaces'...
[2.717s] Compiling '/home/bctat/turtlebot3ros/turtlebot3_ws/install/image_interfaces/local/lib/python3.10/dist-packages/image_interfaces/__init__.py'...
[2.717s] Listing '/home/bctat/turtlebot3ros/turtlebot3_ws/install/image_interfaces/local/lib/python3.10/dist-packages/image_interfaces/msg'...
[2.717s] Compiling '/home/bctat/turtlebot3ros/turtlebot3_ws/install/image_interfaces/local/lib/python3.10/dist-packages/image_interfaces/msg/__init__.py'...
[2.717s] Compiling '/home/bctat/turtlebot3ros/turtlebot3_ws/install/image_interfaces/local/lib/python3.10/dist-packages/image_interfaces/msg/_centroid.py'...
[2.717s] Listing '/home/bctat/turtlebot3ros/turtlebot3_ws/install/image_interfaces/local/lib/python3.10/dist-packages/image_interfaces/srv'...
[2.717s] Compiling '/home/bctat/turtlebot3ros/turtlebot3_ws/install/image_interfaces/local/lib/python3.10/dist-packages/image_interfaces/srv/__init__.py'...
[2.717s] Compiling '/home/bctat/turtlebot3ros/turtlebot3_ws/install/image_interfaces/local/lib/python3.10/dist-packages/image_interfaces/srv/_find_centroid.py'...
[2.720s] -- Installing: /home/bctat/turtlebot3ros/turtlebot3_ws/install/image_interfaces/lib/libimage_interfaces__rosidl_generator_py.so
[2.720s] -- Set runtime path of "/home/bctat/turtlebot3ros/turtlebot3_ws/install/image_interfaces/lib/libimage_interfaces__rosidl_generator_py.so" to ""
[2.720s] -- Installing: /home/bctat/turtlebot3ros/turtlebot3_ws/install/image_interfaces/share/image_interfaces/cmake/export_image_interfaces__rosidl_generator_cExport.cmake
[2.720s] -- Installing: /home/bctat/turtlebot3ros/turtlebot3_ws/install/image_interfaces/share/image_interfaces/cmake/export_image_interfaces__rosidl_generator_cExport-noconfig.cmake
[2.720s] -- Installing: /home/bctat/turtlebot3ros/turtlebot3_ws/install/image_interfaces/share/image_interfaces/cmake/export_image_interfaces__rosidl_typesupport_fastrtps_cExport.cmake
[2.720s] -- Installing: /home/bctat/turtlebot3ros/turtlebot3_ws/install/image_interfaces/share/image_interfaces/cmake/export_image_interfaces__rosidl_typesupport_fastrtps_cExport-noconfig.cmake
[2.720s] -- Installing: /home/bctat/turtlebot3ros/turtlebot3_ws/install/image_interfaces/share/image_interfaces/cmake/image_interfaces__rosidl_typesupport_introspection_cExport.cmake
[2.720s] -- Installing: /home/bctat/turtlebot3ros/turtlebot3_ws/install/image_interfaces/share/image_interfaces/cmake/image_interfaces__rosidl_typesupport_introspection_cExport-noconfig.cmake
[2.720s] -- Installing: /home/bctat/turtlebot3ros/turtlebot3_ws/install/image_interfaces/share/image_interfaces/cmake/image_interfaces__rosidl_typesupport_cExport.cmake
[2.720s] -- Installing: /home/bctat/turtlebot3ros/turtlebot3_ws/install/image_interfaces/share/image_interfaces/cmake/image_interfaces__rosidl_typesupport_cExport-noconfig.cmake
[2.720s] -- Installing: /home/bctat/turtlebot3ros/turtlebot3_ws/install/image_interfaces/share/image_interfaces/cmake/export_image_interfaces__rosidl_generator_cppExport.cmake
[2.720s] -- Installing: /home/bctat/turtlebot3ros/turtlebot3_ws/install/image_interfaces/share/image_interfaces/cmake/export_image_interfaces__rosidl_typesupport_fastrtps_cppExport.cmake
[2.720s] -- Installing: /home/bctat/turtlebot3ros/turtlebot3_ws/install/image_interfaces/share/image_interfaces/cmake/export_image_interfaces__rosidl_typesupport_fastrtps_cppExport-noconfig.cmake
[2.720s] -- Installing: /home/bctat/turtlebot3ros/turtlebot3_ws/install/image_interfaces/share/image_interfaces/cmake/image_interfaces__rosidl_typesupport_introspection_cppExport.cmake
[2.720s] -- Installing: /home/bctat/turtlebot3ros/turtlebot3_ws/install/image_interfaces/share/image_interfaces/cmake/image_interfaces__rosidl_typesupport_introspection_cppExport-noconfig.cmake
[2.720s] -- Installing: /home/bctat/turtlebot3ros/turtlebot3_ws/install/image_interfaces/share/image_interfaces/cmake/image_interfaces__rosidl_typesupport_cppExport.cmake
[2.721s] -- Installing: /home/bctat/turtlebot3ros/turtlebot3_ws/install/image_interfaces/share/image_interfaces/cmake/image_interfaces__rosidl_typesupport_cppExport-noconfig.cmake
[2.721s] -- Installing: /home/bctat/turtlebot3ros/turtlebot3_ws/install/image_interfaces/share/image_interfaces/cmake/export_image_interfaces__rosidl_generator_pyExport.cmake
[2.721s] -- Installing: /home/bctat/turtlebot3ros/turtlebot3_ws/install/image_interfaces/share/image_interfaces/cmake/export_image_interfaces__rosidl_generator_pyExport-noconfig.cmake
[2.722s] Invoked command in '/home/bctat/turtlebot3ros/turtlebot3_ws/build/image_interfaces' returned '0': CMAKE_PREFIX_PATH=${CMAKE_PREFIX_PATH}:/home/bctat/turtlebot3ros/turtlebot3_ws/install/turtlebot3_controller:/opt/ros/humble /usr/bin/cmake --install /home/bctat/turtlebot3ros/turtlebot3_ws/build/image_interfaces
