[0.452s] DEBUG:colcon:Command line arguments: ['/home/bctat/.local/bin/colcon', 'build', '--symlink-install']
[0.452s] DEBUG:colcon:Parsed command line arguments: Namespace(log_base=None, log_level=None, verb_name='build', build_base='build', install_base='install', merge_install=False, symlink_install=True, test_result_base=None, continue_on_error=False, executor='parallel', parallel_workers=12, event_handlers=None, ignore_user_meta=False, metas=['./colcon.meta'], base_paths=['.'], packages_ignore=None, packages_ignore_regex=None, paths=None, packages_up_to=None, packages_up_to_regex=None, packages_above=None, packages_above_and_dependencies=None, packages_above_depth=None, packages_select_by_dep=None, packages_skip_by_dep=None, packages_skip_up_to=None, packages_select_build_failed=False, packages_skip_build_finished=False, packages_select_test_failures=False, packages_skip_test_passed=False, packages_select=None, packages_skip=None, packages_select_regex=None, packages_skip_regex=None, packages_start=None, packages_end=None, allow_overriding=[], cmake_args=None, cmake_target=None, cmake_target_skip_unavailable=False, cmake_clean_cache=False, cmake_clean_first=False, cmake_force_configure=False, ament_cmake_args=None, catkin_cmake_args=None, catkin_skip_building_tests=False, verb_parser=<colcon_defaults.argument_parser.defaults.DefaultArgumentsDecorator object at 0x7f7a872364a0>, verb_extension=<colcon_core.verb.build.BuildVerb object at 0x7f7a8750efe0>, main=<bound method BuildVerb.main of <colcon_core.verb.build.BuildVerb object at 0x7f7a8750efe0>>)
[0.474s] Level 1:colcon.colcon_core.package_discovery:discover_packages(colcon_meta) check parameters
[0.474s] Level 1:colcon.colcon_core.package_discovery:discover_packages(recursive) check parameters
[0.474s] Level 1:colcon.colcon_core.package_discovery:discover_packages(ignore) check parameters
[0.474s] Level 1:colcon.colcon_core.package_discovery:discover_packages(path) check parameters
[0.474s] Level 1:colcon.colcon_core.package_discovery:discover_packages(colcon_meta) discover
[0.474s] Level 1:colcon.colcon_core.package_discovery:discover_packages(recursive) discover
[0.474s] INFO:colcon.colcon_core.package_discovery:Crawling recursively for packages in '/home/bctat/turtlebot3ros/turtlebot3_ws'
[0.474s] Level 1:colcon.colcon_core.package_identification:_identify(.) by extensions ['ignore', 'ignore_ament_install']
[0.474s] Level 1:colcon.colcon_core.package_identification:_identify(.) by extension 'ignore'
[0.474s] Level 1:colcon.colcon_core.package_identification:_identify(.) by extension 'ignore_ament_install'
[0.474s] Level 1:colcon.colcon_core.package_identification:_identify(.) by extensions ['colcon_pkg']
[0.474s] Level 1:colcon.colcon_core.package_identification:_identify(.) by extension 'colcon_pkg'
[0.474s] Level 1:colcon.colcon_core.package_identification:_identify(.) by extensions ['colcon_meta']
[0.474s] Level 1:colcon.colcon_core.package_identification:_identify(.) by extension 'colcon_meta'
[0.474s] Level 1:colcon.colcon_core.package_identification:_identify(.) by extensions ['ros']
[0.474s] Level 1:colcon.colcon_core.package_identification:_identify(.) by extension 'ros'
[0.480s] Level 1:colcon.colcon_core.package_identification:_identify(.) by extensions ['cmake', 'python']
[0.481s] Level 1:colcon.colcon_core.package_identification:_identify(.) by extension 'cmake'
[0.481s] Level 1:colcon.colcon_core.package_identification:_identify(.) by extension 'python'
[0.481s] Level 1:colcon.colcon_core.package_identification:_identify(.) by extensions ['python_setup_py']
[0.481s] Level 1:colcon.colcon_core.package_identification:_identify(.) by extension 'python_setup_py'
[0.481s] Level 1:colcon.colcon_core.package_identification:_identify(build) by extensions ['ignore', 'ignore_ament_install']
[0.481s] Level 1:colcon.colcon_core.package_identification:_identify(build) by extension 'ignore'
[0.481s] Level 1:colcon.colcon_core.package_identification:_identify(build) ignored
[0.481s] Level 1:colcon.colcon_core.package_identification:_identify(install) by extensions ['ignore', 'ignore_ament_install']
[0.481s] Level 1:colcon.colcon_core.package_identification:_identify(install) by extension 'ignore'
[0.481s] Level 1:colcon.colcon_core.package_identification:_identify(install) ignored
[0.481s] Level 1:colcon.colcon_core.package_identification:_identify(launch) by extensions ['ignore', 'ignore_ament_install']
[0.481s] Level 1:colcon.colcon_core.package_identification:_identify(launch) by extension 'ignore'
[0.481s] Level 1:colcon.colcon_core.package_identification:_identify(launch) by extension 'ignore_ament_install'
[0.481s] Level 1:colcon.colcon_core.package_identification:_identify(launch) by extensions ['colcon_pkg']
[0.481s] Level 1:colcon.colcon_core.package_identification:_identify(launch) by extension 'colcon_pkg'
[0.481s] Level 1:colcon.colcon_core.package_identification:_identify(launch) by extensions ['colcon_meta']
[0.481s] Level 1:colcon.colcon_core.package_identification:_identify(launch) by extension 'colcon_meta'
[0.481s] Level 1:colcon.colcon_core.package_identification:_identify(launch) by extensions ['ros']
[0.481s] Level 1:colcon.colcon_core.package_identification:_identify(launch) by extension 'ros'
[0.481s] Level 1:colcon.colcon_core.package_identification:_identify(launch) by extensions ['cmake', 'python']
[0.481s] Level 1:colcon.colcon_core.package_identification:_identify(launch) by extension 'cmake'
[0.481s] Level 1:colcon.colcon_core.package_identification:_identify(launch) by extension 'python'
[0.481s] Level 1:colcon.colcon_core.package_identification:_identify(launch) by extensions ['python_setup_py']
[0.481s] Level 1:colcon.colcon_core.package_identification:_identify(launch) by extension 'python_setup_py'
[0.481s] Level 1:colcon.colcon_core.package_identification:_identify(launch/__pycache__) by extensions ['ignore', 'ignore_ament_install']
[0.481s] Level 1:colcon.colcon_core.package_identification:_identify(launch/__pycache__) by extension 'ignore'
[0.481s] Level 1:colcon.colcon_core.package_identification:_identify(launch/__pycache__) by extension 'ignore_ament_install'
[0.481s] Level 1:colcon.colcon_core.package_identification:_identify(launch/__pycache__) by extensions ['colcon_pkg']
[0.481s] Level 1:colcon.colcon_core.package_identification:_identify(launch/__pycache__) by extension 'colcon_pkg'
[0.481s] Level 1:colcon.colcon_core.package_identification:_identify(launch/__pycache__) by extensions ['colcon_meta']
[0.481s] Level 1:colcon.colcon_core.package_identification:_identify(launch/__pycache__) by extension 'colcon_meta'
[0.481s] Level 1:colcon.colcon_core.package_identification:_identify(launch/__pycache__) by extensions ['ros']
[0.481s] Level 1:colcon.colcon_core.package_identification:_identify(launch/__pycache__) by extension 'ros'
[0.481s] Level 1:colcon.colcon_core.package_identification:_identify(launch/__pycache__) by extensions ['cmake', 'python']
[0.481s] Level 1:colcon.colcon_core.package_identification:_identify(launch/__pycache__) by extension 'cmake'
[0.481s] Level 1:colcon.colcon_core.package_identification:_identify(launch/__pycache__) by extension 'python'
[0.481s] Level 1:colcon.colcon_core.package_identification:_identify(launch/__pycache__) by extensions ['python_setup_py']
[0.481s] Level 1:colcon.colcon_core.package_identification:_identify(launch/__pycache__) by extension 'python_setup_py'
[0.482s] Level 1:colcon.colcon_core.package_identification:_identify(log) by extensions ['ignore', 'ignore_ament_install']
[0.482s] Level 1:colcon.colcon_core.package_identification:_identify(log) by extension 'ignore'
[0.482s] Level 1:colcon.colcon_core.package_identification:_identify(log) ignored
[0.482s] Level 1:colcon.colcon_core.package_identification:_identify(src) by extensions ['ignore', 'ignore_ament_install']
[0.482s] Level 1:colcon.colcon_core.package_identification:_identify(src) by extension 'ignore'
[0.482s] Level 1:colcon.colcon_core.package_identification:_identify(src) by extension 'ignore_ament_install'
[0.482s] Level 1:colcon.colcon_core.package_identification:_identify(src) by extensions ['colcon_pkg']
[0.482s] Level 1:colcon.colcon_core.package_identification:_identify(src) by extension 'colcon_pkg'
[0.482s] Level 1:colcon.colcon_core.package_identification:_identify(src) by extensions ['colcon_meta']
[0.482s] Level 1:colcon.colcon_core.package_identification:_identify(src) by extension 'colcon_meta'
[0.482s] Level 1:colcon.colcon_core.package_identification:_identify(src) by extensions ['ros']
[0.482s] Level 1:colcon.colcon_core.package_identification:_identify(src) by extension 'ros'
[0.482s] Level 1:colcon.colcon_core.package_identification:_identify(src) by extensions ['cmake', 'python']
[0.482s] Level 1:colcon.colcon_core.package_identification:_identify(src) by extension 'cmake'
[0.482s] Level 1:colcon.colcon_core.package_identification:_identify(src) by extension 'python'
[0.482s] Level 1:colcon.colcon_core.package_identification:_identify(src) by extensions ['python_setup_py']
[0.482s] Level 1:colcon.colcon_core.package_identification:_identify(src) by extension 'python_setup_py'
[0.482s] Level 1:colcon.colcon_core.package_identification:_identify(src/build) by extensions ['ignore', 'ignore_ament_install']
[0.482s] Level 1:colcon.colcon_core.package_identification:_identify(src/build) by extension 'ignore'
[0.482s] Level 1:colcon.colcon_core.package_identification:_identify(src/build) ignored
[0.482s] Level 1:colcon.colcon_core.package_identification:_identify(src/image_interfaces) by extensions ['ignore', 'ignore_ament_install']
[0.482s] Level 1:colcon.colcon_core.package_identification:_identify(src/image_interfaces) by extension 'ignore'
[0.482s] Level 1:colcon.colcon_core.package_identification:_identify(src/image_interfaces) by extension 'ignore_ament_install'
[0.482s] Level 1:colcon.colcon_core.package_identification:_identify(src/image_interfaces) by extensions ['colcon_pkg']
[0.482s] Level 1:colcon.colcon_core.package_identification:_identify(src/image_interfaces) by extension 'colcon_pkg'
[0.482s] Level 1:colcon.colcon_core.package_identification:_identify(src/image_interfaces) by extensions ['colcon_meta']
[0.482s] Level 1:colcon.colcon_core.package_identification:_identify(src/image_interfaces) by extension 'colcon_meta'
[0.482s] Level 1:colcon.colcon_core.package_identification:_identify(src/image_interfaces) by extensions ['ros']
[0.482s] Level 1:colcon.colcon_core.package_identification:_identify(src/image_interfaces) by extension 'ros'
[0.484s] DEBUG:colcon.colcon_core.package_identification:Package 'src/image_interfaces' with type 'ros.ament_cmake' and name 'image_interfaces'
[0.484s] Level 1:colcon.colcon_core.package_identification:_identify(src/install) by extensions ['ignore', 'ignore_ament_install']
[0.484s] Level 1:colcon.colcon_core.package_identification:_identify(src/install) by extension 'ignore'
[0.484s] Level 1:colcon.colcon_core.package_identification:_identify(src/install) ignored
[0.484s] Level 1:colcon.colcon_core.package_identification:_identify(src/log) by extensions ['ignore', 'ignore_ament_install']
[0.484s] Level 1:colcon.colcon_core.package_identification:_identify(src/log) by extension 'ignore'
[0.484s] Level 1:colcon.colcon_core.package_identification:_identify(src/log) ignored
[0.484s] Level 1:colcon.colcon_core.package_identification:_identify(src/turtlebot3_controller) by extensions ['ignore', 'ignore_ament_install']
[0.484s] Level 1:colcon.colcon_core.package_identification:_identify(src/turtlebot3_controller) by extension 'ignore'
[0.484s] Level 1:colcon.colcon_core.package_identification:_identify(src/turtlebot3_controller) by extension 'ignore_ament_install'
[0.484s] Level 1:colcon.colcon_core.package_identification:_identify(src/turtlebot3_controller) by extensions ['colcon_pkg']
[0.484s] Level 1:colcon.colcon_core.package_identification:_identify(src/turtlebot3_controller) by extension 'colcon_pkg'
[0.484s] Level 1:colcon.colcon_core.package_identification:_identify(src/turtlebot3_controller) by extensions ['colcon_meta']
[0.484s] Level 1:colcon.colcon_core.package_identification:_identify(src/turtlebot3_controller) by extension 'colcon_meta'
[0.484s] Level 1:colcon.colcon_core.package_identification:_identify(src/turtlebot3_controller) by extensions ['ros']
[0.484s] Level 1:colcon.colcon_core.package_identification:_identify(src/turtlebot3_controller) by extension 'ros'
[0.484s] DEBUG:colcon.colcon_core.package_identification:Package 'src/turtlebot3_controller' with type 'ros.ament_python' and name 'turtlebot3_controller'
[0.485s] Level 1:colcon.colcon_core.package_identification:_identify(src/turtlebot3_simulations) by extensions ['ignore', 'ignore_ament_install']
[0.485s] Level 1:colcon.colcon_core.package_identification:_identify(src/turtlebot3_simulations) by extension 'ignore'
[0.485s] Level 1:colcon.colcon_core.package_identification:_identify(src/turtlebot3_simulations) by extension 'ignore_ament_install'
[0.485s] Level 1:colcon.colcon_core.package_identification:_identify(src/turtlebot3_simulations) by extensions ['colcon_pkg']
[0.485s] Level 1:colcon.colcon_core.package_identification:_identify(src/turtlebot3_simulations) by extension 'colcon_pkg'
[0.485s] Level 1:colcon.colcon_core.package_identification:_identify(src/turtlebot3_simulations) by extensions ['colcon_meta']
[0.485s] Level 1:colcon.colcon_core.package_identification:_identify(src/turtlebot3_simulations) by extension 'colcon_meta'
[0.485s] Level 1:colcon.colcon_core.package_identification:_identify(src/turtlebot3_simulations) by extensions ['ros']
[0.485s] Level 1:colcon.colcon_core.package_identification:_identify(src/turtlebot3_simulations) by extension 'ros'
[0.485s] Level 1:colcon.colcon_core.package_identification:_identify(src/turtlebot3_simulations) by extensions ['cmake', 'python']
[0.485s] Level 1:colcon.colcon_core.package_identification:_identify(src/turtlebot3_simulations) by extension 'cmake'
[0.485s] Level 1:colcon.colcon_core.package_identification:_identify(src/turtlebot3_simulations) by extension 'python'
[0.485s] Level 1:colcon.colcon_core.package_identification:_identify(src/turtlebot3_simulations) by extensions ['python_setup_py']
[0.485s] Level 1:colcon.colcon_core.package_identification:_identify(src/turtlebot3_simulations) by extension 'python_setup_py'
[0.485s] Level 1:colcon.colcon_core.package_identification:_identify(src/turtlebot3_simulations/turtlebot3_fake_node) by extensions ['ignore', 'ignore_ament_install']
[0.485s] Level 1:colcon.colcon_core.package_identification:_identify(src/turtlebot3_simulations/turtlebot3_fake_node) by extension 'ignore'
[0.485s] Level 1:colcon.colcon_core.package_identification:_identify(src/turtlebot3_simulations/turtlebot3_fake_node) by extension 'ignore_ament_install'
[0.485s] Level 1:colcon.colcon_core.package_identification:_identify(src/turtlebot3_simulations/turtlebot3_fake_node) by extensions ['colcon_pkg']
[0.485s] Level 1:colcon.colcon_core.package_identification:_identify(src/turtlebot3_simulations/turtlebot3_fake_node) by extension 'colcon_pkg'
[0.485s] Level 1:colcon.colcon_core.package_identification:_identify(src/turtlebot3_simulations/turtlebot3_fake_node) by extensions ['colcon_meta']
[0.485s] Level 1:colcon.colcon_core.package_identification:_identify(src/turtlebot3_simulations/turtlebot3_fake_node) by extension 'colcon_meta'
[0.485s] Level 1:colcon.colcon_core.package_identification:_identify(src/turtlebot3_simulations/turtlebot3_fake_node) by extensions ['ros']
[0.485s] Level 1:colcon.colcon_core.package_identification:_identify(src/turtlebot3_simulations/turtlebot3_fake_node) by extension 'ros'
[0.486s] DEBUG:colcon.colcon_core.package_identification:Package 'src/turtlebot3_simulations/turtlebot3_fake_node' with type 'ros.ament_cmake' and name 'turtlebot3_fake_node'
[0.486s] Level 1:colcon.colcon_core.package_identification:_identify(src/turtlebot3_simulations/turtlebot3_gazebo) by extensions ['ignore', 'ignore_ament_install']
[0.486s] Level 1:colcon.colcon_core.package_identification:_identify(src/turtlebot3_simulations/turtlebot3_gazebo) by extension 'ignore'
[0.486s] Level 1:colcon.colcon_core.package_identification:_identify(src/turtlebot3_simulations/turtlebot3_gazebo) by extension 'ignore_ament_install'
[0.486s] Level 1:colcon.colcon_core.package_identification:_identify(src/turtlebot3_simulations/turtlebot3_gazebo) by extensions ['colcon_pkg']
[0.486s] Level 1:colcon.colcon_core.package_identification:_identify(src/turtlebot3_simulations/turtlebot3_gazebo) by extension 'colcon_pkg'
[0.486s] Level 1:colcon.colcon_core.package_identification:_identify(src/turtlebot3_simulations/turtlebot3_gazebo) by extensions ['colcon_meta']
[0.486s] Level 1:colcon.colcon_core.package_identification:_identify(src/turtlebot3_simulations/turtlebot3_gazebo) by extension 'colcon_meta'
[0.486s] Level 1:colcon.colcon_core.package_identification:_identify(src/turtlebot3_simulations/turtlebot3_gazebo) by extensions ['ros']
[0.486s] Level 1:colcon.colcon_core.package_identification:_identify(src/turtlebot3_simulations/turtlebot3_gazebo) by extension 'ros'
[0.486s] DEBUG:colcon.colcon_core.package_identification:Package 'src/turtlebot3_simulations/turtlebot3_gazebo' with type 'ros.ament_cmake' and name 'turtlebot3_gazebo'
[0.486s] Level 1:colcon.colcon_core.package_identification:_identify(src/turtlebot3_simulations/turtlebot3_simulations) by extensions ['ignore', 'ignore_ament_install']
[0.486s] Level 1:colcon.colcon_core.package_identification:_identify(src/turtlebot3_simulations/turtlebot3_simulations) by extension 'ignore'
[0.486s] Level 1:colcon.colcon_core.package_identification:_identify(src/turtlebot3_simulations/turtlebot3_simulations) by extension 'ignore_ament_install'
[0.487s] Level 1:colcon.colcon_core.package_identification:_identify(src/turtlebot3_simulations/turtlebot3_simulations) by extensions ['colcon_pkg']
[0.487s] Level 1:colcon.colcon_core.package_identification:_identify(src/turtlebot3_simulations/turtlebot3_simulations) by extension 'colcon_pkg'
[0.487s] Level 1:colcon.colcon_core.package_identification:_identify(src/turtlebot3_simulations/turtlebot3_simulations) by extensions ['colcon_meta']
[0.487s] Level 1:colcon.colcon_core.package_identification:_identify(src/turtlebot3_simulations/turtlebot3_simulations) by extension 'colcon_meta'
[0.487s] Level 1:colcon.colcon_core.package_identification:_identify(src/turtlebot3_simulations/turtlebot3_simulations) by extensions ['ros']
[0.487s] Level 1:colcon.colcon_core.package_identification:_identify(src/turtlebot3_simulations/turtlebot3_simulations) by extension 'ros'
[0.487s] DEBUG:colcon.colcon_core.package_identification:Package 'src/turtlebot3_simulations/turtlebot3_simulations' with type 'ros.ament_cmake' and name 'turtlebot3_simulations'
[0.487s] Level 1:colcon.colcon_core.package_discovery:discover_packages(recursive) using defaults
[0.487s] Level 1:colcon.colcon_core.package_discovery:discover_packages(ignore) discover
[0.487s] Level 1:colcon.colcon_core.package_discovery:discover_packages(ignore) using defaults
[0.487s] Level 1:colcon.colcon_core.package_discovery:discover_packages(path) discover
[0.487s] Level 1:colcon.colcon_core.package_discovery:discover_packages(path) using defaults
[0.528s] Level 1:colcon.colcon_core.package_discovery:discover_packages(prefix_path) check parameters
[0.528s] Level 1:colcon.colcon_core.package_discovery:discover_packages(prefix_path) discover
[0.541s] DEBUG:colcon.colcon_installed_package_information.package_discovery:Found 5 installed packages in /home/bctat/turtlebot3ros/turtlebot3_ws/install
[0.548s] DEBUG:colcon.colcon_installed_package_information.package_discovery:Found 376 installed packages in /opt/ros/humble
[0.549s] Level 1:colcon.colcon_core.package_discovery:discover_packages(prefix_path) using defaults
[0.605s] Level 5:colcon.colcon_core.verb:set package 'image_interfaces' build argument 'cmake_args' from command line to 'None'
[0.605s] Level 5:colcon.colcon_core.verb:set package 'image_interfaces' build argument 'cmake_target' from command line to 'None'
[0.605s] Level 5:colcon.colcon_core.verb:set package 'image_interfaces' build argument 'cmake_target_skip_unavailable' from command line to 'False'
[0.605s] Level 5:colcon.colcon_core.verb:set package 'image_interfaces' build argument 'cmake_clean_cache' from command line to 'False'
[0.605s] Level 5:colcon.colcon_core.verb:set package 'image_interfaces' build argument 'cmake_clean_first' from command line to 'False'
[0.605s] Level 5:colcon.colcon_core.verb:set package 'image_interfaces' build argument 'cmake_force_configure' from command line to 'False'
[0.605s] Level 5:colcon.colcon_core.verb:set package 'image_interfaces' build argument 'ament_cmake_args' from command line to 'None'
[0.605s] Level 5:colcon.colcon_core.verb:set package 'image_interfaces' build argument 'catkin_cmake_args' from command line to 'None'
[0.605s] Level 5:colcon.colcon_core.verb:set package 'image_interfaces' build argument 'catkin_skip_building_tests' from command line to 'False'
[0.605s] DEBUG:colcon.colcon_core.verb:Building package 'image_interfaces' with the following arguments: {'ament_cmake_args': None, 'build_base': '/home/bctat/turtlebot3ros/turtlebot3_ws/build/image_interfaces', 'catkin_cmake_args': None, 'catkin_skip_building_tests': False, 'cmake_args': None, 'cmake_clean_cache': False, 'cmake_clean_first': False, 'cmake_force_configure': False, 'cmake_target': None, 'cmake_target_skip_unavailable': False, 'install_base': '/home/bctat/turtlebot3ros/turtlebot3_ws/install/image_interfaces', 'merge_install': False, 'path': '/home/bctat/turtlebot3ros/turtlebot3_ws/src/image_interfaces', 'symlink_install': True, 'test_result_base': None}
[0.611s] Level 5:colcon.colcon_core.verb:set package 'turtlebot3_fake_node' build argument 'cmake_args' from command line to 'None'
[0.611s] Level 5:colcon.colcon_core.verb:set package 'turtlebot3_fake_node' build argument 'cmake_target' from command line to 'None'
[0.611s] Level 5:colcon.colcon_core.verb:set package 'turtlebot3_fake_node' build argument 'cmake_target_skip_unavailable' from command line to 'False'
[0.611s] Level 5:colcon.colcon_core.verb:set package 'turtlebot3_fake_node' build argument 'cmake_clean_cache' from command line to 'False'
[0.611s] Level 5:colcon.colcon_core.verb:set package 'turtlebot3_fake_node' build argument 'cmake_clean_first' from command line to 'False'
[0.611s] Level 5:colcon.colcon_core.verb:set package 'turtlebot3_fake_node' build argument 'cmake_force_configure' from command line to 'False'
[0.611s] Level 5:colcon.colcon_core.verb:set package 'turtlebot3_fake_node' build argument 'ament_cmake_args' from command line to 'None'
[0.611s] Level 5:colcon.colcon_core.verb:set package 'turtlebot3_fake_node' build argument 'catkin_cmake_args' from command line to 'None'
[0.611s] Level 5:colcon.colcon_core.verb:set package 'turtlebot3_fake_node' build argument 'catkin_skip_building_tests' from command line to 'False'
[0.611s] DEBUG:colcon.colcon_core.verb:Building package 'turtlebot3_fake_node' with the following arguments: {'ament_cmake_args': None, 'build_base': '/home/bctat/turtlebot3ros/turtlebot3_ws/build/turtlebot3_fake_node', 'catkin_cmake_args': None, 'catkin_skip_building_tests': False, 'cmake_args': None, 'cmake_clean_cache': False, 'cmake_clean_first': False, 'cmake_force_configure': False, 'cmake_target': None, 'cmake_target_skip_unavailable': False, 'install_base': '/home/bctat/turtlebot3ros/turtlebot3_ws/install/turtlebot3_fake_node', 'merge_install': False, 'path': '/home/bctat/turtlebot3ros/turtlebot3_ws/src/turtlebot3_simulations/turtlebot3_fake_node', 'symlink_install': True, 'test_result_base': None}
[0.618s] Level 5:colcon.colcon_core.verb:set package 'turtlebot3_gazebo' build argument 'cmake_args' from command line to 'None'
[0.618s] Level 5:colcon.colcon_core.verb:set package 'turtlebot3_gazebo' build argument 'cmake_target' from command line to 'None'
[0.618s] Level 5:colcon.colcon_core.verb:set package 'turtlebot3_gazebo' build argument 'cmake_target_skip_unavailable' from command line to 'False'
[0.618s] Level 5:colcon.colcon_core.verb:set package 'turtlebot3_gazebo' build argument 'cmake_clean_cache' from command line to 'False'
[0.618s] Level 5:colcon.colcon_core.verb:set package 'turtlebot3_gazebo' build argument 'cmake_clean_first' from command line to 'False'
[0.618s] Level 5:colcon.colcon_core.verb:set package 'turtlebot3_gazebo' build argument 'cmake_force_configure' from command line to 'False'
[0.618s] Level 5:colcon.colcon_core.verb:set package 'turtlebot3_gazebo' build argument 'ament_cmake_args' from command line to 'None'
[0.618s] Level 5:colcon.colcon_core.verb:set package 'turtlebot3_gazebo' build argument 'catkin_cmake_args' from command line to 'None'
[0.618s] Level 5:colcon.colcon_core.verb:set package 'turtlebot3_gazebo' build argument 'catkin_skip_building_tests' from command line to 'False'
[0.618s] DEBUG:colcon.colcon_core.verb:Building package 'turtlebot3_gazebo' with the following arguments: {'ament_cmake_args': None, 'build_base': '/home/bctat/turtlebot3ros/turtlebot3_ws/build/turtlebot3_gazebo', 'catkin_cmake_args': None, 'catkin_skip_building_tests': False, 'cmake_args': None, 'cmake_clean_cache': False, 'cmake_clean_first': False, 'cmake_force_configure': False, 'cmake_target': None, 'cmake_target_skip_unavailable': False, 'install_base': '/home/bctat/turtlebot3ros/turtlebot3_ws/install/turtlebot3_gazebo', 'merge_install': False, 'path': '/home/bctat/turtlebot3ros/turtlebot3_ws/src/turtlebot3_simulations/turtlebot3_gazebo', 'symlink_install': True, 'test_result_base': None}
[0.624s] Level 5:colcon.colcon_core.verb:set package 'turtlebot3_controller' build argument 'cmake_args' from command line to 'None'
[0.624s] Level 5:colcon.colcon_core.verb:set package 'turtlebot3_controller' build argument 'cmake_target' from command line to 'None'
[0.624s] Level 5:colcon.colcon_core.verb:set package 'turtlebot3_controller' build argument 'cmake_target_skip_unavailable' from command line to 'False'
[0.624s] Level 5:colcon.colcon_core.verb:set package 'turtlebot3_controller' build argument 'cmake_clean_cache' from command line to 'False'
[0.624s] Level 5:colcon.colcon_core.verb:set package 'turtlebot3_controller' build argument 'cmake_clean_first' from command line to 'False'
[0.624s] Level 5:colcon.colcon_core.verb:set package 'turtlebot3_controller' build argument 'cmake_force_configure' from command line to 'False'
[0.624s] Level 5:colcon.colcon_core.verb:set package 'turtlebot3_controller' build argument 'ament_cmake_args' from command line to 'None'
[0.624s] Level 5:colcon.colcon_core.verb:set package 'turtlebot3_controller' build argument 'catkin_cmake_args' from command line to 'None'
[0.624s] Level 5:colcon.colcon_core.verb:set package 'turtlebot3_controller' build argument 'catkin_skip_building_tests' from command line to 'False'
[0.624s] DEBUG:colcon.colcon_core.verb:Building package 'turtlebot3_controller' with the following arguments: {'ament_cmake_args': None, 'build_base': '/home/bctat/turtlebot3ros/turtlebot3_ws/build/turtlebot3_controller', 'catkin_cmake_args': None, 'catkin_skip_building_tests': False, 'cmake_args': None, 'cmake_clean_cache': False, 'cmake_clean_first': False, 'cmake_force_configure': False, 'cmake_target': None, 'cmake_target_skip_unavailable': False, 'install_base': '/home/bctat/turtlebot3ros/turtlebot3_ws/install/turtlebot3_controller', 'merge_install': False, 'path': '/home/bctat/turtlebot3ros/turtlebot3_ws/src/turtlebot3_controller', 'symlink_install': True, 'test_result_base': None}
[0.630s] Level 5:colcon.colcon_core.verb:set package 'turtlebot3_simulations' build argument 'cmake_args' from command line to 'None'
[0.630s] Level 5:colcon.colcon_core.verb:set package 'turtlebot3_simulations' build argument 'cmake_target' from command line to 'None'
[0.631s] Level 5:colcon.colcon_core.verb:set package 'turtlebot3_simulations' build argument 'cmake_target_skip_unavailable' from command line to 'False'
[0.631s] Level 5:colcon.colcon_core.verb:set package 'turtlebot3_simulations' build argument 'cmake_clean_cache' from command line to 'False'
[0.631s] Level 5:colcon.colcon_core.verb:set package 'turtlebot3_simulations' build argument 'cmake_clean_first' from command line to 'False'
[0.631s] Level 5:colcon.colcon_core.verb:set package 'turtlebot3_simulations' build argument 'cmake_force_configure' from command line to 'False'
[0.631s] Level 5:colcon.colcon_core.verb:set package 'turtlebot3_simulations' build argument 'ament_cmake_args' from command line to 'None'
[0.631s] Level 5:colcon.colcon_core.verb:set package 'turtlebot3_simulations' build argument 'catkin_cmake_args' from command line to 'None'
[0.631s] Level 5:colcon.colcon_core.verb:set package 'turtlebot3_simulations' build argument 'catkin_skip_building_tests' from command line to 'False'
[0.631s] DEBUG:colcon.colcon_core.verb:Building package 'turtlebot3_simulations' with the following arguments: {'ament_cmake_args': None, 'build_base': '/home/bctat/turtlebot3ros/turtlebot3_ws/build/turtlebot3_simulations', 'catkin_cmake_args': None, 'catkin_skip_building_tests': False, 'cmake_args': None, 'cmake_clean_cache': False, 'cmake_clean_first': False, 'cmake_force_configure': False, 'cmake_target': None, 'cmake_target_skip_unavailable': False, 'install_base': '/home/bctat/turtlebot3ros/turtlebot3_ws/install/turtlebot3_simulations', 'merge_install': False, 'path': '/home/bctat/turtlebot3ros/turtlebot3_ws/src/turtlebot3_simulations/turtlebot3_simulations', 'symlink_install': True, 'test_result_base': None}
[0.637s] INFO:colcon.colcon_core.executor:Executing jobs using 'parallel' executor
[0.644s] DEBUG:colcon.colcon_parallel_executor.executor.parallel:run_until_complete
[0.644s] INFO:colcon.colcon_ros.task.ament_cmake.build:Building ROS package in '/home/bctat/turtlebot3ros/turtlebot3_ws/src/image_interfaces' with build type 'ament_cmake'
[0.644s] INFO:colcon.colcon_cmake.task.cmake.build:Building CMake package in '/home/bctat/turtlebot3ros/turtlebot3_ws/src/image_interfaces'
[0.652s] INFO:colcon.colcon_core.plugin_system:Skipping extension 'colcon_core.shell.bat': Not used on non-Windows systems
[0.652s] INFO:colcon.colcon_core.shell:Skip shell extension 'powershell' for command environment: Not usable outside of PowerShell
[0.652s] DEBUG:colcon.colcon_core.shell:Skip shell extension 'dsv' for command environment
[0.673s] INFO:colcon.colcon_ros.task.ament_cmake.build:Building ROS package in '/home/bctat/turtlebot3ros/turtlebot3_ws/src/turtlebot3_simulations/turtlebot3_fake_node' with build type 'ament_cmake'
[0.673s] INFO:colcon.colcon_cmake.task.cmake.build:Building CMake package in '/home/bctat/turtlebot3ros/turtlebot3_ws/src/turtlebot3_simulations/turtlebot3_fake_node'
[0.680s] INFO:colcon.colcon_core.shell:Skip shell extension 'powershell' for command environment: Not usable outside of PowerShell
[0.680s] DEBUG:colcon.colcon_core.shell:Skip shell extension 'dsv' for command environment
[0.700s] INFO:colcon.colcon_ros.task.ament_cmake.build:Building ROS package in '/home/bctat/turtlebot3ros/turtlebot3_ws/src/turtlebot3_simulations/turtlebot3_gazebo' with build type 'ament_cmake'
[0.700s] INFO:colcon.colcon_cmake.task.cmake.build:Building CMake package in '/home/bctat/turtlebot3ros/turtlebot3_ws/src/turtlebot3_simulations/turtlebot3_gazebo'
[0.707s] INFO:colcon.colcon_core.shell:Skip shell extension 'powershell' for command environment: Not usable outside of PowerShell
[0.707s] DEBUG:colcon.colcon_core.shell:Skip shell extension 'dsv' for command environment
[0.730s] DEBUG:colcon.colcon_core.event_handler.log_command:Invoking command in '/home/bctat/turtlebot3ros/turtlebot3_ws/build/image_interfaces': CMAKE_PREFIX_PATH=${CMAKE_PREFIX_PATH}:/home/bctat/turtlebot3ros/turtlebot3_ws/install/turtlebot3_controller:/opt/ros/humble /usr/bin/cmake /home/bctat/turtlebot3ros/turtlebot3_ws/src/image_interfaces -DAMENT_CMAKE_SYMLINK_INSTALL=1 -DCMAKE_INSTALL_PREFIX=/home/bctat/turtlebot3ros/turtlebot3_ws/install/image_interfaces
[0.731s] DEBUG:colcon.colcon_core.event_handler.log_command:Invoking command in '/home/bctat/turtlebot3ros/turtlebot3_ws/build/turtlebot3_fake_node': CMAKE_PREFIX_PATH=${CMAKE_PREFIX_PATH}:/home/bctat/turtlebot3ros/turtlebot3_ws/install/turtlebot3_controller:/opt/ros/humble /usr/bin/cmake --build /home/bctat/turtlebot3ros/turtlebot3_ws/build/turtlebot3_fake_node -- -j12 -l12
[0.734s] DEBUG:colcon.colcon_core.event_handler.log_command:Invoking command in '/home/bctat/turtlebot3ros/turtlebot3_ws/build/turtlebot3_gazebo': CMAKE_PREFIX_PATH=${CMAKE_PREFIX_PATH}:/home/bctat/turtlebot3ros/turtlebot3_ws/install/turtlebot3_controller:/opt/ros/humble /usr/bin/cmake --build /home/bctat/turtlebot3ros/turtlebot3_ws/build/turtlebot3_gazebo -- -j12 -l12
[0.782s] DEBUG:colcon.colcon_core.event_handler.log_command:Invoked command in '/home/bctat/turtlebot3ros/turtlebot3_ws/build/turtlebot3_fake_node' returned '0': CMAKE_PREFIX_PATH=${CMAKE_PREFIX_PATH}:/home/bctat/turtlebot3ros/turtlebot3_ws/install/turtlebot3_controller:/opt/ros/humble /usr/bin/cmake --build /home/bctat/turtlebot3ros/turtlebot3_ws/build/turtlebot3_fake_node -- -j12 -l12
[0.793s] DEBUG:colcon.colcon_core.event_handler.log_command:Invoked command in '/home/bctat/turtlebot3ros/turtlebot3_ws/build/turtlebot3_gazebo' returned '0': CMAKE_PREFIX_PATH=${CMAKE_PREFIX_PATH}:/home/bctat/turtlebot3ros/turtlebot3_ws/install/turtlebot3_controller:/opt/ros/humble /usr/bin/cmake --build /home/bctat/turtlebot3ros/turtlebot3_ws/build/turtlebot3_gazebo -- -j12 -l12
[0.802s] DEBUG:colcon.colcon_core.event_handler.log_command:Invoking command in '/home/bctat/turtlebot3ros/turtlebot3_ws/build/turtlebot3_fake_node': CMAKE_PREFIX_PATH=${CMAKE_PREFIX_PATH}:/home/bctat/turtlebot3ros/turtlebot3_ws/install/turtlebot3_controller:/opt/ros/humble /usr/bin/cmake --install /home/bctat/turtlebot3ros/turtlebot3_ws/build/turtlebot3_fake_node
[0.811s] DEBUG:colcon.colcon_core.event_handler.log_command:Invoking command in '/home/bctat/turtlebot3ros/turtlebot3_ws/build/turtlebot3_gazebo': CMAKE_PREFIX_PATH=${CMAKE_PREFIX_PATH}:/home/bctat/turtlebot3ros/turtlebot3_ws/install/turtlebot3_controller:/opt/ros/humble /usr/bin/cmake --install /home/bctat/turtlebot3ros/turtlebot3_ws/build/turtlebot3_gazebo
[0.815s] Level 1:colcon.colcon_core.environment:create_environment_scripts_only(turtlebot3_fake_node)
[0.815s] DEBUG:colcon.colcon_core.event_handler.log_command:Invoked command in '/home/bctat/turtlebot3ros/turtlebot3_ws/build/turtlebot3_fake_node' returned '0': CMAKE_PREFIX_PATH=${CMAKE_PREFIX_PATH}:/home/bctat/turtlebot3ros/turtlebot3_ws/install/turtlebot3_controller:/opt/ros/humble /usr/bin/cmake --install /home/bctat/turtlebot3ros/turtlebot3_ws/build/turtlebot3_fake_node
[0.827s] Level 1:colcon.colcon_core.environment:checking '/home/bctat/turtlebot3ros/turtlebot3_ws/install/turtlebot3_fake_node' for CMake module files
[0.827s] Level 1:colcon.colcon_core.environment:checking '/home/bctat/turtlebot3ros/turtlebot3_ws/install/turtlebot3_fake_node' for CMake config files
[0.828s] Level 1:colcon.colcon_core.shell:create_environment_hook('turtlebot3_fake_node', 'cmake_prefix_path')
[0.835s] INFO:colcon.colcon_core.shell:Creating environment hook '/home/bctat/turtlebot3ros/turtlebot3_ws/install/turtlebot3_fake_node/share/turtlebot3_fake_node/hook/cmake_prefix_path.ps1'
[0.835s] INFO:colcon.colcon_core.shell:Creating environment descriptor '/home/bctat/turtlebot3ros/turtlebot3_ws/install/turtlebot3_fake_node/share/turtlebot3_fake_node/hook/cmake_prefix_path.dsv'
[0.835s] INFO:colcon.colcon_core.shell:Creating environment hook '/home/bctat/turtlebot3ros/turtlebot3_ws/install/turtlebot3_fake_node/share/turtlebot3_fake_node/hook/cmake_prefix_path.sh'
[0.836s] Level 1:colcon.colcon_core.environment:checking '/home/bctat/turtlebot3ros/turtlebot3_ws/install/turtlebot3_fake_node/lib'
[0.836s] Level 1:colcon.colcon_core.environment:checking '/home/bctat/turtlebot3ros/turtlebot3_ws/install/turtlebot3_fake_node/bin'
[0.836s] Level 1:colcon.colcon_core.environment:checking '/home/bctat/turtlebot3ros/turtlebot3_ws/install/turtlebot3_fake_node/lib/pkgconfig/turtlebot3_fake_node.pc'
[0.836s] Level 1:colcon.colcon_core.environment:checking '/home/bctat/turtlebot3ros/turtlebot3_ws/install/turtlebot3_fake_node/lib/python3.10/site-packages'
[0.836s] Level 1:colcon.colcon_core.environment:checking '/home/bctat/turtlebot3ros/turtlebot3_ws/install/turtlebot3_fake_node/bin'
[0.843s] INFO:colcon.colcon_core.shell:Creating package script '/home/bctat/turtlebot3ros/turtlebot3_ws/install/turtlebot3_fake_node/share/turtlebot3_fake_node/package.ps1'
[0.844s] INFO:colcon.colcon_core.shell:Creating package descriptor '/home/bctat/turtlebot3ros/turtlebot3_ws/install/turtlebot3_fake_node/share/turtlebot3_fake_node/package.dsv'
[0.844s] INFO:colcon.colcon_core.shell:Creating package script '/home/bctat/turtlebot3ros/turtlebot3_ws/install/turtlebot3_fake_node/share/turtlebot3_fake_node/package.sh'
[0.845s] INFO:colcon.colcon_core.shell:Creating package script '/home/bctat/turtlebot3ros/turtlebot3_ws/install/turtlebot3_fake_node/share/turtlebot3_fake_node/package.bash'
[0.845s] INFO:colcon.colcon_core.shell:Creating package script '/home/bctat/turtlebot3ros/turtlebot3_ws/install/turtlebot3_fake_node/share/turtlebot3_fake_node/package.zsh'
[0.845s] Level 1:colcon.colcon_core.environment:create_file_with_runtime_dependencies(/home/bctat/turtlebot3ros/turtlebot3_ws/install/turtlebot3_fake_node/share/colcon-core/packages/turtlebot3_fake_node)
[0.846s] Level 1:colcon.colcon_core.environment:create_environment_scripts_only(turtlebot3_gazebo)
[0.846s] DEBUG:colcon.colcon_core.event_handler.log_command:Invoked command in '/home/bctat/turtlebot3ros/turtlebot3_ws/build/turtlebot3_gazebo' returned '0': CMAKE_PREFIX_PATH=${CMAKE_PREFIX_PATH}:/home/bctat/turtlebot3ros/turtlebot3_ws/install/turtlebot3_controller:/opt/ros/humble /usr/bin/cmake --install /home/bctat/turtlebot3ros/turtlebot3_ws/build/turtlebot3_gazebo
[0.854s] Level 1:colcon.colcon_core.environment:checking '/home/bctat/turtlebot3ros/turtlebot3_ws/install/turtlebot3_gazebo' for CMake module files
[0.854s] Level 1:colcon.colcon_core.environment:checking '/home/bctat/turtlebot3ros/turtlebot3_ws/install/turtlebot3_gazebo' for CMake config files
[0.854s] Level 1:colcon.colcon_core.shell:create_environment_hook('turtlebot3_gazebo', 'cmake_prefix_path')
[0.861s] INFO:colcon.colcon_core.shell:Creating environment hook '/home/bctat/turtlebot3ros/turtlebot3_ws/install/turtlebot3_gazebo/share/turtlebot3_gazebo/hook/cmake_prefix_path.ps1'
[0.861s] INFO:colcon.colcon_core.shell:Creating environment descriptor '/home/bctat/turtlebot3ros/turtlebot3_ws/install/turtlebot3_gazebo/share/turtlebot3_gazebo/hook/cmake_prefix_path.dsv'
[0.862s] INFO:colcon.colcon_core.shell:Creating environment hook '/home/bctat/turtlebot3ros/turtlebot3_ws/install/turtlebot3_gazebo/share/turtlebot3_gazebo/hook/cmake_prefix_path.sh'
[0.862s] Level 1:colcon.colcon_core.environment:checking '/home/bctat/turtlebot3ros/turtlebot3_ws/install/turtlebot3_gazebo/lib'
[0.862s] Level 1:colcon.colcon_core.environment:checking '/home/bctat/turtlebot3ros/turtlebot3_ws/install/turtlebot3_gazebo/bin'
[0.862s] Level 1:colcon.colcon_core.environment:checking '/home/bctat/turtlebot3ros/turtlebot3_ws/install/turtlebot3_gazebo/lib/pkgconfig/turtlebot3_gazebo.pc'
[0.862s] Level 1:colcon.colcon_core.environment:checking '/home/bctat/turtlebot3ros/turtlebot3_ws/install/turtlebot3_gazebo/lib/python3.10/site-packages'
[0.863s] Level 1:colcon.colcon_core.environment:checking '/home/bctat/turtlebot3ros/turtlebot3_ws/install/turtlebot3_gazebo/bin'
[0.870s] INFO:colcon.colcon_core.shell:Creating package script '/home/bctat/turtlebot3ros/turtlebot3_ws/install/turtlebot3_gazebo/share/turtlebot3_gazebo/package.ps1'
[0.870s] INFO:colcon.colcon_core.shell:Creating package descriptor '/home/bctat/turtlebot3ros/turtlebot3_ws/install/turtlebot3_gazebo/share/turtlebot3_gazebo/package.dsv'
[0.870s] INFO:colcon.colcon_core.shell:Creating package script '/home/bctat/turtlebot3ros/turtlebot3_ws/install/turtlebot3_gazebo/share/turtlebot3_gazebo/package.sh'
[0.870s] INFO:colcon.colcon_core.shell:Creating package script '/home/bctat/turtlebot3ros/turtlebot3_ws/install/turtlebot3_gazebo/share/turtlebot3_gazebo/package.bash'
[0.870s] INFO:colcon.colcon_core.shell:Creating package script '/home/bctat/turtlebot3ros/turtlebot3_ws/install/turtlebot3_gazebo/share/turtlebot3_gazebo/package.zsh'
[0.871s] Level 1:colcon.colcon_core.environment:create_file_with_runtime_dependencies(/home/bctat/turtlebot3ros/turtlebot3_ws/install/turtlebot3_gazebo/share/colcon-core/packages/turtlebot3_gazebo)
[0.879s] Level 1:colcon.colcon_core.environment:create_environment_scripts_only(turtlebot3_fake_node)
[0.886s] Level 1:colcon.colcon_core.environment:checking '/home/bctat/turtlebot3ros/turtlebot3_ws/install/turtlebot3_fake_node' for CMake module files
[0.886s] Level 1:colcon.colcon_core.environment:checking '/home/bctat/turtlebot3ros/turtlebot3_ws/install/turtlebot3_fake_node' for CMake config files
[0.886s] Level 1:colcon.colcon_core.shell:create_environment_hook('turtlebot3_fake_node', 'cmake_prefix_path')
[0.893s] INFO:colcon.colcon_core.shell:Creating environment hook '/home/bctat/turtlebot3ros/turtlebot3_ws/install/turtlebot3_fake_node/share/turtlebot3_fake_node/hook/cmake_prefix_path.ps1'
[0.894s] INFO:colcon.colcon_core.shell:Creating environment descriptor '/home/bctat/turtlebot3ros/turtlebot3_ws/install/turtlebot3_fake_node/share/turtlebot3_fake_node/hook/cmake_prefix_path.dsv'
[0.894s] INFO:colcon.colcon_core.shell:Creating environment hook '/home/bctat/turtlebot3ros/turtlebot3_ws/install/turtlebot3_fake_node/share/turtlebot3_fake_node/hook/cmake_prefix_path.sh'
[0.894s] Level 1:colcon.colcon_core.environment:checking '/home/bctat/turtlebot3ros/turtlebot3_ws/install/turtlebot3_fake_node/lib'
[0.894s] Level 1:colcon.colcon_core.environment:checking '/home/bctat/turtlebot3ros/turtlebot3_ws/install/turtlebot3_fake_node/bin'
[0.894s] Level 1:colcon.colcon_core.environment:checking '/home/bctat/turtlebot3ros/turtlebot3_ws/install/turtlebot3_fake_node/lib/pkgconfig/turtlebot3_fake_node.pc'
[0.895s] Level 1:colcon.colcon_core.environment:checking '/home/bctat/turtlebot3ros/turtlebot3_ws/install/turtlebot3_fake_node/lib/python3.10/site-packages'
[0.895s] Level 1:colcon.colcon_core.environment:checking '/home/bctat/turtlebot3ros/turtlebot3_ws/install/turtlebot3_fake_node/bin'
[0.902s] INFO:colcon.colcon_core.shell:Creating package script '/home/bctat/turtlebot3ros/turtlebot3_ws/install/turtlebot3_fake_node/share/turtlebot3_fake_node/package.ps1'
[0.902s] INFO:colcon.colcon_core.shell:Creating package descriptor '/home/bctat/turtlebot3ros/turtlebot3_ws/install/turtlebot3_fake_node/share/turtlebot3_fake_node/package.dsv'
[0.903s] INFO:colcon.colcon_core.shell:Creating package script '/home/bctat/turtlebot3ros/turtlebot3_ws/install/turtlebot3_fake_node/share/turtlebot3_fake_node/package.sh'
[0.903s] INFO:colcon.colcon_core.shell:Creating package script '/home/bctat/turtlebot3ros/turtlebot3_ws/install/turtlebot3_fake_node/share/turtlebot3_fake_node/package.bash'
[0.903s] INFO:colcon.colcon_core.shell:Creating package script '/home/bctat/turtlebot3ros/turtlebot3_ws/install/turtlebot3_fake_node/share/turtlebot3_fake_node/package.zsh'
[0.903s] Level 1:colcon.colcon_core.environment:create_file_with_runtime_dependencies(/home/bctat/turtlebot3ros/turtlebot3_ws/install/turtlebot3_fake_node/share/colcon-core/packages/turtlebot3_fake_node)
[0.912s] Level 1:colcon.colcon_core.environment:create_environment_scripts_only(turtlebot3_gazebo)
[0.921s] Level 1:colcon.colcon_core.environment:checking '/home/bctat/turtlebot3ros/turtlebot3_ws/install/turtlebot3_gazebo' for CMake module files
[0.921s] Level 1:colcon.colcon_core.environment:checking '/home/bctat/turtlebot3ros/turtlebot3_ws/install/turtlebot3_gazebo' for CMake config files
[0.921s] Level 1:colcon.colcon_core.shell:create_environment_hook('turtlebot3_gazebo', 'cmake_prefix_path')
[0.928s] INFO:colcon.colcon_core.shell:Creating environment hook '/home/bctat/turtlebot3ros/turtlebot3_ws/install/turtlebot3_gazebo/share/turtlebot3_gazebo/hook/cmake_prefix_path.ps1'
[0.928s] INFO:colcon.colcon_core.shell:Creating environment descriptor '/home/bctat/turtlebot3ros/turtlebot3_ws/install/turtlebot3_gazebo/share/turtlebot3_gazebo/hook/cmake_prefix_path.dsv'
[0.929s] INFO:colcon.colcon_core.shell:Creating environment hook '/home/bctat/turtlebot3ros/turtlebot3_ws/install/turtlebot3_gazebo/share/turtlebot3_gazebo/hook/cmake_prefix_path.sh'
[0.929s] Level 1:colcon.colcon_core.environment:checking '/home/bctat/turtlebot3ros/turtlebot3_ws/install/turtlebot3_gazebo/lib'
[0.929s] Level 1:colcon.colcon_core.environment:checking '/home/bctat/turtlebot3ros/turtlebot3_ws/install/turtlebot3_gazebo/bin'
[0.929s] Level 1:colcon.colcon_core.environment:checking '/home/bctat/turtlebot3ros/turtlebot3_ws/install/turtlebot3_gazebo/lib/pkgconfig/turtlebot3_gazebo.pc'
[0.929s] Level 1:colcon.colcon_core.environment:checking '/home/bctat/turtlebot3ros/turtlebot3_ws/install/turtlebot3_gazebo/lib/python3.10/site-packages'
[0.929s] Level 1:colcon.colcon_core.environment:checking '/home/bctat/turtlebot3ros/turtlebot3_ws/install/turtlebot3_gazebo/bin'
[0.938s] INFO:colcon.colcon_core.shell:Creating package script '/home/bctat/turtlebot3ros/turtlebot3_ws/install/turtlebot3_gazebo/share/turtlebot3_gazebo/package.ps1'
[0.939s] INFO:colcon.colcon_core.shell:Creating package descriptor '/home/bctat/turtlebot3ros/turtlebot3_ws/install/turtlebot3_gazebo/share/turtlebot3_gazebo/package.dsv'
[0.939s] INFO:colcon.colcon_core.shell:Creating package script '/home/bctat/turtlebot3ros/turtlebot3_ws/install/turtlebot3_gazebo/share/turtlebot3_gazebo/package.sh'
[0.939s] INFO:colcon.colcon_core.shell:Creating package script '/home/bctat/turtlebot3ros/turtlebot3_ws/install/turtlebot3_gazebo/share/turtlebot3_gazebo/package.bash'
[0.940s] INFO:colcon.colcon_core.shell:Creating package script '/home/bctat/turtlebot3ros/turtlebot3_ws/install/turtlebot3_gazebo/share/turtlebot3_gazebo/package.zsh'
[0.940s] Level 1:colcon.colcon_core.environment:create_file_with_runtime_dependencies(/home/bctat/turtlebot3ros/turtlebot3_ws/install/turtlebot3_gazebo/share/colcon-core/packages/turtlebot3_gazebo)
[0.940s] INFO:colcon.colcon_ros.task.ament_cmake.build:Building ROS package in '/home/bctat/turtlebot3ros/turtlebot3_ws/src/turtlebot3_simulations/turtlebot3_simulations' with build type 'ament_cmake'
[0.940s] INFO:colcon.colcon_cmake.task.cmake.build:Building CMake package in '/home/bctat/turtlebot3ros/turtlebot3_ws/src/turtlebot3_simulations/turtlebot3_simulations'
[0.948s] INFO:colcon.colcon_core.shell:Skip shell extension 'powershell' for command environment: Not usable outside of PowerShell
[0.949s] DEBUG:colcon.colcon_core.shell:Skip shell extension 'dsv' for command environment
[0.977s] DEBUG:colcon.colcon_core.event_handler.log_command:Invoking command in '/home/bctat/turtlebot3ros/turtlebot3_ws/build/turtlebot3_simulations': CMAKE_PREFIX_PATH=/home/bctat/turtlebot3ros/turtlebot3_ws/install/turtlebot3_gazebo:/home/bctat/turtlebot3ros/turtlebot3_ws/install/turtlebot3_fake_node:/home/bctat/turtlebot3ros/turtlebot3_ws/install/image_interfaces:/home/bctat/turtlebot3ros/turtlebot3_ws/install/turtlebot3_simulations:/home/bctat/turtlebot3ros/turtlebot3_ws/install/turtlebot3_controller:/opt/ros/humble /usr/bin/cmake --build /home/bctat/turtlebot3ros/turtlebot3_ws/build/turtlebot3_simulations -- -j12 -l12
[0.997s] DEBUG:colcon.colcon_core.event_handler.log_command:Invoked command in '/home/bctat/turtlebot3ros/turtlebot3_ws/build/turtlebot3_simulations' returned '0': CMAKE_PREFIX_PATH=/home/bctat/turtlebot3ros/turtlebot3_ws/install/turtlebot3_gazebo:/home/bctat/turtlebot3ros/turtlebot3_ws/install/turtlebot3_fake_node:/home/bctat/turtlebot3ros/turtlebot3_ws/install/image_interfaces:/home/bctat/turtlebot3ros/turtlebot3_ws/install/turtlebot3_simulations:/home/bctat/turtlebot3ros/turtlebot3_ws/install/turtlebot3_controller:/opt/ros/humble /usr/bin/cmake --build /home/bctat/turtlebot3ros/turtlebot3_ws/build/turtlebot3_simulations -- -j12 -l12
[1.009s] DEBUG:colcon.colcon_core.event_handler.log_command:Invoking command in '/home/bctat/turtlebot3ros/turtlebot3_ws/build/turtlebot3_simulations': CMAKE_PREFIX_PATH=/home/bctat/turtlebot3ros/turtlebot3_ws/install/turtlebot3_gazebo:/home/bctat/turtlebot3ros/turtlebot3_ws/install/turtlebot3_fake_node:/home/bctat/turtlebot3ros/turtlebot3_ws/install/image_interfaces:/home/bctat/turtlebot3ros/turtlebot3_ws/install/turtlebot3_simulations:/home/bctat/turtlebot3ros/turtlebot3_ws/install/turtlebot3_controller:/opt/ros/humble /usr/bin/cmake --install /home/bctat/turtlebot3ros/turtlebot3_ws/build/turtlebot3_simulations
[1.019s] Level 1:colcon.colcon_core.environment:create_environment_scripts_only(turtlebot3_simulations)
[1.020s] DEBUG:colcon.colcon_core.event_handler.log_command:Invoked command in '/home/bctat/turtlebot3ros/turtlebot3_ws/build/turtlebot3_simulations' returned '0': CMAKE_PREFIX_PATH=/home/bctat/turtlebot3ros/turtlebot3_ws/install/turtlebot3_gazebo:/home/bctat/turtlebot3ros/turtlebot3_ws/install/turtlebot3_fake_node:/home/bctat/turtlebot3ros/turtlebot3_ws/install/image_interfaces:/home/bctat/turtlebot3ros/turtlebot3_ws/install/turtlebot3_simulations:/home/bctat/turtlebot3ros/turtlebot3_ws/install/turtlebot3_controller:/opt/ros/humble /usr/bin/cmake --install /home/bctat/turtlebot3ros/turtlebot3_ws/build/turtlebot3_simulations
[1.027s] Level 1:colcon.colcon_core.environment:checking '/home/bctat/turtlebot3ros/turtlebot3_ws/install/turtlebot3_simulations' for CMake module files
[1.027s] Level 1:colcon.colcon_core.environment:checking '/home/bctat/turtlebot3ros/turtlebot3_ws/install/turtlebot3_simulations' for CMake config files
[1.027s] Level 1:colcon.colcon_core.shell:create_environment_hook('turtlebot3_simulations', 'cmake_prefix_path')
[1.034s] INFO:colcon.colcon_core.shell:Creating environment hook '/home/bctat/turtlebot3ros/turtlebot3_ws/install/turtlebot3_simulations/share/turtlebot3_simulations/hook/cmake_prefix_path.ps1'
[1.035s] INFO:colcon.colcon_core.shell:Creating environment descriptor '/home/bctat/turtlebot3ros/turtlebot3_ws/install/turtlebot3_simulations/share/turtlebot3_simulations/hook/cmake_prefix_path.dsv'
[1.035s] INFO:colcon.colcon_core.shell:Creating environment hook '/home/bctat/turtlebot3ros/turtlebot3_ws/install/turtlebot3_simulations/share/turtlebot3_simulations/hook/cmake_prefix_path.sh'
[1.035s] Level 1:colcon.colcon_core.environment:checking '/home/bctat/turtlebot3ros/turtlebot3_ws/install/turtlebot3_simulations/bin'
[1.035s] Level 1:colcon.colcon_core.environment:checking '/home/bctat/turtlebot3ros/turtlebot3_ws/install/turtlebot3_simulations/lib/pkgconfig/turtlebot3_simulations.pc'
[1.035s] Level 1:colcon.colcon_core.environment:checking '/home/bctat/turtlebot3ros/turtlebot3_ws/install/turtlebot3_simulations/lib/python3.10/site-packages'
[1.035s] Level 1:colcon.colcon_core.environment:checking '/home/bctat/turtlebot3ros/turtlebot3_ws/install/turtlebot3_simulations/bin'
[1.043s] INFO:colcon.colcon_core.shell:Creating package script '/home/bctat/turtlebot3ros/turtlebot3_ws/install/turtlebot3_simulations/share/turtlebot3_simulations/package.ps1'
[1.043s] INFO:colcon.colcon_core.shell:Creating package descriptor '/home/bctat/turtlebot3ros/turtlebot3_ws/install/turtlebot3_simulations/share/turtlebot3_simulations/package.dsv'
[1.043s] INFO:colcon.colcon_core.shell:Creating package script '/home/bctat/turtlebot3ros/turtlebot3_ws/install/turtlebot3_simulations/share/turtlebot3_simulations/package.sh'
[1.043s] INFO:colcon.colcon_core.shell:Creating package script '/home/bctat/turtlebot3ros/turtlebot3_ws/install/turtlebot3_simulations/share/turtlebot3_simulations/package.bash'
[1.043s] INFO:colcon.colcon_core.shell:Creating package script '/home/bctat/turtlebot3ros/turtlebot3_ws/install/turtlebot3_simulations/share/turtlebot3_simulations/package.zsh'
[1.044s] Level 1:colcon.colcon_core.environment:create_file_with_runtime_dependencies(/home/bctat/turtlebot3ros/turtlebot3_ws/install/turtlebot3_simulations/share/colcon-core/packages/turtlebot3_simulations)
[1.065s] Level 1:colcon.colcon_core.environment:create_environment_scripts_only(turtlebot3_simulations)
[1.076s] Level 1:colcon.colcon_core.environment:checking '/home/bctat/turtlebot3ros/turtlebot3_ws/install/turtlebot3_simulations' for CMake module files
[1.077s] Level 1:colcon.colcon_core.environment:checking '/home/bctat/turtlebot3ros/turtlebot3_ws/install/turtlebot3_simulations' for CMake config files
[1.077s] Level 1:colcon.colcon_core.shell:create_environment_hook('turtlebot3_simulations', 'cmake_prefix_path')
[1.085s] INFO:colcon.colcon_core.shell:Creating environment hook '/home/bctat/turtlebot3ros/turtlebot3_ws/install/turtlebot3_simulations/share/turtlebot3_simulations/hook/cmake_prefix_path.ps1'
[1.085s] INFO:colcon.colcon_core.shell:Creating environment descriptor '/home/bctat/turtlebot3ros/turtlebot3_ws/install/turtlebot3_simulations/share/turtlebot3_simulations/hook/cmake_prefix_path.dsv'
[1.085s] INFO:colcon.colcon_core.shell:Creating environment hook '/home/bctat/turtlebot3ros/turtlebot3_ws/install/turtlebot3_simulations/share/turtlebot3_simulations/hook/cmake_prefix_path.sh'
[1.085s] Level 1:colcon.colcon_core.environment:checking '/home/bctat/turtlebot3ros/turtlebot3_ws/install/turtlebot3_simulations/bin'
[1.085s] Level 1:colcon.colcon_core.environment:checking '/home/bctat/turtlebot3ros/turtlebot3_ws/install/turtlebot3_simulations/lib/pkgconfig/turtlebot3_simulations.pc'
[1.086s] Level 1:colcon.colcon_core.environment:checking '/home/bctat/turtlebot3ros/turtlebot3_ws/install/turtlebot3_simulations/lib/python3.10/site-packages'
[1.086s] Level 1:colcon.colcon_core.environment:checking '/home/bctat/turtlebot3ros/turtlebot3_ws/install/turtlebot3_simulations/bin'
[1.093s] INFO:colcon.colcon_core.shell:Creating package script '/home/bctat/turtlebot3ros/turtlebot3_ws/install/turtlebot3_simulations/share/turtlebot3_simulations/package.ps1'
[1.094s] INFO:colcon.colcon_core.shell:Creating package descriptor '/home/bctat/turtlebot3ros/turtlebot3_ws/install/turtlebot3_simulations/share/turtlebot3_simulations/package.dsv'
[1.094s] INFO:colcon.colcon_core.shell:Creating package script '/home/bctat/turtlebot3ros/turtlebot3_ws/install/turtlebot3_simulations/share/turtlebot3_simulations/package.sh'
[1.094s] INFO:colcon.colcon_core.shell:Creating package script '/home/bctat/turtlebot3ros/turtlebot3_ws/install/turtlebot3_simulations/share/turtlebot3_simulations/package.bash'
[1.094s] INFO:colcon.colcon_core.shell:Creating package script '/home/bctat/turtlebot3ros/turtlebot3_ws/install/turtlebot3_simulations/share/turtlebot3_simulations/package.zsh'
[1.095s] Level 1:colcon.colcon_core.environment:create_file_with_runtime_dependencies(/home/bctat/turtlebot3ros/turtlebot3_ws/install/turtlebot3_simulations/share/colcon-core/packages/turtlebot3_simulations)
[1.641s] DEBUG:colcon.colcon_core.event_handler.log_command:Invoked command in '/home/bctat/turtlebot3ros/turtlebot3_ws/build/image_interfaces' returned '0': CMAKE_PREFIX_PATH=${CMAKE_PREFIX_PATH}:/home/bctat/turtlebot3ros/turtlebot3_ws/install/turtlebot3_controller:/opt/ros/humble /usr/bin/cmake /home/bctat/turtlebot3ros/turtlebot3_ws/src/image_interfaces -DAMENT_CMAKE_SYMLINK_INSTALL=1 -DCMAKE_INSTALL_PREFIX=/home/bctat/turtlebot3ros/turtlebot3_ws/install/image_interfaces
[1.642s] DEBUG:colcon.colcon_core.event_handler.log_command:Invoking command in '/home/bctat/turtlebot3ros/turtlebot3_ws/build/image_interfaces': CMAKE_PREFIX_PATH=${CMAKE_PREFIX_PATH}:/home/bctat/turtlebot3ros/turtlebot3_ws/install/turtlebot3_controller:/opt/ros/humble /usr/bin/cmake --build /home/bctat/turtlebot3ros/turtlebot3_ws/build/image_interfaces -- -j12 -l12
[2.878s] DEBUG:colcon.colcon_core.event_handler.log_command:Invoked command in '/home/bctat/turtlebot3ros/turtlebot3_ws/build/image_interfaces' returned '0': CMAKE_PREFIX_PATH=${CMAKE_PREFIX_PATH}:/home/bctat/turtlebot3ros/turtlebot3_ws/install/turtlebot3_controller:/opt/ros/humble /usr/bin/cmake --build /home/bctat/turtlebot3ros/turtlebot3_ws/build/image_interfaces -- -j12 -l12
[2.916s] DEBUG:colcon.colcon_core.event_handler.log_command:Invoking command in '/home/bctat/turtlebot3ros/turtlebot3_ws/build/image_interfaces': CMAKE_PREFIX_PATH=${CMAKE_PREFIX_PATH}:/home/bctat/turtlebot3ros/turtlebot3_ws/install/turtlebot3_controller:/opt/ros/humble /usr/bin/cmake --install /home/bctat/turtlebot3ros/turtlebot3_ws/build/image_interfaces
[3.366s] Level 1:colcon.colcon_core.environment:create_environment_scripts_only(image_interfaces)
[3.366s] DEBUG:colcon.colcon_core.event_handler.log_command:Invoked command in '/home/bctat/turtlebot3ros/turtlebot3_ws/build/image_interfaces' returned '0': CMAKE_PREFIX_PATH=${CMAKE_PREFIX_PATH}:/home/bctat/turtlebot3ros/turtlebot3_ws/install/turtlebot3_controller:/opt/ros/humble /usr/bin/cmake --install /home/bctat/turtlebot3ros/turtlebot3_ws/build/image_interfaces
[3.373s] Level 1:colcon.colcon_core.environment:checking '/home/bctat/turtlebot3ros/turtlebot3_ws/install/image_interfaces' for CMake module files
[3.373s] Level 1:colcon.colcon_core.environment:checking '/home/bctat/turtlebot3ros/turtlebot3_ws/install/image_interfaces' for CMake config files
[3.374s] Level 1:colcon.colcon_core.shell:create_environment_hook('image_interfaces', 'cmake_prefix_path')
[3.381s] INFO:colcon.colcon_core.shell:Creating environment hook '/home/bctat/turtlebot3ros/turtlebot3_ws/install/image_interfaces/share/image_interfaces/hook/cmake_prefix_path.ps1'
[3.381s] INFO:colcon.colcon_core.shell:Creating environment descriptor '/home/bctat/turtlebot3ros/turtlebot3_ws/install/image_interfaces/share/image_interfaces/hook/cmake_prefix_path.dsv'
[3.381s] INFO:colcon.colcon_core.shell:Creating environment hook '/home/bctat/turtlebot3ros/turtlebot3_ws/install/image_interfaces/share/image_interfaces/hook/cmake_prefix_path.sh'
[3.381s] Level 1:colcon.colcon_core.environment:checking '/home/bctat/turtlebot3ros/turtlebot3_ws/install/image_interfaces/lib'
[3.381s] Level 1:colcon.colcon_core.shell:create_environment_hook('image_interfaces', 'ld_library_path_lib')
[3.388s] INFO:colcon.colcon_core.shell:Creating environment hook '/home/bctat/turtlebot3ros/turtlebot3_ws/install/image_interfaces/share/image_interfaces/hook/ld_library_path_lib.ps1'
[3.388s] INFO:colcon.colcon_core.shell:Creating environment descriptor '/home/bctat/turtlebot3ros/turtlebot3_ws/install/image_interfaces/share/image_interfaces/hook/ld_library_path_lib.dsv'
[3.388s] INFO:colcon.colcon_core.shell:Creating environment hook '/home/bctat/turtlebot3ros/turtlebot3_ws/install/image_interfaces/share/image_interfaces/hook/ld_library_path_lib.sh'
[3.389s] Level 1:colcon.colcon_core.environment:checking '/home/bctat/turtlebot3ros/turtlebot3_ws/install/image_interfaces/bin'
[3.389s] Level 1:colcon.colcon_core.environment:checking '/home/bctat/turtlebot3ros/turtlebot3_ws/install/image_interfaces/lib/pkgconfig/image_interfaces.pc'
[3.389s] Level 1:colcon.colcon_core.environment:checking '/home/bctat/turtlebot3ros/turtlebot3_ws/install/image_interfaces/lib/python3.10/site-packages'
[3.389s] Level 1:colcon.colcon_core.environment:checking '/home/bctat/turtlebot3ros/turtlebot3_ws/install/image_interfaces/bin'
[3.395s] INFO:colcon.colcon_core.shell:Creating package script '/home/bctat/turtlebot3ros/turtlebot3_ws/install/image_interfaces/share/image_interfaces/package.ps1'
[3.395s] INFO:colcon.colcon_core.shell:Creating package descriptor '/home/bctat/turtlebot3ros/turtlebot3_ws/install/image_interfaces/share/image_interfaces/package.dsv'
[3.396s] INFO:colcon.colcon_core.shell:Creating package script '/home/bctat/turtlebot3ros/turtlebot3_ws/install/image_interfaces/share/image_interfaces/package.sh'
[3.396s] INFO:colcon.colcon_core.shell:Creating package script '/home/bctat/turtlebot3ros/turtlebot3_ws/install/image_interfaces/share/image_interfaces/package.bash'
[3.396s] INFO:colcon.colcon_core.shell:Creating package script '/home/bctat/turtlebot3ros/turtlebot3_ws/install/image_interfaces/share/image_interfaces/package.zsh'
[3.396s] Level 1:colcon.colcon_core.environment:create_file_with_runtime_dependencies(/home/bctat/turtlebot3ros/turtlebot3_ws/install/image_interfaces/share/colcon-core/packages/image_interfaces)
[3.444s] Level 1:colcon.colcon_core.environment:create_environment_scripts_only(image_interfaces)
[3.451s] Level 1:colcon.colcon_core.environment:checking '/home/bctat/turtlebot3ros/turtlebot3_ws/install/image_interfaces' for CMake module files
[3.451s] Level 1:colcon.colcon_core.environment:checking '/home/bctat/turtlebot3ros/turtlebot3_ws/install/image_interfaces' for CMake config files
[3.451s] Level 1:colcon.colcon_core.shell:create_environment_hook('image_interfaces', 'cmake_prefix_path')
[3.458s] INFO:colcon.colcon_core.shell:Creating environment hook '/home/bctat/turtlebot3ros/turtlebot3_ws/install/image_interfaces/share/image_interfaces/hook/cmake_prefix_path.ps1'
[3.458s] INFO:colcon.colcon_core.shell:Creating environment descriptor '/home/bctat/turtlebot3ros/turtlebot3_ws/install/image_interfaces/share/image_interfaces/hook/cmake_prefix_path.dsv'
[3.458s] INFO:colcon.colcon_core.shell:Creating environment hook '/home/bctat/turtlebot3ros/turtlebot3_ws/install/image_interfaces/share/image_interfaces/hook/cmake_prefix_path.sh'
[3.459s] Level 1:colcon.colcon_core.environment:checking '/home/bctat/turtlebot3ros/turtlebot3_ws/install/image_interfaces/lib'
[3.459s] Level 1:colcon.colcon_core.shell:create_environment_hook('image_interfaces', 'ld_library_path_lib')
[3.465s] INFO:colcon.colcon_core.shell:Creating environment hook '/home/bctat/turtlebot3ros/turtlebot3_ws/install/image_interfaces/share/image_interfaces/hook/ld_library_path_lib.ps1'
[3.466s] INFO:colcon.colcon_core.shell:Creating environment descriptor '/home/bctat/turtlebot3ros/turtlebot3_ws/install/image_interfaces/share/image_interfaces/hook/ld_library_path_lib.dsv'
[3.466s] INFO:colcon.colcon_core.shell:Creating environment hook '/home/bctat/turtlebot3ros/turtlebot3_ws/install/image_interfaces/share/image_interfaces/hook/ld_library_path_lib.sh'
[3.466s] Level 1:colcon.colcon_core.environment:checking '/home/bctat/turtlebot3ros/turtlebot3_ws/install/image_interfaces/bin'
[3.466s] Level 1:colcon.colcon_core.environment:checking '/home/bctat/turtlebot3ros/turtlebot3_ws/install/image_interfaces/lib/pkgconfig/image_interfaces.pc'
[3.466s] Level 1:colcon.colcon_core.environment:checking '/home/bctat/turtlebot3ros/turtlebot3_ws/install/image_interfaces/lib/python3.10/site-packages'
[3.466s] Level 1:colcon.colcon_core.environment:checking '/home/bctat/turtlebot3ros/turtlebot3_ws/install/image_interfaces/bin'
[3.473s] INFO:colcon.colcon_core.shell:Creating package script '/home/bctat/turtlebot3ros/turtlebot3_ws/install/image_interfaces/share/image_interfaces/package.ps1'
[3.474s] INFO:colcon.colcon_core.shell:Creating package descriptor '/home/bctat/turtlebot3ros/turtlebot3_ws/install/image_interfaces/share/image_interfaces/package.dsv'
[3.474s] INFO:colcon.colcon_core.shell:Creating package script '/home/bctat/turtlebot3ros/turtlebot3_ws/install/image_interfaces/share/image_interfaces/package.sh'
[3.475s] INFO:colcon.colcon_core.shell:Creating package script '/home/bctat/turtlebot3ros/turtlebot3_ws/install/image_interfaces/share/image_interfaces/package.bash'
[3.475s] INFO:colcon.colcon_core.shell:Creating package script '/home/bctat/turtlebot3ros/turtlebot3_ws/install/image_interfaces/share/image_interfaces/package.zsh'
[3.475s] Level 1:colcon.colcon_core.environment:create_file_with_runtime_dependencies(/home/bctat/turtlebot3ros/turtlebot3_ws/install/image_interfaces/share/colcon-core/packages/image_interfaces)
[3.475s] INFO:colcon.colcon_ros.task.ament_python.build:Building ROS package in '/home/bctat/turtlebot3ros/turtlebot3_ws/src/turtlebot3_controller' with build type 'ament_python'
[3.475s] Level 1:colcon.colcon_core.shell:create_environment_hook('turtlebot3_controller', 'ament_prefix_path')
[3.482s] INFO:colcon.colcon_core.shell:Creating environment hook '/home/bctat/turtlebot3ros/turtlebot3_ws/install/turtlebot3_controller/share/turtlebot3_controller/hook/ament_prefix_path.ps1'
[3.483s] INFO:colcon.colcon_core.shell:Creating environment descriptor '/home/bctat/turtlebot3ros/turtlebot3_ws/install/turtlebot3_controller/share/turtlebot3_controller/hook/ament_prefix_path.dsv'
[3.483s] INFO:colcon.colcon_core.shell:Creating environment hook '/home/bctat/turtlebot3ros/turtlebot3_ws/install/turtlebot3_controller/share/turtlebot3_controller/hook/ament_prefix_path.sh'
[3.489s] INFO:colcon.colcon_core.shell:Skip shell extension 'powershell' for command environment: Not usable outside of PowerShell
[3.489s] DEBUG:colcon.colcon_core.shell:Skip shell extension 'dsv' for command environment
[3.661s] INFO:colcon.colcon_core.task.python.build:Building Python package in '/home/bctat/turtlebot3ros/turtlebot3_ws/src/turtlebot3_controller'
[3.668s] INFO:colcon.colcon_core.shell:Skip shell extension 'powershell' for command environment: Not usable outside of PowerShell
[3.668s] DEBUG:colcon.colcon_core.shell:Skip shell extension 'dsv' for command environment
[3.888s] DEBUG:colcon.colcon_core.event_handler.log_command:Invoking command in '/home/bctat/turtlebot3ros/turtlebot3_ws/build/turtlebot3_controller': PYTHONPATH=/home/bctat/turtlebot3ros/turtlebot3_ws/build/turtlebot3_controller/prefix_override:/home/bctat/turtlebot3ros/turtlebot3_ws/install/turtlebot3_controller/lib/python3.10/site-packages:${PYTHONPATH} /usr/bin/python3 setup.py develop --editable --build-directory /home/bctat/turtlebot3ros/turtlebot3_ws/build/turtlebot3_controller/build --no-deps install_data
[4.129s] Level 1:colcon.colcon_core.shell:create_environment_hook('turtlebot3_controller', 'pythonpath_develop')
[4.129s] DEBUG:colcon.colcon_core.event_handler.log_command:Invoked command in '/home/bctat/turtlebot3ros/turtlebot3_ws/build/turtlebot3_controller' returned '0': PYTHONPATH=/home/bctat/turtlebot3ros/turtlebot3_ws/build/turtlebot3_controller/prefix_override:/home/bctat/turtlebot3ros/turtlebot3_ws/install/turtlebot3_controller/lib/python3.10/site-packages:${PYTHONPATH} /usr/bin/python3 setup.py develop --editable --build-directory /home/bctat/turtlebot3ros/turtlebot3_ws/build/turtlebot3_controller/build --no-deps install_data
[4.136s] INFO:colcon.colcon_core.shell:Creating environment hook '/home/bctat/turtlebot3ros/turtlebot3_ws/build/turtlebot3_controller/share/turtlebot3_controller/hook/pythonpath_develop.ps1'
[4.136s] INFO:colcon.colcon_core.shell:Creating environment descriptor '/home/bctat/turtlebot3ros/turtlebot3_ws/build/turtlebot3_controller/share/turtlebot3_controller/hook/pythonpath_develop.dsv'
[4.136s] INFO:colcon.colcon_core.shell:Creating environment hook '/home/bctat/turtlebot3ros/turtlebot3_ws/build/turtlebot3_controller/share/turtlebot3_controller/hook/pythonpath_develop.sh'
[4.143s] Level 1:colcon.colcon_core.environment:checking '/home/bctat/turtlebot3ros/turtlebot3_ws/install/turtlebot3_controller' for CMake module files
[4.143s] Level 1:colcon.colcon_core.environment:checking '/home/bctat/turtlebot3ros/turtlebot3_ws/install/turtlebot3_controller' for CMake config files
[4.144s] Level 1:colcon.colcon_core.environment:checking '/home/bctat/turtlebot3ros/turtlebot3_ws/install/turtlebot3_controller/lib'
[4.144s] Level 1:colcon.colcon_core.environment:checking '/home/bctat/turtlebot3ros/turtlebot3_ws/install/turtlebot3_controller/bin'
[4.144s] Level 1:colcon.colcon_core.environment:checking '/home/bctat/turtlebot3ros/turtlebot3_ws/install/turtlebot3_controller/lib/pkgconfig/turtlebot3_controller.pc'
[4.144s] Level 1:colcon.colcon_core.environment:checking '/home/bctat/turtlebot3ros/turtlebot3_ws/install/turtlebot3_controller/lib/python3.10/site-packages'
[4.144s] Level 1:colcon.colcon_core.shell:create_environment_hook('turtlebot3_controller', 'pythonpath')
[4.150s] INFO:colcon.colcon_core.shell:Creating environment hook '/home/bctat/turtlebot3ros/turtlebot3_ws/install/turtlebot3_controller/share/turtlebot3_controller/hook/pythonpath.ps1'
[4.151s] INFO:colcon.colcon_core.shell:Creating environment descriptor '/home/bctat/turtlebot3ros/turtlebot3_ws/install/turtlebot3_controller/share/turtlebot3_controller/hook/pythonpath.dsv'
[4.151s] INFO:colcon.colcon_core.shell:Creating environment hook '/home/bctat/turtlebot3ros/turtlebot3_ws/install/turtlebot3_controller/share/turtlebot3_controller/hook/pythonpath.sh'
[4.151s] Level 1:colcon.colcon_core.environment:checking '/home/bctat/turtlebot3ros/turtlebot3_ws/install/turtlebot3_controller/bin'
[4.151s] Level 1:colcon.colcon_core.environment:create_environment_scripts_only(turtlebot3_controller)
[4.158s] INFO:colcon.colcon_core.shell:Creating package script '/home/bctat/turtlebot3ros/turtlebot3_ws/install/turtlebot3_controller/share/turtlebot3_controller/package.ps1'
[4.158s] INFO:colcon.colcon_core.shell:Creating package descriptor '/home/bctat/turtlebot3ros/turtlebot3_ws/install/turtlebot3_controller/share/turtlebot3_controller/package.dsv'
[4.158s] INFO:colcon.colcon_core.shell:Creating package script '/home/bctat/turtlebot3ros/turtlebot3_ws/install/turtlebot3_controller/share/turtlebot3_controller/package.sh'
[4.159s] INFO:colcon.colcon_core.shell:Creating package script '/home/bctat/turtlebot3ros/turtlebot3_ws/install/turtlebot3_controller/share/turtlebot3_controller/package.bash'
[4.159s] INFO:colcon.colcon_core.shell:Creating package script '/home/bctat/turtlebot3ros/turtlebot3_ws/install/turtlebot3_controller/share/turtlebot3_controller/package.zsh'
[4.159s] Level 1:colcon.colcon_core.environment:create_file_with_runtime_dependencies(/home/bctat/turtlebot3ros/turtlebot3_ws/install/turtlebot3_controller/share/colcon-core/packages/turtlebot3_controller)
[4.159s] DEBUG:colcon.colcon_parallel_executor.executor.parallel:closing loop
[4.159s] DEBUG:colcon.colcon_parallel_executor.executor.parallel:loop closed
[4.159s] DEBUG:colcon.colcon_parallel_executor.executor.parallel:run_until_complete finished with '0'
[4.159s] DEBUG:colcon.colcon_core.event_reactor:joining thread
[4.172s] INFO:colcon.colcon_core.plugin_system:Skipping extension 'colcon_notification.desktop_notification.terminal_notifier': Not used on non-Darwin systems
[4.172s] INFO:colcon.colcon_core.plugin_system:Skipping extension 'colcon_notification.desktop_notification.win32': Not used on non-Windows systems
[4.172s] INFO:colcon.colcon_notification.desktop_notification:Sending desktop notification using 'notify2'
[4.178s] DEBUG:colcon.colcon_core.event_reactor:joined thread
[4.185s] INFO:colcon.colcon_core.shell:Creating prefix script '/home/bctat/turtlebot3ros/turtlebot3_ws/install/local_setup.ps1'
[4.186s] INFO:colcon.colcon_core.shell:Creating prefix util module '/home/bctat/turtlebot3ros/turtlebot3_ws/install/_local_setup_util_ps1.py'
[4.187s] INFO:colcon.colcon_core.shell:Creating prefix chain script '/home/bctat/turtlebot3ros/turtlebot3_ws/install/setup.ps1'
[4.194s] INFO:colcon.colcon_core.shell:Creating prefix script '/home/bctat/turtlebot3ros/turtlebot3_ws/install/local_setup.sh'
[4.194s] INFO:colcon.colcon_core.shell:Creating prefix util module '/home/bctat/turtlebot3ros/turtlebot3_ws/install/_local_setup_util_sh.py'
[4.194s] INFO:colcon.colcon_core.shell:Creating prefix chain script '/home/bctat/turtlebot3ros/turtlebot3_ws/install/setup.sh'
[4.201s] INFO:colcon.colcon_core.shell:Creating prefix script '/home/bctat/turtlebot3ros/turtlebot3_ws/install/local_setup.bash'
[4.201s] INFO:colcon.colcon_core.shell:Creating prefix chain script '/home/bctat/turtlebot3ros/turtlebot3_ws/install/setup.bash'
[4.208s] INFO:colcon.colcon_core.shell:Creating prefix script '/home/bctat/turtlebot3ros/turtlebot3_ws/install/local_setup.zsh'
[4.208s] INFO:colcon.colcon_core.shell:Creating prefix chain script '/home/bctat/turtlebot3ros/turtlebot3_ws/install/setup.zsh'
