[0.085s] Invoking command in '/home/bctat/turtlebot3ros/turtlebot3_ws/build/image_interfaces': CMAKE_PREFIX_PATH=${CMAKE_PREFIX_PATH}:/home/bctat/turtlebot3ros/turtlebot3_ws/install/turtlebot3_controller:/opt/ros/humble /usr/bin/cmake --build /home/bctat/turtlebot3ros/turtlebot3_ws/build/image_interfaces -- -j12 -l12
[0.114s] [35m[1mConsolidate compiler generated dependencies of target image_interfaces__rosidl_generator_c[0m
[0.125s] [  2%] Built target image_interfaces__cpp
[0.127s] [ 12%] Built target image_interfaces__rosidl_generator_c
[0.137s] [35m[1mConsolidate compiler generated dependencies of target image_interfaces__rosidl_typesupport_cpp[0m
[0.138s] [35m[1mConsolidate compiler generated dependencies of target image_interfaces__rosidl_typesupport_introspection_c[0m
[0.138s] [ 12%] Built target ament_cmake_python_symlink_image_interfaces
[0.138s] [35m[1mConsolidate compiler generated dependencies of target image_interfaces__rosidl_typesupport_introspection_cpp[0m
[0.138s] [35m[1mConsolidate compiler generated dependencies of target image_interfaces__rosidl_typesupport_c[0m
[0.138s] [35m[1mConsolidate compiler generated dependencies of target image_interfaces__rosidl_typesupport_fastrtps_c[0m
[0.146s] [35m[1mConsolidate compiler generated dependencies of target image_interfaces__rosidl_typesupport_fastrtps_cpp[0m
[0.147s] [ 23%] Built target image_interfaces__rosidl_typesupport_c
[0.150s] [ 33%] Built target image_interfaces__rosidl_typesupport_introspection_c
[0.150s] [ 43%] Built target image_interfaces__rosidl_typesupport_cpp
[0.150s] [ 53%] Built target image_interfaces__rosidl_typesupport_introspection_cpp
[0.154s] [ 64%] Built target image_interfaces__rosidl_typesupport_fastrtps_c
[0.158s] [ 74%] Built target image_interfaces__rosidl_typesupport_fastrtps_cpp
[0.169s] [ 74%] Built target image_interfaces
[0.180s] [ 76%] Built target image_interfaces__py
[0.186s] [35m[1mConsolidate compiler generated dependencies of target image_interfaces__rosidl_generator_py[0m
[0.194s] [ 84%] Built target image_interfaces__rosidl_generator_py
[0.200s] [35m[1mConsolidate compiler generated dependencies of target image_interfaces__rosidl_typesupport_c__pyext[0m
[0.200s] [35m[1mConsolidate compiler generated dependencies of target image_interfaces__rosidl_typesupport_introspection_c__pyext[0m
[0.200s] [35m[1mConsolidate compiler generated dependencies of target image_interfaces__rosidl_typesupport_fastrtps_c__pyext[0m
[0.207s] [100%] Built target image_interfaces__rosidl_typesupport_c__pyext
[0.207s] [100%] Built target image_interfaces__rosidl_typesupport_introspection_c__pyext
[0.208s] [100%] Built target image_interfaces__rosidl_typesupport_fastrtps_c__pyext
[0.329s] running egg_info
[0.329s] writing image_interfaces.egg-info/PKG-INFO
[0.329s] writing dependency_links to image_interfaces.egg-info/dependency_links.txt
[0.329s] writing top-level names to image_interfaces.egg-info/top_level.txt
[0.331s] reading manifest file 'image_interfaces.egg-info/SOURCES.txt'
[0.331s] writing manifest file 'image_interfaces.egg-info/SOURCES.txt'
[0.348s] [100%] Built target ament_cmake_python_build_image_interfaces_egg
[0.397s] Invoked command in '/home/bctat/turtlebot3ros/turtlebot3_ws/build/image_interfaces' returned '0': CMAKE_PREFIX_PATH=${CMAKE_PREFIX_PATH}:/home/bctat/turtlebot3ros/turtlebot3_ws/install/turtlebot3_controller:/opt/ros/humble /usr/bin/cmake --build /home/bctat/turtlebot3ros/turtlebot3_ws/build/image_interfaces -- -j12 -l12
[0.434s] Invoking command in '/home/bctat/turtlebot3ros/turtlebot3_ws/build/image_interfaces': CMAKE_PREFIX_PATH=${CMAKE_PREFIX_PATH}:/home/bctat/turtlebot3ros/turtlebot3_ws/install/turtlebot3_controller:/opt/ros/humble /usr/bin/cmake --install /home/bctat/turtlebot3ros/turtlebot3_ws/build/image_interfaces
[0.438s] -- Install configuration: ""
[0.438s] -- Execute custom install script
[0.438s] -- Up-to-date symlink: /home/bctat/turtlebot3ros/turtlebot3_ws/install/image_interfaces/share/ament_index/resource_index/rosidl_interfaces/image_interfaces
[0.439s] -- Up-to-date symlink: /home/bctat/turtlebot3ros/turtlebot3_ws/install/image_interfaces/include/image_interfaces/image_interfaces/msg/centroid.h
[0.439s] -- Up-to-date symlink: /home/bctat/turtlebot3ros/turtlebot3_ws/install/image_interfaces/include/image_interfaces/image_interfaces/msg/detail/centroid__functions.h
[0.439s] -- Up-to-date symlink: /home/bctat/turtlebot3ros/turtlebot3_ws/install/image_interfaces/include/image_interfaces/image_interfaces/msg/detail/centroid__struct.h
[0.439s] -- Up-to-date symlink: /home/bctat/turtlebot3ros/turtlebot3_ws/install/image_interfaces/include/image_interfaces/image_interfaces/msg/detail/centroid__type_support.h
[0.439s] -- Up-to-date symlink: /home/bctat/turtlebot3ros/turtlebot3_ws/install/image_interfaces/include/image_interfaces/image_interfaces/msg/rosidl_generator_c__visibility_control.h
[0.439s] -- Up-to-date symlink: /home/bctat/turtlebot3ros/turtlebot3_ws/install/image_interfaces/include/image_interfaces/image_interfaces/srv/detail/find_centroid__functions.h
[0.439s] -- Up-to-date symlink: /home/bctat/turtlebot3ros/turtlebot3_ws/install/image_interfaces/include/image_interfaces/image_interfaces/srv/detail/find_centroid__struct.h
[0.439s] -- Up-to-date symlink: /home/bctat/turtlebot3ros/turtlebot3_ws/install/image_interfaces/include/image_interfaces/image_interfaces/srv/detail/find_centroid__type_support.h
[0.439s] -- Up-to-date symlink: /home/bctat/turtlebot3ros/turtlebot3_ws/install/image_interfaces/include/image_interfaces/image_interfaces/srv/find_centroid.h
[0.439s] -- Up-to-date symlink: /home/bctat/turtlebot3ros/turtlebot3_ws/install/image_interfaces/share/image_interfaces/environment/library_path.sh
[0.439s] -- Up-to-date symlink: /home/bctat/turtlebot3ros/turtlebot3_ws/install/image_interfaces/share/image_interfaces/environment/library_path.dsv
[0.440s] -- Up-to-date symlink: /home/bctat/turtlebot3ros/turtlebot3_ws/install/image_interfaces/include/image_interfaces/image_interfaces/msg/detail/centroid__rosidl_typesupport_fastrtps_c.h
[0.440s] -- Up-to-date symlink: /home/bctat/turtlebot3ros/turtlebot3_ws/install/image_interfaces/include/image_interfaces/image_interfaces/msg/rosidl_typesupport_fastrtps_c__visibility_control.h
[0.440s] -- Up-to-date symlink: /home/bctat/turtlebot3ros/turtlebot3_ws/install/image_interfaces/include/image_interfaces/image_interfaces/srv/detail/find_centroid__rosidl_typesupport_fastrtps_c.h
[0.440s] -- Up-to-date symlink: /home/bctat/turtlebot3ros/turtlebot3_ws/install/image_interfaces/include/image_interfaces/image_interfaces/msg/detail/centroid__rosidl_typesupport_introspection_c.h
[0.440s] -- Up-to-date symlink: /home/bctat/turtlebot3ros/turtlebot3_ws/install/image_interfaces/include/image_interfaces/image_interfaces/msg/rosidl_typesupport_introspection_c__visibility_control.h
[0.440s] -- Up-to-date symlink: /home/bctat/turtlebot3ros/turtlebot3_ws/install/image_interfaces/include/image_interfaces/image_interfaces/srv/detail/find_centroid__rosidl_typesupport_introspection_c.h
[0.440s] -- Up-to-date symlink: /home/bctat/turtlebot3ros/turtlebot3_ws/install/image_interfaces/include/image_interfaces/image_interfaces/msg/centroid.hpp
[0.440s] -- Up-to-date symlink: /home/bctat/turtlebot3ros/turtlebot3_ws/install/image_interfaces/include/image_interfaces/image_interfaces/msg/detail/centroid__builder.hpp
[0.440s] -- Up-to-date symlink: /home/bctat/turtlebot3ros/turtlebot3_ws/install/image_interfaces/include/image_interfaces/image_interfaces/msg/detail/centroid__struct.hpp
[0.440s] -- Up-to-date symlink: /home/bctat/turtlebot3ros/turtlebot3_ws/install/image_interfaces/include/image_interfaces/image_interfaces/msg/detail/centroid__traits.hpp
[0.440s] -- Up-to-date symlink: /home/bctat/turtlebot3ros/turtlebot3_ws/install/image_interfaces/include/image_interfaces/image_interfaces/srv/detail/find_centroid__builder.hpp
[0.441s] -- Up-to-date symlink: /home/bctat/turtlebot3ros/turtlebot3_ws/install/image_interfaces/include/image_interfaces/image_interfaces/srv/detail/find_centroid__struct.hpp
[0.441s] -- Up-to-date symlink: /home/bctat/turtlebot3ros/turtlebot3_ws/install/image_interfaces/include/image_interfaces/image_interfaces/srv/detail/find_centroid__traits.hpp
[0.441s] -- Up-to-date symlink: /home/bctat/turtlebot3ros/turtlebot3_ws/install/image_interfaces/include/image_interfaces/image_interfaces/srv/find_centroid.hpp
[0.441s] -- Up-to-date symlink: /home/bctat/turtlebot3ros/turtlebot3_ws/install/image_interfaces/include/image_interfaces/image_interfaces/msg/detail/centroid__rosidl_typesupport_fastrtps_cpp.hpp
[0.441s] -- Up-to-date symlink: /home/bctat/turtlebot3ros/turtlebot3_ws/install/image_interfaces/include/image_interfaces/image_interfaces/msg/rosidl_typesupport_fastrtps_cpp__visibility_control.h
[0.441s] -- Up-to-date symlink: /home/bctat/turtlebot3ros/turtlebot3_ws/install/image_interfaces/include/image_interfaces/image_interfaces/srv/detail/find_centroid__rosidl_typesupport_fastrtps_cpp.hpp
[0.441s] -- Up-to-date symlink: /home/bctat/turtlebot3ros/turtlebot3_ws/install/image_interfaces/include/image_interfaces/image_interfaces/msg/detail/centroid__rosidl_typesupport_introspection_cpp.hpp
[0.441s] -- Up-to-date symlink: /home/bctat/turtlebot3ros/turtlebot3_ws/install/image_interfaces/include/image_interfaces/image_interfaces/srv/detail/find_centroid__rosidl_typesupport_introspection_cpp.hpp
[0.441s] -- Up-to-date symlink: /home/bctat/turtlebot3ros/turtlebot3_ws/install/image_interfaces/share/image_interfaces/environment/pythonpath.sh
[0.441s] -- Up-to-date symlink: /home/bctat/turtlebot3ros/turtlebot3_ws/install/image_interfaces/share/image_interfaces/environment/pythonpath.dsv
[0.441s] -- Up-to-date symlink: /home/bctat/turtlebot3ros/turtlebot3_ws/install/image_interfaces/local/lib/python3.10/dist-packages/image_interfaces-0.0.0-py3.10.egg-info/PKG-INFO
[0.441s] -- Up-to-date symlink: /home/bctat/turtlebot3ros/turtlebot3_ws/install/image_interfaces/local/lib/python3.10/dist-packages/image_interfaces-0.0.0-py3.10.egg-info/SOURCES.txt
[0.441s] -- Up-to-date symlink: /home/bctat/turtlebot3ros/turtlebot3_ws/install/image_interfaces/local/lib/python3.10/dist-packages/image_interfaces-0.0.0-py3.10.egg-info/dependency_links.txt
[0.442s] -- Up-to-date symlink: /home/bctat/turtlebot3ros/turtlebot3_ws/install/image_interfaces/local/lib/python3.10/dist-packages/image_interfaces-0.0.0-py3.10.egg-info/top_level.txt
[0.442s] -- Up-to-date symlink: /home/bctat/turtlebot3ros/turtlebot3_ws/install/image_interfaces/local/lib/python3.10/dist-packages/image_interfaces/__init__.py
[0.442s] -- Up-to-date symlink: /home/bctat/turtlebot3ros/turtlebot3_ws/install/image_interfaces/local/lib/python3.10/dist-packages/image_interfaces/_image_interfaces_s.ep.rosidl_typesupport_c.c
[0.442s] -- Up-to-date symlink: /home/bctat/turtlebot3ros/turtlebot3_ws/install/image_interfaces/local/lib/python3.10/dist-packages/image_interfaces/_image_interfaces_s.ep.rosidl_typesupport_fastrtps_c.c
[0.442s] -- Up-to-date symlink: /home/bctat/turtlebot3ros/turtlebot3_ws/install/image_interfaces/local/lib/python3.10/dist-packages/image_interfaces/_image_interfaces_s.ep.rosidl_typesupport_introspection_c.c
[0.442s] -- Up-to-date symlink: /home/bctat/turtlebot3ros/turtlebot3_ws/install/image_interfaces/local/lib/python3.10/dist-packages/image_interfaces/image_interfaces_s__rosidl_typesupport_c.cpython-310-x86_64-linux-gnu.so
[0.443s] -- Up-to-date symlink: /home/bctat/turtlebot3ros/turtlebot3_ws/install/image_interfaces/local/lib/python3.10/dist-packages/image_interfaces/image_interfaces_s__rosidl_typesupport_fastrtps_c.cpython-310-x86_64-linux-gnu.so
[0.443s] -- Up-to-date symlink: /home/bctat/turtlebot3ros/turtlebot3_ws/install/image_interfaces/local/lib/python3.10/dist-packages/image_interfaces/image_interfaces_s__rosidl_typesupport_introspection_c.cpython-310-x86_64-linux-gnu.so
[0.443s] -- Up-to-date symlink: /home/bctat/turtlebot3ros/turtlebot3_ws/install/image_interfaces/local/lib/python3.10/dist-packages/image_interfaces/libimage_interfaces__rosidl_generator_py.so
[0.443s] -- Up-to-date symlink: /home/bctat/turtlebot3ros/turtlebot3_ws/install/image_interfaces/local/lib/python3.10/dist-packages/image_interfaces/msg/__init__.py
[0.443s] -- Up-to-date symlink: /home/bctat/turtlebot3ros/turtlebot3_ws/install/image_interfaces/local/lib/python3.10/dist-packages/image_interfaces/msg/_centroid.py
[0.443s] -- Up-to-date symlink: /home/bctat/turtlebot3ros/turtlebot3_ws/install/image_interfaces/local/lib/python3.10/dist-packages/image_interfaces/msg/_centroid_s.c
[0.443s] -- Up-to-date symlink: /home/bctat/turtlebot3ros/turtlebot3_ws/install/image_interfaces/local/lib/python3.10/dist-packages/image_interfaces/srv/__init__.py
[0.443s] -- Up-to-date symlink: /home/bctat/turtlebot3ros/turtlebot3_ws/install/image_interfaces/local/lib/python3.10/dist-packages/image_interfaces/srv/_find_centroid.py
[0.443s] -- Up-to-date symlink: /home/bctat/turtlebot3ros/turtlebot3_ws/install/image_interfaces/local/lib/python3.10/dist-packages/image_interfaces/srv/_find_centroid_s.c
[0.443s] -- Up-to-date symlink: /home/bctat/turtlebot3ros/turtlebot3_ws/install/image_interfaces/local/lib/python3.10/dist-packages/image_interfaces/image_interfaces_s__rosidl_typesupport_fastrtps_c.cpython-310-x86_64-linux-gnu.so
[0.443s] -- Up-to-date symlink: /home/bctat/turtlebot3ros/turtlebot3_ws/install/image_interfaces/local/lib/python3.10/dist-packages/image_interfaces/image_interfaces_s__rosidl_typesupport_introspection_c.cpython-310-x86_64-linux-gnu.so
[0.443s] -- Up-to-date symlink: /home/bctat/turtlebot3ros/turtlebot3_ws/install/image_interfaces/local/lib/python3.10/dist-packages/image_interfaces/image_interfaces_s__rosidl_typesupport_c.cpython-310-x86_64-linux-gnu.so
[0.443s] -- Up-to-date symlink: /home/bctat/turtlebot3ros/turtlebot3_ws/install/image_interfaces/share/image_interfaces/msg/Centroid.idl
[0.443s] -- Up-to-date symlink: /home/bctat/turtlebot3ros/turtlebot3_ws/install/image_interfaces/share/image_interfaces/srv/FindCentroid.idl
[0.443s] -- Up-to-date symlink: /home/bctat/turtlebot3ros/turtlebot3_ws/install/image_interfaces/share/image_interfaces/msg/Centroid.msg
[0.443s] -- Up-to-date symlink: /home/bctat/turtlebot3ros/turtlebot3_ws/install/image_interfaces/share/image_interfaces/srv/FindCentroid.srv
[0.443s] -- Up-to-date symlink: /home/bctat/turtlebot3ros/turtlebot3_ws/install/image_interfaces/share/image_interfaces/srv/FindCentroid_Request.msg
[0.443s] -- Up-to-date symlink: /home/bctat/turtlebot3ros/turtlebot3_ws/install/image_interfaces/share/image_interfaces/srv/FindCentroid_Response.msg
[0.443s] -- Up-to-date symlink: /home/bctat/turtlebot3ros/turtlebot3_ws/install/image_interfaces/share/ament_index/resource_index/package_run_dependencies/image_interfaces
[0.443s] -- Up-to-date symlink: /home/bctat/turtlebot3ros/turtlebot3_ws/install/image_interfaces/share/ament_index/resource_index/parent_prefix_path/image_interfaces
[0.444s] -- Up-to-date symlink: /home/bctat/turtlebot3ros/turtlebot3_ws/install/image_interfaces/share/image_interfaces/environment/ament_prefix_path.sh
[0.444s] -- Up-to-date symlink: /home/bctat/turtlebot3ros/turtlebot3_ws/install/image_interfaces/share/image_interfaces/environment/ament_prefix_path.dsv
[0.444s] -- Up-to-date symlink: /home/bctat/turtlebot3ros/turtlebot3_ws/install/image_interfaces/share/image_interfaces/environment/path.sh
[0.444s] -- Up-to-date symlink: /home/bctat/turtlebot3ros/turtlebot3_ws/install/image_interfaces/share/image_interfaces/environment/path.dsv
[0.444s] -- Up-to-date symlink: /home/bctat/turtlebot3ros/turtlebot3_ws/install/image_interfaces/share/image_interfaces/local_setup.bash
[0.444s] -- Up-to-date symlink: /home/bctat/turtlebot3ros/turtlebot3_ws/install/image_interfaces/share/image_interfaces/local_setup.sh
[0.444s] -- Up-to-date symlink: /home/bctat/turtlebot3ros/turtlebot3_ws/install/image_interfaces/share/image_interfaces/local_setup.zsh
[0.444s] -- Up-to-date symlink: /home/bctat/turtlebot3ros/turtlebot3_ws/install/image_interfaces/share/image_interfaces/local_setup.dsv
[0.444s] -- Symlinking: /home/bctat/turtlebot3ros/turtlebot3_ws/install/image_interfaces/share/image_interfaces/package.dsv
[0.449s] -- Up-to-date symlink: /home/bctat/turtlebot3ros/turtlebot3_ws/install/image_interfaces/share/ament_index/resource_index/packages/image_interfaces
[0.449s] -- Up-to-date symlink: /home/bctat/turtlebot3ros/turtlebot3_ws/install/image_interfaces/share/image_interfaces/cmake/rosidl_cmake-extras.cmake
[0.449s] -- Up-to-date symlink: /home/bctat/turtlebot3ros/turtlebot3_ws/install/image_interfaces/share/image_interfaces/cmake/ament_cmake_export_include_directories-extras.cmake
[0.449s] -- Up-to-date symlink: /home/bctat/turtlebot3ros/turtlebot3_ws/install/image_interfaces/share/image_interfaces/cmake/ament_cmake_export_libraries-extras.cmake
[0.449s] -- Up-to-date symlink: /home/bctat/turtlebot3ros/turtlebot3_ws/install/image_interfaces/share/image_interfaces/cmake/ament_cmake_export_targets-extras.cmake
[0.449s] -- Up-to-date symlink: /home/bctat/turtlebot3ros/turtlebot3_ws/install/image_interfaces/share/image_interfaces/cmake/rosidl_cmake_export_typesupport_targets-extras.cmake
[0.449s] -- Up-to-date symlink: /home/bctat/turtlebot3ros/turtlebot3_ws/install/image_interfaces/share/image_interfaces/cmake/ament_cmake_export_dependencies-extras.cmake
[0.449s] -- Up-to-date symlink: /home/bctat/turtlebot3ros/turtlebot3_ws/install/image_interfaces/share/image_interfaces/cmake/rosidl_cmake_export_typesupport_libraries-extras.cmake
[0.449s] -- Up-to-date symlink: /home/bctat/turtlebot3ros/turtlebot3_ws/install/image_interfaces/share/image_interfaces/cmake/image_interfacesConfig.cmake
[0.449s] -- Up-to-date symlink: /home/bctat/turtlebot3ros/turtlebot3_ws/install/image_interfaces/share/image_interfaces/cmake/image_interfacesConfig-version.cmake
[0.449s] -- Up-to-date symlink: /home/bctat/turtlebot3ros/turtlebot3_ws/install/image_interfaces/share/image_interfaces/package.xml
[0.450s] -- Up-to-date: /home/bctat/turtlebot3ros/turtlebot3_ws/install/image_interfaces/lib/libimage_interfaces__rosidl_generator_c.so
[0.450s] -- Up-to-date: /home/bctat/turtlebot3ros/turtlebot3_ws/install/image_interfaces/lib/libimage_interfaces__rosidl_typesupport_fastrtps_c.so
[0.450s] -- Up-to-date: /home/bctat/turtlebot3ros/turtlebot3_ws/install/image_interfaces/lib/libimage_interfaces__rosidl_typesupport_introspection_c.so
[0.450s] -- Up-to-date: /home/bctat/turtlebot3ros/turtlebot3_ws/install/image_interfaces/lib/libimage_interfaces__rosidl_typesupport_c.so
[0.450s] -- Up-to-date: /home/bctat/turtlebot3ros/turtlebot3_ws/install/image_interfaces/lib/libimage_interfaces__rosidl_typesupport_fastrtps_cpp.so
[0.450s] -- Up-to-date: /home/bctat/turtlebot3ros/turtlebot3_ws/install/image_interfaces/lib/libimage_interfaces__rosidl_typesupport_introspection_cpp.so
[0.450s] -- Up-to-date: /home/bctat/turtlebot3ros/turtlebot3_ws/install/image_interfaces/lib/libimage_interfaces__rosidl_typesupport_cpp.so
[0.470s] Listing '/home/bctat/turtlebot3ros/turtlebot3_ws/install/image_interfaces/local/lib/python3.10/dist-packages/image_interfaces'...
[0.470s] Listing '/home/bctat/turtlebot3ros/turtlebot3_ws/install/image_interfaces/local/lib/python3.10/dist-packages/image_interfaces/msg'...
[0.470s] Listing '/home/bctat/turtlebot3ros/turtlebot3_ws/install/image_interfaces/local/lib/python3.10/dist-packages/image_interfaces/srv'...
[0.473s] -- Up-to-date: /home/bctat/turtlebot3ros/turtlebot3_ws/install/image_interfaces/lib/libimage_interfaces__rosidl_generator_py.so
[0.473s] -- Up-to-date: /home/bctat/turtlebot3ros/turtlebot3_ws/install/image_interfaces/share/image_interfaces/cmake/export_image_interfaces__rosidl_generator_cExport.cmake
[0.473s] -- Up-to-date: /home/bctat/turtlebot3ros/turtlebot3_ws/install/image_interfaces/share/image_interfaces/cmake/export_image_interfaces__rosidl_generator_cExport-noconfig.cmake
[0.473s] -- Up-to-date: /home/bctat/turtlebot3ros/turtlebot3_ws/install/image_interfaces/share/image_interfaces/cmake/export_image_interfaces__rosidl_typesupport_fastrtps_cExport.cmake
[0.473s] -- Up-to-date: /home/bctat/turtlebot3ros/turtlebot3_ws/install/image_interfaces/share/image_interfaces/cmake/export_image_interfaces__rosidl_typesupport_fastrtps_cExport-noconfig.cmake
[0.473s] -- Up-to-date: /home/bctat/turtlebot3ros/turtlebot3_ws/install/image_interfaces/share/image_interfaces/cmake/image_interfaces__rosidl_typesupport_introspection_cExport.cmake
[0.473s] -- Up-to-date: /home/bctat/turtlebot3ros/turtlebot3_ws/install/image_interfaces/share/image_interfaces/cmake/image_interfaces__rosidl_typesupport_introspection_cExport-noconfig.cmake
[0.473s] -- Up-to-date: /home/bctat/turtlebot3ros/turtlebot3_ws/install/image_interfaces/share/image_interfaces/cmake/image_interfaces__rosidl_typesupport_cExport.cmake
[0.473s] -- Up-to-date: /home/bctat/turtlebot3ros/turtlebot3_ws/install/image_interfaces/share/image_interfaces/cmake/image_interfaces__rosidl_typesupport_cExport-noconfig.cmake
[0.473s] -- Up-to-date: /home/bctat/turtlebot3ros/turtlebot3_ws/install/image_interfaces/share/image_interfaces/cmake/export_image_interfaces__rosidl_generator_cppExport.cmake
[0.473s] -- Up-to-date: /home/bctat/turtlebot3ros/turtlebot3_ws/install/image_interfaces/share/image_interfaces/cmake/export_image_interfaces__rosidl_typesupport_fastrtps_cppExport.cmake
[0.473s] -- Up-to-date: /home/bctat/turtlebot3ros/turtlebot3_ws/install/image_interfaces/share/image_interfaces/cmake/export_image_interfaces__rosidl_typesupport_fastrtps_cppExport-noconfig.cmake
[0.473s] -- Up-to-date: /home/bctat/turtlebot3ros/turtlebot3_ws/install/image_interfaces/share/image_interfaces/cmake/image_interfaces__rosidl_typesupport_introspection_cppExport.cmake
[0.473s] -- Up-to-date: /home/bctat/turtlebot3ros/turtlebot3_ws/install/image_interfaces/share/image_interfaces/cmake/image_interfaces__rosidl_typesupport_introspection_cppExport-noconfig.cmake
[0.474s] -- Up-to-date: /home/bctat/turtlebot3ros/turtlebot3_ws/install/image_interfaces/share/image_interfaces/cmake/image_interfaces__rosidl_typesupport_cppExport.cmake
[0.474s] -- Up-to-date: /home/bctat/turtlebot3ros/turtlebot3_ws/install/image_interfaces/share/image_interfaces/cmake/image_interfaces__rosidl_typesupport_cppExport-noconfig.cmake
[0.474s] -- Up-to-date: /home/bctat/turtlebot3ros/turtlebot3_ws/install/image_interfaces/share/image_interfaces/cmake/export_image_interfaces__rosidl_generator_pyExport.cmake
[0.474s] -- Up-to-date: /home/bctat/turtlebot3ros/turtlebot3_ws/install/image_interfaces/share/image_interfaces/cmake/export_image_interfaces__rosidl_generator_pyExport-noconfig.cmake
[0.475s] Invoked command in '/home/bctat/turtlebot3ros/turtlebot3_ws/build/image_interfaces' returned '0': CMAKE_PREFIX_PATH=${CMAKE_PREFIX_PATH}:/home/bctat/turtlebot3ros/turtlebot3_ws/install/turtlebot3_controller:/opt/ros/humble /usr/bin/cmake --install /home/bctat/turtlebot3ros/turtlebot3_ws/build/image_interfaces
