[0.835s] Invoking command in '/home/bctat/turtlebot3ros/turtlebot3_ws/src/build/turtlebot3_controller': PYTHONPATH=/home/bctat/turtlebot3ros/turtlebot3_ws/src/build/turtlebot3_controller/prefix_override:/home/bctat/turtlebot3ros/turtlebot3_ws/src/install/turtlebot3_controller/lib/python3.10/site-packages:${PYTHONPATH} /usr/bin/python3 setup.py develop --editable --build-directory /home/bctat/turtlebot3ros/turtlebot3_ws/src/build/turtlebot3_controller/build --no-deps install_data
[1.108s] running develop
[1.252s] running egg_info
[1.252s] creating turtlebot3_controller.egg-info
[1.252s] writing turtlebot3_controller.egg-info/PKG-INFO
[1.252s] writing dependency_links to turtlebot3_controller.egg-info/dependency_links.txt
[1.254s] writing entry points to turtlebot3_controller.egg-info/entry_points.txt
[1.254s] writing requirements to turtlebot3_controller.egg-info/requires.txt
[1.254s] writing top-level names to turtlebot3_controller.egg-info/top_level.txt
[1.254s] writing manifest file 'turtlebot3_controller.egg-info/SOURCES.txt'
[1.255s] reading manifest file 'turtlebot3_controller.egg-info/SOURCES.txt'
[1.256s] writing manifest file 'turtlebot3_controller.egg-info/SOURCES.txt'
[1.258s] running build_ext
[1.258s] Creating /home/bctat/turtlebot3ros/turtlebot3_ws/src/install/turtlebot3_controller/lib/python3.10/site-packages/turtlebot3-controller.egg-link (link to .)
[1.259s] 
[1.259s] Installed /home/bctat/turtlebot3ros/turtlebot3_ws/src/build/turtlebot3_controller
[1.259s] running install_data
[1.259s] creating /home/bctat/turtlebot3ros/turtlebot3_ws/src/install/turtlebot3_controller/share/ament_index
[1.259s] creating /home/bctat/turtlebot3ros/turtlebot3_ws/src/install/turtlebot3_controller/share/ament_index/resource_index
[1.259s] creating /home/bctat/turtlebot3ros/turtlebot3_ws/src/install/turtlebot3_controller/share/ament_index/resource_index/packages
[1.259s] copying resource/turtlebot3_controller -> /home/bctat/turtlebot3ros/turtlebot3_ws/src/install/turtlebot3_controller/share/ament_index/resource_index/packages
[1.259s] copying package.xml -> /home/bctat/turtlebot3ros/turtlebot3_ws/src/install/turtlebot3_controller/share/turtlebot3_controller
[1.304s] Invoked command in '/home/bctat/turtlebot3ros/turtlebot3_ws/src/build/turtlebot3_controller' returned '0': PYTHONPATH=/home/bctat/turtlebot3ros/turtlebot3_ws/src/build/turtlebot3_controller/prefix_override:/home/bctat/turtlebot3ros/turtlebot3_ws/src/install/turtlebot3_controller/lib/python3.10/site-packages:${PYTHONPATH} /usr/bin/python3 setup.py develop --editable --build-directory /home/bctat/turtlebot3ros/turtlebot3_ws/src/build/turtlebot3_controller/build --no-deps install_data
