[0.086s] Invoking command in '/home/bctat/turtlebot3ros/turtlebot3_ws/build/image_interfaces': CMAKE_PREFIX_PATH=${CMAKE_PREFIX_PATH}:/home/bctat/turtlebot3ros/turtlebot3_ws/install/turtlebot3_controller:/opt/ros/humble /usr/bin/cmake --build /home/bctat/turtlebot3ros/turtlebot3_ws/build/image_interfaces -- -j12 -l12
[0.114s] [  2%] Built target image_interfaces__cpp
[0.116s] [ 12%] Built target image_interfaces__rosidl_generator_c
[0.121s] [ 12%] Built target ament_cmake_python_symlink_image_interfaces
[0.131s] [ 33%] Built target image_interfaces__rosidl_typesupport_cpp
[0.132s] [ 33%] Built target image_interfaces__rosidl_typesupport_introspection_cpp
[0.133s] [ 43%] Built target image_interfaces__rosidl_typesupport_c
[0.134s] [ 58%] Built target image_interfaces__rosidl_typesupport_fastrtps_c
[0.134s] [ 64%] Built target image_interfaces__rosidl_typesupport_introspection_c
[0.136s] [ 74%] Built target image_interfaces__rosidl_typesupport_fastrtps_cpp
[0.147s] [ 74%] Built target image_interfaces
[0.158s] [ 76%] Built target image_interfaces__py
[0.172s] [ 84%] Built target image_interfaces__rosidl_generator_py
[0.188s] [ 94%] Built target image_interfaces__rosidl_typesupport_fastrtps_c__pyext
[0.189s] [ 94%] Built target image_interfaces__rosidl_typesupport_c__pyext
[0.189s] [100%] Built target image_interfaces__rosidl_typesupport_introspection_c__pyext
[0.290s] running egg_info
[0.290s] writing image_interfaces.egg-info/PKG-INFO
[0.291s] writing dependency_links to image_interfaces.egg-info/dependency_links.txt
[0.291s] writing top-level names to image_interfaces.egg-info/top_level.txt
[0.292s] reading manifest file 'image_interfaces.egg-info/SOURCES.txt'
[0.293s] writing manifest file 'image_interfaces.egg-info/SOURCES.txt'
[0.309s] [100%] Built target ament_cmake_python_build_image_interfaces_egg
[0.317s] Invoked command in '/home/bctat/turtlebot3ros/turtlebot3_ws/build/image_interfaces' returned '0': CMAKE_PREFIX_PATH=${CMAKE_PREFIX_PATH}:/home/bctat/turtlebot3ros/turtlebot3_ws/install/turtlebot3_controller:/opt/ros/humble /usr/bin/cmake --build /home/bctat/turtlebot3ros/turtlebot3_ws/build/image_interfaces -- -j12 -l12
[0.353s] Invoking command in '/home/bctat/turtlebot3ros/turtlebot3_ws/build/image_interfaces': CMAKE_PREFIX_PATH=${CMAKE_PREFIX_PATH}:/home/bctat/turtlebot3ros/turtlebot3_ws/install/turtlebot3_controller:/opt/ros/humble /usr/bin/cmake --install /home/bctat/turtlebot3ros/turtlebot3_ws/build/image_interfaces
[0.357s] -- Install configuration: ""
[0.357s] -- Execute custom install script
[0.358s] -- Up-to-date symlink: /home/bctat/turtlebot3ros/turtlebot3_ws/install/image_interfaces/share/ament_index/resource_index/rosidl_interfaces/image_interfaces
[0.358s] -- Up-to-date symlink: /home/bctat/turtlebot3ros/turtlebot3_ws/install/image_interfaces/include/image_interfaces/image_interfaces/msg/centroid.h
[0.358s] -- Up-to-date symlink: /home/bctat/turtlebot3ros/turtlebot3_ws/install/image_interfaces/include/image_interfaces/image_interfaces/msg/detail/centroid__functions.h
[0.358s] -- Up-to-date symlink: /home/bctat/turtlebot3ros/turtlebot3_ws/install/image_interfaces/include/image_interfaces/image_interfaces/msg/detail/centroid__struct.h
[0.358s] -- Up-to-date symlink: /home/bctat/turtlebot3ros/turtlebot3_ws/install/image_interfaces/include/image_interfaces/image_interfaces/msg/detail/centroid__type_support.h
[0.358s] -- Up-to-date symlink: /home/bctat/turtlebot3ros/turtlebot3_ws/install/image_interfaces/include/image_interfaces/image_interfaces/msg/rosidl_generator_c__visibility_control.h
[0.358s] -- Up-to-date symlink: /home/bctat/turtlebot3ros/turtlebot3_ws/install/image_interfaces/include/image_interfaces/image_interfaces/srv/detail/movement__functions.h
[0.358s] -- Up-to-date symlink: /home/bctat/turtlebot3ros/turtlebot3_ws/install/image_interfaces/include/image_interfaces/image_interfaces/srv/detail/movement__struct.h
[0.358s] -- Up-to-date symlink: /home/bctat/turtlebot3ros/turtlebot3_ws/install/image_interfaces/include/image_interfaces/image_interfaces/srv/detail/movement__type_support.h
[0.358s] -- Up-to-date symlink: /home/bctat/turtlebot3ros/turtlebot3_ws/install/image_interfaces/include/image_interfaces/image_interfaces/srv/movement.h
[0.358s] -- Up-to-date symlink: /home/bctat/turtlebot3ros/turtlebot3_ws/install/image_interfaces/share/image_interfaces/environment/library_path.sh
[0.358s] -- Up-to-date symlink: /home/bctat/turtlebot3ros/turtlebot3_ws/install/image_interfaces/share/image_interfaces/environment/library_path.dsv
[0.358s] -- Up-to-date symlink: /home/bctat/turtlebot3ros/turtlebot3_ws/install/image_interfaces/include/image_interfaces/image_interfaces/msg/detail/centroid__rosidl_typesupport_fastrtps_c.h
[0.359s] -- Up-to-date symlink: /home/bctat/turtlebot3ros/turtlebot3_ws/install/image_interfaces/include/image_interfaces/image_interfaces/msg/rosidl_typesupport_fastrtps_c__visibility_control.h
[0.359s] -- Up-to-date symlink: /home/bctat/turtlebot3ros/turtlebot3_ws/install/image_interfaces/include/image_interfaces/image_interfaces/srv/detail/movement__rosidl_typesupport_fastrtps_c.h
[0.359s] -- Up-to-date symlink: /home/bctat/turtlebot3ros/turtlebot3_ws/install/image_interfaces/include/image_interfaces/image_interfaces/msg/detail/centroid__rosidl_typesupport_introspection_c.h
[0.359s] -- Up-to-date symlink: /home/bctat/turtlebot3ros/turtlebot3_ws/install/image_interfaces/include/image_interfaces/image_interfaces/msg/rosidl_typesupport_introspection_c__visibility_control.h
[0.359s] -- Up-to-date symlink: /home/bctat/turtlebot3ros/turtlebot3_ws/install/image_interfaces/include/image_interfaces/image_interfaces/srv/detail/movement__rosidl_typesupport_introspection_c.h
[0.359s] -- Up-to-date symlink: /home/bctat/turtlebot3ros/turtlebot3_ws/install/image_interfaces/include/image_interfaces/image_interfaces/msg/centroid.hpp
[0.359s] -- Up-to-date symlink: /home/bctat/turtlebot3ros/turtlebot3_ws/install/image_interfaces/include/image_interfaces/image_interfaces/msg/detail/centroid__builder.hpp
[0.359s] -- Up-to-date symlink: /home/bctat/turtlebot3ros/turtlebot3_ws/install/image_interfaces/include/image_interfaces/image_interfaces/msg/detail/centroid__struct.hpp
[0.359s] -- Up-to-date symlink: /home/bctat/turtlebot3ros/turtlebot3_ws/install/image_interfaces/include/image_interfaces/image_interfaces/msg/detail/centroid__traits.hpp
[0.359s] -- Up-to-date symlink: /home/bctat/turtlebot3ros/turtlebot3_ws/install/image_interfaces/include/image_interfaces/image_interfaces/srv/detail/movement__builder.hpp
[0.359s] -- Up-to-date symlink: /home/bctat/turtlebot3ros/turtlebot3_ws/install/image_interfaces/include/image_interfaces/image_interfaces/srv/detail/movement__struct.hpp
[0.359s] -- Up-to-date symlink: /home/bctat/turtlebot3ros/turtlebot3_ws/install/image_interfaces/include/image_interfaces/image_interfaces/srv/detail/movement__traits.hpp
[0.359s] -- Up-to-date symlink: /home/bctat/turtlebot3ros/turtlebot3_ws/install/image_interfaces/include/image_interfaces/image_interfaces/srv/movement.hpp
[0.360s] -- Up-to-date symlink: /home/bctat/turtlebot3ros/turtlebot3_ws/install/image_interfaces/include/image_interfaces/image_interfaces/msg/detail/centroid__rosidl_typesupport_fastrtps_cpp.hpp
[0.360s] -- Up-to-date symlink: /home/bctat/turtlebot3ros/turtlebot3_ws/install/image_interfaces/include/image_interfaces/image_interfaces/msg/rosidl_typesupport_fastrtps_cpp__visibility_control.h
[0.360s] -- Up-to-date symlink: /home/bctat/turtlebot3ros/turtlebot3_ws/install/image_interfaces/include/image_interfaces/image_interfaces/srv/detail/movement__rosidl_typesupport_fastrtps_cpp.hpp
[0.360s] -- Up-to-date symlink: /home/bctat/turtlebot3ros/turtlebot3_ws/install/image_interfaces/include/image_interfaces/image_interfaces/msg/detail/centroid__rosidl_typesupport_introspection_cpp.hpp
[0.360s] -- Up-to-date symlink: /home/bctat/turtlebot3ros/turtlebot3_ws/install/image_interfaces/include/image_interfaces/image_interfaces/srv/detail/movement__rosidl_typesupport_introspection_cpp.hpp
[0.360s] -- Up-to-date symlink: /home/bctat/turtlebot3ros/turtlebot3_ws/install/image_interfaces/share/image_interfaces/environment/pythonpath.sh
[0.360s] -- Up-to-date symlink: /home/bctat/turtlebot3ros/turtlebot3_ws/install/image_interfaces/share/image_interfaces/environment/pythonpath.dsv
[0.360s] -- Up-to-date symlink: /home/bctat/turtlebot3ros/turtlebot3_ws/install/image_interfaces/local/lib/python3.10/dist-packages/image_interfaces-0.0.0-py3.10.egg-info/PKG-INFO
[0.360s] -- Up-to-date symlink: /home/bctat/turtlebot3ros/turtlebot3_ws/install/image_interfaces/local/lib/python3.10/dist-packages/image_interfaces-0.0.0-py3.10.egg-info/SOURCES.txt
[0.360s] -- Up-to-date symlink: /home/bctat/turtlebot3ros/turtlebot3_ws/install/image_interfaces/local/lib/python3.10/dist-packages/image_interfaces-0.0.0-py3.10.egg-info/dependency_links.txt
[0.360s] -- Up-to-date symlink: /home/bctat/turtlebot3ros/turtlebot3_ws/install/image_interfaces/local/lib/python3.10/dist-packages/image_interfaces-0.0.0-py3.10.egg-info/top_level.txt
[0.361s] -- Up-to-date symlink: /home/bctat/turtlebot3ros/turtlebot3_ws/install/image_interfaces/local/lib/python3.10/dist-packages/image_interfaces/__init__.py
[0.361s] -- Up-to-date symlink: /home/bctat/turtlebot3ros/turtlebot3_ws/install/image_interfaces/local/lib/python3.10/dist-packages/image_interfaces/_image_interfaces_s.ep.rosidl_typesupport_c.c
[0.361s] -- Up-to-date symlink: /home/bctat/turtlebot3ros/turtlebot3_ws/install/image_interfaces/local/lib/python3.10/dist-packages/image_interfaces/_image_interfaces_s.ep.rosidl_typesupport_fastrtps_c.c
[0.361s] -- Up-to-date symlink: /home/bctat/turtlebot3ros/turtlebot3_ws/install/image_interfaces/local/lib/python3.10/dist-packages/image_interfaces/_image_interfaces_s.ep.rosidl_typesupport_introspection_c.c
[0.361s] -- Up-to-date symlink: /home/bctat/turtlebot3ros/turtlebot3_ws/install/image_interfaces/local/lib/python3.10/dist-packages/image_interfaces/image_interfaces_s__rosidl_typesupport_c.cpython-310-x86_64-linux-gnu.so
[0.361s] -- Up-to-date symlink: /home/bctat/turtlebot3ros/turtlebot3_ws/install/image_interfaces/local/lib/python3.10/dist-packages/image_interfaces/image_interfaces_s__rosidl_typesupport_fastrtps_c.cpython-310-x86_64-linux-gnu.so
[0.361s] -- Up-to-date symlink: /home/bctat/turtlebot3ros/turtlebot3_ws/install/image_interfaces/local/lib/python3.10/dist-packages/image_interfaces/image_interfaces_s__rosidl_typesupport_introspection_c.cpython-310-x86_64-linux-gnu.so
[0.361s] -- Up-to-date symlink: /home/bctat/turtlebot3ros/turtlebot3_ws/install/image_interfaces/local/lib/python3.10/dist-packages/image_interfaces/libimage_interfaces__rosidl_generator_py.so
[0.361s] -- Up-to-date symlink: /home/bctat/turtlebot3ros/turtlebot3_ws/install/image_interfaces/local/lib/python3.10/dist-packages/image_interfaces/msg/__init__.py
[0.361s] -- Up-to-date symlink: /home/bctat/turtlebot3ros/turtlebot3_ws/install/image_interfaces/local/lib/python3.10/dist-packages/image_interfaces/msg/_centroid.py
[0.361s] -- Up-to-date symlink: /home/bctat/turtlebot3ros/turtlebot3_ws/install/image_interfaces/local/lib/python3.10/dist-packages/image_interfaces/msg/_centroid_s.c
[0.361s] -- Up-to-date symlink: /home/bctat/turtlebot3ros/turtlebot3_ws/install/image_interfaces/local/lib/python3.10/dist-packages/image_interfaces/srv/__init__.py
[0.361s] -- Up-to-date symlink: /home/bctat/turtlebot3ros/turtlebot3_ws/install/image_interfaces/local/lib/python3.10/dist-packages/image_interfaces/srv/_movement.py
[0.361s] -- Up-to-date symlink: /home/bctat/turtlebot3ros/turtlebot3_ws/install/image_interfaces/local/lib/python3.10/dist-packages/image_interfaces/srv/_movement_s.c
[0.361s] -- Up-to-date symlink: /home/bctat/turtlebot3ros/turtlebot3_ws/install/image_interfaces/local/lib/python3.10/dist-packages/image_interfaces/image_interfaces_s__rosidl_typesupport_fastrtps_c.cpython-310-x86_64-linux-gnu.so
[0.362s] -- Up-to-date symlink: /home/bctat/turtlebot3ros/turtlebot3_ws/install/image_interfaces/local/lib/python3.10/dist-packages/image_interfaces/image_interfaces_s__rosidl_typesupport_introspection_c.cpython-310-x86_64-linux-gnu.so
[0.362s] -- Up-to-date symlink: /home/bctat/turtlebot3ros/turtlebot3_ws/install/image_interfaces/local/lib/python3.10/dist-packages/image_interfaces/image_interfaces_s__rosidl_typesupport_c.cpython-310-x86_64-linux-gnu.so
[0.362s] -- Up-to-date symlink: /home/bctat/turtlebot3ros/turtlebot3_ws/install/image_interfaces/share/image_interfaces/msg/Centroid.idl
[0.362s] -- Up-to-date symlink: /home/bctat/turtlebot3ros/turtlebot3_ws/install/image_interfaces/share/image_interfaces/srv/Movement.idl
[0.362s] -- Up-to-date symlink: /home/bctat/turtlebot3ros/turtlebot3_ws/install/image_interfaces/share/image_interfaces/msg/Centroid.msg
[0.362s] -- Up-to-date symlink: /home/bctat/turtlebot3ros/turtlebot3_ws/install/image_interfaces/share/image_interfaces/srv/Movement.srv
[0.362s] -- Up-to-date symlink: /home/bctat/turtlebot3ros/turtlebot3_ws/install/image_interfaces/share/image_interfaces/srv/Movement_Request.msg
[0.362s] -- Up-to-date symlink: /home/bctat/turtlebot3ros/turtlebot3_ws/install/image_interfaces/share/image_interfaces/srv/Movement_Response.msg
[0.362s] -- Up-to-date symlink: /home/bctat/turtlebot3ros/turtlebot3_ws/install/image_interfaces/share/ament_index/resource_index/package_run_dependencies/image_interfaces
[0.362s] -- Up-to-date symlink: /home/bctat/turtlebot3ros/turtlebot3_ws/install/image_interfaces/share/ament_index/resource_index/parent_prefix_path/image_interfaces
[0.363s] -- Up-to-date symlink: /home/bctat/turtlebot3ros/turtlebot3_ws/install/image_interfaces/share/image_interfaces/environment/ament_prefix_path.sh
[0.363s] -- Up-to-date symlink: /home/bctat/turtlebot3ros/turtlebot3_ws/install/image_interfaces/share/image_interfaces/environment/ament_prefix_path.dsv
[0.363s] -- Up-to-date symlink: /home/bctat/turtlebot3ros/turtlebot3_ws/install/image_interfaces/share/image_interfaces/environment/path.sh
[0.363s] -- Up-to-date symlink: /home/bctat/turtlebot3ros/turtlebot3_ws/install/image_interfaces/share/image_interfaces/environment/path.dsv
[0.363s] -- Up-to-date symlink: /home/bctat/turtlebot3ros/turtlebot3_ws/install/image_interfaces/share/image_interfaces/local_setup.bash
[0.363s] -- Up-to-date symlink: /home/bctat/turtlebot3ros/turtlebot3_ws/install/image_interfaces/share/image_interfaces/local_setup.sh
[0.363s] -- Up-to-date symlink: /home/bctat/turtlebot3ros/turtlebot3_ws/install/image_interfaces/share/image_interfaces/local_setup.zsh
[0.363s] -- Up-to-date symlink: /home/bctat/turtlebot3ros/turtlebot3_ws/install/image_interfaces/share/image_interfaces/local_setup.dsv
[0.363s] -- Symlinking: /home/bctat/turtlebot3ros/turtlebot3_ws/install/image_interfaces/share/image_interfaces/package.dsv
[0.368s] -- Up-to-date symlink: /home/bctat/turtlebot3ros/turtlebot3_ws/install/image_interfaces/share/ament_index/resource_index/packages/image_interfaces
[0.368s] -- Up-to-date symlink: /home/bctat/turtlebot3ros/turtlebot3_ws/install/image_interfaces/share/image_interfaces/cmake/rosidl_cmake-extras.cmake
[0.369s] -- Up-to-date symlink: /home/bctat/turtlebot3ros/turtlebot3_ws/install/image_interfaces/share/image_interfaces/cmake/ament_cmake_export_include_directories-extras.cmake
[0.369s] -- Up-to-date symlink: /home/bctat/turtlebot3ros/turtlebot3_ws/install/image_interfaces/share/image_interfaces/cmake/ament_cmake_export_libraries-extras.cmake
[0.369s] -- Up-to-date symlink: /home/bctat/turtlebot3ros/turtlebot3_ws/install/image_interfaces/share/image_interfaces/cmake/ament_cmake_export_targets-extras.cmake
[0.369s] -- Up-to-date symlink: /home/bctat/turtlebot3ros/turtlebot3_ws/install/image_interfaces/share/image_interfaces/cmake/rosidl_cmake_export_typesupport_targets-extras.cmake
[0.369s] -- Up-to-date symlink: /home/bctat/turtlebot3ros/turtlebot3_ws/install/image_interfaces/share/image_interfaces/cmake/ament_cmake_export_dependencies-extras.cmake
[0.369s] -- Up-to-date symlink: /home/bctat/turtlebot3ros/turtlebot3_ws/install/image_interfaces/share/image_interfaces/cmake/rosidl_cmake_export_typesupport_libraries-extras.cmake
[0.369s] -- Up-to-date symlink: /home/bctat/turtlebot3ros/turtlebot3_ws/install/image_interfaces/share/image_interfaces/cmake/image_interfacesConfig.cmake
[0.369s] -- Up-to-date symlink: /home/bctat/turtlebot3ros/turtlebot3_ws/install/image_interfaces/share/image_interfaces/cmake/image_interfacesConfig-version.cmake
[0.369s] -- Up-to-date symlink: /home/bctat/turtlebot3ros/turtlebot3_ws/install/image_interfaces/share/image_interfaces/package.xml
[0.369s] -- Up-to-date: /home/bctat/turtlebot3ros/turtlebot3_ws/install/image_interfaces/lib/libimage_interfaces__rosidl_generator_c.so
[0.369s] -- Up-to-date: /home/bctat/turtlebot3ros/turtlebot3_ws/install/image_interfaces/lib/libimage_interfaces__rosidl_typesupport_fastrtps_c.so
[0.369s] -- Up-to-date: /home/bctat/turtlebot3ros/turtlebot3_ws/install/image_interfaces/lib/libimage_interfaces__rosidl_typesupport_introspection_c.so
[0.369s] -- Up-to-date: /home/bctat/turtlebot3ros/turtlebot3_ws/install/image_interfaces/lib/libimage_interfaces__rosidl_typesupport_c.so
[0.369s] -- Up-to-date: /home/bctat/turtlebot3ros/turtlebot3_ws/install/image_interfaces/lib/libimage_interfaces__rosidl_typesupport_fastrtps_cpp.so
[0.369s] -- Up-to-date: /home/bctat/turtlebot3ros/turtlebot3_ws/install/image_interfaces/lib/libimage_interfaces__rosidl_typesupport_introspection_cpp.so
[0.369s] -- Up-to-date: /home/bctat/turtlebot3ros/turtlebot3_ws/install/image_interfaces/lib/libimage_interfaces__rosidl_typesupport_cpp.so
[0.389s] Listing '/home/bctat/turtlebot3ros/turtlebot3_ws/install/image_interfaces/local/lib/python3.10/dist-packages/image_interfaces'...
[0.389s] Listing '/home/bctat/turtlebot3ros/turtlebot3_ws/install/image_interfaces/local/lib/python3.10/dist-packages/image_interfaces/msg'...
[0.389s] Listing '/home/bctat/turtlebot3ros/turtlebot3_ws/install/image_interfaces/local/lib/python3.10/dist-packages/image_interfaces/srv'...
[0.392s] -- Up-to-date: /home/bctat/turtlebot3ros/turtlebot3_ws/install/image_interfaces/lib/libimage_interfaces__rosidl_generator_py.so
[0.392s] -- Up-to-date: /home/bctat/turtlebot3ros/turtlebot3_ws/install/image_interfaces/share/image_interfaces/cmake/export_image_interfaces__rosidl_generator_cExport.cmake
[0.392s] -- Up-to-date: /home/bctat/turtlebot3ros/turtlebot3_ws/install/image_interfaces/share/image_interfaces/cmake/export_image_interfaces__rosidl_generator_cExport-noconfig.cmake
[0.392s] -- Up-to-date: /home/bctat/turtlebot3ros/turtlebot3_ws/install/image_interfaces/share/image_interfaces/cmake/export_image_interfaces__rosidl_typesupport_fastrtps_cExport.cmake
[0.392s] -- Up-to-date: /home/bctat/turtlebot3ros/turtlebot3_ws/install/image_interfaces/share/image_interfaces/cmake/export_image_interfaces__rosidl_typesupport_fastrtps_cExport-noconfig.cmake
[0.392s] -- Up-to-date: /home/bctat/turtlebot3ros/turtlebot3_ws/install/image_interfaces/share/image_interfaces/cmake/image_interfaces__rosidl_typesupport_introspection_cExport.cmake
[0.392s] -- Up-to-date: /home/bctat/turtlebot3ros/turtlebot3_ws/install/image_interfaces/share/image_interfaces/cmake/image_interfaces__rosidl_typesupport_introspection_cExport-noconfig.cmake
[0.392s] -- Up-to-date: /home/bctat/turtlebot3ros/turtlebot3_ws/install/image_interfaces/share/image_interfaces/cmake/image_interfaces__rosidl_typesupport_cExport.cmake
[0.392s] -- Up-to-date: /home/bctat/turtlebot3ros/turtlebot3_ws/install/image_interfaces/share/image_interfaces/cmake/image_interfaces__rosidl_typesupport_cExport-noconfig.cmake
[0.392s] -- Up-to-date: /home/bctat/turtlebot3ros/turtlebot3_ws/install/image_interfaces/share/image_interfaces/cmake/export_image_interfaces__rosidl_generator_cppExport.cmake
[0.392s] -- Up-to-date: /home/bctat/turtlebot3ros/turtlebot3_ws/install/image_interfaces/share/image_interfaces/cmake/export_image_interfaces__rosidl_typesupport_fastrtps_cppExport.cmake
[0.392s] -- Up-to-date: /home/bctat/turtlebot3ros/turtlebot3_ws/install/image_interfaces/share/image_interfaces/cmake/export_image_interfaces__rosidl_typesupport_fastrtps_cppExport-noconfig.cmake
[0.392s] -- Up-to-date: /home/bctat/turtlebot3ros/turtlebot3_ws/install/image_interfaces/share/image_interfaces/cmake/image_interfaces__rosidl_typesupport_introspection_cppExport.cmake
[0.392s] -- Up-to-date: /home/bctat/turtlebot3ros/turtlebot3_ws/install/image_interfaces/share/image_interfaces/cmake/image_interfaces__rosidl_typesupport_introspection_cppExport-noconfig.cmake
[0.392s] -- Up-to-date: /home/bctat/turtlebot3ros/turtlebot3_ws/install/image_interfaces/share/image_interfaces/cmake/image_interfaces__rosidl_typesupport_cppExport.cmake
[0.392s] -- Up-to-date: /home/bctat/turtlebot3ros/turtlebot3_ws/install/image_interfaces/share/image_interfaces/cmake/image_interfaces__rosidl_typesupport_cppExport-noconfig.cmake
[0.392s] -- Up-to-date: /home/bctat/turtlebot3ros/turtlebot3_ws/install/image_interfaces/share/image_interfaces/cmake/export_image_interfaces__rosidl_generator_pyExport.cmake
[0.392s] -- Up-to-date: /home/bctat/turtlebot3ros/turtlebot3_ws/install/image_interfaces/share/image_interfaces/cmake/export_image_interfaces__rosidl_generator_pyExport-noconfig.cmake
[0.393s] Invoked command in '/home/bctat/turtlebot3ros/turtlebot3_ws/build/image_interfaces' returned '0': CMAKE_PREFIX_PATH=${CMAKE_PREFIX_PATH}:/home/bctat/turtlebot3ros/turtlebot3_ws/install/turtlebot3_controller:/opt/ros/humble /usr/bin/cmake --install /home/bctat/turtlebot3ros/turtlebot3_ws/build/image_interfaces
