[0.603s] Invoking command in '/home/bctat/turtlebot3ros/turtlebot3_ws/build/turtlebot3_controller': CMAKE_PREFIX_PATH=/home/bctat/turtlebot3ros/turtlebot3_ws/install/image_interfaces:/home/bctat/turtlebot3ros/turtlebot3_ws/install/turtlebot3_simulations:/home/bctat/turtlebot3ros/turtlebot3_ws/install/turtlebot3_gazebo:/home/bctat/turtlebot3ros/turtlebot3_ws/install/turtlebot3_fake_node PYTHONPATH=/home/bctat/turtlebot3ros/turtlebot3_ws/build/turtlebot3_controller/prefix_override:/home/bctat/turtlebot3ros/turtlebot3_ws/install/turtlebot3_controller/lib/python3.10/site-packages:${PYTHONPATH} /usr/bin/python3 setup.py develop --editable --build-directory /home/bctat/turtlebot3ros/turtlebot3_ws/build/turtlebot3_controller/build --no-deps install_data
[0.768s] running develop
[0.864s] running egg_info
[0.864s] creating turtlebot3_controller.egg-info
[0.864s] writing turtlebot3_controller.egg-info/PKG-INFO
[0.864s] writing dependency_links to turtlebot3_controller.egg-info/dependency_links.txt
[0.864s] writing entry points to turtlebot3_controller.egg-info/entry_points.txt
[0.864s] writing requirements to turtlebot3_controller.egg-info/requires.txt
[0.864s] writing top-level names to turtlebot3_controller.egg-info/top_level.txt
[0.864s] writing manifest file 'turtlebot3_controller.egg-info/SOURCES.txt'
[0.865s] reading manifest file 'turtlebot3_controller.egg-info/SOURCES.txt'
[0.865s] writing manifest file 'turtlebot3_controller.egg-info/SOURCES.txt'
[0.866s] running build_ext
[0.866s] Creating /home/bctat/turtlebot3ros/turtlebot3_ws/install/turtlebot3_controller/lib/python3.10/site-packages/turtlebot3-controller.egg-link (link to .)
[0.867s] Installing image_node script to /home/bctat/turtlebot3ros/turtlebot3_ws/install/turtlebot3_controller/lib/turtlebot3_controller
[0.867s] Installing main_node script to /home/bctat/turtlebot3ros/turtlebot3_ws/install/turtlebot3_controller/lib/turtlebot3_controller
[0.867s] 
[0.867s] Installed /home/bctat/turtlebot3ros/turtlebot3_ws/build/turtlebot3_controller
[0.867s] running install_data
[0.867s] creating /home/bctat/turtlebot3ros/turtlebot3_ws/install/turtlebot3_controller/share/ament_index
[0.867s] creating /home/bctat/turtlebot3ros/turtlebot3_ws/install/turtlebot3_controller/share/ament_index/resource_index
[0.867s] creating /home/bctat/turtlebot3ros/turtlebot3_ws/install/turtlebot3_controller/share/ament_index/resource_index/packages
[0.867s] copying resource/turtlebot3_controller -> /home/bctat/turtlebot3ros/turtlebot3_ws/install/turtlebot3_controller/share/ament_index/resource_index/packages
[0.867s] copying package.xml -> /home/bctat/turtlebot3ros/turtlebot3_ws/install/turtlebot3_controller/share/turtlebot3_controller
[0.894s] Invoked command in '/home/bctat/turtlebot3ros/turtlebot3_ws/build/turtlebot3_controller' returned '0': CMAKE_PREFIX_PATH=/home/bctat/turtlebot3ros/turtlebot3_ws/install/image_interfaces:/home/bctat/turtlebot3ros/turtlebot3_ws/install/turtlebot3_simulations:/home/bctat/turtlebot3ros/turtlebot3_ws/install/turtlebot3_gazebo:/home/bctat/turtlebot3ros/turtlebot3_ws/install/turtlebot3_fake_node PYTHONPATH=/home/bctat/turtlebot3ros/turtlebot3_ws/build/turtlebot3_controller/prefix_override:/home/bctat/turtlebot3ros/turtlebot3_ws/install/turtlebot3_controller/lib/python3.10/site-packages:${PYTHONPATH} /usr/bin/python3 setup.py develop --editable --build-directory /home/bctat/turtlebot3ros/turtlebot3_ws/build/turtlebot3_controller/build --no-deps install_data
