[0.047s] Invoking command in '/home/bctat/turtlebot3ros/turtlebot3_ws/build/turtlebot3_simulations': CMAKE_PREFIX_PATH=/home/bctat/turtlebot3ros/turtlebot3_ws/install/turtlebot3_gazebo:/home/bctat/turtlebot3ros/turtlebot3_ws/install/turtlebot3_fake_node:/home/bctat/turtlebot3ros/turtlebot3_ws/install/turtlebot3_simulations:/home/bctat/turtlebot3ros/turtlebot3_ws/install/turtlebot3_controller:/opt/ros/humble /usr/bin/cmake --build /home/bctat/turtlebot3ros/turtlebot3_ws/build/turtlebot3_simulations -- -j12 -l12
[0.069s] Invoked command in '/home/bctat/turtlebot3ros/turtlebot3_ws/build/turtlebot3_simulations' returned '0': CMAKE_PREFIX_PATH=/home/bctat/turtlebot3ros/turtlebot3_ws/install/turtlebot3_gazebo:/home/bctat/turtlebot3ros/turtlebot3_ws/install/turtlebot3_fake_node:/home/bctat/turtlebot3ros/turtlebot3_ws/install/turtlebot3_simulations:/home/bctat/turtlebot3ros/turtlebot3_ws/install/turtlebot3_controller:/opt/ros/humble /usr/bin/cmake --build /home/bctat/turtlebot3ros/turtlebot3_ws/build/turtlebot3_simulations -- -j12 -l12
[0.082s] Invoking command in '/home/bctat/turtlebot3ros/turtlebot3_ws/build/turtlebot3_simulations': CMAKE_PREFIX_PATH=/home/bctat/turtlebot3ros/turtlebot3_ws/install/turtlebot3_gazebo:/home/bctat/turtlebot3ros/turtlebot3_ws/install/turtlebot3_fake_node:/home/bctat/turtlebot3ros/turtlebot3_ws/install/turtlebot3_simulations:/home/bctat/turtlebot3ros/turtlebot3_ws/install/turtlebot3_controller:/opt/ros/humble /usr/bin/cmake --install /home/bctat/turtlebot3ros/turtlebot3_ws/build/turtlebot3_simulations
[0.086s] -- Install configuration: ""
[0.086s] -- Execute custom install script
[0.087s] -- Up-to-date symlink: /home/bctat/turtlebot3ros/turtlebot3_ws/install/turtlebot3_simulations/share/ament_index/resource_index/package_run_dependencies/turtlebot3_simulations
[0.087s] -- Up-to-date symlink: /home/bctat/turtlebot3ros/turtlebot3_ws/install/turtlebot3_simulations/share/ament_index/resource_index/parent_prefix_path/turtlebot3_simulations
[0.087s] -- Up-to-date symlink: /home/bctat/turtlebot3ros/turtlebot3_ws/install/turtlebot3_simulations/share/turtlebot3_simulations/environment/ament_prefix_path.sh
[0.087s] -- Up-to-date symlink: /home/bctat/turtlebot3ros/turtlebot3_ws/install/turtlebot3_simulations/share/turtlebot3_simulations/environment/ament_prefix_path.dsv
[0.087s] -- Up-to-date symlink: /home/bctat/turtlebot3ros/turtlebot3_ws/install/turtlebot3_simulations/share/turtlebot3_simulations/environment/path.sh
[0.087s] -- Up-to-date symlink: /home/bctat/turtlebot3ros/turtlebot3_ws/install/turtlebot3_simulations/share/turtlebot3_simulations/environment/path.dsv
[0.087s] -- Up-to-date symlink: /home/bctat/turtlebot3ros/turtlebot3_ws/install/turtlebot3_simulations/share/turtlebot3_simulations/local_setup.bash
[0.087s] -- Up-to-date symlink: /home/bctat/turtlebot3ros/turtlebot3_ws/install/turtlebot3_simulations/share/turtlebot3_simulations/local_setup.sh
[0.087s] -- Up-to-date symlink: /home/bctat/turtlebot3ros/turtlebot3_ws/install/turtlebot3_simulations/share/turtlebot3_simulations/local_setup.zsh
[0.087s] -- Up-to-date symlink: /home/bctat/turtlebot3ros/turtlebot3_ws/install/turtlebot3_simulations/share/turtlebot3_simulations/local_setup.dsv
[0.087s] -- Symlinking: /home/bctat/turtlebot3ros/turtlebot3_ws/install/turtlebot3_simulations/share/turtlebot3_simulations/package.dsv
[0.092s] -- Up-to-date symlink: /home/bctat/turtlebot3ros/turtlebot3_ws/install/turtlebot3_simulations/share/ament_index/resource_index/packages/turtlebot3_simulations
[0.092s] -- Up-to-date symlink: /home/bctat/turtlebot3ros/turtlebot3_ws/install/turtlebot3_simulations/share/turtlebot3_simulations/cmake/turtlebot3_simulationsConfig.cmake
[0.092s] -- Up-to-date symlink: /home/bctat/turtlebot3ros/turtlebot3_ws/install/turtlebot3_simulations/share/turtlebot3_simulations/cmake/turtlebot3_simulationsConfig-version.cmake
[0.093s] -- Up-to-date symlink: /home/bctat/turtlebot3ros/turtlebot3_ws/install/turtlebot3_simulations/share/turtlebot3_simulations/package.xml
[0.094s] Invoked command in '/home/bctat/turtlebot3ros/turtlebot3_ws/build/turtlebot3_simulations' returned '0': CMAKE_PREFIX_PATH=/home/bctat/turtlebot3ros/turtlebot3_ws/install/turtlebot3_gazebo:/home/bctat/turtlebot3ros/turtlebot3_ws/install/turtlebot3_fake_node:/home/bctat/turtlebot3ros/turtlebot3_ws/install/turtlebot3_simulations:/home/bctat/turtlebot3ros/turtlebot3_ws/install/turtlebot3_controller:/opt/ros/humble /usr/bin/cmake --install /home/bctat/turtlebot3ros/turtlebot3_ws/build/turtlebot3_simulations
