[0.139s] Invoking command in '/home/bctat/turtlebot3ros/turtlebot3_ws/src/build/turtlebot3_gazebo': CMAKE_PREFIX_PATH=${CMAKE_PREFIX_PATH}:/home/bctat/turtlebot3ros/turtlebot3_ws/install/turtlebot3_controller:/opt/ros/humble /usr/bin/cmake /home/bctat/turtlebot3ros/turtlebot3_ws/src/turtlebot3_simulations/turtlebot3_gazebo -DAMENT_CMAKE_SYMLINK_INSTALL=1 -DCMAKE_INSTALL_PREFIX=/home/bctat/turtlebot3ros/turtlebot3_ws/src/install/turtlebot3_gazebo
[0.341s] -- The C compiler identification is GNU 11.4.0
[0.446s] -- The CXX compiler identification is GNU 11.4.0
[0.454s] -- Detecting C compiler ABI info
[0.549s] -- Detecting C compiler ABI info - done
[0.556s] -- Check for working C compiler: /usr/bin/cc - skipped
[0.556s] -- Detecting C compile features
[0.556s] -- Detecting C compile features - done
[0.562s] -- Detecting CXX compiler ABI info
[0.661s] -- Detecting CXX compiler ABI info - done
[0.669s] -- Check for working CXX compiler: /usr/bin/c++ - skipped
[0.669s] -- Detecting CXX compile features
[0.669s] -- Detecting CXX compile features - done
[0.685s] -- Found ament_cmake: 1.3.5 (/opt/ros/humble/share/ament_cmake/cmake)
[0.864s] -- Found Python3: /usr/bin/python3.10 (found version "3.10.12") found components: Interpreter 
[0.927s] -- Override CMake install command with custom implementation using symlinks instead of copying resources
[0.981s] [33mCMake Warning (dev) at /usr/share/cmake-3.22/Modules/FindPackageHandleStandardArgs.cmake:438 (message):
[0.981s]   The package name passed to `find_package_handle_standard_args` (PkgConfig)
[0.981s]   does not match the name of the calling package (gazebo).  This can lead to
[0.981s]   problems in calling code that expects `find_package` result variables
[0.981s]   (e.g., `_FOUND`) to follow a certain pattern.
[0.981s] Call Stack (most recent call first):
[0.981s]   /usr/share/cmake-3.22/Modules/FindPkgConfig.cmake:99 (find_package_handle_standard_args)
[0.981s]   /usr/lib/x86_64-linux-gnu/cmake/gazebo/gazebo-config.cmake:72 (include)
[0.981s]   CMakeLists.txt:23 (find_package)
[0.981s] This warning is for project developers.  Use -Wno-dev to suppress it.
[0.981s] [0m
[0.981s] -- Found PkgConfig: /usr/bin/pkg-config (found version "0.29.2") 
[0.986s] -- Checking for module 'bullet>=2.82'
[1.023s] --   Found bullet, version 3.05
[1.165s] -- Found fcl: /usr/include (found suitable version "0.7.0", minimum required is "0.5.0") 
[1.213s] -- Found assimp: /usr/include (found version "5.2.0") 
[1.261s] -- Found DART: /usr/include (Required is at least version "6.6") found components: dart 
[1.497s] -- Found Boost: /usr/lib/x86_64-linux-gnu/cmake/Boost-1.74.0/BoostConfig.cmake (found suitable version "1.74.0", minimum required is "1.40.0") found components: thread system filesystem program_options regex iostreams date_time 
[1.515s] -- Found Protobuf: /usr/lib/x86_64-linux-gnu/libprotobuf.so (found version "3.12.4") 
[1.521s] -- Looking for ignition-math6 -- found version 6.15.0
[1.527s] -- Searching for dependencies of ignition-math6
[1.528s] -- Looking for OGRE...
[1.529s] -- OGRE_PREFIX_WATCH changed.
[1.534s] -- Checking for module 'OGRE'
[1.547s] --   Found OGRE, version 1.9.0
[1.601s] -- Found Ogre Ghadamon (1.9.0)
[1.614s] -- Found OGRE: optimized;/usr/lib/x86_64-linux-gnu/libOgreMain.so;debug;/usr/lib/x86_64-linux-gnu/libOgreMain.so
[1.625s] -- Looking for OGRE_Paging...
[1.633s] -- Found OGRE_Paging: optimized;/usr/lib/x86_64-linux-gnu/libOgrePaging.so;debug;/usr/lib/x86_64-linux-gnu/libOgrePaging.so
[1.633s] -- Looking for OGRE_Terrain...
[1.641s] -- Found OGRE_Terrain: optimized;/usr/lib/x86_64-linux-gnu/libOgreTerrain.so;debug;/usr/lib/x86_64-linux-gnu/libOgreTerrain.so
[1.641s] -- Looking for OGRE_Property...
[1.644s] -- Found OGRE_Property: optimized;/usr/lib/x86_64-linux-gnu/libOgreProperty.so;debug;/usr/lib/x86_64-linux-gnu/libOgreProperty.so
[1.644s] -- Looking for OGRE_RTShaderSystem...
[1.650s] -- Found OGRE_RTShaderSystem: optimized;/usr/lib/x86_64-linux-gnu/libOgreRTShaderSystem.so;debug;/usr/lib/x86_64-linux-gnu/libOgreRTShaderSystem.so
[1.650s] -- Looking for OGRE_Volume...
[1.655s] -- Found OGRE_Volume: optimized;/usr/lib/x86_64-linux-gnu/libOgreVolume.so;debug;/usr/lib/x86_64-linux-gnu/libOgreVolume.so
[1.655s] -- Looking for OGRE_Overlay...
[1.661s] -- Found OGRE_Overlay: optimized;/usr/lib/x86_64-linux-gnu/libOgreOverlay.so;debug;/usr/lib/x86_64-linux-gnu/libOgreOverlay.so
[1.789s] -- Looking for ignition-math6 -- found version 6.15.0
[1.791s] -- Looking for ignition-transport8 -- found version 8.2.1
[1.792s] -- Searching for dependencies of ignition-transport8
[1.809s] -- Found Protobuf: /usr/lib/x86_64-linux-gnu/libprotobuf.so (found suitable version "3.12.4", minimum required is "3") 
[1.819s] -- Config-file not installed for ZeroMQ -- checking for pkg-config
[1.825s] -- Checking for module 'libzmq >= 4'
[1.836s] --   Found libzmq , version 4.3.4
[1.874s] -- Found ZeroMQ: TRUE (Required is at least version "4") 
[1.881s] -- Checking for module 'uuid'
[1.898s] --   Found uuid, version 2.37.2
[1.939s] -- Found UUID: TRUE  
[1.943s] -- Looking for ignition-msgs5 -- found version 5.8.1
[1.944s] -- Searching for dependencies of ignition-msgs5
[1.964s] -- Looking for ignition-math6 -- found version 6.15.0
[1.968s] -- Checking for module 'tinyxml2'
[1.979s] --   Found tinyxml2, version 9.0.0
[2.037s] -- Looking for ignition-msgs5 -- found version 5.8.1
[2.042s] -- Looking for ignition-common3 -- found version 3.14.0
[2.042s] -- Searching for dependencies of ignition-common3
[2.042s] -- Looking for dlfcn.h - found
[2.042s] -- Looking for libdl - found
[2.043s] -- Found DL: TRUE  
[2.056s] -- Found tinyobjloader: /usr/lib/x86_64-linux-gnu/cmake/tinyobjloader/tinyobjloader-config.cmake (found version "2.0.0") 
[2.057s] -- Searching for <ignition-common3> component [graphics]
[2.059s] -- Looking for ignition-common3-graphics -- found version 3.14.0
[2.060s] -- Searching for dependencies of ignition-common3-graphics
[2.060s] -- Looking for ignition-math6 -- found version 6.15.0
[2.062s] -- Looking for ignition-fuel_tools4 -- found version 4.4.0
[2.064s] -- Searching for dependencies of ignition-fuel_tools4
[2.159s] -- Found CURL: /usr/lib/x86_64-linux-gnu/libcurl.so (found version "7.81.0")  
[2.167s] -- Checking for module 'jsoncpp'
[2.182s] --   Found jsoncpp, version 1.9.5
[2.217s] -- Found JSONCPP: TRUE  
[2.224s] -- Checking for module 'libzip'
[2.234s] --   Found libzip, version 1.7.3
[2.266s] -- Found ZIP: TRUE  
[2.266s] -- Looking for ignition-common3 -- found version 3.14.0
[2.267s] -- Looking for ignition-math6 -- found version 6.15.0
[2.267s] -- Looking for ignition-msgs5 -- found version 5.8.1
[2.272s] -- Found gazebo_ros_pkgs: 3.7.0 (/opt/ros/humble/share/gazebo_ros_pkgs/cmake)
[2.274s] -- Found geometry_msgs: 4.2.3 (/opt/ros/humble/share/geometry_msgs/cmake)
[2.308s] -- Found rosidl_generator_c: 3.1.5 (/opt/ros/humble/share/rosidl_generator_c/cmake)
[2.315s] -- Found rosidl_adapter: 3.1.5 (/opt/ros/humble/share/rosidl_adapter/cmake)
[2.325s] -- Found rosidl_generator_cpp: 3.1.5 (/opt/ros/humble/share/rosidl_generator_cpp/cmake)
[2.342s] -- Using all available rosidl_typesupport_c: rosidl_typesupport_fastrtps_c;rosidl_typesupport_introspection_c
[2.365s] -- Using all available rosidl_typesupport_cpp: rosidl_typesupport_fastrtps_cpp;rosidl_typesupport_introspection_cpp
[2.488s] -- Found nav_msgs: 4.2.3 (/opt/ros/humble/share/nav_msgs/cmake)
[2.575s] -- Found rclcpp: 16.0.6 (/opt/ros/humble/share/rclcpp/cmake)
[2.638s] -- Found rmw_implementation_cmake: 6.1.1 (/opt/ros/humble/share/rmw_implementation_cmake/cmake)
[2.641s] -- Found rmw_fastrtps_cpp: 6.2.4 (/opt/ros/humble/share/rmw_fastrtps_cpp/cmake)
[2.745s] -- Found OpenSSL: /usr/lib/x86_64-linux-gnu/libcrypto.so (found version "3.0.2")  
[2.771s] -- Found FastRTPS: /opt/ros/humble/include  
[2.829s] -- Using RMW implementation 'rmw_fastrtps_cpp' as default
[2.840s] -- Found Threads: TRUE  
[2.967s] -- Found sensor_msgs: 4.2.3 (/opt/ros/humble/share/sensor_msgs/cmake)
[3.054s] -- Found tf2: 0.25.4 (/opt/ros/humble/share/tf2/cmake)
[3.140s] -- Configuring done
[3.169s] -- Generating done
[3.171s] -- Build files have been written to: /home/bctat/turtlebot3ros/turtlebot3_ws/src/build/turtlebot3_gazebo
[3.194s] Invoked command in '/home/bctat/turtlebot3ros/turtlebot3_ws/src/build/turtlebot3_gazebo' returned '0': CMAKE_PREFIX_PATH=${CMAKE_PREFIX_PATH}:/home/bctat/turtlebot3ros/turtlebot3_ws/install/turtlebot3_controller:/opt/ros/humble /usr/bin/cmake /home/bctat/turtlebot3ros/turtlebot3_ws/src/turtlebot3_simulations/turtlebot3_gazebo -DAMENT_CMAKE_SYMLINK_INSTALL=1 -DCMAKE_INSTALL_PREFIX=/home/bctat/turtlebot3ros/turtlebot3_ws/src/install/turtlebot3_gazebo
[3.194s] Invoking command in '/home/bctat/turtlebot3ros/turtlebot3_ws/src/build/turtlebot3_gazebo': CMAKE_PREFIX_PATH=${CMAKE_PREFIX_PATH}:/home/bctat/turtlebot3ros/turtlebot3_ws/install/turtlebot3_controller:/opt/ros/humble /usr/bin/cmake --build /home/bctat/turtlebot3ros/turtlebot3_ws/src/build/turtlebot3_gazebo -- -j12 -l12
[3.253s] [ 12%] [32mBuilding CXX object CMakeFiles/turtlebot3_drive.dir/src/turtlebot3_drive.cpp.o[0m
[14.146s] [ 25%] [32m[1mLinking CXX executable turtlebot3_drive[0m
[14.731s] [ 25%] Built target turtlebot3_drive
[14.750s] [ 37%] [32mBuilding CXX object CMakeFiles/obstacles.dir/models/turtlebot3_dqn_world/obstacle_plugin/obstacles.cc.o[0m
[25.766s] [ 50%] [32m[1mLinking CXX shared library libobstacles.so[0m
[26.008s] [ 50%] Built target obstacles
[26.029s] [ 62%] [32mBuilding CXX object CMakeFiles/obstacle2.dir/models/turtlebot3_dqn_world/obstacle_plugin/obstacle2.cc.o[0m
[36.660s] [ 75%] [32m[1mLinking CXX shared library libobstacle2.so[0m
[36.886s] [ 75%] Built target obstacle2
[36.909s] [ 87%] [32mBuilding CXX object CMakeFiles/obstacle1.dir/models/turtlebot3_dqn_world/obstacle_plugin/obstacle1.cc.o[0m
[47.594s] [100%] [32m[1mLinking CXX shared library libobstacle1.so[0m
[47.831s] [100%] Built target obstacle1
[47.844s] Invoked command in '/home/bctat/turtlebot3ros/turtlebot3_ws/src/build/turtlebot3_gazebo' returned '0': CMAKE_PREFIX_PATH=${CMAKE_PREFIX_PATH}:/home/bctat/turtlebot3ros/turtlebot3_ws/install/turtlebot3_controller:/opt/ros/humble /usr/bin/cmake --build /home/bctat/turtlebot3ros/turtlebot3_ws/src/build/turtlebot3_gazebo -- -j12 -l12
[47.899s] Invoking command in '/home/bctat/turtlebot3ros/turtlebot3_ws/src/build/turtlebot3_gazebo': CMAKE_PREFIX_PATH=${CMAKE_PREFIX_PATH}:/home/bctat/turtlebot3ros/turtlebot3_ws/install/turtlebot3_controller:/opt/ros/humble /usr/bin/cmake --install /home/bctat/turtlebot3ros/turtlebot3_ws/src/build/turtlebot3_gazebo
[47.906s] -- Install configuration: ""
[47.906s] -- Execute custom install script
[47.907s] -- Symlinking: /home/bctat/turtlebot3ros/turtlebot3_ws/src/install/turtlebot3_gazebo/lib/turtlebot3_gazebo/turtlebot3_drive
[47.915s] -- Symlinking: /home/bctat/turtlebot3ros/turtlebot3_ws/src/install/turtlebot3_gazebo/share/turtlebot3_gazebo//launch/empty_world.launch.py
[47.923s] -- Symlinking: /home/bctat/turtlebot3ros/turtlebot3_ws/src/install/turtlebot3_gazebo/share/turtlebot3_gazebo//launch/robot_state_publisher.launch.py
[47.930s] -- Symlinking: /home/bctat/turtlebot3ros/turtlebot3_ws/src/install/turtlebot3_gazebo/share/turtlebot3_gazebo//launch/spawn_turtlebot3.launch.py
[47.940s] -- Symlinking: /home/bctat/turtlebot3ros/turtlebot3_ws/src/install/turtlebot3_gazebo/share/turtlebot3_gazebo//launch/turtlebot3_dqn_stage1.launch.py
[47.949s] -- Symlinking: /home/bctat/turtlebot3ros/turtlebot3_ws/src/install/turtlebot3_gazebo/share/turtlebot3_gazebo//launch/turtlebot3_dqn_stage2.launch.py
[47.957s] -- Symlinking: /home/bctat/turtlebot3ros/turtlebot3_ws/src/install/turtlebot3_gazebo/share/turtlebot3_gazebo//launch/turtlebot3_dqn_stage3.launch.py
[47.966s] -- Symlinking: /home/bctat/turtlebot3ros/turtlebot3_ws/src/install/turtlebot3_gazebo/share/turtlebot3_gazebo//launch/turtlebot3_dqn_stage4.launch.py
[47.975s] -- Symlinking: /home/bctat/turtlebot3ros/turtlebot3_ws/src/install/turtlebot3_gazebo/share/turtlebot3_gazebo//launch/turtlebot3_house.launch.py
[47.984s] -- Symlinking: /home/bctat/turtlebot3ros/turtlebot3_ws/src/install/turtlebot3_gazebo/share/turtlebot3_gazebo//launch/turtlebot3_world.launch.py
[47.993s] -- Symlinking: /home/bctat/turtlebot3ros/turtlebot3_ws/src/install/turtlebot3_gazebo/share/turtlebot3_gazebo//models/turtlebot3_burger/model-1_4.sdf
[48.001s] -- Symlinking: /home/bctat/turtlebot3ros/turtlebot3_ws/src/install/turtlebot3_gazebo/share/turtlebot3_gazebo//models/turtlebot3_burger/model.config
[48.010s] -- Symlinking: /home/bctat/turtlebot3ros/turtlebot3_ws/src/install/turtlebot3_gazebo/share/turtlebot3_gazebo//models/turtlebot3_burger/model.sdf
[48.018s] -- Symlinking: /home/bctat/turtlebot3ros/turtlebot3_ws/src/install/turtlebot3_gazebo/share/turtlebot3_gazebo//models/turtlebot3_common/meshes/burger_base.dae
[48.027s] -- Symlinking: /home/bctat/turtlebot3ros/turtlebot3_ws/src/install/turtlebot3_gazebo/share/turtlebot3_gazebo//models/turtlebot3_common/meshes/lds.dae
[48.036s] -- Symlinking: /home/bctat/turtlebot3ros/turtlebot3_ws/src/install/turtlebot3_gazebo/share/turtlebot3_gazebo//models/turtlebot3_common/meshes/r200.dae
[48.044s] -- Symlinking: /home/bctat/turtlebot3ros/turtlebot3_ws/src/install/turtlebot3_gazebo/share/turtlebot3_gazebo//models/turtlebot3_common/meshes/tire.dae
[48.052s] -- Symlinking: /home/bctat/turtlebot3ros/turtlebot3_ws/src/install/turtlebot3_gazebo/share/turtlebot3_gazebo//models/turtlebot3_common/meshes/waffle_base.dae
[48.060s] -- Symlinking: /home/bctat/turtlebot3ros/turtlebot3_ws/src/install/turtlebot3_gazebo/share/turtlebot3_gazebo//models/turtlebot3_common/meshes/waffle_pi_base.dae
[48.069s] -- Symlinking: /home/bctat/turtlebot3ros/turtlebot3_ws/src/install/turtlebot3_gazebo/share/turtlebot3_gazebo//models/turtlebot3_common/model.config
[48.078s] -- Symlinking: /home/bctat/turtlebot3ros/turtlebot3_ws/src/install/turtlebot3_gazebo/share/turtlebot3_gazebo//models/turtlebot3_dqn_world/goal_box/model.config
[48.088s] -- Symlinking: /home/bctat/turtlebot3ros/turtlebot3_ws/src/install/turtlebot3_gazebo/share/turtlebot3_gazebo//models/turtlebot3_dqn_world/goal_box/model.sdf
[48.096s] -- Symlinking: /home/bctat/turtlebot3ros/turtlebot3_ws/src/install/turtlebot3_gazebo/share/turtlebot3_gazebo//models/turtlebot3_dqn_world/inner_walls/model.config
[48.103s] -- Symlinking: /home/bctat/turtlebot3ros/turtlebot3_ws/src/install/turtlebot3_gazebo/share/turtlebot3_gazebo//models/turtlebot3_dqn_world/inner_walls/model.sdf
[48.112s] -- Symlinking: /home/bctat/turtlebot3ros/turtlebot3_ws/src/install/turtlebot3_gazebo/share/turtlebot3_gazebo//models/turtlebot3_dqn_world/model.config
[48.120s] -- Symlinking: /home/bctat/turtlebot3ros/turtlebot3_ws/src/install/turtlebot3_gazebo/share/turtlebot3_gazebo//models/turtlebot3_dqn_world/model.sdf
[48.128s] -- Symlinking: /home/bctat/turtlebot3ros/turtlebot3_ws/src/install/turtlebot3_gazebo/share/turtlebot3_gazebo//models/turtlebot3_dqn_world/obstacle1/model.config
[48.136s] -- Symlinking: /home/bctat/turtlebot3ros/turtlebot3_ws/src/install/turtlebot3_gazebo/share/turtlebot3_gazebo//models/turtlebot3_dqn_world/obstacle1/model.sdf
[48.144s] -- Symlinking: /home/bctat/turtlebot3ros/turtlebot3_ws/src/install/turtlebot3_gazebo/share/turtlebot3_gazebo//models/turtlebot3_dqn_world/obstacle2/model.config
[48.153s] -- Symlinking: /home/bctat/turtlebot3ros/turtlebot3_ws/src/install/turtlebot3_gazebo/share/turtlebot3_gazebo//models/turtlebot3_dqn_world/obstacle2/model.sdf
[48.162s] -- Symlinking: /home/bctat/turtlebot3ros/turtlebot3_ws/src/install/turtlebot3_gazebo/share/turtlebot3_gazebo//models/turtlebot3_dqn_world/obstacle_plugin/CMakeLists.txt
[48.171s] -- Symlinking: /home/bctat/turtlebot3ros/turtlebot3_ws/src/install/turtlebot3_gazebo/share/turtlebot3_gazebo//models/turtlebot3_dqn_world/obstacle_plugin/obstacle1.cc
[48.186s] -- Symlinking: /home/bctat/turtlebot3ros/turtlebot3_ws/src/install/turtlebot3_gazebo/share/turtlebot3_gazebo//models/turtlebot3_dqn_world/obstacle_plugin/obstacle2.cc
[48.188s] -- Symlinking: /home/bctat/turtlebot3ros/turtlebot3_ws/src/install/turtlebot3_gazebo/share/turtlebot3_gazebo//models/turtlebot3_dqn_world/obstacle_plugin/obstacles.cc
[48.197s] -- Symlinking: /home/bctat/turtlebot3ros/turtlebot3_ws/src/install/turtlebot3_gazebo/share/turtlebot3_gazebo//models/turtlebot3_dqn_world/obstacles/model.config
[48.206s] -- Symlinking: /home/bctat/turtlebot3ros/turtlebot3_ws/src/install/turtlebot3_gazebo/share/turtlebot3_gazebo//models/turtlebot3_dqn_world/obstacles/model.sdf
[48.215s] -- Symlinking: /home/bctat/turtlebot3ros/turtlebot3_ws/src/install/turtlebot3_gazebo/share/turtlebot3_gazebo//models/turtlebot3_house/model.config
[48.222s] -- Symlinking: /home/bctat/turtlebot3ros/turtlebot3_ws/src/install/turtlebot3_gazebo/share/turtlebot3_gazebo//models/turtlebot3_house/model.sdf
[48.230s] -- Symlinking: /home/bctat/turtlebot3ros/turtlebot3_ws/src/install/turtlebot3_gazebo/share/turtlebot3_gazebo//models/turtlebot3_waffle/model-1_4.sdf
[48.239s] -- Symlinking: /home/bctat/turtlebot3ros/turtlebot3_ws/src/install/turtlebot3_gazebo/share/turtlebot3_gazebo//models/turtlebot3_waffle/model.config
[48.248s] -- Symlinking: /home/bctat/turtlebot3ros/turtlebot3_ws/src/install/turtlebot3_gazebo/share/turtlebot3_gazebo//models/turtlebot3_waffle/model.sdf
[48.256s] -- Symlinking: /home/bctat/turtlebot3ros/turtlebot3_ws/src/install/turtlebot3_gazebo/share/turtlebot3_gazebo//models/turtlebot3_waffle_pi/model-1_4_.sdf
[48.264s] -- Symlinking: /home/bctat/turtlebot3ros/turtlebot3_ws/src/install/turtlebot3_gazebo/share/turtlebot3_gazebo//models/turtlebot3_waffle_pi/model.config
[48.274s] -- Symlinking: /home/bctat/turtlebot3ros/turtlebot3_ws/src/install/turtlebot3_gazebo/share/turtlebot3_gazebo//models/turtlebot3_waffle_pi/model.sdf
[48.289s] -- Symlinking: /home/bctat/turtlebot3ros/turtlebot3_ws/src/install/turtlebot3_gazebo/share/turtlebot3_gazebo//models/turtlebot3_world/meshes/hexagon.dae
[48.291s] -- Symlinking: /home/bctat/turtlebot3ros/turtlebot3_ws/src/install/turtlebot3_gazebo/share/turtlebot3_gazebo//models/turtlebot3_world/meshes/wall.dae
[48.301s] -- Symlinking: /home/bctat/turtlebot3ros/turtlebot3_ws/src/install/turtlebot3_gazebo/share/turtlebot3_gazebo//models/turtlebot3_world/model-1_4.sdf
[48.310s] -- Symlinking: /home/bctat/turtlebot3ros/turtlebot3_ws/src/install/turtlebot3_gazebo/share/turtlebot3_gazebo//models/turtlebot3_world/model.config
[48.317s] -- Symlinking: /home/bctat/turtlebot3ros/turtlebot3_ws/src/install/turtlebot3_gazebo/share/turtlebot3_gazebo//models/turtlebot3_world/model.sdf
[48.325s] -- Symlinking: /home/bctat/turtlebot3ros/turtlebot3_ws/src/install/turtlebot3_gazebo/share/turtlebot3_gazebo//rviz/tb3_gazebo.rviz
[48.333s] -- Symlinking: /home/bctat/turtlebot3ros/turtlebot3_ws/src/install/turtlebot3_gazebo/share/turtlebot3_gazebo//urdf/common_properties.urdf
[48.342s] -- Symlinking: /home/bctat/turtlebot3ros/turtlebot3_ws/src/install/turtlebot3_gazebo/share/turtlebot3_gazebo//urdf/turtlebot3_burger.urdf
[48.348s] -- Symlinking: /home/bctat/turtlebot3ros/turtlebot3_ws/src/install/turtlebot3_gazebo/share/turtlebot3_gazebo//urdf/turtlebot3_waffle.urdf
[48.357s] -- Symlinking: /home/bctat/turtlebot3ros/turtlebot3_ws/src/install/turtlebot3_gazebo/share/turtlebot3_gazebo//urdf/turtlebot3_waffle_pi.urdf
[48.365s] -- Symlinking: /home/bctat/turtlebot3ros/turtlebot3_ws/src/install/turtlebot3_gazebo/share/turtlebot3_gazebo//worlds/empty_world.world
[48.375s] -- Symlinking: /home/bctat/turtlebot3ros/turtlebot3_ws/src/install/turtlebot3_gazebo/share/turtlebot3_gazebo//worlds/turtlebot3_dqn_stage1.world
[48.384s] -- Symlinking: /home/bctat/turtlebot3ros/turtlebot3_ws/src/install/turtlebot3_gazebo/share/turtlebot3_gazebo//worlds/turtlebot3_dqn_stage2.world
[48.392s] -- Symlinking: /home/bctat/turtlebot3ros/turtlebot3_ws/src/install/turtlebot3_gazebo/share/turtlebot3_gazebo//worlds/turtlebot3_dqn_stage3.world
[48.402s] -- Symlinking: /home/bctat/turtlebot3ros/turtlebot3_ws/src/install/turtlebot3_gazebo/share/turtlebot3_gazebo//worlds/turtlebot3_dqn_stage4.world
[48.409s] -- Symlinking: /home/bctat/turtlebot3ros/turtlebot3_ws/src/install/turtlebot3_gazebo/share/turtlebot3_gazebo//worlds/turtlebot3_house.world
[48.417s] -- Symlinking: /home/bctat/turtlebot3ros/turtlebot3_ws/src/install/turtlebot3_gazebo/share/turtlebot3_gazebo//worlds/turtlebot3_world.world
[48.426s] -- Symlinking: /home/bctat/turtlebot3ros/turtlebot3_ws/src/install/turtlebot3_gazebo/include//turtlebot3_gazebo/turtlebot3_drive.hpp
[48.435s] -- Symlinking: /home/bctat/turtlebot3ros/turtlebot3_ws/src/install/turtlebot3_gazebo/share/ament_index/resource_index/package_run_dependencies/turtlebot3_gazebo
[48.445s] -- Symlinking: /home/bctat/turtlebot3ros/turtlebot3_ws/src/install/turtlebot3_gazebo/share/ament_index/resource_index/parent_prefix_path/turtlebot3_gazebo
[48.453s] -- Symlinking: /home/bctat/turtlebot3ros/turtlebot3_ws/src/install/turtlebot3_gazebo/share/turtlebot3_gazebo/environment/ament_prefix_path.sh
[48.461s] -- Symlinking: /home/bctat/turtlebot3ros/turtlebot3_ws/src/install/turtlebot3_gazebo/share/turtlebot3_gazebo/environment/ament_prefix_path.dsv
[48.470s] -- Symlinking: /home/bctat/turtlebot3ros/turtlebot3_ws/src/install/turtlebot3_gazebo/share/turtlebot3_gazebo/environment/path.sh
[48.481s] -- Symlinking: /home/bctat/turtlebot3ros/turtlebot3_ws/src/install/turtlebot3_gazebo/share/turtlebot3_gazebo/environment/path.dsv
[48.491s] -- Symlinking: /home/bctat/turtlebot3ros/turtlebot3_ws/src/install/turtlebot3_gazebo/share/turtlebot3_gazebo/local_setup.bash
[48.497s] -- Symlinking: /home/bctat/turtlebot3ros/turtlebot3_ws/src/install/turtlebot3_gazebo/share/turtlebot3_gazebo/local_setup.sh
[48.506s] -- Symlinking: /home/bctat/turtlebot3ros/turtlebot3_ws/src/install/turtlebot3_gazebo/share/turtlebot3_gazebo/local_setup.zsh
[48.518s] -- Symlinking: /home/bctat/turtlebot3ros/turtlebot3_ws/src/install/turtlebot3_gazebo/share/turtlebot3_gazebo/local_setup.dsv
[48.527s] -- Symlinking: /home/bctat/turtlebot3ros/turtlebot3_ws/src/install/turtlebot3_gazebo/share/turtlebot3_gazebo/package.dsv
[48.536s] -- Symlinking: /home/bctat/turtlebot3ros/turtlebot3_ws/src/install/turtlebot3_gazebo/share/ament_index/resource_index/packages/turtlebot3_gazebo
[48.545s] -- Symlinking: /home/bctat/turtlebot3ros/turtlebot3_ws/src/install/turtlebot3_gazebo/share/turtlebot3_gazebo/cmake/ament_cmake_export_include_directories-extras.cmake
[48.553s] -- Symlinking: /home/bctat/turtlebot3ros/turtlebot3_ws/src/install/turtlebot3_gazebo/share/turtlebot3_gazebo/cmake/ament_cmake_export_dependencies-extras.cmake
[48.561s] -- Symlinking: /home/bctat/turtlebot3ros/turtlebot3_ws/src/install/turtlebot3_gazebo/share/turtlebot3_gazebo/cmake/turtlebot3_gazeboConfig.cmake
[48.570s] -- Symlinking: /home/bctat/turtlebot3ros/turtlebot3_ws/src/install/turtlebot3_gazebo/share/turtlebot3_gazebo/cmake/turtlebot3_gazeboConfig-version.cmake
[48.579s] -- Symlinking: /home/bctat/turtlebot3ros/turtlebot3_ws/src/install/turtlebot3_gazebo/share/turtlebot3_gazebo/package.xml
[48.601s] Invoked command in '/home/bctat/turtlebot3ros/turtlebot3_ws/src/build/turtlebot3_gazebo' returned '0': CMAKE_PREFIX_PATH=${CMAKE_PREFIX_PATH}:/home/bctat/turtlebot3ros/turtlebot3_ws/install/turtlebot3_controller:/opt/ros/humble /usr/bin/cmake --install /home/bctat/turtlebot3ros/turtlebot3_ws/src/build/turtlebot3_gazebo
