running develop
Removing /home/bctat/turtlebot3ros/turtlebot3_ws/install/turtlebot3_controller/lib/python3.10/site-packages/turtlebot3-controller.egg-link (link to .)
running egg_info
writing ../../build/turtlebot3_controller/turtlebot3_controller.egg-info/PKG-INFO
writing dependency_links to ../../build/turtlebot3_controller/turtlebot3_controller.egg-info/dependency_links.txt
writing entry points to ../../build/turtlebot3_controller/turtlebot3_controller.egg-info/entry_points.txt
writing requirements to ../../build/turtlebot3_controller/turtlebot3_controller.egg-info/requires.txt
writing top-level names to ../../build/turtlebot3_controller/turtlebot3_controller.egg-info/top_level.txt
reading manifest file '../../build/turtlebot3_controller/turtlebot3_controller.egg-info/SOURCES.txt'
writing manifest file '../../build/turtlebot3_controller/turtlebot3_controller.egg-info/SOURCES.txt'
running build
running build_py
copying turtlebot3_controller/teste.py -> /home/bctat/turtlebot3ros/turtlebot3_ws/build/turtlebot3_controller/build/lib/turtlebot3_controller
copying turtlebot3_controller/__init__.py -> /home/bctat/turtlebot3ros/turtlebot3_ws/build/turtlebot3_controller/build/lib/turtlebot3_controller
copying turtlebot3_controller/turtlebot3_controller.py -> /home/bctat/turtlebot3ros/turtlebot3_ws/build/turtlebot3_controller/build/lib/turtlebot3_controller
running install
running install_lib
creating /home/bctat/turtlebot3ros/turtlebot3_ws/install/turtlebot3_controller/lib/python3.10/site-packages/turtlebot3_controller
copying /home/bctat/turtlebot3ros/turtlebot3_ws/build/turtlebot3_controller/build/lib/turtlebot3_controller/teste.py -> /home/bctat/turtlebot3ros/turtlebot3_ws/install/turtlebot3_controller/lib/python3.10/site-packages/turtlebot3_controller
copying /home/bctat/turtlebot3ros/turtlebot3_ws/build/turtlebot3_controller/build/lib/turtlebot3_controller/__init__.py -> /home/bctat/turtlebot3ros/turtlebot3_ws/install/turtlebot3_controller/lib/python3.10/site-packages/turtlebot3_controller
copying /home/bctat/turtlebot3ros/turtlebot3_ws/build/turtlebot3_controller/build/lib/turtlebot3_controller/turtlebot3_controller.py -> /home/bctat/turtlebot3ros/turtlebot3_ws/install/turtlebot3_controller/lib/python3.10/site-packages/turtlebot3_controller
byte-compiling /home/bctat/turtlebot3ros/turtlebot3_ws/install/turtlebot3_controller/lib/python3.10/site-packages/turtlebot3_controller/teste.py to teste.cpython-310.pyc
byte-compiling /home/bctat/turtlebot3ros/turtlebot3_ws/install/turtlebot3_controller/lib/python3.10/site-packages/turtlebot3_controller/__init__.py to __init__.cpython-310.pyc
byte-compiling /home/bctat/turtlebot3ros/turtlebot3_ws/install/turtlebot3_controller/lib/python3.10/site-packages/turtlebot3_controller/turtlebot3_controller.py to turtlebot3_controller.cpython-310.pyc
running install_data
running install_egg_info
Copying ../../build/turtlebot3_controller/turtlebot3_controller.egg-info to /home/bctat/turtlebot3ros/turtlebot3_ws/install/turtlebot3_controller/lib/python3.10/site-packages/turtlebot3_controller-0.0.0-py3.10.egg-info
running install_scripts
Installing test_node script to /home/bctat/turtlebot3ros/turtlebot3_ws/install/turtlebot3_controller/lib/turtlebot3_controller
writing list of installed files to '/home/bctat/turtlebot3ros/turtlebot3_ws/build/turtlebot3_controller/install.log'
