[0.535s] Invoking command in '/home/bctat/turtlebot3ros/turtlebot3_ws/build/turtlebot3_controller': PYTHONPATH=/home/bctat/turtlebot3ros/turtlebot3_ws/build/turtlebot3_controller/prefix_override:/home/bctat/turtlebot3ros/turtlebot3_ws/install/turtlebot3_controller/lib/python3.10/site-packages:${PYTHONPATH} /usr/bin/python3 setup.py develop --uninstall --editable --build-directory /home/bctat/turtlebot3ros/turtlebot3_ws/build/turtlebot3_controller/build
[0.686s] running develop
[0.770s] Removing /home/bctat/turtlebot3ros/turtlebot3_ws/install/turtlebot3_controller/lib/python3.10/site-packages/turtlebot3-controller.egg-link (link to .)
[0.789s] Invoked command in '/home/bctat/turtlebot3ros/turtlebot3_ws/build/turtlebot3_controller' returned '0': PYTHONPATH=/home/bctat/turtlebot3ros/turtlebot3_ws/build/turtlebot3_controller/prefix_override:/home/bctat/turtlebot3ros/turtlebot3_ws/install/turtlebot3_controller/lib/python3.10/site-packages:${PYTHONPATH} /usr/bin/python3 setup.py develop --uninstall --editable --build-directory /home/bctat/turtlebot3ros/turtlebot3_ws/build/turtlebot3_controller/build
[0.790s] Invoking command in '/home/bctat/turtlebot3ros/turtlebot3_ws/src/turtlebot3_controller': PYTHONPATH=/home/bctat/turtlebot3ros/turtlebot3_ws/build/turtlebot3_controller/prefix_override:/home/bctat/turtlebot3ros/turtlebot3_ws/install/turtlebot3_controller/lib/python3.10/site-packages:${PYTHONPATH} /usr/bin/python3 setup.py egg_info --egg-base ../../build/turtlebot3_controller build --build-base /home/bctat/turtlebot3ros/turtlebot3_ws/build/turtlebot3_controller/build install --record /home/bctat/turtlebot3ros/turtlebot3_ws/build/turtlebot3_controller/install.log --single-version-externally-managed
[0.934s] running egg_info
[0.934s] writing ../../build/turtlebot3_controller/turtlebot3_controller.egg-info/PKG-INFO
[0.934s] writing dependency_links to ../../build/turtlebot3_controller/turtlebot3_controller.egg-info/dependency_links.txt
[0.934s] writing entry points to ../../build/turtlebot3_controller/turtlebot3_controller.egg-info/entry_points.txt
[0.934s] writing requirements to ../../build/turtlebot3_controller/turtlebot3_controller.egg-info/requires.txt
[0.934s] writing top-level names to ../../build/turtlebot3_controller/turtlebot3_controller.egg-info/top_level.txt
[0.935s] reading manifest file '../../build/turtlebot3_controller/turtlebot3_controller.egg-info/SOURCES.txt'
[0.936s] writing manifest file '../../build/turtlebot3_controller/turtlebot3_controller.egg-info/SOURCES.txt'
[0.936s] running build
[0.936s] running build_py
[0.936s] copying turtlebot3_controller/teste.py -> /home/bctat/turtlebot3ros/turtlebot3_ws/build/turtlebot3_controller/build/lib/turtlebot3_controller
[0.936s] copying turtlebot3_controller/__init__.py -> /home/bctat/turtlebot3ros/turtlebot3_ws/build/turtlebot3_controller/build/lib/turtlebot3_controller
[0.936s] copying turtlebot3_controller/turtlebot3_controller.py -> /home/bctat/turtlebot3ros/turtlebot3_ws/build/turtlebot3_controller/build/lib/turtlebot3_controller
[0.936s] running install
[0.936s] running install_lib
[0.937s] creating /home/bctat/turtlebot3ros/turtlebot3_ws/install/turtlebot3_controller/lib/python3.10/site-packages/turtlebot3_controller
[0.937s] copying /home/bctat/turtlebot3ros/turtlebot3_ws/build/turtlebot3_controller/build/lib/turtlebot3_controller/teste.py -> /home/bctat/turtlebot3ros/turtlebot3_ws/install/turtlebot3_controller/lib/python3.10/site-packages/turtlebot3_controller
[0.937s] copying /home/bctat/turtlebot3ros/turtlebot3_ws/build/turtlebot3_controller/build/lib/turtlebot3_controller/__init__.py -> /home/bctat/turtlebot3ros/turtlebot3_ws/install/turtlebot3_controller/lib/python3.10/site-packages/turtlebot3_controller
[0.937s] copying /home/bctat/turtlebot3ros/turtlebot3_ws/build/turtlebot3_controller/build/lib/turtlebot3_controller/turtlebot3_controller.py -> /home/bctat/turtlebot3ros/turtlebot3_ws/install/turtlebot3_controller/lib/python3.10/site-packages/turtlebot3_controller
[0.937s] byte-compiling /home/bctat/turtlebot3ros/turtlebot3_ws/install/turtlebot3_controller/lib/python3.10/site-packages/turtlebot3_controller/teste.py to teste.cpython-310.pyc
[0.937s] byte-compiling /home/bctat/turtlebot3ros/turtlebot3_ws/install/turtlebot3_controller/lib/python3.10/site-packages/turtlebot3_controller/__init__.py to __init__.cpython-310.pyc
[0.937s] byte-compiling /home/bctat/turtlebot3ros/turtlebot3_ws/install/turtlebot3_controller/lib/python3.10/site-packages/turtlebot3_controller/turtlebot3_controller.py to turtlebot3_controller.cpython-310.pyc
[0.938s] running install_data
[0.938s] running install_egg_info
[0.939s] Copying ../../build/turtlebot3_controller/turtlebot3_controller.egg-info to /home/bctat/turtlebot3ros/turtlebot3_ws/install/turtlebot3_controller/lib/python3.10/site-packages/turtlebot3_controller-0.0.0-py3.10.egg-info
[0.940s] running install_scripts
[0.952s] Installing test_node script to /home/bctat/turtlebot3ros/turtlebot3_ws/install/turtlebot3_controller/lib/turtlebot3_controller
[0.952s] writing list of installed files to '/home/bctat/turtlebot3ros/turtlebot3_ws/build/turtlebot3_controller/install.log'
[0.974s] Invoked command in '/home/bctat/turtlebot3ros/turtlebot3_ws/src/turtlebot3_controller' returned '0': PYTHONPATH=/home/bctat/turtlebot3ros/turtlebot3_ws/build/turtlebot3_controller/prefix_override:/home/bctat/turtlebot3ros/turtlebot3_ws/install/turtlebot3_controller/lib/python3.10/site-packages:${PYTHONPATH} /usr/bin/python3 setup.py egg_info --egg-base ../../build/turtlebot3_controller build --build-base /home/bctat/turtlebot3ros/turtlebot3_ws/build/turtlebot3_controller/build install --record /home/bctat/turtlebot3ros/turtlebot3_ws/build/turtlebot3_controller/install.log --single-version-externally-managed
