[0.582s] Invoking command in '/home/bctat/turtlebot3ros/turtlebot3_ws/src/turtlebot3_controller': PYTHONPATH=/home/bctat/turtlebot3ros/turtlebot3_ws/build/turtlebot3_controller/prefix_override:/home/bctat/turtlebot3ros/turtlebot3_ws/install/turtlebot3_controller/lib/python3.10/site-packages:${PYTHONPATH} /usr/bin/python3 setup.py egg_info --egg-base ../../build/turtlebot3_controller build --build-base /home/bctat/turtlebot3ros/turtlebot3_ws/build/turtlebot3_controller/build install --record /home/bctat/turtlebot3ros/turtlebot3_ws/build/turtlebot3_controller/install.log --single-version-externally-managed
[0.732s] running egg_info
[0.733s] creating ../../build/turtlebot3_controller/turtlebot3_controller.egg-info
[0.733s] writing ../../build/turtlebot3_controller/turtlebot3_controller.egg-info/PKG-INFO
[0.733s] writing dependency_links to ../../build/turtlebot3_controller/turtlebot3_controller.egg-info/dependency_links.txt
[0.733s] writing entry points to ../../build/turtlebot3_controller/turtlebot3_controller.egg-info/entry_points.txt
[0.733s] writing requirements to ../../build/turtlebot3_controller/turtlebot3_controller.egg-info/requires.txt
[0.733s] writing top-level names to ../../build/turtlebot3_controller/turtlebot3_controller.egg-info/top_level.txt
[0.733s] writing manifest file '../../build/turtlebot3_controller/turtlebot3_controller.egg-info/SOURCES.txt'
[0.735s] reading manifest file '../../build/turtlebot3_controller/turtlebot3_controller.egg-info/SOURCES.txt'
[0.735s] writing manifest file '../../build/turtlebot3_controller/turtlebot3_controller.egg-info/SOURCES.txt'
[0.735s] running build
[0.735s] running build_py
[0.736s] creating /home/bctat/turtlebot3ros/turtlebot3_ws/build/turtlebot3_controller/build
[0.736s] creating /home/bctat/turtlebot3ros/turtlebot3_ws/build/turtlebot3_controller/build/lib
[0.736s] creating /home/bctat/turtlebot3ros/turtlebot3_ws/build/turtlebot3_controller/build/lib/turtlebot3_controller
[0.736s] copying turtlebot3_controller/__init__.py -> /home/bctat/turtlebot3ros/turtlebot3_ws/build/turtlebot3_controller/build/lib/turtlebot3_controller
[0.736s] running install
[0.736s] running install_lib
[0.737s] creating /home/bctat/turtlebot3ros/turtlebot3_ws/install/turtlebot3_controller/lib/python3.10/site-packages/turtlebot3_controller
[0.737s] copying /home/bctat/turtlebot3ros/turtlebot3_ws/build/turtlebot3_controller/build/lib/turtlebot3_controller/__init__.py -> /home/bctat/turtlebot3ros/turtlebot3_ws/install/turtlebot3_controller/lib/python3.10/site-packages/turtlebot3_controller
[0.737s] byte-compiling /home/bctat/turtlebot3ros/turtlebot3_ws/install/turtlebot3_controller/lib/python3.10/site-packages/turtlebot3_controller/__init__.py to __init__.cpython-310.pyc
[0.737s] running install_data
[0.738s] creating /home/bctat/turtlebot3ros/turtlebot3_ws/install/turtlebot3_controller/share/ament_index
[0.738s] creating /home/bctat/turtlebot3ros/turtlebot3_ws/install/turtlebot3_controller/share/ament_index/resource_index
[0.738s] creating /home/bctat/turtlebot3ros/turtlebot3_ws/install/turtlebot3_controller/share/ament_index/resource_index/packages
[0.738s] copying resource/turtlebot3_controller -> /home/bctat/turtlebot3ros/turtlebot3_ws/install/turtlebot3_controller/share/ament_index/resource_index/packages
[0.738s] copying package.xml -> /home/bctat/turtlebot3ros/turtlebot3_ws/install/turtlebot3_controller/share/turtlebot3_controller
[0.738s] running install_egg_info
[0.742s] Copying ../../build/turtlebot3_controller/turtlebot3_controller.egg-info to /home/bctat/turtlebot3ros/turtlebot3_ws/install/turtlebot3_controller/lib/python3.10/site-packages/turtlebot3_controller-0.0.0-py3.10.egg-info
[0.742s] running install_scripts
[0.754s] writing list of installed files to '/home/bctat/turtlebot3ros/turtlebot3_ws/build/turtlebot3_controller/install.log'
[0.772s] Invoked command in '/home/bctat/turtlebot3ros/turtlebot3_ws/src/turtlebot3_controller' returned '0': PYTHONPATH=/home/bctat/turtlebot3ros/turtlebot3_ws/build/turtlebot3_controller/prefix_override:/home/bctat/turtlebot3ros/turtlebot3_ws/install/turtlebot3_controller/lib/python3.10/site-packages:${PYTHONPATH} /usr/bin/python3 setup.py egg_info --egg-base ../../build/turtlebot3_controller build --build-base /home/bctat/turtlebot3ros/turtlebot3_ws/build/turtlebot3_controller/build install --record /home/bctat/turtlebot3ros/turtlebot3_ws/build/turtlebot3_controller/install.log --single-version-externally-managed
