[0.042s] Invoking command in '/home/bctat/turtlebot3ros/turtlebot3_ws/build/turtlebot3_gazebo': CMAKE_PREFIX_PATH=/opt/ros/humble /usr/bin/cmake /home/bctat/turtlebot3ros/turtlebot3_ws/src/turtlebot3_simulations/turtlebot3_gazebo -DAMENT_CMAKE_SYMLINK_INSTALL=1 -DCMAKE_INSTALL_PREFIX=/home/bctat/turtlebot3ros/turtlebot3_ws/install/turtlebot3_gazebo
[0.070s] -- The C compiler identification is GNU 11.4.0
[0.120s] -- The CXX compiler identification is GNU 11.4.0
[0.124s] -- Detecting C compiler ABI info
[0.163s] -- Detecting C compiler ABI info - done
[0.168s] -- Check for working C compiler: /usr/bin/cc - skipped
[0.168s] -- Detecting C compile features
[0.169s] -- Detecting C compile features - done
[0.171s] -- Detecting CXX compiler ABI info
[0.225s] -- Detecting CXX compiler ABI info - done
[0.230s] -- Check for working CXX compiler: /usr/bin/c++ - skipped
[0.230s] -- Detecting CXX compile features
[0.230s] -- Detecting CXX compile features - done
[0.231s] -- Found ament_cmake: 1.3.5 (/opt/ros/humble/share/ament_cmake/cmake)
[0.339s] -- Found Python3: /usr/bin/python3.10 (found version "3.10.12") found components: Interpreter 
[0.376s] -- Override CMake install command with custom implementation using symlinks instead of copying resources
[0.394s] [33mCMake Warning (dev) at /usr/share/cmake-3.22/Modules/FindPackageHandleStandardArgs.cmake:438 (message):
[0.394s]   The package name passed to `find_package_handle_standard_args` (PkgConfig)
[0.394s]   does not match the name of the calling package (gazebo).  This can lead to
[0.394s]   problems in calling code that expects `find_package` result variables
[0.394s]   (e.g., `_FOUND`) to follow a certain pattern.
[0.394s] Call Stack (most recent call first):
[0.394s]   /usr/share/cmake-3.22/Modules/FindPkgConfig.cmake:99 (find_package_handle_standard_args)
[0.394s]   /usr/lib/x86_64-linux-gnu/cmake/gazebo/gazebo-config.cmake:72 (include)
[0.394s]   CMakeLists.txt:23 (find_package)
[0.394s] This warning is for project developers.  Use -Wno-dev to suppress it.
[0.394s] [0m
[0.395s] -- Found PkgConfig: /usr/bin/pkg-config (found version "0.29.2") 
[0.397s] -- Checking for module 'bullet>=2.82'
[0.409s] --   Found bullet, version 3.05
[0.458s] -- Found fcl: /usr/include (found suitable version "0.7.0", minimum required is "0.5.0") 
[0.487s] -- Found assimp: /usr/include (found version "5.2.0") 
[0.504s] -- Found DART: /usr/include (Required is at least version "6.6") found components: dart 
[0.612s] -- Found Boost: /usr/lib/x86_64-linux-gnu/cmake/Boost-1.74.0/BoostConfig.cmake (found suitable version "1.74.0", minimum required is "1.40.0") found components: thread system filesystem program_options regex iostreams date_time 
[0.633s] -- Found Protobuf: /usr/lib/x86_64-linux-gnu/libprotobuf.so (found version "3.12.4") 
[0.636s] -- Looking for ignition-math6 -- found version 6.15.0
[0.639s] -- Searching for dependencies of ignition-math6
[0.640s] -- Looking for OGRE...
[0.640s] -- OGRE_PREFIX_WATCH changed.
[0.644s] -- Checking for module 'OGRE'
[0.650s] --   Found OGRE, version 1.9.0
[0.664s] -- Found Ogre Ghadamon (1.9.0)
[0.670s] -- Found OGRE: optimized;/usr/lib/x86_64-linux-gnu/libOgreMain.so;debug;/usr/lib/x86_64-linux-gnu/libOgreMain.so
[0.677s] -- Looking for OGRE_Paging...
[0.679s] -- Found OGRE_Paging: optimized;/usr/lib/x86_64-linux-gnu/libOgrePaging.so;debug;/usr/lib/x86_64-linux-gnu/libOgrePaging.so
[0.679s] -- Looking for OGRE_Terrain...
[0.682s] -- Found OGRE_Terrain: optimized;/usr/lib/x86_64-linux-gnu/libOgreTerrain.so;debug;/usr/lib/x86_64-linux-gnu/libOgreTerrain.so
[0.682s] -- Looking for OGRE_Property...
[0.685s] -- Found OGRE_Property: optimized;/usr/lib/x86_64-linux-gnu/libOgreProperty.so;debug;/usr/lib/x86_64-linux-gnu/libOgreProperty.so
[0.685s] -- Looking for OGRE_RTShaderSystem...
[0.687s] -- Found OGRE_RTShaderSystem: optimized;/usr/lib/x86_64-linux-gnu/libOgreRTShaderSystem.so;debug;/usr/lib/x86_64-linux-gnu/libOgreRTShaderSystem.so
[0.687s] -- Looking for OGRE_Volume...
[0.690s] -- Found OGRE_Volume: optimized;/usr/lib/x86_64-linux-gnu/libOgreVolume.so;debug;/usr/lib/x86_64-linux-gnu/libOgreVolume.so
[0.690s] -- Looking for OGRE_Overlay...
[0.692s] -- Found OGRE_Overlay: optimized;/usr/lib/x86_64-linux-gnu/libOgreOverlay.so;debug;/usr/lib/x86_64-linux-gnu/libOgreOverlay.so
[0.759s] -- Looking for ignition-math6 -- found version 6.15.0
[0.760s] -- Looking for ignition-transport8 -- found version 8.2.1
[0.760s] -- Searching for dependencies of ignition-transport8
[0.770s] -- Found Protobuf: /usr/lib/x86_64-linux-gnu/libprotobuf.so (found suitable version "3.12.4", minimum required is "3") 
[0.776s] -- Config-file not installed for ZeroMQ -- checking for pkg-config
[0.779s] -- Checking for module 'libzmq >= 4'
[0.785s] --   Found libzmq , version 4.3.4
[0.820s] -- Found ZeroMQ: TRUE (Required is at least version "4") 
[0.826s] -- Checking for module 'uuid'
[0.833s] --   Found uuid, version 2.37.2
[0.850s] -- Found UUID: TRUE  
[0.851s] -- Looking for ignition-msgs5 -- found version 5.8.1
[0.851s] -- Searching for dependencies of ignition-msgs5
[0.862s] -- Looking for ignition-math6 -- found version 6.15.0
[0.865s] -- Checking for module 'tinyxml2'
[0.871s] --   Found tinyxml2, version 9.0.0
[0.888s] -- Looking for ignition-msgs5 -- found version 5.8.1
[0.889s] -- Looking for ignition-common3 -- found version 3.14.0
[0.889s] -- Searching for dependencies of ignition-common3
[0.889s] -- Looking for dlfcn.h - found
[0.890s] -- Looking for libdl - found
[0.891s] -- Found DL: TRUE  
[0.897s] -- Found tinyobjloader: /usr/lib/x86_64-linux-gnu/cmake/tinyobjloader/tinyobjloader-config.cmake (found version "2.0.0") 
[0.898s] -- Searching for <ignition-common3> component [graphics]
[0.899s] -- Looking for ignition-common3-graphics -- found version 3.14.0
[0.899s] -- Searching for dependencies of ignition-common3-graphics
[0.899s] -- Looking for ignition-math6 -- found version 6.15.0
[0.901s] -- Looking for ignition-fuel_tools4 -- found version 4.4.0
[0.902s] -- Searching for dependencies of ignition-fuel_tools4
[0.945s] -- Found CURL: /usr/lib/x86_64-linux-gnu/libcurl.so (found version "7.81.0")  
[0.949s] -- Checking for module 'jsoncpp'
[0.956s] --   Found jsoncpp, version 1.9.5
[0.972s] -- Found JSONCPP: TRUE  
[0.975s] -- Checking for module 'libzip'
[0.981s] --   Found libzip, version 1.7.3
[0.997s] -- Found ZIP: TRUE  
[0.997s] -- Looking for ignition-common3 -- found version 3.14.0
[0.998s] -- Looking for ignition-math6 -- found version 6.15.0
[0.998s] -- Looking for ignition-msgs5 -- found version 5.8.1
[1.003s] -- Found gazebo_ros_pkgs: 3.7.0 (/opt/ros/humble/share/gazebo_ros_pkgs/cmake)
[1.003s] -- Found geometry_msgs: 4.2.3 (/opt/ros/humble/share/geometry_msgs/cmake)
[1.023s] -- Found rosidl_generator_c: 3.1.5 (/opt/ros/humble/share/rosidl_generator_c/cmake)
[1.026s] -- Found rosidl_adapter: 3.1.5 (/opt/ros/humble/share/rosidl_adapter/cmake)
[1.031s] -- Found rosidl_generator_cpp: 3.1.5 (/opt/ros/humble/share/rosidl_generator_cpp/cmake)
[1.039s] -- Using all available rosidl_typesupport_c: rosidl_typesupport_fastrtps_c;rosidl_typesupport_introspection_c
[1.050s] -- Using all available rosidl_typesupport_cpp: rosidl_typesupport_fastrtps_cpp;rosidl_typesupport_introspection_cpp
[1.127s] -- Found nav_msgs: 4.2.3 (/opt/ros/humble/share/nav_msgs/cmake)
[1.178s] -- Found rclcpp: 16.0.6 (/opt/ros/humble/share/rclcpp/cmake)
[1.219s] -- Found rmw_implementation_cmake: 6.1.1 (/opt/ros/humble/share/rmw_implementation_cmake/cmake)
[1.221s] -- Found rmw_fastrtps_cpp: 6.2.4 (/opt/ros/humble/share/rmw_fastrtps_cpp/cmake)
[1.277s] -- Found OpenSSL: /usr/lib/x86_64-linux-gnu/libcrypto.so (found version "3.0.2")  
[1.291s] -- Found FastRTPS: /opt/ros/humble/include  
[1.325s] -- Using RMW implementation 'rmw_fastrtps_cpp' as default
[1.330s] -- Found Threads: TRUE  
[1.413s] -- Found sensor_msgs: 4.2.3 (/opt/ros/humble/share/sensor_msgs/cmake)
[1.464s] -- Found tf2: 0.25.4 (/opt/ros/humble/share/tf2/cmake)
[1.517s] -- Configuring done
[1.533s] -- Generating done
[1.534s] -- Build files have been written to: /home/bctat/turtlebot3ros/turtlebot3_ws/build/turtlebot3_gazebo
[1.542s] Invoked command in '/home/bctat/turtlebot3ros/turtlebot3_ws/build/turtlebot3_gazebo' returned '0': CMAKE_PREFIX_PATH=/opt/ros/humble /usr/bin/cmake /home/bctat/turtlebot3ros/turtlebot3_ws/src/turtlebot3_simulations/turtlebot3_gazebo -DAMENT_CMAKE_SYMLINK_INSTALL=1 -DCMAKE_INSTALL_PREFIX=/home/bctat/turtlebot3ros/turtlebot3_ws/install/turtlebot3_gazebo
[1.543s] Invoking command in '/home/bctat/turtlebot3ros/turtlebot3_ws/build/turtlebot3_gazebo': CMAKE_PREFIX_PATH=/opt/ros/humble /usr/bin/cmake --build /home/bctat/turtlebot3ros/turtlebot3_ws/build/turtlebot3_gazebo -- -j12 -l12
[1.573s] [ 50%] [32mBuilding CXX object CMakeFiles/obstacles.dir/models/turtlebot3_dqn_world/obstacle_plugin/obstacles.cc.o[0m
[1.573s] [ 50%] [32mBuilding CXX object CMakeFiles/obstacle1.dir/models/turtlebot3_dqn_world/obstacle_plugin/obstacle1.cc.o[0m
[1.573s] [ 50%] [32mBuilding CXX object CMakeFiles/turtlebot3_drive.dir/src/turtlebot3_drive.cpp.o[0m
[1.573s] [ 50%] [32mBuilding CXX object CMakeFiles/obstacle2.dir/models/turtlebot3_dqn_world/obstacle_plugin/obstacle2.cc.o[0m
[9.878s] [ 62%] [32m[1mLinking CXX shared library libobstacle1.so[0m
[10.053s] [ 75%] [32m[1mLinking CXX shared library libobstacles.so[0m
[10.065s] [ 75%] Built target obstacle1
[10.073s] [ 87%] [32m[1mLinking CXX shared library libobstacle2.so[0m
[10.140s] [100%] [32m[1mLinking CXX executable turtlebot3_drive[0m
[10.215s] [100%] Built target obstacles
[10.226s] [100%] Built target obstacle2
[10.474s] [100%] Built target turtlebot3_drive
[10.484s] Invoked command in '/home/bctat/turtlebot3ros/turtlebot3_ws/build/turtlebot3_gazebo' returned '0': CMAKE_PREFIX_PATH=/opt/ros/humble /usr/bin/cmake --build /home/bctat/turtlebot3ros/turtlebot3_ws/build/turtlebot3_gazebo -- -j12 -l12
[10.502s] Invoking command in '/home/bctat/turtlebot3ros/turtlebot3_ws/build/turtlebot3_gazebo': CMAKE_PREFIX_PATH=/opt/ros/humble /usr/bin/cmake --install /home/bctat/turtlebot3ros/turtlebot3_ws/build/turtlebot3_gazebo
[10.507s] -- Install configuration: ""
[10.507s] -- Execute custom install script
[10.507s] -- Symlinking: /home/bctat/turtlebot3ros/turtlebot3_ws/install/turtlebot3_gazebo/lib/turtlebot3_gazebo/turtlebot3_drive
[10.512s] -- Symlinking: /home/bctat/turtlebot3ros/turtlebot3_ws/install/turtlebot3_gazebo/share/turtlebot3_gazebo//launch/empty_world.launch.py
[10.517s] -- Symlinking: /home/bctat/turtlebot3ros/turtlebot3_ws/install/turtlebot3_gazebo/share/turtlebot3_gazebo//launch/robot_state_publisher.launch.py
[10.522s] -- Symlinking: /home/bctat/turtlebot3ros/turtlebot3_ws/install/turtlebot3_gazebo/share/turtlebot3_gazebo//launch/spawn_turtlebot3.launch.py
[10.526s] -- Symlinking: /home/bctat/turtlebot3ros/turtlebot3_ws/install/turtlebot3_gazebo/share/turtlebot3_gazebo//launch/turtlebot3_dqn_stage1.launch.py
[10.530s] -- Symlinking: /home/bctat/turtlebot3ros/turtlebot3_ws/install/turtlebot3_gazebo/share/turtlebot3_gazebo//launch/turtlebot3_dqn_stage2.launch.py
[10.535s] -- Symlinking: /home/bctat/turtlebot3ros/turtlebot3_ws/install/turtlebot3_gazebo/share/turtlebot3_gazebo//launch/turtlebot3_dqn_stage3.launch.py
[10.540s] -- Symlinking: /home/bctat/turtlebot3ros/turtlebot3_ws/install/turtlebot3_gazebo/share/turtlebot3_gazebo//launch/turtlebot3_dqn_stage4.launch.py
[10.545s] -- Symlinking: /home/bctat/turtlebot3ros/turtlebot3_ws/install/turtlebot3_gazebo/share/turtlebot3_gazebo//launch/turtlebot3_house.launch.py
[10.549s] -- Symlinking: /home/bctat/turtlebot3ros/turtlebot3_ws/install/turtlebot3_gazebo/share/turtlebot3_gazebo//launch/turtlebot3_world.launch.py
[10.553s] -- Symlinking: /home/bctat/turtlebot3ros/turtlebot3_ws/install/turtlebot3_gazebo/share/turtlebot3_gazebo//models/turtlebot3_burger/model-1_4.sdf
[10.562s] -- Symlinking: /home/bctat/turtlebot3ros/turtlebot3_ws/install/turtlebot3_gazebo/share/turtlebot3_gazebo//models/turtlebot3_burger/model.config
[10.568s] -- Symlinking: /home/bctat/turtlebot3ros/turtlebot3_ws/install/turtlebot3_gazebo/share/turtlebot3_gazebo//models/turtlebot3_burger/model.sdf
[10.573s] -- Symlinking: /home/bctat/turtlebot3ros/turtlebot3_ws/install/turtlebot3_gazebo/share/turtlebot3_gazebo//models/turtlebot3_common/meshes/burger_base.dae
[10.577s] -- Symlinking: /home/bctat/turtlebot3ros/turtlebot3_ws/install/turtlebot3_gazebo/share/turtlebot3_gazebo//models/turtlebot3_common/meshes/lds.dae
[10.581s] -- Symlinking: /home/bctat/turtlebot3ros/turtlebot3_ws/install/turtlebot3_gazebo/share/turtlebot3_gazebo//models/turtlebot3_common/meshes/r200.dae
[10.585s] -- Symlinking: /home/bctat/turtlebot3ros/turtlebot3_ws/install/turtlebot3_gazebo/share/turtlebot3_gazebo//models/turtlebot3_common/meshes/tire.dae
[10.589s] -- Symlinking: /home/bctat/turtlebot3ros/turtlebot3_ws/install/turtlebot3_gazebo/share/turtlebot3_gazebo//models/turtlebot3_common/meshes/waffle_base.dae
[10.593s] -- Symlinking: /home/bctat/turtlebot3ros/turtlebot3_ws/install/turtlebot3_gazebo/share/turtlebot3_gazebo//models/turtlebot3_common/meshes/waffle_pi_base.dae
[10.598s] -- Symlinking: /home/bctat/turtlebot3ros/turtlebot3_ws/install/turtlebot3_gazebo/share/turtlebot3_gazebo//models/turtlebot3_common/model.config
[10.602s] -- Symlinking: /home/bctat/turtlebot3ros/turtlebot3_ws/install/turtlebot3_gazebo/share/turtlebot3_gazebo//models/turtlebot3_dqn_world/goal_box/model.config
[10.606s] -- Symlinking: /home/bctat/turtlebot3ros/turtlebot3_ws/install/turtlebot3_gazebo/share/turtlebot3_gazebo//models/turtlebot3_dqn_world/goal_box/model.sdf
[10.611s] -- Symlinking: /home/bctat/turtlebot3ros/turtlebot3_ws/install/turtlebot3_gazebo/share/turtlebot3_gazebo//models/turtlebot3_dqn_world/inner_walls/model.config
[10.615s] -- Symlinking: /home/bctat/turtlebot3ros/turtlebot3_ws/install/turtlebot3_gazebo/share/turtlebot3_gazebo//models/turtlebot3_dqn_world/inner_walls/model.sdf
[10.619s] -- Symlinking: /home/bctat/turtlebot3ros/turtlebot3_ws/install/turtlebot3_gazebo/share/turtlebot3_gazebo//models/turtlebot3_dqn_world/model.config
[10.623s] -- Symlinking: /home/bctat/turtlebot3ros/turtlebot3_ws/install/turtlebot3_gazebo/share/turtlebot3_gazebo//models/turtlebot3_dqn_world/model.sdf
[10.627s] -- Symlinking: /home/bctat/turtlebot3ros/turtlebot3_ws/install/turtlebot3_gazebo/share/turtlebot3_gazebo//models/turtlebot3_dqn_world/obstacle1/model.config
[10.632s] -- Symlinking: /home/bctat/turtlebot3ros/turtlebot3_ws/install/turtlebot3_gazebo/share/turtlebot3_gazebo//models/turtlebot3_dqn_world/obstacle1/model.sdf
[10.635s] -- Symlinking: /home/bctat/turtlebot3ros/turtlebot3_ws/install/turtlebot3_gazebo/share/turtlebot3_gazebo//models/turtlebot3_dqn_world/obstacle2/model.config
[10.640s] -- Symlinking: /home/bctat/turtlebot3ros/turtlebot3_ws/install/turtlebot3_gazebo/share/turtlebot3_gazebo//models/turtlebot3_dqn_world/obstacle2/model.sdf
[10.644s] -- Symlinking: /home/bctat/turtlebot3ros/turtlebot3_ws/install/turtlebot3_gazebo/share/turtlebot3_gazebo//models/turtlebot3_dqn_world/obstacle_plugin/CMakeLists.txt
[10.649s] -- Symlinking: /home/bctat/turtlebot3ros/turtlebot3_ws/install/turtlebot3_gazebo/share/turtlebot3_gazebo//models/turtlebot3_dqn_world/obstacle_plugin/obstacle1.cc
[10.655s] -- Symlinking: /home/bctat/turtlebot3ros/turtlebot3_ws/install/turtlebot3_gazebo/share/turtlebot3_gazebo//models/turtlebot3_dqn_world/obstacle_plugin/obstacle2.cc
[10.668s] -- Symlinking: /home/bctat/turtlebot3ros/turtlebot3_ws/install/turtlebot3_gazebo/share/turtlebot3_gazebo//models/turtlebot3_dqn_world/obstacle_plugin/obstacles.cc
[10.675s] -- Symlinking: /home/bctat/turtlebot3ros/turtlebot3_ws/install/turtlebot3_gazebo/share/turtlebot3_gazebo//models/turtlebot3_dqn_world/obstacles/model.config
[10.681s] -- Symlinking: /home/bctat/turtlebot3ros/turtlebot3_ws/install/turtlebot3_gazebo/share/turtlebot3_gazebo//models/turtlebot3_dqn_world/obstacles/model.sdf
[10.688s] -- Symlinking: /home/bctat/turtlebot3ros/turtlebot3_ws/install/turtlebot3_gazebo/share/turtlebot3_gazebo//models/turtlebot3_house/model.config
[10.699s] -- Symlinking: /home/bctat/turtlebot3ros/turtlebot3_ws/install/turtlebot3_gazebo/share/turtlebot3_gazebo//models/turtlebot3_house/model.sdf
[10.703s] -- Symlinking: /home/bctat/turtlebot3ros/turtlebot3_ws/install/turtlebot3_gazebo/share/turtlebot3_gazebo//models/turtlebot3_waffle/model-1_4.sdf
[10.708s] -- Symlinking: /home/bctat/turtlebot3ros/turtlebot3_ws/install/turtlebot3_gazebo/share/turtlebot3_gazebo//models/turtlebot3_waffle/model.config
[10.712s] -- Symlinking: /home/bctat/turtlebot3ros/turtlebot3_ws/install/turtlebot3_gazebo/share/turtlebot3_gazebo//models/turtlebot3_waffle/model.sdf
[10.716s] -- Symlinking: /home/bctat/turtlebot3ros/turtlebot3_ws/install/turtlebot3_gazebo/share/turtlebot3_gazebo//models/turtlebot3_waffle_pi/model-1_4_.sdf
[10.721s] -- Symlinking: /home/bctat/turtlebot3ros/turtlebot3_ws/install/turtlebot3_gazebo/share/turtlebot3_gazebo//models/turtlebot3_waffle_pi/model.config
[10.725s] -- Symlinking: /home/bctat/turtlebot3ros/turtlebot3_ws/install/turtlebot3_gazebo/share/turtlebot3_gazebo//models/turtlebot3_waffle_pi/model.sdf
[10.729s] -- Symlinking: /home/bctat/turtlebot3ros/turtlebot3_ws/install/turtlebot3_gazebo/share/turtlebot3_gazebo//models/turtlebot3_world/meshes/hexagon.dae
[10.733s] -- Symlinking: /home/bctat/turtlebot3ros/turtlebot3_ws/install/turtlebot3_gazebo/share/turtlebot3_gazebo//models/turtlebot3_world/meshes/wall.dae
[10.738s] -- Symlinking: /home/bctat/turtlebot3ros/turtlebot3_ws/install/turtlebot3_gazebo/share/turtlebot3_gazebo//models/turtlebot3_world/model-1_4.sdf
[10.742s] -- Symlinking: /home/bctat/turtlebot3ros/turtlebot3_ws/install/turtlebot3_gazebo/share/turtlebot3_gazebo//models/turtlebot3_world/model.config
[10.746s] -- Symlinking: /home/bctat/turtlebot3ros/turtlebot3_ws/install/turtlebot3_gazebo/share/turtlebot3_gazebo//models/turtlebot3_world/model.sdf
[10.750s] -- Symlinking: /home/bctat/turtlebot3ros/turtlebot3_ws/install/turtlebot3_gazebo/share/turtlebot3_gazebo//rviz/tb3_gazebo.rviz
[10.756s] -- Symlinking: /home/bctat/turtlebot3ros/turtlebot3_ws/install/turtlebot3_gazebo/share/turtlebot3_gazebo//urdf/common_properties.urdf
[10.765s] -- Symlinking: /home/bctat/turtlebot3ros/turtlebot3_ws/install/turtlebot3_gazebo/share/turtlebot3_gazebo//urdf/turtlebot3_burger.urdf
[10.770s] -- Symlinking: /home/bctat/turtlebot3ros/turtlebot3_ws/install/turtlebot3_gazebo/share/turtlebot3_gazebo//urdf/turtlebot3_waffle.urdf
[10.775s] -- Symlinking: /home/bctat/turtlebot3ros/turtlebot3_ws/install/turtlebot3_gazebo/share/turtlebot3_gazebo//urdf/turtlebot3_waffle_pi.urdf
[10.780s] -- Symlinking: /home/bctat/turtlebot3ros/turtlebot3_ws/install/turtlebot3_gazebo/share/turtlebot3_gazebo//worlds/empty_world.world
[10.784s] -- Symlinking: /home/bctat/turtlebot3ros/turtlebot3_ws/install/turtlebot3_gazebo/share/turtlebot3_gazebo//worlds/turtlebot3_dqn_stage1.world
[10.789s] -- Symlinking: /home/bctat/turtlebot3ros/turtlebot3_ws/install/turtlebot3_gazebo/share/turtlebot3_gazebo//worlds/turtlebot3_dqn_stage2.world
[10.793s] -- Symlinking: /home/bctat/turtlebot3ros/turtlebot3_ws/install/turtlebot3_gazebo/share/turtlebot3_gazebo//worlds/turtlebot3_dqn_stage3.world
[10.797s] -- Symlinking: /home/bctat/turtlebot3ros/turtlebot3_ws/install/turtlebot3_gazebo/share/turtlebot3_gazebo//worlds/turtlebot3_dqn_stage4.world
[10.801s] -- Symlinking: /home/bctat/turtlebot3ros/turtlebot3_ws/install/turtlebot3_gazebo/share/turtlebot3_gazebo//worlds/turtlebot3_house.world
[10.805s] -- Symlinking: /home/bctat/turtlebot3ros/turtlebot3_ws/install/turtlebot3_gazebo/share/turtlebot3_gazebo//worlds/turtlebot3_world.world
[10.810s] -- Symlinking: /home/bctat/turtlebot3ros/turtlebot3_ws/install/turtlebot3_gazebo/include//turtlebot3_gazebo/turtlebot3_drive.hpp
[10.814s] -- Symlinking: /home/bctat/turtlebot3ros/turtlebot3_ws/install/turtlebot3_gazebo/share/ament_index/resource_index/package_run_dependencies/turtlebot3_gazebo
[10.819s] -- Symlinking: /home/bctat/turtlebot3ros/turtlebot3_ws/install/turtlebot3_gazebo/share/ament_index/resource_index/parent_prefix_path/turtlebot3_gazebo
[10.823s] -- Symlinking: /home/bctat/turtlebot3ros/turtlebot3_ws/install/turtlebot3_gazebo/share/turtlebot3_gazebo/environment/ament_prefix_path.sh
[10.828s] -- Symlinking: /home/bctat/turtlebot3ros/turtlebot3_ws/install/turtlebot3_gazebo/share/turtlebot3_gazebo/environment/ament_prefix_path.dsv
[10.832s] -- Symlinking: /home/bctat/turtlebot3ros/turtlebot3_ws/install/turtlebot3_gazebo/share/turtlebot3_gazebo/environment/path.sh
[10.837s] -- Symlinking: /home/bctat/turtlebot3ros/turtlebot3_ws/install/turtlebot3_gazebo/share/turtlebot3_gazebo/environment/path.dsv
[10.841s] -- Symlinking: /home/bctat/turtlebot3ros/turtlebot3_ws/install/turtlebot3_gazebo/share/turtlebot3_gazebo/local_setup.bash
[10.845s] -- Symlinking: /home/bctat/turtlebot3ros/turtlebot3_ws/install/turtlebot3_gazebo/share/turtlebot3_gazebo/local_setup.sh
[10.849s] -- Symlinking: /home/bctat/turtlebot3ros/turtlebot3_ws/install/turtlebot3_gazebo/share/turtlebot3_gazebo/local_setup.zsh
[10.854s] -- Symlinking: /home/bctat/turtlebot3ros/turtlebot3_ws/install/turtlebot3_gazebo/share/turtlebot3_gazebo/local_setup.dsv
[10.863s] -- Symlinking: /home/bctat/turtlebot3ros/turtlebot3_ws/install/turtlebot3_gazebo/share/turtlebot3_gazebo/package.dsv
[10.868s] -- Symlinking: /home/bctat/turtlebot3ros/turtlebot3_ws/install/turtlebot3_gazebo/share/ament_index/resource_index/packages/turtlebot3_gazebo
[10.873s] -- Symlinking: /home/bctat/turtlebot3ros/turtlebot3_ws/install/turtlebot3_gazebo/share/turtlebot3_gazebo/cmake/ament_cmake_export_include_directories-extras.cmake
[10.878s] -- Symlinking: /home/bctat/turtlebot3ros/turtlebot3_ws/install/turtlebot3_gazebo/share/turtlebot3_gazebo/cmake/ament_cmake_export_dependencies-extras.cmake
[10.882s] -- Symlinking: /home/bctat/turtlebot3ros/turtlebot3_ws/install/turtlebot3_gazebo/share/turtlebot3_gazebo/cmake/turtlebot3_gazeboConfig.cmake
[10.886s] -- Symlinking: /home/bctat/turtlebot3ros/turtlebot3_ws/install/turtlebot3_gazebo/share/turtlebot3_gazebo/cmake/turtlebot3_gazeboConfig-version.cmake
[10.890s] -- Symlinking: /home/bctat/turtlebot3ros/turtlebot3_ws/install/turtlebot3_gazebo/share/turtlebot3_gazebo/package.xml
[10.896s] Invoked command in '/home/bctat/turtlebot3ros/turtlebot3_ws/build/turtlebot3_gazebo' returned '0': CMAKE_PREFIX_PATH=/opt/ros/humble /usr/bin/cmake --install /home/bctat/turtlebot3ros/turtlebot3_ws/build/turtlebot3_gazebo
