[0.455s] DEBUG:colcon:Command line arguments: ['/home/bctat/.local/bin/colcon', 'build', '--symlink-install']
[0.455s] DEBUG:colcon:Parsed command line arguments: Namespace(log_base=None, log_level=None, verb_name='build', build_base='build', install_base='install', merge_install=False, symlink_install=True, test_result_base=None, continue_on_error=False, executor='parallel', parallel_workers=12, event_handlers=None, ignore_user_meta=False, metas=['./colcon.meta'], base_paths=['.'], packages_ignore=None, packages_ignore_regex=None, paths=None, packages_up_to=None, packages_up_to_regex=None, packages_above=None, packages_above_and_dependencies=None, packages_above_depth=None, packages_select_by_dep=None, packages_skip_by_dep=None, packages_skip_up_to=None, packages_select_build_failed=False, packages_skip_build_finished=False, packages_select_test_failures=False, packages_skip_test_passed=False, packages_select=None, packages_skip=None, packages_select_regex=None, packages_skip_regex=None, packages_start=None, packages_end=None, allow_overriding=[], cmake_args=None, cmake_target=None, cmake_target_skip_unavailable=False, cmake_clean_cache=False, cmake_clean_first=False, cmake_force_configure=False, ament_cmake_args=None, catkin_cmake_args=None, catkin_skip_building_tests=False, verb_parser=<colcon_defaults.argument_parser.defaults.DefaultArgumentsDecorator object at 0x7f62617aa5f0>, verb_extension=<colcon_core.verb.build.BuildVerb object at 0x7f6261a7f010>, main=<bound method BuildVerb.main of <colcon_core.verb.build.BuildVerb object at 0x7f6261a7f010>>)
[0.477s] Level 1:colcon.colcon_core.package_discovery:discover_packages(colcon_meta) check parameters
[0.477s] Level 1:colcon.colcon_core.package_discovery:discover_packages(recursive) check parameters
[0.477s] Level 1:colcon.colcon_core.package_discovery:discover_packages(ignore) check parameters
[0.477s] Level 1:colcon.colcon_core.package_discovery:discover_packages(path) check parameters
[0.477s] Level 1:colcon.colcon_core.package_discovery:discover_packages(colcon_meta) discover
[0.477s] Level 1:colcon.colcon_core.package_discovery:discover_packages(recursive) discover
[0.477s] INFO:colcon.colcon_core.package_discovery:Crawling recursively for packages in '/home/bctat/turtlebot3ros/turtlebot3_ws'
[0.477s] Level 1:colcon.colcon_core.package_identification:_identify(.) by extensions ['ignore', 'ignore_ament_install']
[0.477s] Level 1:colcon.colcon_core.package_identification:_identify(.) by extension 'ignore'
[0.477s] Level 1:colcon.colcon_core.package_identification:_identify(.) by extension 'ignore_ament_install'
[0.477s] Level 1:colcon.colcon_core.package_identification:_identify(.) by extensions ['colcon_pkg']
[0.477s] Level 1:colcon.colcon_core.package_identification:_identify(.) by extension 'colcon_pkg'
[0.477s] Level 1:colcon.colcon_core.package_identification:_identify(.) by extensions ['colcon_meta']
[0.477s] Level 1:colcon.colcon_core.package_identification:_identify(.) by extension 'colcon_meta'
[0.477s] Level 1:colcon.colcon_core.package_identification:_identify(.) by extensions ['ros']
[0.477s] Level 1:colcon.colcon_core.package_identification:_identify(.) by extension 'ros'
[0.483s] Level 1:colcon.colcon_core.package_identification:_identify(.) by extensions ['cmake', 'python']
[0.483s] Level 1:colcon.colcon_core.package_identification:_identify(.) by extension 'cmake'
[0.483s] Level 1:colcon.colcon_core.package_identification:_identify(.) by extension 'python'
[0.483s] Level 1:colcon.colcon_core.package_identification:_identify(.) by extensions ['python_setup_py']
[0.484s] Level 1:colcon.colcon_core.package_identification:_identify(.) by extension 'python_setup_py'
[0.484s] Level 1:colcon.colcon_core.package_identification:_identify(build) by extensions ['ignore', 'ignore_ament_install']
[0.484s] Level 1:colcon.colcon_core.package_identification:_identify(build) by extension 'ignore'
[0.484s] Level 1:colcon.colcon_core.package_identification:_identify(build) ignored
[0.484s] Level 1:colcon.colcon_core.package_identification:_identify(install) by extensions ['ignore', 'ignore_ament_install']
[0.484s] Level 1:colcon.colcon_core.package_identification:_identify(install) by extension 'ignore'
[0.484s] Level 1:colcon.colcon_core.package_identification:_identify(install) ignored
[0.484s] Level 1:colcon.colcon_core.package_identification:_identify(launch) by extensions ['ignore', 'ignore_ament_install']
[0.484s] Level 1:colcon.colcon_core.package_identification:_identify(launch) by extension 'ignore'
[0.484s] Level 1:colcon.colcon_core.package_identification:_identify(launch) by extension 'ignore_ament_install'
[0.484s] Level 1:colcon.colcon_core.package_identification:_identify(launch) by extensions ['colcon_pkg']
[0.484s] Level 1:colcon.colcon_core.package_identification:_identify(launch) by extension 'colcon_pkg'
[0.484s] Level 1:colcon.colcon_core.package_identification:_identify(launch) by extensions ['colcon_meta']
[0.484s] Level 1:colcon.colcon_core.package_identification:_identify(launch) by extension 'colcon_meta'
[0.484s] Level 1:colcon.colcon_core.package_identification:_identify(launch) by extensions ['ros']
[0.484s] Level 1:colcon.colcon_core.package_identification:_identify(launch) by extension 'ros'
[0.484s] Level 1:colcon.colcon_core.package_identification:_identify(launch) by extensions ['cmake', 'python']
[0.484s] Level 1:colcon.colcon_core.package_identification:_identify(launch) by extension 'cmake'
[0.484s] Level 1:colcon.colcon_core.package_identification:_identify(launch) by extension 'python'
[0.484s] Level 1:colcon.colcon_core.package_identification:_identify(launch) by extensions ['python_setup_py']
[0.484s] Level 1:colcon.colcon_core.package_identification:_identify(launch) by extension 'python_setup_py'
[0.484s] Level 1:colcon.colcon_core.package_identification:_identify(launch/__pycache__) by extensions ['ignore', 'ignore_ament_install']
[0.484s] Level 1:colcon.colcon_core.package_identification:_identify(launch/__pycache__) by extension 'ignore'
[0.484s] Level 1:colcon.colcon_core.package_identification:_identify(launch/__pycache__) by extension 'ignore_ament_install'
[0.484s] Level 1:colcon.colcon_core.package_identification:_identify(launch/__pycache__) by extensions ['colcon_pkg']
[0.484s] Level 1:colcon.colcon_core.package_identification:_identify(launch/__pycache__) by extension 'colcon_pkg'
[0.484s] Level 1:colcon.colcon_core.package_identification:_identify(launch/__pycache__) by extensions ['colcon_meta']
[0.484s] Level 1:colcon.colcon_core.package_identification:_identify(launch/__pycache__) by extension 'colcon_meta'
[0.484s] Level 1:colcon.colcon_core.package_identification:_identify(launch/__pycache__) by extensions ['ros']
[0.484s] Level 1:colcon.colcon_core.package_identification:_identify(launch/__pycache__) by extension 'ros'
[0.484s] Level 1:colcon.colcon_core.package_identification:_identify(launch/__pycache__) by extensions ['cmake', 'python']
[0.484s] Level 1:colcon.colcon_core.package_identification:_identify(launch/__pycache__) by extension 'cmake'
[0.484s] Level 1:colcon.colcon_core.package_identification:_identify(launch/__pycache__) by extension 'python'
[0.484s] Level 1:colcon.colcon_core.package_identification:_identify(launch/__pycache__) by extensions ['python_setup_py']
[0.484s] Level 1:colcon.colcon_core.package_identification:_identify(launch/__pycache__) by extension 'python_setup_py'
[0.485s] Level 1:colcon.colcon_core.package_identification:_identify(log) by extensions ['ignore', 'ignore_ament_install']
[0.485s] Level 1:colcon.colcon_core.package_identification:_identify(log) by extension 'ignore'
[0.485s] Level 1:colcon.colcon_core.package_identification:_identify(log) ignored
[0.485s] Level 1:colcon.colcon_core.package_identification:_identify(src) by extensions ['ignore', 'ignore_ament_install']
[0.485s] Level 1:colcon.colcon_core.package_identification:_identify(src) by extension 'ignore'
[0.485s] Level 1:colcon.colcon_core.package_identification:_identify(src) by extension 'ignore_ament_install'
[0.485s] Level 1:colcon.colcon_core.package_identification:_identify(src) by extensions ['colcon_pkg']
[0.485s] Level 1:colcon.colcon_core.package_identification:_identify(src) by extension 'colcon_pkg'
[0.485s] Level 1:colcon.colcon_core.package_identification:_identify(src) by extensions ['colcon_meta']
[0.485s] Level 1:colcon.colcon_core.package_identification:_identify(src) by extension 'colcon_meta'
[0.485s] Level 1:colcon.colcon_core.package_identification:_identify(src) by extensions ['ros']
[0.485s] Level 1:colcon.colcon_core.package_identification:_identify(src) by extension 'ros'
[0.485s] Level 1:colcon.colcon_core.package_identification:_identify(src) by extensions ['cmake', 'python']
[0.485s] Level 1:colcon.colcon_core.package_identification:_identify(src) by extension 'cmake'
[0.485s] Level 1:colcon.colcon_core.package_identification:_identify(src) by extension 'python'
[0.485s] Level 1:colcon.colcon_core.package_identification:_identify(src) by extensions ['python_setup_py']
[0.485s] Level 1:colcon.colcon_core.package_identification:_identify(src) by extension 'python_setup_py'
[0.485s] Level 1:colcon.colcon_core.package_identification:_identify(src/build) by extensions ['ignore', 'ignore_ament_install']
[0.485s] Level 1:colcon.colcon_core.package_identification:_identify(src/build) by extension 'ignore'
[0.485s] Level 1:colcon.colcon_core.package_identification:_identify(src/build) ignored
[0.485s] Level 1:colcon.colcon_core.package_identification:_identify(src/image_interfaces) by extensions ['ignore', 'ignore_ament_install']
[0.485s] Level 1:colcon.colcon_core.package_identification:_identify(src/image_interfaces) by extension 'ignore'
[0.485s] Level 1:colcon.colcon_core.package_identification:_identify(src/image_interfaces) by extension 'ignore_ament_install'
[0.485s] Level 1:colcon.colcon_core.package_identification:_identify(src/image_interfaces) by extensions ['colcon_pkg']
[0.485s] Level 1:colcon.colcon_core.package_identification:_identify(src/image_interfaces) by extension 'colcon_pkg'
[0.485s] Level 1:colcon.colcon_core.package_identification:_identify(src/image_interfaces) by extensions ['colcon_meta']
[0.485s] Level 1:colcon.colcon_core.package_identification:_identify(src/image_interfaces) by extension 'colcon_meta'
[0.485s] Level 1:colcon.colcon_core.package_identification:_identify(src/image_interfaces) by extensions ['ros']
[0.485s] Level 1:colcon.colcon_core.package_identification:_identify(src/image_interfaces) by extension 'ros'
[0.487s] DEBUG:colcon.colcon_core.package_identification:Package 'src/image_interfaces' with type 'ros.ament_cmake' and name 'image_interfaces'
[0.487s] Level 1:colcon.colcon_core.package_identification:_identify(src/install) by extensions ['ignore', 'ignore_ament_install']
[0.487s] Level 1:colcon.colcon_core.package_identification:_identify(src/install) by extension 'ignore'
[0.487s] Level 1:colcon.colcon_core.package_identification:_identify(src/install) ignored
[0.487s] Level 1:colcon.colcon_core.package_identification:_identify(src/log) by extensions ['ignore', 'ignore_ament_install']
[0.487s] Level 1:colcon.colcon_core.package_identification:_identify(src/log) by extension 'ignore'
[0.487s] Level 1:colcon.colcon_core.package_identification:_identify(src/log) ignored
[0.487s] Level 1:colcon.colcon_core.package_identification:_identify(src/turtlebot3_controller) by extensions ['ignore', 'ignore_ament_install']
[0.487s] Level 1:colcon.colcon_core.package_identification:_identify(src/turtlebot3_controller) by extension 'ignore'
[0.487s] Level 1:colcon.colcon_core.package_identification:_identify(src/turtlebot3_controller) by extension 'ignore_ament_install'
[0.487s] Level 1:colcon.colcon_core.package_identification:_identify(src/turtlebot3_controller) by extensions ['colcon_pkg']
[0.487s] Level 1:colcon.colcon_core.package_identification:_identify(src/turtlebot3_controller) by extension 'colcon_pkg'
[0.487s] Level 1:colcon.colcon_core.package_identification:_identify(src/turtlebot3_controller) by extensions ['colcon_meta']
[0.487s] Level 1:colcon.colcon_core.package_identification:_identify(src/turtlebot3_controller) by extension 'colcon_meta'
[0.487s] Level 1:colcon.colcon_core.package_identification:_identify(src/turtlebot3_controller) by extensions ['ros']
[0.487s] Level 1:colcon.colcon_core.package_identification:_identify(src/turtlebot3_controller) by extension 'ros'
[0.488s] DEBUG:colcon.colcon_core.package_identification:Package 'src/turtlebot3_controller' with type 'ros.ament_python' and name 'turtlebot3_controller'
[0.488s] Level 1:colcon.colcon_core.package_identification:_identify(src/turtlebot3_simulations) by extensions ['ignore', 'ignore_ament_install']
[0.488s] Level 1:colcon.colcon_core.package_identification:_identify(src/turtlebot3_simulations) by extension 'ignore'
[0.488s] Level 1:colcon.colcon_core.package_identification:_identify(src/turtlebot3_simulations) by extension 'ignore_ament_install'
[0.488s] Level 1:colcon.colcon_core.package_identification:_identify(src/turtlebot3_simulations) by extensions ['colcon_pkg']
[0.488s] Level 1:colcon.colcon_core.package_identification:_identify(src/turtlebot3_simulations) by extension 'colcon_pkg'
[0.488s] Level 1:colcon.colcon_core.package_identification:_identify(src/turtlebot3_simulations) by extensions ['colcon_meta']
[0.488s] Level 1:colcon.colcon_core.package_identification:_identify(src/turtlebot3_simulations) by extension 'colcon_meta'
[0.488s] Level 1:colcon.colcon_core.package_identification:_identify(src/turtlebot3_simulations) by extensions ['ros']
[0.488s] Level 1:colcon.colcon_core.package_identification:_identify(src/turtlebot3_simulations) by extension 'ros'
[0.488s] Level 1:colcon.colcon_core.package_identification:_identify(src/turtlebot3_simulations) by extensions ['cmake', 'python']
[0.488s] Level 1:colcon.colcon_core.package_identification:_identify(src/turtlebot3_simulations) by extension 'cmake'
[0.488s] Level 1:colcon.colcon_core.package_identification:_identify(src/turtlebot3_simulations) by extension 'python'
[0.488s] Level 1:colcon.colcon_core.package_identification:_identify(src/turtlebot3_simulations) by extensions ['python_setup_py']
[0.488s] Level 1:colcon.colcon_core.package_identification:_identify(src/turtlebot3_simulations) by extension 'python_setup_py'
[0.488s] Level 1:colcon.colcon_core.package_identification:_identify(src/turtlebot3_simulations/turtlebot3_fake_node) by extensions ['ignore', 'ignore_ament_install']
[0.488s] Level 1:colcon.colcon_core.package_identification:_identify(src/turtlebot3_simulations/turtlebot3_fake_node) by extension 'ignore'
[0.488s] Level 1:colcon.colcon_core.package_identification:_identify(src/turtlebot3_simulations/turtlebot3_fake_node) by extension 'ignore_ament_install'
[0.488s] Level 1:colcon.colcon_core.package_identification:_identify(src/turtlebot3_simulations/turtlebot3_fake_node) by extensions ['colcon_pkg']
[0.488s] Level 1:colcon.colcon_core.package_identification:_identify(src/turtlebot3_simulations/turtlebot3_fake_node) by extension 'colcon_pkg'
[0.488s] Level 1:colcon.colcon_core.package_identification:_identify(src/turtlebot3_simulations/turtlebot3_fake_node) by extensions ['colcon_meta']
[0.488s] Level 1:colcon.colcon_core.package_identification:_identify(src/turtlebot3_simulations/turtlebot3_fake_node) by extension 'colcon_meta'
[0.488s] Level 1:colcon.colcon_core.package_identification:_identify(src/turtlebot3_simulations/turtlebot3_fake_node) by extensions ['ros']
[0.488s] Level 1:colcon.colcon_core.package_identification:_identify(src/turtlebot3_simulations/turtlebot3_fake_node) by extension 'ros'
[0.489s] DEBUG:colcon.colcon_core.package_identification:Package 'src/turtlebot3_simulations/turtlebot3_fake_node' with type 'ros.ament_cmake' and name 'turtlebot3_fake_node'
[0.489s] Level 1:colcon.colcon_core.package_identification:_identify(src/turtlebot3_simulations/turtlebot3_gazebo) by extensions ['ignore', 'ignore_ament_install']
[0.489s] Level 1:colcon.colcon_core.package_identification:_identify(src/turtlebot3_simulations/turtlebot3_gazebo) by extension 'ignore'
[0.489s] Level 1:colcon.colcon_core.package_identification:_identify(src/turtlebot3_simulations/turtlebot3_gazebo) by extension 'ignore_ament_install'
[0.489s] Level 1:colcon.colcon_core.package_identification:_identify(src/turtlebot3_simulations/turtlebot3_gazebo) by extensions ['colcon_pkg']
[0.489s] Level 1:colcon.colcon_core.package_identification:_identify(src/turtlebot3_simulations/turtlebot3_gazebo) by extension 'colcon_pkg'
[0.489s] Level 1:colcon.colcon_core.package_identification:_identify(src/turtlebot3_simulations/turtlebot3_gazebo) by extensions ['colcon_meta']
[0.489s] Level 1:colcon.colcon_core.package_identification:_identify(src/turtlebot3_simulations/turtlebot3_gazebo) by extension 'colcon_meta'
[0.489s] Level 1:colcon.colcon_core.package_identification:_identify(src/turtlebot3_simulations/turtlebot3_gazebo) by extensions ['ros']
[0.489s] Level 1:colcon.colcon_core.package_identification:_identify(src/turtlebot3_simulations/turtlebot3_gazebo) by extension 'ros'
[0.489s] DEBUG:colcon.colcon_core.package_identification:Package 'src/turtlebot3_simulations/turtlebot3_gazebo' with type 'ros.ament_cmake' and name 'turtlebot3_gazebo'
[0.490s] Level 1:colcon.colcon_core.package_identification:_identify(src/turtlebot3_simulations/turtlebot3_simulations) by extensions ['ignore', 'ignore_ament_install']
[0.490s] Level 1:colcon.colcon_core.package_identification:_identify(src/turtlebot3_simulations/turtlebot3_simulations) by extension 'ignore'
[0.490s] Level 1:colcon.colcon_core.package_identification:_identify(src/turtlebot3_simulations/turtlebot3_simulations) by extension 'ignore_ament_install'
[0.490s] Level 1:colcon.colcon_core.package_identification:_identify(src/turtlebot3_simulations/turtlebot3_simulations) by extensions ['colcon_pkg']
[0.490s] Level 1:colcon.colcon_core.package_identification:_identify(src/turtlebot3_simulations/turtlebot3_simulations) by extension 'colcon_pkg'
[0.490s] Level 1:colcon.colcon_core.package_identification:_identify(src/turtlebot3_simulations/turtlebot3_simulations) by extensions ['colcon_meta']
[0.490s] Level 1:colcon.colcon_core.package_identification:_identify(src/turtlebot3_simulations/turtlebot3_simulations) by extension 'colcon_meta'
[0.490s] Level 1:colcon.colcon_core.package_identification:_identify(src/turtlebot3_simulations/turtlebot3_simulations) by extensions ['ros']
[0.490s] Level 1:colcon.colcon_core.package_identification:_identify(src/turtlebot3_simulations/turtlebot3_simulations) by extension 'ros'
[0.490s] DEBUG:colcon.colcon_core.package_identification:Package 'src/turtlebot3_simulations/turtlebot3_simulations' with type 'ros.ament_cmake' and name 'turtlebot3_simulations'
[0.490s] Level 1:colcon.colcon_core.package_discovery:discover_packages(recursive) using defaults
[0.490s] Level 1:colcon.colcon_core.package_discovery:discover_packages(ignore) discover
[0.490s] Level 1:colcon.colcon_core.package_discovery:discover_packages(ignore) using defaults
[0.490s] Level 1:colcon.colcon_core.package_discovery:discover_packages(path) discover
[0.490s] Level 1:colcon.colcon_core.package_discovery:discover_packages(path) using defaults
[0.533s] Level 1:colcon.colcon_core.package_discovery:discover_packages(prefix_path) check parameters
[0.533s] Level 1:colcon.colcon_core.package_discovery:discover_packages(prefix_path) discover
[0.546s] DEBUG:colcon.colcon_installed_package_information.package_discovery:Found 5 installed packages in /home/bctat/turtlebot3ros/turtlebot3_ws/install
[0.553s] DEBUG:colcon.colcon_installed_package_information.package_discovery:Found 376 installed packages in /opt/ros/humble
[0.554s] Level 1:colcon.colcon_core.package_discovery:discover_packages(prefix_path) using defaults
[0.612s] Level 5:colcon.colcon_core.verb:set package 'image_interfaces' build argument 'cmake_args' from command line to 'None'
[0.612s] Level 5:colcon.colcon_core.verb:set package 'image_interfaces' build argument 'cmake_target' from command line to 'None'
[0.612s] Level 5:colcon.colcon_core.verb:set package 'image_interfaces' build argument 'cmake_target_skip_unavailable' from command line to 'False'
[0.612s] Level 5:colcon.colcon_core.verb:set package 'image_interfaces' build argument 'cmake_clean_cache' from command line to 'False'
[0.612s] Level 5:colcon.colcon_core.verb:set package 'image_interfaces' build argument 'cmake_clean_first' from command line to 'False'
[0.612s] Level 5:colcon.colcon_core.verb:set package 'image_interfaces' build argument 'cmake_force_configure' from command line to 'False'
[0.612s] Level 5:colcon.colcon_core.verb:set package 'image_interfaces' build argument 'ament_cmake_args' from command line to 'None'
[0.612s] Level 5:colcon.colcon_core.verb:set package 'image_interfaces' build argument 'catkin_cmake_args' from command line to 'None'
[0.612s] Level 5:colcon.colcon_core.verb:set package 'image_interfaces' build argument 'catkin_skip_building_tests' from command line to 'False'
[0.612s] DEBUG:colcon.colcon_core.verb:Building package 'image_interfaces' with the following arguments: {'ament_cmake_args': None, 'build_base': '/home/bctat/turtlebot3ros/turtlebot3_ws/build/image_interfaces', 'catkin_cmake_args': None, 'catkin_skip_building_tests': False, 'cmake_args': None, 'cmake_clean_cache': False, 'cmake_clean_first': False, 'cmake_force_configure': False, 'cmake_target': None, 'cmake_target_skip_unavailable': False, 'install_base': '/home/bctat/turtlebot3ros/turtlebot3_ws/install/image_interfaces', 'merge_install': False, 'path': '/home/bctat/turtlebot3ros/turtlebot3_ws/src/image_interfaces', 'symlink_install': True, 'test_result_base': None}
[0.619s] Level 5:colcon.colcon_core.verb:set package 'turtlebot3_fake_node' build argument 'cmake_args' from command line to 'None'
[0.619s] Level 5:colcon.colcon_core.verb:set package 'turtlebot3_fake_node' build argument 'cmake_target' from command line to 'None'
[0.619s] Level 5:colcon.colcon_core.verb:set package 'turtlebot3_fake_node' build argument 'cmake_target_skip_unavailable' from command line to 'False'
[0.619s] Level 5:colcon.colcon_core.verb:set package 'turtlebot3_fake_node' build argument 'cmake_clean_cache' from command line to 'False'
[0.619s] Level 5:colcon.colcon_core.verb:set package 'turtlebot3_fake_node' build argument 'cmake_clean_first' from command line to 'False'
[0.619s] Level 5:colcon.colcon_core.verb:set package 'turtlebot3_fake_node' build argument 'cmake_force_configure' from command line to 'False'
[0.619s] Level 5:colcon.colcon_core.verb:set package 'turtlebot3_fake_node' build argument 'ament_cmake_args' from command line to 'None'
[0.619s] Level 5:colcon.colcon_core.verb:set package 'turtlebot3_fake_node' build argument 'catkin_cmake_args' from command line to 'None'
[0.619s] Level 5:colcon.colcon_core.verb:set package 'turtlebot3_fake_node' build argument 'catkin_skip_building_tests' from command line to 'False'
[0.619s] DEBUG:colcon.colcon_core.verb:Building package 'turtlebot3_fake_node' with the following arguments: {'ament_cmake_args': None, 'build_base': '/home/bctat/turtlebot3ros/turtlebot3_ws/build/turtlebot3_fake_node', 'catkin_cmake_args': None, 'catkin_skip_building_tests': False, 'cmake_args': None, 'cmake_clean_cache': False, 'cmake_clean_first': False, 'cmake_force_configure': False, 'cmake_target': None, 'cmake_target_skip_unavailable': False, 'install_base': '/home/bctat/turtlebot3ros/turtlebot3_ws/install/turtlebot3_fake_node', 'merge_install': False, 'path': '/home/bctat/turtlebot3ros/turtlebot3_ws/src/turtlebot3_simulations/turtlebot3_fake_node', 'symlink_install': True, 'test_result_base': None}
[0.625s] Level 5:colcon.colcon_core.verb:set package 'turtlebot3_gazebo' build argument 'cmake_args' from command line to 'None'
[0.625s] Level 5:colcon.colcon_core.verb:set package 'turtlebot3_gazebo' build argument 'cmake_target' from command line to 'None'
[0.625s] Level 5:colcon.colcon_core.verb:set package 'turtlebot3_gazebo' build argument 'cmake_target_skip_unavailable' from command line to 'False'
[0.625s] Level 5:colcon.colcon_core.verb:set package 'turtlebot3_gazebo' build argument 'cmake_clean_cache' from command line to 'False'
[0.625s] Level 5:colcon.colcon_core.verb:set package 'turtlebot3_gazebo' build argument 'cmake_clean_first' from command line to 'False'
[0.625s] Level 5:colcon.colcon_core.verb:set package 'turtlebot3_gazebo' build argument 'cmake_force_configure' from command line to 'False'
[0.625s] Level 5:colcon.colcon_core.verb:set package 'turtlebot3_gazebo' build argument 'ament_cmake_args' from command line to 'None'
[0.625s] Level 5:colcon.colcon_core.verb:set package 'turtlebot3_gazebo' build argument 'catkin_cmake_args' from command line to 'None'
[0.625s] Level 5:colcon.colcon_core.verb:set package 'turtlebot3_gazebo' build argument 'catkin_skip_building_tests' from command line to 'False'
[0.625s] DEBUG:colcon.colcon_core.verb:Building package 'turtlebot3_gazebo' with the following arguments: {'ament_cmake_args': None, 'build_base': '/home/bctat/turtlebot3ros/turtlebot3_ws/build/turtlebot3_gazebo', 'catkin_cmake_args': None, 'catkin_skip_building_tests': False, 'cmake_args': None, 'cmake_clean_cache': False, 'cmake_clean_first': False, 'cmake_force_configure': False, 'cmake_target': None, 'cmake_target_skip_unavailable': False, 'install_base': '/home/bctat/turtlebot3ros/turtlebot3_ws/install/turtlebot3_gazebo', 'merge_install': False, 'path': '/home/bctat/turtlebot3ros/turtlebot3_ws/src/turtlebot3_simulations/turtlebot3_gazebo', 'symlink_install': True, 'test_result_base': None}
[0.631s] Level 5:colcon.colcon_core.verb:set package 'turtlebot3_controller' build argument 'cmake_args' from command line to 'None'
[0.632s] Level 5:colcon.colcon_core.verb:set package 'turtlebot3_controller' build argument 'cmake_target' from command line to 'None'
[0.632s] Level 5:colcon.colcon_core.verb:set package 'turtlebot3_controller' build argument 'cmake_target_skip_unavailable' from command line to 'False'
[0.632s] Level 5:colcon.colcon_core.verb:set package 'turtlebot3_controller' build argument 'cmake_clean_cache' from command line to 'False'
[0.632s] Level 5:colcon.colcon_core.verb:set package 'turtlebot3_controller' build argument 'cmake_clean_first' from command line to 'False'
[0.632s] Level 5:colcon.colcon_core.verb:set package 'turtlebot3_controller' build argument 'cmake_force_configure' from command line to 'False'
[0.632s] Level 5:colcon.colcon_core.verb:set package 'turtlebot3_controller' build argument 'ament_cmake_args' from command line to 'None'
[0.632s] Level 5:colcon.colcon_core.verb:set package 'turtlebot3_controller' build argument 'catkin_cmake_args' from command line to 'None'
[0.632s] Level 5:colcon.colcon_core.verb:set package 'turtlebot3_controller' build argument 'catkin_skip_building_tests' from command line to 'False'
[0.632s] DEBUG:colcon.colcon_core.verb:Building package 'turtlebot3_controller' with the following arguments: {'ament_cmake_args': None, 'build_base': '/home/bctat/turtlebot3ros/turtlebot3_ws/build/turtlebot3_controller', 'catkin_cmake_args': None, 'catkin_skip_building_tests': False, 'cmake_args': None, 'cmake_clean_cache': False, 'cmake_clean_first': False, 'cmake_force_configure': False, 'cmake_target': None, 'cmake_target_skip_unavailable': False, 'install_base': '/home/bctat/turtlebot3ros/turtlebot3_ws/install/turtlebot3_controller', 'merge_install': False, 'path': '/home/bctat/turtlebot3ros/turtlebot3_ws/src/turtlebot3_controller', 'symlink_install': True, 'test_result_base': None}
[0.638s] Level 5:colcon.colcon_core.verb:set package 'turtlebot3_simulations' build argument 'cmake_args' from command line to 'None'
[0.638s] Level 5:colcon.colcon_core.verb:set package 'turtlebot3_simulations' build argument 'cmake_target' from command line to 'None'
[0.638s] Level 5:colcon.colcon_core.verb:set package 'turtlebot3_simulations' build argument 'cmake_target_skip_unavailable' from command line to 'False'
[0.638s] Level 5:colcon.colcon_core.verb:set package 'turtlebot3_simulations' build argument 'cmake_clean_cache' from command line to 'False'
[0.638s] Level 5:colcon.colcon_core.verb:set package 'turtlebot3_simulations' build argument 'cmake_clean_first' from command line to 'False'
[0.638s] Level 5:colcon.colcon_core.verb:set package 'turtlebot3_simulations' build argument 'cmake_force_configure' from command line to 'False'
[0.638s] Level 5:colcon.colcon_core.verb:set package 'turtlebot3_simulations' build argument 'ament_cmake_args' from command line to 'None'
[0.638s] Level 5:colcon.colcon_core.verb:set package 'turtlebot3_simulations' build argument 'catkin_cmake_args' from command line to 'None'
[0.638s] Level 5:colcon.colcon_core.verb:set package 'turtlebot3_simulations' build argument 'catkin_skip_building_tests' from command line to 'False'
[0.638s] DEBUG:colcon.colcon_core.verb:Building package 'turtlebot3_simulations' with the following arguments: {'ament_cmake_args': None, 'build_base': '/home/bctat/turtlebot3ros/turtlebot3_ws/build/turtlebot3_simulations', 'catkin_cmake_args': None, 'catkin_skip_building_tests': False, 'cmake_args': None, 'cmake_clean_cache': False, 'cmake_clean_first': False, 'cmake_force_configure': False, 'cmake_target': None, 'cmake_target_skip_unavailable': False, 'install_base': '/home/bctat/turtlebot3ros/turtlebot3_ws/install/turtlebot3_simulations', 'merge_install': False, 'path': '/home/bctat/turtlebot3ros/turtlebot3_ws/src/turtlebot3_simulations/turtlebot3_simulations', 'symlink_install': True, 'test_result_base': None}
[0.644s] INFO:colcon.colcon_core.executor:Executing jobs using 'parallel' executor
[0.651s] DEBUG:colcon.colcon_parallel_executor.executor.parallel:run_until_complete
[0.651s] INFO:colcon.colcon_ros.task.ament_cmake.build:Building ROS package in '/home/bctat/turtlebot3ros/turtlebot3_ws/src/image_interfaces' with build type 'ament_cmake'
[0.651s] INFO:colcon.colcon_cmake.task.cmake.build:Building CMake package in '/home/bctat/turtlebot3ros/turtlebot3_ws/src/image_interfaces'
[0.660s] INFO:colcon.colcon_core.plugin_system:Skipping extension 'colcon_core.shell.bat': Not used on non-Windows systems
[0.660s] INFO:colcon.colcon_core.shell:Skip shell extension 'powershell' for command environment: Not usable outside of PowerShell
[0.660s] DEBUG:colcon.colcon_core.shell:Skip shell extension 'dsv' for command environment
[0.681s] INFO:colcon.colcon_ros.task.ament_cmake.build:Building ROS package in '/home/bctat/turtlebot3ros/turtlebot3_ws/src/turtlebot3_simulations/turtlebot3_fake_node' with build type 'ament_cmake'
[0.681s] INFO:colcon.colcon_cmake.task.cmake.build:Building CMake package in '/home/bctat/turtlebot3ros/turtlebot3_ws/src/turtlebot3_simulations/turtlebot3_fake_node'
[0.688s] INFO:colcon.colcon_core.shell:Skip shell extension 'powershell' for command environment: Not usable outside of PowerShell
[0.688s] DEBUG:colcon.colcon_core.shell:Skip shell extension 'dsv' for command environment
[0.708s] INFO:colcon.colcon_ros.task.ament_cmake.build:Building ROS package in '/home/bctat/turtlebot3ros/turtlebot3_ws/src/turtlebot3_simulations/turtlebot3_gazebo' with build type 'ament_cmake'
[0.708s] INFO:colcon.colcon_cmake.task.cmake.build:Building CMake package in '/home/bctat/turtlebot3ros/turtlebot3_ws/src/turtlebot3_simulations/turtlebot3_gazebo'
[0.715s] INFO:colcon.colcon_core.shell:Skip shell extension 'powershell' for command environment: Not usable outside of PowerShell
[0.715s] DEBUG:colcon.colcon_core.shell:Skip shell extension 'dsv' for command environment
[0.740s] DEBUG:colcon.colcon_core.event_handler.log_command:Invoking command in '/home/bctat/turtlebot3ros/turtlebot3_ws/build/image_interfaces': CMAKE_PREFIX_PATH=${CMAKE_PREFIX_PATH}:/home/bctat/turtlebot3ros/turtlebot3_ws/install/turtlebot3_controller:/opt/ros/humble /usr/bin/cmake --build /home/bctat/turtlebot3ros/turtlebot3_ws/build/image_interfaces -- -j12 -l12
[0.741s] DEBUG:colcon.colcon_core.event_handler.log_command:Invoking command in '/home/bctat/turtlebot3ros/turtlebot3_ws/build/turtlebot3_fake_node': CMAKE_PREFIX_PATH=${CMAKE_PREFIX_PATH}:/home/bctat/turtlebot3ros/turtlebot3_ws/install/turtlebot3_controller:/opt/ros/humble /usr/bin/cmake --build /home/bctat/turtlebot3ros/turtlebot3_ws/build/turtlebot3_fake_node -- -j12 -l12
[0.744s] DEBUG:colcon.colcon_core.event_handler.log_command:Invoking command in '/home/bctat/turtlebot3ros/turtlebot3_ws/build/turtlebot3_gazebo': CMAKE_PREFIX_PATH=${CMAKE_PREFIX_PATH}:/home/bctat/turtlebot3ros/turtlebot3_ws/install/turtlebot3_controller:/opt/ros/humble /usr/bin/cmake --build /home/bctat/turtlebot3ros/turtlebot3_ws/build/turtlebot3_gazebo -- -j12 -l12
[0.808s] DEBUG:colcon.colcon_core.event_handler.log_command:Invoked command in '/home/bctat/turtlebot3ros/turtlebot3_ws/build/turtlebot3_fake_node' returned '0': CMAKE_PREFIX_PATH=${CMAKE_PREFIX_PATH}:/home/bctat/turtlebot3ros/turtlebot3_ws/install/turtlebot3_controller:/opt/ros/humble /usr/bin/cmake --build /home/bctat/turtlebot3ros/turtlebot3_ws/build/turtlebot3_fake_node -- -j12 -l12
[0.827s] DEBUG:colcon.colcon_core.event_handler.log_command:Invoking command in '/home/bctat/turtlebot3ros/turtlebot3_ws/build/turtlebot3_fake_node': CMAKE_PREFIX_PATH=${CMAKE_PREFIX_PATH}:/home/bctat/turtlebot3ros/turtlebot3_ws/install/turtlebot3_controller:/opt/ros/humble /usr/bin/cmake --install /home/bctat/turtlebot3ros/turtlebot3_ws/build/turtlebot3_fake_node
[0.841s] Level 1:colcon.colcon_core.environment:create_environment_scripts_only(turtlebot3_fake_node)
[0.841s] DEBUG:colcon.colcon_core.event_handler.log_command:Invoked command in '/home/bctat/turtlebot3ros/turtlebot3_ws/build/turtlebot3_fake_node' returned '0': CMAKE_PREFIX_PATH=${CMAKE_PREFIX_PATH}:/home/bctat/turtlebot3ros/turtlebot3_ws/install/turtlebot3_controller:/opt/ros/humble /usr/bin/cmake --install /home/bctat/turtlebot3ros/turtlebot3_ws/build/turtlebot3_fake_node
[0.853s] Level 1:colcon.colcon_core.environment:checking '/home/bctat/turtlebot3ros/turtlebot3_ws/install/turtlebot3_fake_node' for CMake module files
[0.853s] Level 1:colcon.colcon_core.environment:checking '/home/bctat/turtlebot3ros/turtlebot3_ws/install/turtlebot3_fake_node' for CMake config files
[0.853s] Level 1:colcon.colcon_core.shell:create_environment_hook('turtlebot3_fake_node', 'cmake_prefix_path')
[0.861s] INFO:colcon.colcon_core.shell:Creating environment hook '/home/bctat/turtlebot3ros/turtlebot3_ws/install/turtlebot3_fake_node/share/turtlebot3_fake_node/hook/cmake_prefix_path.ps1'
[0.862s] INFO:colcon.colcon_core.shell:Creating environment descriptor '/home/bctat/turtlebot3ros/turtlebot3_ws/install/turtlebot3_fake_node/share/turtlebot3_fake_node/hook/cmake_prefix_path.dsv'
[0.862s] INFO:colcon.colcon_core.shell:Creating environment hook '/home/bctat/turtlebot3ros/turtlebot3_ws/install/turtlebot3_fake_node/share/turtlebot3_fake_node/hook/cmake_prefix_path.sh'
[0.863s] Level 1:colcon.colcon_core.environment:checking '/home/bctat/turtlebot3ros/turtlebot3_ws/install/turtlebot3_fake_node/lib'
[0.863s] Level 1:colcon.colcon_core.environment:checking '/home/bctat/turtlebot3ros/turtlebot3_ws/install/turtlebot3_fake_node/bin'
[0.863s] Level 1:colcon.colcon_core.environment:checking '/home/bctat/turtlebot3ros/turtlebot3_ws/install/turtlebot3_fake_node/lib/pkgconfig/turtlebot3_fake_node.pc'
[0.863s] Level 1:colcon.colcon_core.environment:checking '/home/bctat/turtlebot3ros/turtlebot3_ws/install/turtlebot3_fake_node/lib/python3.10/site-packages'
[0.864s] Level 1:colcon.colcon_core.environment:checking '/home/bctat/turtlebot3ros/turtlebot3_ws/install/turtlebot3_fake_node/bin'
[0.871s] INFO:colcon.colcon_core.shell:Creating package script '/home/bctat/turtlebot3ros/turtlebot3_ws/install/turtlebot3_fake_node/share/turtlebot3_fake_node/package.ps1'
[0.871s] INFO:colcon.colcon_core.shell:Creating package descriptor '/home/bctat/turtlebot3ros/turtlebot3_ws/install/turtlebot3_fake_node/share/turtlebot3_fake_node/package.dsv'
[0.872s] INFO:colcon.colcon_core.shell:Creating package script '/home/bctat/turtlebot3ros/turtlebot3_ws/install/turtlebot3_fake_node/share/turtlebot3_fake_node/package.sh'
[0.872s] INFO:colcon.colcon_core.shell:Creating package script '/home/bctat/turtlebot3ros/turtlebot3_ws/install/turtlebot3_fake_node/share/turtlebot3_fake_node/package.bash'
[0.873s] INFO:colcon.colcon_core.shell:Creating package script '/home/bctat/turtlebot3ros/turtlebot3_ws/install/turtlebot3_fake_node/share/turtlebot3_fake_node/package.zsh'
[0.873s] Level 1:colcon.colcon_core.environment:create_file_with_runtime_dependencies(/home/bctat/turtlebot3ros/turtlebot3_ws/install/turtlebot3_fake_node/share/colcon-core/packages/turtlebot3_fake_node)
[0.875s] DEBUG:colcon.colcon_core.event_handler.log_command:Invoked command in '/home/bctat/turtlebot3ros/turtlebot3_ws/build/turtlebot3_gazebo' returned '0': CMAKE_PREFIX_PATH=${CMAKE_PREFIX_PATH}:/home/bctat/turtlebot3ros/turtlebot3_ws/install/turtlebot3_controller:/opt/ros/humble /usr/bin/cmake --build /home/bctat/turtlebot3ros/turtlebot3_ws/build/turtlebot3_gazebo -- -j12 -l12
[0.894s] Level 1:colcon.colcon_core.environment:create_environment_scripts_only(turtlebot3_fake_node)
[0.901s] Level 1:colcon.colcon_core.environment:checking '/home/bctat/turtlebot3ros/turtlebot3_ws/install/turtlebot3_fake_node' for CMake module files
[0.901s] Level 1:colcon.colcon_core.environment:checking '/home/bctat/turtlebot3ros/turtlebot3_ws/install/turtlebot3_fake_node' for CMake config files
[0.901s] Level 1:colcon.colcon_core.shell:create_environment_hook('turtlebot3_fake_node', 'cmake_prefix_path')
[0.908s] INFO:colcon.colcon_core.shell:Creating environment hook '/home/bctat/turtlebot3ros/turtlebot3_ws/install/turtlebot3_fake_node/share/turtlebot3_fake_node/hook/cmake_prefix_path.ps1'
[0.908s] INFO:colcon.colcon_core.shell:Creating environment descriptor '/home/bctat/turtlebot3ros/turtlebot3_ws/install/turtlebot3_fake_node/share/turtlebot3_fake_node/hook/cmake_prefix_path.dsv'
[0.908s] INFO:colcon.colcon_core.shell:Creating environment hook '/home/bctat/turtlebot3ros/turtlebot3_ws/install/turtlebot3_fake_node/share/turtlebot3_fake_node/hook/cmake_prefix_path.sh'
[0.908s] Level 1:colcon.colcon_core.environment:checking '/home/bctat/turtlebot3ros/turtlebot3_ws/install/turtlebot3_fake_node/lib'
[0.908s] Level 1:colcon.colcon_core.environment:checking '/home/bctat/turtlebot3ros/turtlebot3_ws/install/turtlebot3_fake_node/bin'
[0.908s] Level 1:colcon.colcon_core.environment:checking '/home/bctat/turtlebot3ros/turtlebot3_ws/install/turtlebot3_fake_node/lib/pkgconfig/turtlebot3_fake_node.pc'
[0.908s] Level 1:colcon.colcon_core.environment:checking '/home/bctat/turtlebot3ros/turtlebot3_ws/install/turtlebot3_fake_node/lib/python3.10/site-packages'
[0.909s] Level 1:colcon.colcon_core.environment:checking '/home/bctat/turtlebot3ros/turtlebot3_ws/install/turtlebot3_fake_node/bin'
[0.915s] INFO:colcon.colcon_core.shell:Creating package script '/home/bctat/turtlebot3ros/turtlebot3_ws/install/turtlebot3_fake_node/share/turtlebot3_fake_node/package.ps1'
[0.916s] INFO:colcon.colcon_core.shell:Creating package descriptor '/home/bctat/turtlebot3ros/turtlebot3_ws/install/turtlebot3_fake_node/share/turtlebot3_fake_node/package.dsv'
[0.916s] INFO:colcon.colcon_core.shell:Creating package script '/home/bctat/turtlebot3ros/turtlebot3_ws/install/turtlebot3_fake_node/share/turtlebot3_fake_node/package.sh'
[0.916s] INFO:colcon.colcon_core.shell:Creating package script '/home/bctat/turtlebot3ros/turtlebot3_ws/install/turtlebot3_fake_node/share/turtlebot3_fake_node/package.bash'
[0.916s] INFO:colcon.colcon_core.shell:Creating package script '/home/bctat/turtlebot3ros/turtlebot3_ws/install/turtlebot3_fake_node/share/turtlebot3_fake_node/package.zsh'
[0.916s] Level 1:colcon.colcon_core.environment:create_file_with_runtime_dependencies(/home/bctat/turtlebot3ros/turtlebot3_ws/install/turtlebot3_fake_node/share/colcon-core/packages/turtlebot3_fake_node)
[0.918s] DEBUG:colcon.colcon_core.event_handler.log_command:Invoking command in '/home/bctat/turtlebot3ros/turtlebot3_ws/build/turtlebot3_gazebo': CMAKE_PREFIX_PATH=${CMAKE_PREFIX_PATH}:/home/bctat/turtlebot3ros/turtlebot3_ws/install/turtlebot3_controller:/opt/ros/humble /usr/bin/cmake --install /home/bctat/turtlebot3ros/turtlebot3_ws/build/turtlebot3_gazebo
[0.945s] Level 1:colcon.colcon_core.environment:create_environment_scripts_only(turtlebot3_gazebo)
[0.945s] DEBUG:colcon.colcon_core.event_handler.log_command:Invoked command in '/home/bctat/turtlebot3ros/turtlebot3_ws/build/turtlebot3_gazebo' returned '0': CMAKE_PREFIX_PATH=${CMAKE_PREFIX_PATH}:/home/bctat/turtlebot3ros/turtlebot3_ws/install/turtlebot3_controller:/opt/ros/humble /usr/bin/cmake --install /home/bctat/turtlebot3ros/turtlebot3_ws/build/turtlebot3_gazebo
[0.953s] Level 1:colcon.colcon_core.environment:checking '/home/bctat/turtlebot3ros/turtlebot3_ws/install/turtlebot3_gazebo' for CMake module files
[0.953s] Level 1:colcon.colcon_core.environment:checking '/home/bctat/turtlebot3ros/turtlebot3_ws/install/turtlebot3_gazebo' for CMake config files
[0.953s] Level 1:colcon.colcon_core.shell:create_environment_hook('turtlebot3_gazebo', 'cmake_prefix_path')
[0.960s] INFO:colcon.colcon_core.shell:Creating environment hook '/home/bctat/turtlebot3ros/turtlebot3_ws/install/turtlebot3_gazebo/share/turtlebot3_gazebo/hook/cmake_prefix_path.ps1'
[0.961s] INFO:colcon.colcon_core.shell:Creating environment descriptor '/home/bctat/turtlebot3ros/turtlebot3_ws/install/turtlebot3_gazebo/share/turtlebot3_gazebo/hook/cmake_prefix_path.dsv'
[0.961s] INFO:colcon.colcon_core.shell:Creating environment hook '/home/bctat/turtlebot3ros/turtlebot3_ws/install/turtlebot3_gazebo/share/turtlebot3_gazebo/hook/cmake_prefix_path.sh'
[0.961s] Level 1:colcon.colcon_core.environment:checking '/home/bctat/turtlebot3ros/turtlebot3_ws/install/turtlebot3_gazebo/lib'
[0.961s] Level 1:colcon.colcon_core.environment:checking '/home/bctat/turtlebot3ros/turtlebot3_ws/install/turtlebot3_gazebo/bin'
[0.961s] Level 1:colcon.colcon_core.environment:checking '/home/bctat/turtlebot3ros/turtlebot3_ws/install/turtlebot3_gazebo/lib/pkgconfig/turtlebot3_gazebo.pc'
[0.961s] Level 1:colcon.colcon_core.environment:checking '/home/bctat/turtlebot3ros/turtlebot3_ws/install/turtlebot3_gazebo/lib/python3.10/site-packages'
[0.961s] Level 1:colcon.colcon_core.environment:checking '/home/bctat/turtlebot3ros/turtlebot3_ws/install/turtlebot3_gazebo/bin'
[0.969s] INFO:colcon.colcon_core.shell:Creating package script '/home/bctat/turtlebot3ros/turtlebot3_ws/install/turtlebot3_gazebo/share/turtlebot3_gazebo/package.ps1'
[0.969s] INFO:colcon.colcon_core.shell:Creating package descriptor '/home/bctat/turtlebot3ros/turtlebot3_ws/install/turtlebot3_gazebo/share/turtlebot3_gazebo/package.dsv'
[0.969s] INFO:colcon.colcon_core.shell:Creating package script '/home/bctat/turtlebot3ros/turtlebot3_ws/install/turtlebot3_gazebo/share/turtlebot3_gazebo/package.sh'
[0.969s] INFO:colcon.colcon_core.shell:Creating package script '/home/bctat/turtlebot3ros/turtlebot3_ws/install/turtlebot3_gazebo/share/turtlebot3_gazebo/package.bash'
[0.969s] INFO:colcon.colcon_core.shell:Creating package script '/home/bctat/turtlebot3ros/turtlebot3_ws/install/turtlebot3_gazebo/share/turtlebot3_gazebo/package.zsh'
[0.970s] Level 1:colcon.colcon_core.environment:create_file_with_runtime_dependencies(/home/bctat/turtlebot3ros/turtlebot3_ws/install/turtlebot3_gazebo/share/colcon-core/packages/turtlebot3_gazebo)
[0.974s] DEBUG:colcon.colcon_core.event_handler.log_command:Invoked command in '/home/bctat/turtlebot3ros/turtlebot3_ws/build/image_interfaces' returned '0': CMAKE_PREFIX_PATH=${CMAKE_PREFIX_PATH}:/home/bctat/turtlebot3ros/turtlebot3_ws/install/turtlebot3_controller:/opt/ros/humble /usr/bin/cmake --build /home/bctat/turtlebot3ros/turtlebot3_ws/build/image_interfaces -- -j12 -l12
[0.994s] Level 1:colcon.colcon_core.environment:create_environment_scripts_only(turtlebot3_gazebo)
[1.000s] Level 1:colcon.colcon_core.environment:checking '/home/bctat/turtlebot3ros/turtlebot3_ws/install/turtlebot3_gazebo' for CMake module files
[1.001s] Level 1:colcon.colcon_core.environment:checking '/home/bctat/turtlebot3ros/turtlebot3_ws/install/turtlebot3_gazebo' for CMake config files
[1.001s] Level 1:colcon.colcon_core.shell:create_environment_hook('turtlebot3_gazebo', 'cmake_prefix_path')
[1.008s] INFO:colcon.colcon_core.shell:Creating environment hook '/home/bctat/turtlebot3ros/turtlebot3_ws/install/turtlebot3_gazebo/share/turtlebot3_gazebo/hook/cmake_prefix_path.ps1'
[1.008s] INFO:colcon.colcon_core.shell:Creating environment descriptor '/home/bctat/turtlebot3ros/turtlebot3_ws/install/turtlebot3_gazebo/share/turtlebot3_gazebo/hook/cmake_prefix_path.dsv'
[1.008s] INFO:colcon.colcon_core.shell:Creating environment hook '/home/bctat/turtlebot3ros/turtlebot3_ws/install/turtlebot3_gazebo/share/turtlebot3_gazebo/hook/cmake_prefix_path.sh'
[1.009s] Level 1:colcon.colcon_core.environment:checking '/home/bctat/turtlebot3ros/turtlebot3_ws/install/turtlebot3_gazebo/lib'
[1.009s] Level 1:colcon.colcon_core.environment:checking '/home/bctat/turtlebot3ros/turtlebot3_ws/install/turtlebot3_gazebo/bin'
[1.009s] Level 1:colcon.colcon_core.environment:checking '/home/bctat/turtlebot3ros/turtlebot3_ws/install/turtlebot3_gazebo/lib/pkgconfig/turtlebot3_gazebo.pc'
[1.009s] Level 1:colcon.colcon_core.environment:checking '/home/bctat/turtlebot3ros/turtlebot3_ws/install/turtlebot3_gazebo/lib/python3.10/site-packages'
[1.009s] Level 1:colcon.colcon_core.environment:checking '/home/bctat/turtlebot3ros/turtlebot3_ws/install/turtlebot3_gazebo/bin'
[1.016s] INFO:colcon.colcon_core.shell:Creating package script '/home/bctat/turtlebot3ros/turtlebot3_ws/install/turtlebot3_gazebo/share/turtlebot3_gazebo/package.ps1'
[1.016s] INFO:colcon.colcon_core.shell:Creating package descriptor '/home/bctat/turtlebot3ros/turtlebot3_ws/install/turtlebot3_gazebo/share/turtlebot3_gazebo/package.dsv'
[1.017s] INFO:colcon.colcon_core.shell:Creating package script '/home/bctat/turtlebot3ros/turtlebot3_ws/install/turtlebot3_gazebo/share/turtlebot3_gazebo/package.sh'
[1.017s] INFO:colcon.colcon_core.shell:Creating package script '/home/bctat/turtlebot3ros/turtlebot3_ws/install/turtlebot3_gazebo/share/turtlebot3_gazebo/package.bash'
[1.017s] INFO:colcon.colcon_core.shell:Creating package script '/home/bctat/turtlebot3ros/turtlebot3_ws/install/turtlebot3_gazebo/share/turtlebot3_gazebo/package.zsh'
[1.017s] Level 1:colcon.colcon_core.environment:create_file_with_runtime_dependencies(/home/bctat/turtlebot3ros/turtlebot3_ws/install/turtlebot3_gazebo/share/colcon-core/packages/turtlebot3_gazebo)
[1.018s] INFO:colcon.colcon_ros.task.ament_cmake.build:Building ROS package in '/home/bctat/turtlebot3ros/turtlebot3_ws/src/turtlebot3_simulations/turtlebot3_simulations' with build type 'ament_cmake'
[1.018s] INFO:colcon.colcon_cmake.task.cmake.build:Building CMake package in '/home/bctat/turtlebot3ros/turtlebot3_ws/src/turtlebot3_simulations/turtlebot3_simulations'
[1.025s] INFO:colcon.colcon_core.shell:Skip shell extension 'powershell' for command environment: Not usable outside of PowerShell
[1.025s] DEBUG:colcon.colcon_core.shell:Skip shell extension 'dsv' for command environment
[1.048s] DEBUG:colcon.colcon_core.event_handler.log_command:Invoking command in '/home/bctat/turtlebot3ros/turtlebot3_ws/build/image_interfaces': CMAKE_PREFIX_PATH=${CMAKE_PREFIX_PATH}:/home/bctat/turtlebot3ros/turtlebot3_ws/install/turtlebot3_controller:/opt/ros/humble /usr/bin/cmake --install /home/bctat/turtlebot3ros/turtlebot3_ws/build/image_interfaces
[1.051s] DEBUG:colcon.colcon_core.event_handler.log_command:Invoking command in '/home/bctat/turtlebot3ros/turtlebot3_ws/build/turtlebot3_simulations': CMAKE_PREFIX_PATH=/home/bctat/turtlebot3ros/turtlebot3_ws/install/turtlebot3_gazebo:/home/bctat/turtlebot3ros/turtlebot3_ws/install/turtlebot3_fake_node:/home/bctat/turtlebot3ros/turtlebot3_ws/install/turtlebot3_simulations:/home/bctat/turtlebot3ros/turtlebot3_ws/install/image_interfaces:/home/bctat/turtlebot3ros/turtlebot3_ws/install/turtlebot3_controller:/opt/ros/humble /usr/bin/cmake --build /home/bctat/turtlebot3ros/turtlebot3_ws/build/turtlebot3_simulations -- -j12 -l12
[1.075s] DEBUG:colcon.colcon_core.event_handler.log_command:Invoked command in '/home/bctat/turtlebot3ros/turtlebot3_ws/build/turtlebot3_simulations' returned '0': CMAKE_PREFIX_PATH=/home/bctat/turtlebot3ros/turtlebot3_ws/install/turtlebot3_gazebo:/home/bctat/turtlebot3ros/turtlebot3_ws/install/turtlebot3_fake_node:/home/bctat/turtlebot3ros/turtlebot3_ws/install/turtlebot3_simulations:/home/bctat/turtlebot3ros/turtlebot3_ws/install/image_interfaces:/home/bctat/turtlebot3ros/turtlebot3_ws/install/turtlebot3_controller:/opt/ros/humble /usr/bin/cmake --build /home/bctat/turtlebot3ros/turtlebot3_ws/build/turtlebot3_simulations -- -j12 -l12
[1.087s] DEBUG:colcon.colcon_core.event_handler.log_command:Invoking command in '/home/bctat/turtlebot3ros/turtlebot3_ws/build/turtlebot3_simulations': CMAKE_PREFIX_PATH=/home/bctat/turtlebot3ros/turtlebot3_ws/install/turtlebot3_gazebo:/home/bctat/turtlebot3ros/turtlebot3_ws/install/turtlebot3_fake_node:/home/bctat/turtlebot3ros/turtlebot3_ws/install/turtlebot3_simulations:/home/bctat/turtlebot3ros/turtlebot3_ws/install/image_interfaces:/home/bctat/turtlebot3ros/turtlebot3_ws/install/turtlebot3_controller:/opt/ros/humble /usr/bin/cmake --install /home/bctat/turtlebot3ros/turtlebot3_ws/build/turtlebot3_simulations
[1.093s] Level 1:colcon.colcon_core.environment:create_environment_scripts_only(image_interfaces)
[1.093s] DEBUG:colcon.colcon_core.event_handler.log_command:Invoked command in '/home/bctat/turtlebot3ros/turtlebot3_ws/build/image_interfaces' returned '0': CMAKE_PREFIX_PATH=${CMAKE_PREFIX_PATH}:/home/bctat/turtlebot3ros/turtlebot3_ws/install/turtlebot3_controller:/opt/ros/humble /usr/bin/cmake --install /home/bctat/turtlebot3ros/turtlebot3_ws/build/image_interfaces
[1.101s] Level 1:colcon.colcon_core.environment:checking '/home/bctat/turtlebot3ros/turtlebot3_ws/install/image_interfaces' for CMake module files
[1.101s] Level 1:colcon.colcon_core.environment:checking '/home/bctat/turtlebot3ros/turtlebot3_ws/install/image_interfaces' for CMake config files
[1.101s] Level 1:colcon.colcon_core.shell:create_environment_hook('image_interfaces', 'cmake_prefix_path')
[1.108s] INFO:colcon.colcon_core.shell:Creating environment hook '/home/bctat/turtlebot3ros/turtlebot3_ws/install/image_interfaces/share/image_interfaces/hook/cmake_prefix_path.ps1'
[1.108s] INFO:colcon.colcon_core.shell:Creating environment descriptor '/home/bctat/turtlebot3ros/turtlebot3_ws/install/image_interfaces/share/image_interfaces/hook/cmake_prefix_path.dsv'
[1.108s] INFO:colcon.colcon_core.shell:Creating environment hook '/home/bctat/turtlebot3ros/turtlebot3_ws/install/image_interfaces/share/image_interfaces/hook/cmake_prefix_path.sh'
[1.109s] Level 1:colcon.colcon_core.environment:checking '/home/bctat/turtlebot3ros/turtlebot3_ws/install/image_interfaces/lib'
[1.109s] Level 1:colcon.colcon_core.shell:create_environment_hook('image_interfaces', 'ld_library_path_lib')
[1.115s] INFO:colcon.colcon_core.shell:Creating environment hook '/home/bctat/turtlebot3ros/turtlebot3_ws/install/image_interfaces/share/image_interfaces/hook/ld_library_path_lib.ps1'
[1.116s] INFO:colcon.colcon_core.shell:Creating environment descriptor '/home/bctat/turtlebot3ros/turtlebot3_ws/install/image_interfaces/share/image_interfaces/hook/ld_library_path_lib.dsv'
[1.116s] INFO:colcon.colcon_core.shell:Creating environment hook '/home/bctat/turtlebot3ros/turtlebot3_ws/install/image_interfaces/share/image_interfaces/hook/ld_library_path_lib.sh'
[1.116s] Level 1:colcon.colcon_core.environment:checking '/home/bctat/turtlebot3ros/turtlebot3_ws/install/image_interfaces/bin'
[1.116s] Level 1:colcon.colcon_core.environment:checking '/home/bctat/turtlebot3ros/turtlebot3_ws/install/image_interfaces/lib/pkgconfig/image_interfaces.pc'
[1.116s] Level 1:colcon.colcon_core.environment:checking '/home/bctat/turtlebot3ros/turtlebot3_ws/install/image_interfaces/lib/python3.10/site-packages'
[1.116s] Level 1:colcon.colcon_core.environment:checking '/home/bctat/turtlebot3ros/turtlebot3_ws/install/image_interfaces/bin'
[1.122s] INFO:colcon.colcon_core.shell:Creating package script '/home/bctat/turtlebot3ros/turtlebot3_ws/install/image_interfaces/share/image_interfaces/package.ps1'
[1.123s] INFO:colcon.colcon_core.shell:Creating package descriptor '/home/bctat/turtlebot3ros/turtlebot3_ws/install/image_interfaces/share/image_interfaces/package.dsv'
[1.123s] INFO:colcon.colcon_core.shell:Creating package script '/home/bctat/turtlebot3ros/turtlebot3_ws/install/image_interfaces/share/image_interfaces/package.sh'
[1.123s] INFO:colcon.colcon_core.shell:Creating package script '/home/bctat/turtlebot3ros/turtlebot3_ws/install/image_interfaces/share/image_interfaces/package.bash'
[1.123s] INFO:colcon.colcon_core.shell:Creating package script '/home/bctat/turtlebot3ros/turtlebot3_ws/install/image_interfaces/share/image_interfaces/package.zsh'
[1.123s] Level 1:colcon.colcon_core.environment:create_file_with_runtime_dependencies(/home/bctat/turtlebot3ros/turtlebot3_ws/install/image_interfaces/share/colcon-core/packages/image_interfaces)
[1.124s] Level 1:colcon.colcon_core.environment:create_environment_scripts_only(turtlebot3_simulations)
[1.125s] DEBUG:colcon.colcon_core.event_handler.log_command:Invoked command in '/home/bctat/turtlebot3ros/turtlebot3_ws/build/turtlebot3_simulations' returned '0': CMAKE_PREFIX_PATH=/home/bctat/turtlebot3ros/turtlebot3_ws/install/turtlebot3_gazebo:/home/bctat/turtlebot3ros/turtlebot3_ws/install/turtlebot3_fake_node:/home/bctat/turtlebot3ros/turtlebot3_ws/install/turtlebot3_simulations:/home/bctat/turtlebot3ros/turtlebot3_ws/install/image_interfaces:/home/bctat/turtlebot3ros/turtlebot3_ws/install/turtlebot3_controller:/opt/ros/humble /usr/bin/cmake --install /home/bctat/turtlebot3ros/turtlebot3_ws/build/turtlebot3_simulations
[1.131s] Level 1:colcon.colcon_core.environment:checking '/home/bctat/turtlebot3ros/turtlebot3_ws/install/turtlebot3_simulations' for CMake module files
[1.132s] Level 1:colcon.colcon_core.environment:checking '/home/bctat/turtlebot3ros/turtlebot3_ws/install/turtlebot3_simulations' for CMake config files
[1.132s] Level 1:colcon.colcon_core.shell:create_environment_hook('turtlebot3_simulations', 'cmake_prefix_path')
[1.139s] INFO:colcon.colcon_core.shell:Creating environment hook '/home/bctat/turtlebot3ros/turtlebot3_ws/install/turtlebot3_simulations/share/turtlebot3_simulations/hook/cmake_prefix_path.ps1'
[1.139s] INFO:colcon.colcon_core.shell:Creating environment descriptor '/home/bctat/turtlebot3ros/turtlebot3_ws/install/turtlebot3_simulations/share/turtlebot3_simulations/hook/cmake_prefix_path.dsv'
[1.139s] INFO:colcon.colcon_core.shell:Creating environment hook '/home/bctat/turtlebot3ros/turtlebot3_ws/install/turtlebot3_simulations/share/turtlebot3_simulations/hook/cmake_prefix_path.sh'
[1.139s] Level 1:colcon.colcon_core.environment:checking '/home/bctat/turtlebot3ros/turtlebot3_ws/install/turtlebot3_simulations/bin'
[1.139s] Level 1:colcon.colcon_core.environment:checking '/home/bctat/turtlebot3ros/turtlebot3_ws/install/turtlebot3_simulations/lib/pkgconfig/turtlebot3_simulations.pc'
[1.139s] Level 1:colcon.colcon_core.environment:checking '/home/bctat/turtlebot3ros/turtlebot3_ws/install/turtlebot3_simulations/lib/python3.10/site-packages'
[1.140s] Level 1:colcon.colcon_core.environment:checking '/home/bctat/turtlebot3ros/turtlebot3_ws/install/turtlebot3_simulations/bin'
[1.146s] INFO:colcon.colcon_core.shell:Creating package script '/home/bctat/turtlebot3ros/turtlebot3_ws/install/turtlebot3_simulations/share/turtlebot3_simulations/package.ps1'
[1.147s] INFO:colcon.colcon_core.shell:Creating package descriptor '/home/bctat/turtlebot3ros/turtlebot3_ws/install/turtlebot3_simulations/share/turtlebot3_simulations/package.dsv'
[1.147s] INFO:colcon.colcon_core.shell:Creating package script '/home/bctat/turtlebot3ros/turtlebot3_ws/install/turtlebot3_simulations/share/turtlebot3_simulations/package.sh'
[1.147s] INFO:colcon.colcon_core.shell:Creating package script '/home/bctat/turtlebot3ros/turtlebot3_ws/install/turtlebot3_simulations/share/turtlebot3_simulations/package.bash'
[1.147s] INFO:colcon.colcon_core.shell:Creating package script '/home/bctat/turtlebot3ros/turtlebot3_ws/install/turtlebot3_simulations/share/turtlebot3_simulations/package.zsh'
[1.147s] Level 1:colcon.colcon_core.environment:create_file_with_runtime_dependencies(/home/bctat/turtlebot3ros/turtlebot3_ws/install/turtlebot3_simulations/share/colcon-core/packages/turtlebot3_simulations)
[1.165s] Level 1:colcon.colcon_core.environment:create_environment_scripts_only(turtlebot3_simulations)
[1.172s] Level 1:colcon.colcon_core.environment:checking '/home/bctat/turtlebot3ros/turtlebot3_ws/install/turtlebot3_simulations' for CMake module files
[1.172s] Level 1:colcon.colcon_core.environment:checking '/home/bctat/turtlebot3ros/turtlebot3_ws/install/turtlebot3_simulations' for CMake config files
[1.172s] Level 1:colcon.colcon_core.shell:create_environment_hook('turtlebot3_simulations', 'cmake_prefix_path')
[1.179s] INFO:colcon.colcon_core.shell:Creating environment hook '/home/bctat/turtlebot3ros/turtlebot3_ws/install/turtlebot3_simulations/share/turtlebot3_simulations/hook/cmake_prefix_path.ps1'
[1.179s] INFO:colcon.colcon_core.shell:Creating environment descriptor '/home/bctat/turtlebot3ros/turtlebot3_ws/install/turtlebot3_simulations/share/turtlebot3_simulations/hook/cmake_prefix_path.dsv'
[1.179s] INFO:colcon.colcon_core.shell:Creating environment hook '/home/bctat/turtlebot3ros/turtlebot3_ws/install/turtlebot3_simulations/share/turtlebot3_simulations/hook/cmake_prefix_path.sh'
[1.180s] Level 1:colcon.colcon_core.environment:checking '/home/bctat/turtlebot3ros/turtlebot3_ws/install/turtlebot3_simulations/bin'
[1.180s] Level 1:colcon.colcon_core.environment:checking '/home/bctat/turtlebot3ros/turtlebot3_ws/install/turtlebot3_simulations/lib/pkgconfig/turtlebot3_simulations.pc'
[1.180s] Level 1:colcon.colcon_core.environment:checking '/home/bctat/turtlebot3ros/turtlebot3_ws/install/turtlebot3_simulations/lib/python3.10/site-packages'
[1.180s] Level 1:colcon.colcon_core.environment:checking '/home/bctat/turtlebot3ros/turtlebot3_ws/install/turtlebot3_simulations/bin'
[1.187s] INFO:colcon.colcon_core.shell:Creating package script '/home/bctat/turtlebot3ros/turtlebot3_ws/install/turtlebot3_simulations/share/turtlebot3_simulations/package.ps1'
[1.187s] INFO:colcon.colcon_core.shell:Creating package descriptor '/home/bctat/turtlebot3ros/turtlebot3_ws/install/turtlebot3_simulations/share/turtlebot3_simulations/package.dsv'
[1.187s] INFO:colcon.colcon_core.shell:Creating package script '/home/bctat/turtlebot3ros/turtlebot3_ws/install/turtlebot3_simulations/share/turtlebot3_simulations/package.sh'
[1.188s] INFO:colcon.colcon_core.shell:Creating package script '/home/bctat/turtlebot3ros/turtlebot3_ws/install/turtlebot3_simulations/share/turtlebot3_simulations/package.bash'
[1.188s] INFO:colcon.colcon_core.shell:Creating package script '/home/bctat/turtlebot3ros/turtlebot3_ws/install/turtlebot3_simulations/share/turtlebot3_simulations/package.zsh'
[1.188s] Level 1:colcon.colcon_core.environment:create_file_with_runtime_dependencies(/home/bctat/turtlebot3ros/turtlebot3_ws/install/turtlebot3_simulations/share/colcon-core/packages/turtlebot3_simulations)
[1.198s] Level 1:colcon.colcon_core.environment:create_environment_scripts_only(image_interfaces)
[1.206s] Level 1:colcon.colcon_core.environment:checking '/home/bctat/turtlebot3ros/turtlebot3_ws/install/image_interfaces' for CMake module files
[1.206s] Level 1:colcon.colcon_core.environment:checking '/home/bctat/turtlebot3ros/turtlebot3_ws/install/image_interfaces' for CMake config files
[1.207s] Level 1:colcon.colcon_core.shell:create_environment_hook('image_interfaces', 'cmake_prefix_path')
[1.213s] INFO:colcon.colcon_core.shell:Creating environment hook '/home/bctat/turtlebot3ros/turtlebot3_ws/install/image_interfaces/share/image_interfaces/hook/cmake_prefix_path.ps1'
[1.214s] INFO:colcon.colcon_core.shell:Creating environment descriptor '/home/bctat/turtlebot3ros/turtlebot3_ws/install/image_interfaces/share/image_interfaces/hook/cmake_prefix_path.dsv'
[1.214s] INFO:colcon.colcon_core.shell:Creating environment hook '/home/bctat/turtlebot3ros/turtlebot3_ws/install/image_interfaces/share/image_interfaces/hook/cmake_prefix_path.sh'
[1.214s] Level 1:colcon.colcon_core.environment:checking '/home/bctat/turtlebot3ros/turtlebot3_ws/install/image_interfaces/lib'
[1.214s] Level 1:colcon.colcon_core.shell:create_environment_hook('image_interfaces', 'ld_library_path_lib')
[1.221s] INFO:colcon.colcon_core.shell:Creating environment hook '/home/bctat/turtlebot3ros/turtlebot3_ws/install/image_interfaces/share/image_interfaces/hook/ld_library_path_lib.ps1'
[1.221s] INFO:colcon.colcon_core.shell:Creating environment descriptor '/home/bctat/turtlebot3ros/turtlebot3_ws/install/image_interfaces/share/image_interfaces/hook/ld_library_path_lib.dsv'
[1.221s] INFO:colcon.colcon_core.shell:Creating environment hook '/home/bctat/turtlebot3ros/turtlebot3_ws/install/image_interfaces/share/image_interfaces/hook/ld_library_path_lib.sh'
[1.221s] Level 1:colcon.colcon_core.environment:checking '/home/bctat/turtlebot3ros/turtlebot3_ws/install/image_interfaces/bin'
[1.221s] Level 1:colcon.colcon_core.environment:checking '/home/bctat/turtlebot3ros/turtlebot3_ws/install/image_interfaces/lib/pkgconfig/image_interfaces.pc'
[1.222s] Level 1:colcon.colcon_core.environment:checking '/home/bctat/turtlebot3ros/turtlebot3_ws/install/image_interfaces/lib/python3.10/site-packages'
[1.222s] Level 1:colcon.colcon_core.environment:checking '/home/bctat/turtlebot3ros/turtlebot3_ws/install/image_interfaces/bin'
[1.229s] INFO:colcon.colcon_core.shell:Creating package script '/home/bctat/turtlebot3ros/turtlebot3_ws/install/image_interfaces/share/image_interfaces/package.ps1'
[1.229s] INFO:colcon.colcon_core.shell:Creating package descriptor '/home/bctat/turtlebot3ros/turtlebot3_ws/install/image_interfaces/share/image_interfaces/package.dsv'
[1.229s] INFO:colcon.colcon_core.shell:Creating package script '/home/bctat/turtlebot3ros/turtlebot3_ws/install/image_interfaces/share/image_interfaces/package.sh'
[1.229s] INFO:colcon.colcon_core.shell:Creating package script '/home/bctat/turtlebot3ros/turtlebot3_ws/install/image_interfaces/share/image_interfaces/package.bash'
[1.230s] INFO:colcon.colcon_core.shell:Creating package script '/home/bctat/turtlebot3ros/turtlebot3_ws/install/image_interfaces/share/image_interfaces/package.zsh'
[1.230s] Level 1:colcon.colcon_core.environment:create_file_with_runtime_dependencies(/home/bctat/turtlebot3ros/turtlebot3_ws/install/image_interfaces/share/colcon-core/packages/image_interfaces)
[1.230s] INFO:colcon.colcon_ros.task.ament_python.build:Building ROS package in '/home/bctat/turtlebot3ros/turtlebot3_ws/src/turtlebot3_controller' with build type 'ament_python'
[1.230s] Level 1:colcon.colcon_core.shell:create_environment_hook('turtlebot3_controller', 'ament_prefix_path')
[1.237s] INFO:colcon.colcon_core.shell:Creating environment hook '/home/bctat/turtlebot3ros/turtlebot3_ws/install/turtlebot3_controller/share/turtlebot3_controller/hook/ament_prefix_path.ps1'
[1.237s] INFO:colcon.colcon_core.shell:Creating environment descriptor '/home/bctat/turtlebot3ros/turtlebot3_ws/install/turtlebot3_controller/share/turtlebot3_controller/hook/ament_prefix_path.dsv'
[1.238s] INFO:colcon.colcon_core.shell:Creating environment hook '/home/bctat/turtlebot3ros/turtlebot3_ws/install/turtlebot3_controller/share/turtlebot3_controller/hook/ament_prefix_path.sh'
[1.244s] INFO:colcon.colcon_core.shell:Skip shell extension 'powershell' for command environment: Not usable outside of PowerShell
[1.244s] DEBUG:colcon.colcon_core.shell:Skip shell extension 'dsv' for command environment
[1.414s] INFO:colcon.colcon_core.task.python.build:Building Python package in '/home/bctat/turtlebot3ros/turtlebot3_ws/src/turtlebot3_controller'
[1.421s] INFO:colcon.colcon_core.shell:Skip shell extension 'powershell' for command environment: Not usable outside of PowerShell
[1.421s] DEBUG:colcon.colcon_core.shell:Skip shell extension 'dsv' for command environment
[1.693s] DEBUG:colcon.colcon_core.event_handler.log_command:Invoking command in '/home/bctat/turtlebot3ros/turtlebot3_ws/build/turtlebot3_controller': CMAKE_PREFIX_PATH=/home/bctat/turtlebot3ros/turtlebot3_ws/install/image_interfaces:/home/bctat/turtlebot3ros/turtlebot3_ws/install/turtlebot3_simulations:/home/bctat/turtlebot3ros/turtlebot3_ws/install/turtlebot3_gazebo:/home/bctat/turtlebot3ros/turtlebot3_ws/install/turtlebot3_fake_node PYTHONPATH=/home/bctat/turtlebot3ros/turtlebot3_ws/build/turtlebot3_controller/prefix_override:/home/bctat/turtlebot3ros/turtlebot3_ws/install/turtlebot3_controller/lib/python3.10/site-packages:${PYTHONPATH} /usr/bin/python3 setup.py develop --editable --build-directory /home/bctat/turtlebot3ros/turtlebot3_ws/build/turtlebot3_controller/build --no-deps install_data
[1.934s] Level 1:colcon.colcon_core.shell:create_environment_hook('turtlebot3_controller', 'pythonpath_develop')
[1.934s] DEBUG:colcon.colcon_core.event_handler.log_command:Invoked command in '/home/bctat/turtlebot3ros/turtlebot3_ws/build/turtlebot3_controller' returned '0': CMAKE_PREFIX_PATH=/home/bctat/turtlebot3ros/turtlebot3_ws/install/image_interfaces:/home/bctat/turtlebot3ros/turtlebot3_ws/install/turtlebot3_simulations:/home/bctat/turtlebot3ros/turtlebot3_ws/install/turtlebot3_gazebo:/home/bctat/turtlebot3ros/turtlebot3_ws/install/turtlebot3_fake_node PYTHONPATH=/home/bctat/turtlebot3ros/turtlebot3_ws/build/turtlebot3_controller/prefix_override:/home/bctat/turtlebot3ros/turtlebot3_ws/install/turtlebot3_controller/lib/python3.10/site-packages:${PYTHONPATH} /usr/bin/python3 setup.py develop --editable --build-directory /home/bctat/turtlebot3ros/turtlebot3_ws/build/turtlebot3_controller/build --no-deps install_data
[1.940s] INFO:colcon.colcon_core.shell:Creating environment hook '/home/bctat/turtlebot3ros/turtlebot3_ws/build/turtlebot3_controller/share/turtlebot3_controller/hook/pythonpath_develop.ps1'
[1.941s] INFO:colcon.colcon_core.shell:Creating environment descriptor '/home/bctat/turtlebot3ros/turtlebot3_ws/build/turtlebot3_controller/share/turtlebot3_controller/hook/pythonpath_develop.dsv'
[1.941s] INFO:colcon.colcon_core.shell:Creating environment hook '/home/bctat/turtlebot3ros/turtlebot3_ws/build/turtlebot3_controller/share/turtlebot3_controller/hook/pythonpath_develop.sh'
[1.947s] Level 1:colcon.colcon_core.environment:checking '/home/bctat/turtlebot3ros/turtlebot3_ws/install/turtlebot3_controller' for CMake module files
[1.947s] Level 1:colcon.colcon_core.environment:checking '/home/bctat/turtlebot3ros/turtlebot3_ws/install/turtlebot3_controller' for CMake config files
[1.948s] Level 1:colcon.colcon_core.environment:checking '/home/bctat/turtlebot3ros/turtlebot3_ws/install/turtlebot3_controller/lib'
[1.948s] Level 1:colcon.colcon_core.environment:checking '/home/bctat/turtlebot3ros/turtlebot3_ws/install/turtlebot3_controller/bin'
[1.948s] Level 1:colcon.colcon_core.environment:checking '/home/bctat/turtlebot3ros/turtlebot3_ws/install/turtlebot3_controller/lib/pkgconfig/turtlebot3_controller.pc'
[1.948s] Level 1:colcon.colcon_core.environment:checking '/home/bctat/turtlebot3ros/turtlebot3_ws/install/turtlebot3_controller/lib/python3.10/site-packages'
[1.948s] Level 1:colcon.colcon_core.shell:create_environment_hook('turtlebot3_controller', 'pythonpath')
[1.954s] INFO:colcon.colcon_core.shell:Creating environment hook '/home/bctat/turtlebot3ros/turtlebot3_ws/install/turtlebot3_controller/share/turtlebot3_controller/hook/pythonpath.ps1'
[1.955s] INFO:colcon.colcon_core.shell:Creating environment descriptor '/home/bctat/turtlebot3ros/turtlebot3_ws/install/turtlebot3_controller/share/turtlebot3_controller/hook/pythonpath.dsv'
[1.955s] INFO:colcon.colcon_core.shell:Creating environment hook '/home/bctat/turtlebot3ros/turtlebot3_ws/install/turtlebot3_controller/share/turtlebot3_controller/hook/pythonpath.sh'
[1.955s] Level 1:colcon.colcon_core.environment:checking '/home/bctat/turtlebot3ros/turtlebot3_ws/install/turtlebot3_controller/bin'
[1.955s] Level 1:colcon.colcon_core.environment:create_environment_scripts_only(turtlebot3_controller)
[1.961s] INFO:colcon.colcon_core.shell:Creating package script '/home/bctat/turtlebot3ros/turtlebot3_ws/install/turtlebot3_controller/share/turtlebot3_controller/package.ps1'
[1.962s] INFO:colcon.colcon_core.shell:Creating package descriptor '/home/bctat/turtlebot3ros/turtlebot3_ws/install/turtlebot3_controller/share/turtlebot3_controller/package.dsv'
[1.962s] INFO:colcon.colcon_core.shell:Creating package script '/home/bctat/turtlebot3ros/turtlebot3_ws/install/turtlebot3_controller/share/turtlebot3_controller/package.sh'
[1.962s] INFO:colcon.colcon_core.shell:Creating package script '/home/bctat/turtlebot3ros/turtlebot3_ws/install/turtlebot3_controller/share/turtlebot3_controller/package.bash'
[1.962s] INFO:colcon.colcon_core.shell:Creating package script '/home/bctat/turtlebot3ros/turtlebot3_ws/install/turtlebot3_controller/share/turtlebot3_controller/package.zsh'
[1.962s] Level 1:colcon.colcon_core.environment:create_file_with_runtime_dependencies(/home/bctat/turtlebot3ros/turtlebot3_ws/install/turtlebot3_controller/share/colcon-core/packages/turtlebot3_controller)
[1.963s] DEBUG:colcon.colcon_parallel_executor.executor.parallel:closing loop
[1.963s] DEBUG:colcon.colcon_parallel_executor.executor.parallel:loop closed
[1.963s] DEBUG:colcon.colcon_parallel_executor.executor.parallel:run_until_complete finished with '0'
[1.963s] DEBUG:colcon.colcon_core.event_reactor:joining thread
[1.973s] INFO:colcon.colcon_core.plugin_system:Skipping extension 'colcon_notification.desktop_notification.terminal_notifier': Not used on non-Darwin systems
[1.973s] INFO:colcon.colcon_core.plugin_system:Skipping extension 'colcon_notification.desktop_notification.win32': Not used on non-Windows systems
[1.973s] INFO:colcon.colcon_notification.desktop_notification:Sending desktop notification using 'notify2'
[1.981s] DEBUG:colcon.colcon_core.event_reactor:joined thread
[1.989s] INFO:colcon.colcon_core.shell:Creating prefix script '/home/bctat/turtlebot3ros/turtlebot3_ws/install/local_setup.ps1'
[1.989s] INFO:colcon.colcon_core.shell:Creating prefix util module '/home/bctat/turtlebot3ros/turtlebot3_ws/install/_local_setup_util_ps1.py'
[1.990s] INFO:colcon.colcon_core.shell:Creating prefix chain script '/home/bctat/turtlebot3ros/turtlebot3_ws/install/setup.ps1'
[1.998s] INFO:colcon.colcon_core.shell:Creating prefix script '/home/bctat/turtlebot3ros/turtlebot3_ws/install/local_setup.sh'
[1.998s] INFO:colcon.colcon_core.shell:Creating prefix util module '/home/bctat/turtlebot3ros/turtlebot3_ws/install/_local_setup_util_sh.py'
[1.998s] INFO:colcon.colcon_core.shell:Creating prefix chain script '/home/bctat/turtlebot3ros/turtlebot3_ws/install/setup.sh'
[2.006s] INFO:colcon.colcon_core.shell:Creating prefix script '/home/bctat/turtlebot3ros/turtlebot3_ws/install/local_setup.bash'
[2.006s] INFO:colcon.colcon_core.shell:Creating prefix chain script '/home/bctat/turtlebot3ros/turtlebot3_ws/install/setup.bash'
[2.014s] INFO:colcon.colcon_core.shell:Creating prefix script '/home/bctat/turtlebot3ros/turtlebot3_ws/install/local_setup.zsh'
[2.014s] INFO:colcon.colcon_core.shell:Creating prefix chain script '/home/bctat/turtlebot3ros/turtlebot3_ws/install/setup.zsh'
