[0.057s] Invoking command in '/home/bctat/turtlebot3ros/turtlebot3_ws/src/build/turtlebot3_simulations': AMENT_PREFIX_PATH=/home/bctat/turtlebot3ros/turtlebot3_ws/src/install/turtlebot3_gazebo:/home/bctat/turtlebot3ros/turtlebot3_ws/src/install/turtlebot3_fake_node:${AMENT_PREFIX_PATH} CMAKE_PREFIX_PATH=/home/bctat/turtlebot3ros/turtlebot3_ws/src/install/turtlebot3_gazebo:/home/bctat/turtlebot3ros/turtlebot3_ws/src/install/turtlebot3_fake_node:/home/bctat/turtlebot3ros/turtlebot3_ws/install/turtlebot3_simulations:/home/bctat/turtlebot3ros/turtlebot3_ws/install/turtlebot3_gazebo:/home/bctat/turtlebot3ros/turtlebot3_ws/install/turtlebot3_fake_node:/home/bctat/turtlebot3ros/turtlebot3_ws/install/turtlebot3_controller:/opt/ros/humble /usr/bin/cmake /home/bctat/turtlebot3ros/turtlebot3_ws/src/turtlebot3_simulations/turtlebot3_simulations -DAMENT_CMAKE_SYMLINK_INSTALL=1 -DCMAKE_INSTALL_PREFIX=/home/bctat/turtlebot3ros/turtlebot3_ws/src/install/turtlebot3_simulations
[0.122s] -- The C compiler identification is GNU 11.4.0
[0.180s] -- The CXX compiler identification is GNU 11.4.0
[0.187s] -- Detecting C compiler ABI info
[0.278s] -- Detecting C compiler ABI info - done
[0.278s] -- Check for working C compiler: /usr/bin/cc - skipped
[0.278s] -- Detecting C compile features
[0.278s] -- Detecting C compile features - done
[0.280s] -- Detecting CXX compiler ABI info
[0.362s] -- Detecting CXX compiler ABI info - done
[0.374s] -- Check for working CXX compiler: /usr/bin/c++ - skipped
[0.374s] -- Detecting CXX compile features
[0.375s] -- Detecting CXX compile features - done
[0.378s] -- Found ament_cmake: 1.3.5 (/opt/ros/humble/share/ament_cmake/cmake)
[0.556s] -- Found Python3: /usr/bin/python3.10 (found version "3.10.12") found components: Interpreter 
[0.626s] -- Override CMake install command with custom implementation using symlinks instead of copying resources
[0.727s] -- Configuring done
[0.728s] -- Generating done
[0.728s] -- Build files have been written to: /home/bctat/turtlebot3ros/turtlebot3_ws/src/build/turtlebot3_simulations
[0.733s] Invoked command in '/home/bctat/turtlebot3ros/turtlebot3_ws/src/build/turtlebot3_simulations' returned '0': AMENT_PREFIX_PATH=/home/bctat/turtlebot3ros/turtlebot3_ws/src/install/turtlebot3_gazebo:/home/bctat/turtlebot3ros/turtlebot3_ws/src/install/turtlebot3_fake_node:${AMENT_PREFIX_PATH} CMAKE_PREFIX_PATH=/home/bctat/turtlebot3ros/turtlebot3_ws/src/install/turtlebot3_gazebo:/home/bctat/turtlebot3ros/turtlebot3_ws/src/install/turtlebot3_fake_node:/home/bctat/turtlebot3ros/turtlebot3_ws/install/turtlebot3_simulations:/home/bctat/turtlebot3ros/turtlebot3_ws/install/turtlebot3_gazebo:/home/bctat/turtlebot3ros/turtlebot3_ws/install/turtlebot3_fake_node:/home/bctat/turtlebot3ros/turtlebot3_ws/install/turtlebot3_controller:/opt/ros/humble /usr/bin/cmake /home/bctat/turtlebot3ros/turtlebot3_ws/src/turtlebot3_simulations/turtlebot3_simulations -DAMENT_CMAKE_SYMLINK_INSTALL=1 -DCMAKE_INSTALL_PREFIX=/home/bctat/turtlebot3ros/turtlebot3_ws/src/install/turtlebot3_simulations
[0.733s] Invoking command in '/home/bctat/turtlebot3ros/turtlebot3_ws/src/build/turtlebot3_simulations': AMENT_PREFIX_PATH=/home/bctat/turtlebot3ros/turtlebot3_ws/src/install/turtlebot3_gazebo:/home/bctat/turtlebot3ros/turtlebot3_ws/src/install/turtlebot3_fake_node:${AMENT_PREFIX_PATH} CMAKE_PREFIX_PATH=/home/bctat/turtlebot3ros/turtlebot3_ws/src/install/turtlebot3_gazebo:/home/bctat/turtlebot3ros/turtlebot3_ws/src/install/turtlebot3_fake_node:/home/bctat/turtlebot3ros/turtlebot3_ws/install/turtlebot3_simulations:/home/bctat/turtlebot3ros/turtlebot3_ws/install/turtlebot3_gazebo:/home/bctat/turtlebot3ros/turtlebot3_ws/install/turtlebot3_fake_node:/home/bctat/turtlebot3ros/turtlebot3_ws/install/turtlebot3_controller:/opt/ros/humble /usr/bin/cmake --build /home/bctat/turtlebot3ros/turtlebot3_ws/src/build/turtlebot3_simulations -- -j12 -l12
[0.777s] Invoked command in '/home/bctat/turtlebot3ros/turtlebot3_ws/src/build/turtlebot3_simulations' returned '0': AMENT_PREFIX_PATH=/home/bctat/turtlebot3ros/turtlebot3_ws/src/install/turtlebot3_gazebo:/home/bctat/turtlebot3ros/turtlebot3_ws/src/install/turtlebot3_fake_node:${AMENT_PREFIX_PATH} CMAKE_PREFIX_PATH=/home/bctat/turtlebot3ros/turtlebot3_ws/src/install/turtlebot3_gazebo:/home/bctat/turtlebot3ros/turtlebot3_ws/src/install/turtlebot3_fake_node:/home/bctat/turtlebot3ros/turtlebot3_ws/install/turtlebot3_simulations:/home/bctat/turtlebot3ros/turtlebot3_ws/install/turtlebot3_gazebo:/home/bctat/turtlebot3ros/turtlebot3_ws/install/turtlebot3_fake_node:/home/bctat/turtlebot3ros/turtlebot3_ws/install/turtlebot3_controller:/opt/ros/humble /usr/bin/cmake --build /home/bctat/turtlebot3ros/turtlebot3_ws/src/build/turtlebot3_simulations -- -j12 -l12
[0.815s] Invoking command in '/home/bctat/turtlebot3ros/turtlebot3_ws/src/build/turtlebot3_simulations': AMENT_PREFIX_PATH=/home/bctat/turtlebot3ros/turtlebot3_ws/src/install/turtlebot3_gazebo:/home/bctat/turtlebot3ros/turtlebot3_ws/src/install/turtlebot3_fake_node:${AMENT_PREFIX_PATH} CMAKE_PREFIX_PATH=/home/bctat/turtlebot3ros/turtlebot3_ws/src/install/turtlebot3_gazebo:/home/bctat/turtlebot3ros/turtlebot3_ws/src/install/turtlebot3_fake_node:/home/bctat/turtlebot3ros/turtlebot3_ws/install/turtlebot3_simulations:/home/bctat/turtlebot3ros/turtlebot3_ws/install/turtlebot3_gazebo:/home/bctat/turtlebot3ros/turtlebot3_ws/install/turtlebot3_fake_node:/home/bctat/turtlebot3ros/turtlebot3_ws/install/turtlebot3_controller:/opt/ros/humble /usr/bin/cmake --install /home/bctat/turtlebot3ros/turtlebot3_ws/src/build/turtlebot3_simulations
[0.822s] -- Install configuration: ""
[0.822s] -- Execute custom install script
[0.822s] -- Symlinking: /home/bctat/turtlebot3ros/turtlebot3_ws/src/install/turtlebot3_simulations/share/ament_index/resource_index/package_run_dependencies/turtlebot3_simulations
[0.832s] -- Symlinking: /home/bctat/turtlebot3ros/turtlebot3_ws/src/install/turtlebot3_simulations/share/ament_index/resource_index/parent_prefix_path/turtlebot3_simulations
[0.841s] -- Symlinking: /home/bctat/turtlebot3ros/turtlebot3_ws/src/install/turtlebot3_simulations/share/turtlebot3_simulations/environment/ament_prefix_path.sh
[0.849s] -- Symlinking: /home/bctat/turtlebot3ros/turtlebot3_ws/src/install/turtlebot3_simulations/share/turtlebot3_simulations/environment/ament_prefix_path.dsv
[0.857s] -- Symlinking: /home/bctat/turtlebot3ros/turtlebot3_ws/src/install/turtlebot3_simulations/share/turtlebot3_simulations/environment/path.sh
[0.866s] -- Symlinking: /home/bctat/turtlebot3ros/turtlebot3_ws/src/install/turtlebot3_simulations/share/turtlebot3_simulations/environment/path.dsv
[0.874s] -- Symlinking: /home/bctat/turtlebot3ros/turtlebot3_ws/src/install/turtlebot3_simulations/share/turtlebot3_simulations/local_setup.bash
[0.887s] -- Symlinking: /home/bctat/turtlebot3ros/turtlebot3_ws/src/install/turtlebot3_simulations/share/turtlebot3_simulations/local_setup.sh
[0.899s] -- Symlinking: /home/bctat/turtlebot3ros/turtlebot3_ws/src/install/turtlebot3_simulations/share/turtlebot3_simulations/local_setup.zsh
[0.908s] -- Symlinking: /home/bctat/turtlebot3ros/turtlebot3_ws/src/install/turtlebot3_simulations/share/turtlebot3_simulations/local_setup.dsv
[0.915s] -- Symlinking: /home/bctat/turtlebot3ros/turtlebot3_ws/src/install/turtlebot3_simulations/share/turtlebot3_simulations/package.dsv
[0.925s] -- Symlinking: /home/bctat/turtlebot3ros/turtlebot3_ws/src/install/turtlebot3_simulations/share/ament_index/resource_index/packages/turtlebot3_simulations
[0.933s] -- Symlinking: /home/bctat/turtlebot3ros/turtlebot3_ws/src/install/turtlebot3_simulations/share/turtlebot3_simulations/cmake/turtlebot3_simulationsConfig.cmake
[0.941s] -- Symlinking: /home/bctat/turtlebot3ros/turtlebot3_ws/src/install/turtlebot3_simulations/share/turtlebot3_simulations/cmake/turtlebot3_simulationsConfig-version.cmake
[0.950s] -- Symlinking: /home/bctat/turtlebot3ros/turtlebot3_ws/src/install/turtlebot3_simulations/share/turtlebot3_simulations/package.xml
[0.961s] Invoked command in '/home/bctat/turtlebot3ros/turtlebot3_ws/src/build/turtlebot3_simulations' returned '0': AMENT_PREFIX_PATH=/home/bctat/turtlebot3ros/turtlebot3_ws/src/install/turtlebot3_gazebo:/home/bctat/turtlebot3ros/turtlebot3_ws/src/install/turtlebot3_fake_node:${AMENT_PREFIX_PATH} CMAKE_PREFIX_PATH=/home/bctat/turtlebot3ros/turtlebot3_ws/src/install/turtlebot3_gazebo:/home/bctat/turtlebot3ros/turtlebot3_ws/src/install/turtlebot3_fake_node:/home/bctat/turtlebot3ros/turtlebot3_ws/install/turtlebot3_simulations:/home/bctat/turtlebot3ros/turtlebot3_ws/install/turtlebot3_gazebo:/home/bctat/turtlebot3ros/turtlebot3_ws/install/turtlebot3_fake_node:/home/bctat/turtlebot3ros/turtlebot3_ws/install/turtlebot3_controller:/opt/ros/humble /usr/bin/cmake --install /home/bctat/turtlebot3ros/turtlebot3_ws/src/build/turtlebot3_simulations
