[0.088s] Invoking command in '/home/bctat/turtlebot3ros/turtlebot3_ws/build/image_interfaces': CMAKE_PREFIX_PATH=${CMAKE_PREFIX_PATH}:/home/bctat/turtlebot3ros/turtlebot3_ws/install/turtlebot3_controller:/opt/ros/humble /usr/bin/cmake /home/bctat/turtlebot3ros/turtlebot3_ws/src/image_interfaces -DAMENT_CMAKE_SYMLINK_INSTALL=1 -DCMAKE_INSTALL_PREFIX=/home/bctat/turtlebot3ros/turtlebot3_ws/install/image_interfaces
[0.118s] -- The C compiler identification is GNU 11.4.0
[0.156s] -- The CXX compiler identification is GNU 11.4.0
[0.160s] -- Detecting C compiler ABI info
[0.198s] -- Detecting C compiler ABI info - done
[0.205s] -- Check for working C compiler: /usr/bin/cc - skipped
[0.205s] -- Detecting C compile features
[0.205s] -- Detecting C compile features - done
[0.208s] -- Detecting CXX compiler ABI info
[0.255s] -- Detecting CXX compiler ABI info - done
[0.259s] -- Check for working CXX compiler: /usr/bin/c++ - skipped
[0.259s] -- Detecting CXX compile features
[0.260s] -- Detecting CXX compile features - done
[0.261s] -- Found ament_cmake: 1.3.5 (/opt/ros/humble/share/ament_cmake/cmake)
[0.371s] -- Found Python3: /usr/bin/python3.10 (found version "3.10.12") found components: Interpreter 
[0.412s] -- Override CMake install command with custom implementation using symlinks instead of copying resources
[0.429s] -- Found ament_lint_auto: 0.12.8 (/opt/ros/humble/share/ament_lint_auto/cmake)
[0.486s] -- Found rosidl_default_generators: 1.2.0 (/opt/ros/humble/share/rosidl_default_generators/cmake)
[0.489s] -- Using all available rosidl_typesupport_c: rosidl_typesupport_fastrtps_c;rosidl_typesupport_introspection_c
[0.493s] -- Found rosidl_adapter: 3.1.5 (/opt/ros/humble/share/rosidl_adapter/cmake)
[0.518s] -- Using all available rosidl_typesupport_cpp: rosidl_typesupport_fastrtps_cpp;rosidl_typesupport_introspection_cpp
[0.661s] -- Found ament_cmake_ros: 0.10.0 (/opt/ros/humble/share/ament_cmake_ros/cmake)
[0.788s] -- Using all available rosidl_typesupport_c: rosidl_typesupport_fastrtps_c;rosidl_typesupport_introspection_c
[0.942s] -- Using all available rosidl_typesupport_cpp: rosidl_typesupport_fastrtps_cpp;rosidl_typesupport_introspection_cpp
[0.957s] -- Found PythonInterp: /usr/bin/python3 (found suitable version "3.10.12", minimum required is "3.6") 
[0.958s] -- Found python_cmake_module: 0.10.0 (/opt/ros/humble/share/python_cmake_module/cmake)
[0.975s] -- Found PythonLibs: /usr/lib/x86_64-linux-gnu/libpython3.10.so (found suitable version "3.10.12", minimum required is "3.5") 
[0.975s] -- Using PYTHON_EXECUTABLE: /usr/bin/python3
[0.975s] -- Using PYTHON_INCLUDE_DIRS: /usr/include/python3.10
[0.975s] -- Using PYTHON_LIBRARIES: /usr/lib/x86_64-linux-gnu/libpython3.10.so
[0.988s] -- Found PythonExtra: .so  
[1.011s] -- Added test 'lint_cmake' to check CMake code style
[1.012s] -- Added test 'xmllint' to check XML markup files
[1.015s] -- Configuring done
[1.030s] -- Generating done
[1.031s] -- Build files have been written to: /home/bctat/turtlebot3ros/turtlebot3_ws/build/image_interfaces
[1.035s] Invoked command in '/home/bctat/turtlebot3ros/turtlebot3_ws/build/image_interfaces' returned '0': CMAKE_PREFIX_PATH=${CMAKE_PREFIX_PATH}:/home/bctat/turtlebot3ros/turtlebot3_ws/install/turtlebot3_controller:/opt/ros/humble /usr/bin/cmake /home/bctat/turtlebot3ros/turtlebot3_ws/src/image_interfaces -DAMENT_CMAKE_SYMLINK_INSTALL=1 -DCMAKE_INSTALL_PREFIX=/home/bctat/turtlebot3ros/turtlebot3_ws/install/image_interfaces
[1.037s] Invoking command in '/home/bctat/turtlebot3ros/turtlebot3_ws/build/image_interfaces': CMAKE_PREFIX_PATH=${CMAKE_PREFIX_PATH}:/home/bctat/turtlebot3ros/turtlebot3_ws/install/turtlebot3_controller:/opt/ros/humble /usr/bin/cmake --build /home/bctat/turtlebot3ros/turtlebot3_ws/build/image_interfaces -- -j12 -l12
[1.059s] [  2%] [34m[1mGenerating C code for ROS interfaces[0m
[1.064s] [  5%] [34m[1mGenerating C++ code for ROS interfaces[0m
[1.069s] [  5%] Built target ament_cmake_python_symlink_image_interfaces
[1.218s] running egg_info
[1.218s] creating image_interfaces.egg-info
[1.218s] writing image_interfaces.egg-info/PKG-INFO
[1.218s] writing dependency_links to image_interfaces.egg-info/dependency_links.txt
[1.218s] writing top-level names to image_interfaces.egg-info/top_level.txt
[1.218s] writing manifest file 'image_interfaces.egg-info/SOURCES.txt'
[1.219s] reading manifest file 'image_interfaces.egg-info/SOURCES.txt'
[1.220s] writing manifest file 'image_interfaces.egg-info/SOURCES.txt'
[1.240s] [  5%] Built target ament_cmake_python_build_image_interfaces_egg
[1.245s] [  5%] Built target image_interfaces__cpp
[1.251s] [ 10%] [34m[1mGenerating C++ type support dispatch for ROS interfaces[0m
[1.251s] [ 10%] [34m[1mGenerating C++ introspection for ROS interfaces[0m
[1.252s] [ 12%] [34m[1mGenerating C++ type support for eProsima Fast-RTPS[0m
[1.258s] [ 15%] [32mBuilding C object CMakeFiles/image_interfaces__rosidl_generator_c.dir/rosidl_generator_c/image_interfaces/msg/detail/centroid__functions.c.o[0m
[1.260s] [ 17%] [32mBuilding C object CMakeFiles/image_interfaces__rosidl_generator_c.dir/rosidl_generator_c/image_interfaces/srv/detail/find_centroid__functions.c.o[0m
[1.307s] [ 20%] [32m[1mLinking C shared library libimage_interfaces__rosidl_generator_c.so[0m
[1.329s] [ 20%] Built target image_interfaces__rosidl_generator_c
[1.335s] [ 23%] [34m[1mGenerating C type support for eProsima Fast-RTPS[0m
[1.337s] [ 25%] [34m[1mGenerating C introspection for ROS interfaces[0m
[1.339s] [ 28%] [34m[1mGenerating C type support dispatch for ROS interfaces[0m
[1.412s] [ 30%] [32mBuilding CXX object CMakeFiles/image_interfaces__rosidl_typesupport_cpp.dir/rosidl_typesupport_cpp/image_interfaces/msg/centroid__type_support.cpp.o[0m
[1.413s] [ 33%] [32mBuilding CXX object CMakeFiles/image_interfaces__rosidl_typesupport_cpp.dir/rosidl_typesupport_cpp/image_interfaces/srv/find_centroid__type_support.cpp.o[0m
[1.455s] [ 35%] [32mBuilding CXX object CMakeFiles/image_interfaces__rosidl_typesupport_introspection_cpp.dir/rosidl_typesupport_introspection_cpp/image_interfaces/msg/detail/centroid__type_support.cpp.o[0m
[1.465s] [ 38%] [32mBuilding CXX object CMakeFiles/image_interfaces__rosidl_typesupport_introspection_cpp.dir/rosidl_typesupport_introspection_cpp/image_interfaces/srv/detail/find_centroid__type_support.cpp.o[0m
[1.492s] [ 41%] [32mBuilding CXX object CMakeFiles/image_interfaces__rosidl_typesupport_fastrtps_cpp.dir/rosidl_typesupport_fastrtps_cpp/image_interfaces/msg/detail/dds_fastrtps/centroid__type_support.cpp.o[0m
[1.496s] [ 43%] [32mBuilding CXX object CMakeFiles/image_interfaces__rosidl_typesupport_fastrtps_cpp.dir/rosidl_typesupport_fastrtps_cpp/image_interfaces/srv/detail/dds_fastrtps/find_centroid__type_support.cpp.o[0m
[1.613s] [ 46%] [32mBuilding CXX object CMakeFiles/image_interfaces__rosidl_typesupport_c.dir/rosidl_typesupport_c/image_interfaces/msg/centroid__type_support.cpp.o[0m
[1.617s] [ 48%] [32mBuilding CXX object CMakeFiles/image_interfaces__rosidl_typesupport_c.dir/rosidl_typesupport_c/image_interfaces/srv/find_centroid__type_support.cpp.o[0m
[1.633s] [ 51%] [32mBuilding C object CMakeFiles/image_interfaces__rosidl_typesupport_introspection_c.dir/rosidl_typesupport_introspection_c/image_interfaces/msg/detail/centroid__type_support.c.o[0m
[1.639s] [ 53%] [32mBuilding CXX object CMakeFiles/image_interfaces__rosidl_typesupport_fastrtps_c.dir/rosidl_typesupport_fastrtps_c/image_interfaces/msg/detail/centroid__type_support_c.cpp.o[0m
[1.640s] [ 56%] [32mBuilding C object CMakeFiles/image_interfaces__rosidl_typesupport_introspection_c.dir/rosidl_typesupport_introspection_c/image_interfaces/srv/detail/find_centroid__type_support.c.o[0m
[1.640s] [ 58%] [32m[1mLinking CXX shared library libimage_interfaces__rosidl_typesupport_cpp.so[0m
[1.647s] [ 61%] [32m[1mLinking CXX shared library libimage_interfaces__rosidl_typesupport_c.so[0m
[1.653s] [ 64%] [32mBuilding CXX object CMakeFiles/image_interfaces__rosidl_typesupport_fastrtps_c.dir/rosidl_typesupport_fastrtps_c/image_interfaces/srv/detail/find_centroid__type_support_c.cpp.o[0m
[1.679s] [ 66%] [32m[1mLinking C shared library libimage_interfaces__rosidl_typesupport_introspection_c.so[0m
[1.686s] [ 66%] Built target image_interfaces__rosidl_typesupport_cpp
[1.694s] [ 66%] Built target image_interfaces__rosidl_typesupport_c
[1.712s] [ 66%] Built target image_interfaces__rosidl_typesupport_introspection_c
[1.786s] [ 69%] [32m[1mLinking CXX shared library libimage_interfaces__rosidl_typesupport_introspection_cpp.so[0m
[1.810s] [ 69%] Built target image_interfaces__rosidl_typesupport_introspection_cpp
[1.814s] [ 71%] [32m[1mLinking CXX shared library libimage_interfaces__rosidl_typesupport_fastrtps_cpp.so[0m
[1.861s] [ 71%] Built target image_interfaces__rosidl_typesupport_fastrtps_cpp
[1.899s] [ 74%] [32m[1mLinking CXX shared library libimage_interfaces__rosidl_typesupport_fastrtps_c.so[0m
[1.947s] [ 74%] Built target image_interfaces__rosidl_typesupport_fastrtps_c
[1.958s] [ 74%] Built target image_interfaces
[1.970s] [ 76%] [34m[1mGenerating Python code for ROS interfaces[0m
[2.213s] [ 76%] Built target image_interfaces__py
[2.225s] [ 82%] [32mBuilding C object CMakeFiles/image_interfaces__rosidl_generator_py.dir/rosidl_generator_py/image_interfaces/msg/_centroid_s.c.o[0m
[2.225s] [ 82%] [32mBuilding C object CMakeFiles/image_interfaces__rosidl_generator_py.dir/rosidl_generator_py/image_interfaces/srv/_find_centroid_s.c.o[0m
[2.285s] [ 84%] [32m[1mLinking C shared library rosidl_generator_py/image_interfaces/libimage_interfaces__rosidl_generator_py.so[0m
[2.308s] [ 84%] Built target image_interfaces__rosidl_generator_py
[2.320s] [ 87%] [32mBuilding C object CMakeFiles/image_interfaces__rosidl_typesupport_c__pyext.dir/rosidl_generator_py/image_interfaces/_image_interfaces_s.ep.rosidl_typesupport_c.c.o[0m
[2.321s] [ 89%] [32mBuilding C object CMakeFiles/image_interfaces__rosidl_typesupport_introspection_c__pyext.dir/rosidl_generator_py/image_interfaces/_image_interfaces_s.ep.rosidl_typesupport_introspection_c.c.o[0m
[2.324s] [ 92%] [32mBuilding C object CMakeFiles/image_interfaces__rosidl_typesupport_fastrtps_c__pyext.dir/rosidl_generator_py/image_interfaces/_image_interfaces_s.ep.rosidl_typesupport_fastrtps_c.c.o[0m
[2.383s] [ 94%] [32m[1mLinking C shared library rosidl_generator_py/image_interfaces/image_interfaces_s__rosidl_typesupport_c.cpython-310-x86_64-linux-gnu.so[0m
[2.403s] [ 94%] Built target image_interfaces__rosidl_typesupport_c__pyext
[2.411s] [ 97%] [32m[1mLinking C shared library rosidl_generator_py/image_interfaces/image_interfaces_s__rosidl_typesupport_introspection_c.cpython-310-x86_64-linux-gnu.so[0m
[2.414s] [100%] [32m[1mLinking C shared library rosidl_generator_py/image_interfaces/image_interfaces_s__rosidl_typesupport_fastrtps_c.cpython-310-x86_64-linux-gnu.so[0m
[2.432s] [100%] Built target image_interfaces__rosidl_typesupport_introspection_c__pyext
[2.434s] [100%] Built target image_interfaces__rosidl_typesupport_fastrtps_c__pyext
[2.441s] Invoked command in '/home/bctat/turtlebot3ros/turtlebot3_ws/build/image_interfaces' returned '0': CMAKE_PREFIX_PATH=${CMAKE_PREFIX_PATH}:/home/bctat/turtlebot3ros/turtlebot3_ws/install/turtlebot3_controller:/opt/ros/humble /usr/bin/cmake --build /home/bctat/turtlebot3ros/turtlebot3_ws/build/image_interfaces -- -j12 -l12
[2.486s] Invoking command in '/home/bctat/turtlebot3ros/turtlebot3_ws/build/image_interfaces': CMAKE_PREFIX_PATH=${CMAKE_PREFIX_PATH}:/home/bctat/turtlebot3ros/turtlebot3_ws/install/turtlebot3_controller:/opt/ros/humble /usr/bin/cmake --install /home/bctat/turtlebot3ros/turtlebot3_ws/build/image_interfaces
[2.491s] -- Install configuration: ""
[2.492s] -- Execute custom install script
[2.492s] -- Symlinking: /home/bctat/turtlebot3ros/turtlebot3_ws/install/image_interfaces/share/ament_index/resource_index/rosidl_interfaces/image_interfaces
[2.499s] -- Symlinking: /home/bctat/turtlebot3ros/turtlebot3_ws/install/image_interfaces/include/image_interfaces/image_interfaces/msg/centroid.h
[2.504s] -- Symlinking: /home/bctat/turtlebot3ros/turtlebot3_ws/install/image_interfaces/include/image_interfaces/image_interfaces/msg/detail/centroid__functions.h
[2.510s] -- Symlinking: /home/bctat/turtlebot3ros/turtlebot3_ws/install/image_interfaces/include/image_interfaces/image_interfaces/msg/detail/centroid__struct.h
[2.515s] -- Symlinking: /home/bctat/turtlebot3ros/turtlebot3_ws/install/image_interfaces/include/image_interfaces/image_interfaces/msg/detail/centroid__type_support.h
[2.520s] -- Symlinking: /home/bctat/turtlebot3ros/turtlebot3_ws/install/image_interfaces/include/image_interfaces/image_interfaces/msg/rosidl_generator_c__visibility_control.h
[2.526s] -- Symlinking: /home/bctat/turtlebot3ros/turtlebot3_ws/install/image_interfaces/include/image_interfaces/image_interfaces/srv/detail/find_centroid__functions.h
[2.531s] -- Symlinking: /home/bctat/turtlebot3ros/turtlebot3_ws/install/image_interfaces/include/image_interfaces/image_interfaces/srv/detail/find_centroid__struct.h
[2.538s] -- Symlinking: /home/bctat/turtlebot3ros/turtlebot3_ws/install/image_interfaces/include/image_interfaces/image_interfaces/srv/detail/find_centroid__type_support.h
[2.543s] -- Symlinking: /home/bctat/turtlebot3ros/turtlebot3_ws/install/image_interfaces/include/image_interfaces/image_interfaces/srv/find_centroid.h
[2.549s] -- Symlinking: /home/bctat/turtlebot3ros/turtlebot3_ws/install/image_interfaces/share/image_interfaces/environment/library_path.sh
[2.554s] -- Symlinking: /home/bctat/turtlebot3ros/turtlebot3_ws/install/image_interfaces/share/image_interfaces/environment/library_path.dsv
[2.560s] -- Symlinking: /home/bctat/turtlebot3ros/turtlebot3_ws/install/image_interfaces/include/image_interfaces/image_interfaces/msg/detail/centroid__rosidl_typesupport_fastrtps_c.h
[2.566s] -- Symlinking: /home/bctat/turtlebot3ros/turtlebot3_ws/install/image_interfaces/include/image_interfaces/image_interfaces/msg/rosidl_typesupport_fastrtps_c__visibility_control.h
[2.571s] -- Symlinking: /home/bctat/turtlebot3ros/turtlebot3_ws/install/image_interfaces/include/image_interfaces/image_interfaces/srv/detail/find_centroid__rosidl_typesupport_fastrtps_c.h
[2.577s] -- Symlinking: /home/bctat/turtlebot3ros/turtlebot3_ws/install/image_interfaces/include/image_interfaces/image_interfaces/msg/detail/centroid__rosidl_typesupport_introspection_c.h
[2.582s] -- Symlinking: /home/bctat/turtlebot3ros/turtlebot3_ws/install/image_interfaces/include/image_interfaces/image_interfaces/msg/rosidl_typesupport_introspection_c__visibility_control.h
[2.588s] -- Symlinking: /home/bctat/turtlebot3ros/turtlebot3_ws/install/image_interfaces/include/image_interfaces/image_interfaces/srv/detail/find_centroid__rosidl_typesupport_introspection_c.h
[2.594s] -- Symlinking: /home/bctat/turtlebot3ros/turtlebot3_ws/install/image_interfaces/include/image_interfaces/image_interfaces/msg/centroid.hpp
[2.599s] -- Symlinking: /home/bctat/turtlebot3ros/turtlebot3_ws/install/image_interfaces/include/image_interfaces/image_interfaces/msg/detail/centroid__builder.hpp
[2.605s] -- Symlinking: /home/bctat/turtlebot3ros/turtlebot3_ws/install/image_interfaces/include/image_interfaces/image_interfaces/msg/detail/centroid__struct.hpp
[2.610s] -- Symlinking: /home/bctat/turtlebot3ros/turtlebot3_ws/install/image_interfaces/include/image_interfaces/image_interfaces/msg/detail/centroid__traits.hpp
[2.616s] -- Symlinking: /home/bctat/turtlebot3ros/turtlebot3_ws/install/image_interfaces/include/image_interfaces/image_interfaces/srv/detail/find_centroid__builder.hpp
[2.622s] -- Symlinking: /home/bctat/turtlebot3ros/turtlebot3_ws/install/image_interfaces/include/image_interfaces/image_interfaces/srv/detail/find_centroid__struct.hpp
[2.628s] -- Symlinking: /home/bctat/turtlebot3ros/turtlebot3_ws/install/image_interfaces/include/image_interfaces/image_interfaces/srv/detail/find_centroid__traits.hpp
[2.633s] -- Symlinking: /home/bctat/turtlebot3ros/turtlebot3_ws/install/image_interfaces/include/image_interfaces/image_interfaces/srv/find_centroid.hpp
[2.639s] -- Symlinking: /home/bctat/turtlebot3ros/turtlebot3_ws/install/image_interfaces/include/image_interfaces/image_interfaces/msg/detail/centroid__rosidl_typesupport_fastrtps_cpp.hpp
[2.645s] -- Symlinking: /home/bctat/turtlebot3ros/turtlebot3_ws/install/image_interfaces/include/image_interfaces/image_interfaces/msg/rosidl_typesupport_fastrtps_cpp__visibility_control.h
[2.650s] -- Symlinking: /home/bctat/turtlebot3ros/turtlebot3_ws/install/image_interfaces/include/image_interfaces/image_interfaces/srv/detail/find_centroid__rosidl_typesupport_fastrtps_cpp.hpp
[2.655s] -- Symlinking: /home/bctat/turtlebot3ros/turtlebot3_ws/install/image_interfaces/include/image_interfaces/image_interfaces/msg/detail/centroid__rosidl_typesupport_introspection_cpp.hpp
[2.661s] -- Symlinking: /home/bctat/turtlebot3ros/turtlebot3_ws/install/image_interfaces/include/image_interfaces/image_interfaces/srv/detail/find_centroid__rosidl_typesupport_introspection_cpp.hpp
[2.666s] -- Symlinking: /home/bctat/turtlebot3ros/turtlebot3_ws/install/image_interfaces/share/image_interfaces/environment/pythonpath.sh
[2.671s] -- Symlinking: /home/bctat/turtlebot3ros/turtlebot3_ws/install/image_interfaces/share/image_interfaces/environment/pythonpath.dsv
[2.677s] -- Symlinking: /home/bctat/turtlebot3ros/turtlebot3_ws/install/image_interfaces/local/lib/python3.10/dist-packages/image_interfaces-0.0.0-py3.10.egg-info/PKG-INFO
[2.682s] -- Symlinking: /home/bctat/turtlebot3ros/turtlebot3_ws/install/image_interfaces/local/lib/python3.10/dist-packages/image_interfaces-0.0.0-py3.10.egg-info/SOURCES.txt
[2.687s] -- Symlinking: /home/bctat/turtlebot3ros/turtlebot3_ws/install/image_interfaces/local/lib/python3.10/dist-packages/image_interfaces-0.0.0-py3.10.egg-info/dependency_links.txt
[2.693s] -- Symlinking: /home/bctat/turtlebot3ros/turtlebot3_ws/install/image_interfaces/local/lib/python3.10/dist-packages/image_interfaces-0.0.0-py3.10.egg-info/top_level.txt
[2.698s] -- Symlinking: /home/bctat/turtlebot3ros/turtlebot3_ws/install/image_interfaces/local/lib/python3.10/dist-packages/image_interfaces/__init__.py
[2.704s] -- Symlinking: /home/bctat/turtlebot3ros/turtlebot3_ws/install/image_interfaces/local/lib/python3.10/dist-packages/image_interfaces/_image_interfaces_s.ep.rosidl_typesupport_c.c
[2.712s] -- Symlinking: /home/bctat/turtlebot3ros/turtlebot3_ws/install/image_interfaces/local/lib/python3.10/dist-packages/image_interfaces/_image_interfaces_s.ep.rosidl_typesupport_fastrtps_c.c
[2.719s] -- Symlinking: /home/bctat/turtlebot3ros/turtlebot3_ws/install/image_interfaces/local/lib/python3.10/dist-packages/image_interfaces/_image_interfaces_s.ep.rosidl_typesupport_introspection_c.c
[2.724s] -- Symlinking: /home/bctat/turtlebot3ros/turtlebot3_ws/install/image_interfaces/local/lib/python3.10/dist-packages/image_interfaces/image_interfaces_s__rosidl_typesupport_c.cpython-310-x86_64-linux-gnu.so
[2.729s] -- Symlinking: /home/bctat/turtlebot3ros/turtlebot3_ws/install/image_interfaces/local/lib/python3.10/dist-packages/image_interfaces/image_interfaces_s__rosidl_typesupport_fastrtps_c.cpython-310-x86_64-linux-gnu.so
[2.735s] -- Symlinking: /home/bctat/turtlebot3ros/turtlebot3_ws/install/image_interfaces/local/lib/python3.10/dist-packages/image_interfaces/image_interfaces_s__rosidl_typesupport_introspection_c.cpython-310-x86_64-linux-gnu.so
[2.740s] -- Symlinking: /home/bctat/turtlebot3ros/turtlebot3_ws/install/image_interfaces/local/lib/python3.10/dist-packages/image_interfaces/libimage_interfaces__rosidl_generator_py.so
[2.745s] -- Symlinking: /home/bctat/turtlebot3ros/turtlebot3_ws/install/image_interfaces/local/lib/python3.10/dist-packages/image_interfaces/msg/__init__.py
[2.751s] -- Symlinking: /home/bctat/turtlebot3ros/turtlebot3_ws/install/image_interfaces/local/lib/python3.10/dist-packages/image_interfaces/msg/_centroid.py
[2.756s] -- Symlinking: /home/bctat/turtlebot3ros/turtlebot3_ws/install/image_interfaces/local/lib/python3.10/dist-packages/image_interfaces/msg/_centroid_s.c
[2.761s] -- Symlinking: /home/bctat/turtlebot3ros/turtlebot3_ws/install/image_interfaces/local/lib/python3.10/dist-packages/image_interfaces/srv/__init__.py
[2.767s] -- Symlinking: /home/bctat/turtlebot3ros/turtlebot3_ws/install/image_interfaces/local/lib/python3.10/dist-packages/image_interfaces/srv/_find_centroid.py
[2.773s] -- Symlinking: /home/bctat/turtlebot3ros/turtlebot3_ws/install/image_interfaces/local/lib/python3.10/dist-packages/image_interfaces/srv/_find_centroid_s.c
[2.778s] -- Up-to-date symlink: /home/bctat/turtlebot3ros/turtlebot3_ws/install/image_interfaces/local/lib/python3.10/dist-packages/image_interfaces/image_interfaces_s__rosidl_typesupport_fastrtps_c.cpython-310-x86_64-linux-gnu.so
[2.779s] -- Up-to-date symlink: /home/bctat/turtlebot3ros/turtlebot3_ws/install/image_interfaces/local/lib/python3.10/dist-packages/image_interfaces/image_interfaces_s__rosidl_typesupport_introspection_c.cpython-310-x86_64-linux-gnu.so
[2.779s] -- Up-to-date symlink: /home/bctat/turtlebot3ros/turtlebot3_ws/install/image_interfaces/local/lib/python3.10/dist-packages/image_interfaces/image_interfaces_s__rosidl_typesupport_c.cpython-310-x86_64-linux-gnu.so
[2.779s] -- Symlinking: /home/bctat/turtlebot3ros/turtlebot3_ws/install/image_interfaces/share/image_interfaces/msg/Centroid.idl
[2.785s] -- Symlinking: /home/bctat/turtlebot3ros/turtlebot3_ws/install/image_interfaces/share/image_interfaces/srv/FindCentroid.idl
[2.790s] -- Symlinking: /home/bctat/turtlebot3ros/turtlebot3_ws/install/image_interfaces/share/image_interfaces/msg/Centroid.msg
[2.796s] -- Symlinking: /home/bctat/turtlebot3ros/turtlebot3_ws/install/image_interfaces/share/image_interfaces/srv/FindCentroid.srv
[2.801s] -- Symlinking: /home/bctat/turtlebot3ros/turtlebot3_ws/install/image_interfaces/share/image_interfaces/srv/FindCentroid_Request.msg
[2.806s] -- Symlinking: /home/bctat/turtlebot3ros/turtlebot3_ws/install/image_interfaces/share/image_interfaces/srv/FindCentroid_Response.msg
[2.812s] -- Symlinking: /home/bctat/turtlebot3ros/turtlebot3_ws/install/image_interfaces/share/ament_index/resource_index/package_run_dependencies/image_interfaces
[2.817s] -- Symlinking: /home/bctat/turtlebot3ros/turtlebot3_ws/install/image_interfaces/share/ament_index/resource_index/parent_prefix_path/image_interfaces
[2.823s] -- Symlinking: /home/bctat/turtlebot3ros/turtlebot3_ws/install/image_interfaces/share/image_interfaces/environment/ament_prefix_path.sh
[2.828s] -- Symlinking: /home/bctat/turtlebot3ros/turtlebot3_ws/install/image_interfaces/share/image_interfaces/environment/ament_prefix_path.dsv
[2.834s] -- Symlinking: /home/bctat/turtlebot3ros/turtlebot3_ws/install/image_interfaces/share/image_interfaces/environment/path.sh
[2.841s] -- Symlinking: /home/bctat/turtlebot3ros/turtlebot3_ws/install/image_interfaces/share/image_interfaces/environment/path.dsv
[2.848s] -- Symlinking: /home/bctat/turtlebot3ros/turtlebot3_ws/install/image_interfaces/share/image_interfaces/local_setup.bash
[2.854s] -- Symlinking: /home/bctat/turtlebot3ros/turtlebot3_ws/install/image_interfaces/share/image_interfaces/local_setup.sh
[2.859s] -- Symlinking: /home/bctat/turtlebot3ros/turtlebot3_ws/install/image_interfaces/share/image_interfaces/local_setup.zsh
[2.865s] -- Symlinking: /home/bctat/turtlebot3ros/turtlebot3_ws/install/image_interfaces/share/image_interfaces/local_setup.dsv
[2.870s] -- Symlinking: /home/bctat/turtlebot3ros/turtlebot3_ws/install/image_interfaces/share/image_interfaces/package.dsv
[2.876s] -- Symlinking: /home/bctat/turtlebot3ros/turtlebot3_ws/install/image_interfaces/share/ament_index/resource_index/packages/image_interfaces
[2.882s] -- Symlinking: /home/bctat/turtlebot3ros/turtlebot3_ws/install/image_interfaces/share/image_interfaces/cmake/rosidl_cmake-extras.cmake
[2.887s] -- Symlinking: /home/bctat/turtlebot3ros/turtlebot3_ws/install/image_interfaces/share/image_interfaces/cmake/ament_cmake_export_include_directories-extras.cmake
[2.893s] -- Symlinking: /home/bctat/turtlebot3ros/turtlebot3_ws/install/image_interfaces/share/image_interfaces/cmake/ament_cmake_export_libraries-extras.cmake
[2.898s] -- Symlinking: /home/bctat/turtlebot3ros/turtlebot3_ws/install/image_interfaces/share/image_interfaces/cmake/ament_cmake_export_targets-extras.cmake
[2.904s] -- Symlinking: /home/bctat/turtlebot3ros/turtlebot3_ws/install/image_interfaces/share/image_interfaces/cmake/rosidl_cmake_export_typesupport_targets-extras.cmake
[2.910s] -- Symlinking: /home/bctat/turtlebot3ros/turtlebot3_ws/install/image_interfaces/share/image_interfaces/cmake/ament_cmake_export_dependencies-extras.cmake
[2.916s] -- Symlinking: /home/bctat/turtlebot3ros/turtlebot3_ws/install/image_interfaces/share/image_interfaces/cmake/rosidl_cmake_export_typesupport_libraries-extras.cmake
[2.922s] -- Symlinking: /home/bctat/turtlebot3ros/turtlebot3_ws/install/image_interfaces/share/image_interfaces/cmake/image_interfacesConfig.cmake
[2.928s] -- Symlinking: /home/bctat/turtlebot3ros/turtlebot3_ws/install/image_interfaces/share/image_interfaces/cmake/image_interfacesConfig-version.cmake
[2.934s] -- Symlinking: /home/bctat/turtlebot3ros/turtlebot3_ws/install/image_interfaces/share/image_interfaces/package.xml
[2.941s] -- Installing: /home/bctat/turtlebot3ros/turtlebot3_ws/install/image_interfaces/lib/libimage_interfaces__rosidl_generator_c.so
[2.942s] -- Set runtime path of "/home/bctat/turtlebot3ros/turtlebot3_ws/install/image_interfaces/lib/libimage_interfaces__rosidl_generator_c.so" to ""
[2.942s] -- Installing: /home/bctat/turtlebot3ros/turtlebot3_ws/install/image_interfaces/lib/libimage_interfaces__rosidl_typesupport_fastrtps_c.so
[2.942s] -- Set runtime path of "/home/bctat/turtlebot3ros/turtlebot3_ws/install/image_interfaces/lib/libimage_interfaces__rosidl_typesupport_fastrtps_c.so" to ""
[2.942s] -- Installing: /home/bctat/turtlebot3ros/turtlebot3_ws/install/image_interfaces/lib/libimage_interfaces__rosidl_typesupport_introspection_c.so
[2.942s] -- Set runtime path of "/home/bctat/turtlebot3ros/turtlebot3_ws/install/image_interfaces/lib/libimage_interfaces__rosidl_typesupport_introspection_c.so" to ""
[2.942s] -- Installing: /home/bctat/turtlebot3ros/turtlebot3_ws/install/image_interfaces/lib/libimage_interfaces__rosidl_typesupport_c.so
[2.942s] -- Set runtime path of "/home/bctat/turtlebot3ros/turtlebot3_ws/install/image_interfaces/lib/libimage_interfaces__rosidl_typesupport_c.so" to ""
[2.943s] -- Installing: /home/bctat/turtlebot3ros/turtlebot3_ws/install/image_interfaces/lib/libimage_interfaces__rosidl_typesupport_fastrtps_cpp.so
[2.943s] -- Set runtime path of "/home/bctat/turtlebot3ros/turtlebot3_ws/install/image_interfaces/lib/libimage_interfaces__rosidl_typesupport_fastrtps_cpp.so" to ""
[2.943s] -- Installing: /home/bctat/turtlebot3ros/turtlebot3_ws/install/image_interfaces/lib/libimage_interfaces__rosidl_typesupport_introspection_cpp.so
[2.943s] -- Set runtime path of "/home/bctat/turtlebot3ros/turtlebot3_ws/install/image_interfaces/lib/libimage_interfaces__rosidl_typesupport_introspection_cpp.so" to ""
[2.943s] -- Installing: /home/bctat/turtlebot3ros/turtlebot3_ws/install/image_interfaces/lib/libimage_interfaces__rosidl_typesupport_cpp.so
[2.943s] -- Set runtime path of "/home/bctat/turtlebot3ros/turtlebot3_ws/install/image_interfaces/lib/libimage_interfaces__rosidl_typesupport_cpp.so" to ""
[2.969s] Listing '/home/bctat/turtlebot3ros/turtlebot3_ws/install/image_interfaces/local/lib/python3.10/dist-packages/image_interfaces'...
[2.969s] Compiling '/home/bctat/turtlebot3ros/turtlebot3_ws/install/image_interfaces/local/lib/python3.10/dist-packages/image_interfaces/__init__.py'...
[2.969s] Listing '/home/bctat/turtlebot3ros/turtlebot3_ws/install/image_interfaces/local/lib/python3.10/dist-packages/image_interfaces/msg'...
[2.969s] Compiling '/home/bctat/turtlebot3ros/turtlebot3_ws/install/image_interfaces/local/lib/python3.10/dist-packages/image_interfaces/msg/__init__.py'...
[2.969s] Compiling '/home/bctat/turtlebot3ros/turtlebot3_ws/install/image_interfaces/local/lib/python3.10/dist-packages/image_interfaces/msg/_centroid.py'...
[2.969s] Listing '/home/bctat/turtlebot3ros/turtlebot3_ws/install/image_interfaces/local/lib/python3.10/dist-packages/image_interfaces/srv'...
[2.969s] Compiling '/home/bctat/turtlebot3ros/turtlebot3_ws/install/image_interfaces/local/lib/python3.10/dist-packages/image_interfaces/srv/__init__.py'...
[2.969s] Compiling '/home/bctat/turtlebot3ros/turtlebot3_ws/install/image_interfaces/local/lib/python3.10/dist-packages/image_interfaces/srv/_find_centroid.py'...
[2.972s] -- Installing: /home/bctat/turtlebot3ros/turtlebot3_ws/install/image_interfaces/lib/libimage_interfaces__rosidl_generator_py.so
[2.973s] -- Set runtime path of "/home/bctat/turtlebot3ros/turtlebot3_ws/install/image_interfaces/lib/libimage_interfaces__rosidl_generator_py.so" to ""
[2.973s] -- Installing: /home/bctat/turtlebot3ros/turtlebot3_ws/install/image_interfaces/share/image_interfaces/cmake/export_image_interfaces__rosidl_generator_cExport.cmake
[2.973s] -- Installing: /home/bctat/turtlebot3ros/turtlebot3_ws/install/image_interfaces/share/image_interfaces/cmake/export_image_interfaces__rosidl_generator_cExport-noconfig.cmake
[2.973s] -- Installing: /home/bctat/turtlebot3ros/turtlebot3_ws/install/image_interfaces/share/image_interfaces/cmake/export_image_interfaces__rosidl_typesupport_fastrtps_cExport.cmake
[2.973s] -- Installing: /home/bctat/turtlebot3ros/turtlebot3_ws/install/image_interfaces/share/image_interfaces/cmake/export_image_interfaces__rosidl_typesupport_fastrtps_cExport-noconfig.cmake
[2.973s] -- Installing: /home/bctat/turtlebot3ros/turtlebot3_ws/install/image_interfaces/share/image_interfaces/cmake/image_interfaces__rosidl_typesupport_introspection_cExport.cmake
[2.973s] -- Installing: /home/bctat/turtlebot3ros/turtlebot3_ws/install/image_interfaces/share/image_interfaces/cmake/image_interfaces__rosidl_typesupport_introspection_cExport-noconfig.cmake
[2.973s] -- Installing: /home/bctat/turtlebot3ros/turtlebot3_ws/install/image_interfaces/share/image_interfaces/cmake/image_interfaces__rosidl_typesupport_cExport.cmake
[2.973s] -- Installing: /home/bctat/turtlebot3ros/turtlebot3_ws/install/image_interfaces/share/image_interfaces/cmake/image_interfaces__rosidl_typesupport_cExport-noconfig.cmake
[2.973s] -- Installing: /home/bctat/turtlebot3ros/turtlebot3_ws/install/image_interfaces/share/image_interfaces/cmake/export_image_interfaces__rosidl_generator_cppExport.cmake
[2.974s] -- Installing: /home/bctat/turtlebot3ros/turtlebot3_ws/install/image_interfaces/share/image_interfaces/cmake/export_image_interfaces__rosidl_typesupport_fastrtps_cppExport.cmake
[2.974s] -- Installing: /home/bctat/turtlebot3ros/turtlebot3_ws/install/image_interfaces/share/image_interfaces/cmake/export_image_interfaces__rosidl_typesupport_fastrtps_cppExport-noconfig.cmake
[2.974s] -- Installing: /home/bctat/turtlebot3ros/turtlebot3_ws/install/image_interfaces/share/image_interfaces/cmake/image_interfaces__rosidl_typesupport_introspection_cppExport.cmake
[2.974s] -- Installing: /home/bctat/turtlebot3ros/turtlebot3_ws/install/image_interfaces/share/image_interfaces/cmake/image_interfaces__rosidl_typesupport_introspection_cppExport-noconfig.cmake
[2.974s] -- Installing: /home/bctat/turtlebot3ros/turtlebot3_ws/install/image_interfaces/share/image_interfaces/cmake/image_interfaces__rosidl_typesupport_cppExport.cmake
[2.974s] -- Installing: /home/bctat/turtlebot3ros/turtlebot3_ws/install/image_interfaces/share/image_interfaces/cmake/image_interfaces__rosidl_typesupport_cppExport-noconfig.cmake
[2.974s] -- Installing: /home/bctat/turtlebot3ros/turtlebot3_ws/install/image_interfaces/share/image_interfaces/cmake/export_image_interfaces__rosidl_generator_pyExport.cmake
[2.974s] -- Installing: /home/bctat/turtlebot3ros/turtlebot3_ws/install/image_interfaces/share/image_interfaces/cmake/export_image_interfaces__rosidl_generator_pyExport-noconfig.cmake
[2.977s] Invoked command in '/home/bctat/turtlebot3ros/turtlebot3_ws/build/image_interfaces' returned '0': CMAKE_PREFIX_PATH=${CMAKE_PREFIX_PATH}:/home/bctat/turtlebot3ros/turtlebot3_ws/install/turtlebot3_controller:/opt/ros/humble /usr/bin/cmake --install /home/bctat/turtlebot3ros/turtlebot3_ws/build/image_interfaces
