[0.031s] Invoking command in '/home/bctat/turtlebot3ros/turtlebot3_ws/build/image_interfaces': CMAKE_PREFIX_PATH=${CMAKE_PREFIX_PATH}:/home/bctat/turtlebot3ros/turtlebot3_ws/install/turtlebot3_controller:/opt/ros/humble /usr/bin/cmake /home/bctat/turtlebot3ros/turtlebot3_ws/src/image_interfaces -DCMAKE_INSTALL_PREFIX=/home/bctat/turtlebot3ros/turtlebot3_ws/install/image_interfaces
[0.037s] -- Found ament_cmake: 1.3.5 (/opt/ros/humble/share/ament_cmake/cmake)
[0.122s] -- Found ament_lint_auto: 0.12.8 (/opt/ros/humble/share/ament_lint_auto/cmake)
[0.159s] -- Found rosidl_default_generators: 1.2.0 (/opt/ros/humble/share/rosidl_default_generators/cmake)
[0.160s] -- Using all available rosidl_typesupport_c: rosidl_typesupport_fastrtps_c;rosidl_typesupport_introspection_c
[0.161s] -- Found rosidl_adapter: 3.1.5 (/opt/ros/humble/share/rosidl_adapter/cmake)
[0.178s] -- Using all available rosidl_typesupport_cpp: rosidl_typesupport_fastrtps_cpp;rosidl_typesupport_introspection_cpp
[0.301s] -- Found ament_cmake_ros: 0.10.0 (/opt/ros/humble/share/ament_cmake_ros/cmake)
[0.416s] -- Using all available rosidl_typesupport_c: rosidl_typesupport_fastrtps_c;rosidl_typesupport_introspection_c
[0.564s] -- Using all available rosidl_typesupport_cpp: rosidl_typesupport_fastrtps_cpp;rosidl_typesupport_introspection_cpp
[0.579s] -- Found PythonInterp: /usr/bin/python3 (found suitable version "3.10.12", minimum required is "3.6") 
[0.581s] -- Found python_cmake_module: 0.10.0 (/opt/ros/humble/share/python_cmake_module/cmake)
[0.597s] -- Found PythonLibs: /usr/lib/x86_64-linux-gnu/libpython3.10.so (found suitable version "3.10.12", minimum required is "3.5") 
[0.597s] -- Using PYTHON_EXECUTABLE: /usr/bin/python3
[0.597s] -- Using PYTHON_INCLUDE_DIRS: /usr/include/python3.10
[0.597s] -- Using PYTHON_LIBRARIES: /usr/lib/x86_64-linux-gnu/libpython3.10.so
[0.610s] -- Found PythonExtra: .so  
[0.629s] -- Added test 'lint_cmake' to check CMake code style
[0.630s] -- Added test 'xmllint' to check XML markup files
[0.632s] -- Configuring done
[0.647s] -- Generating done
[0.648s] -- Build files have been written to: /home/bctat/turtlebot3ros/turtlebot3_ws/build/image_interfaces
[0.652s] Invoked command in '/home/bctat/turtlebot3ros/turtlebot3_ws/build/image_interfaces' returned '0': CMAKE_PREFIX_PATH=${CMAKE_PREFIX_PATH}:/home/bctat/turtlebot3ros/turtlebot3_ws/install/turtlebot3_controller:/opt/ros/humble /usr/bin/cmake /home/bctat/turtlebot3ros/turtlebot3_ws/src/image_interfaces -DCMAKE_INSTALL_PREFIX=/home/bctat/turtlebot3ros/turtlebot3_ws/install/image_interfaces
[0.653s] Invoking command in '/home/bctat/turtlebot3ros/turtlebot3_ws/build/image_interfaces': CMAKE_PREFIX_PATH=${CMAKE_PREFIX_PATH}:/home/bctat/turtlebot3ros/turtlebot3_ws/install/turtlebot3_controller:/opt/ros/humble /usr/bin/cmake --build /home/bctat/turtlebot3ros/turtlebot3_ws/build/image_interfaces -- -j12 -l12
[0.677s] [  2%] [34m[1mGenerating C code for ROS interfaces[0m
[0.682s] [  5%] [34m[1mGenerating C++ code for ROS interfaces[0m
[0.687s] [  5%] Built target ament_cmake_python_copy_image_interfaces
[0.826s] running egg_info
[0.826s] creating image_interfaces.egg-info
[0.826s] writing image_interfaces.egg-info/PKG-INFO
[0.826s] writing dependency_links to image_interfaces.egg-info/dependency_links.txt
[0.826s] writing top-level names to image_interfaces.egg-info/top_level.txt
[0.826s] writing manifest file 'image_interfaces.egg-info/SOURCES.txt'
[0.827s] reading manifest file 'image_interfaces.egg-info/SOURCES.txt'
[0.827s] writing manifest file 'image_interfaces.egg-info/SOURCES.txt'
[0.846s] [  5%] Built target ament_cmake_python_build_image_interfaces_egg
[0.860s] [ 10%] [32mBuilding C object CMakeFiles/image_interfaces__rosidl_generator_c.dir/rosidl_generator_c/image_interfaces/srv/detail/find_centroid__functions.c.o[0m
[0.860s] [ 10%] [32mBuilding C object CMakeFiles/image_interfaces__rosidl_generator_c.dir/rosidl_generator_c/image_interfaces/msg/detail/centroid__functions.c.o[0m
[0.862s] [ 10%] Built target image_interfaces__cpp
[0.867s] [ 17%] [34m[1mGenerating C++ type support dispatch for ROS interfaces[0m
[0.867s] [ 17%] [34m[1mGenerating C++ type support for eProsima Fast-RTPS[0m
[0.868s] [ 17%] [34m[1mGenerating C++ introspection for ROS interfaces[0m
[0.896s] [ 20%] [32m[1mLinking C shared library libimage_interfaces__rosidl_generator_c.so[0m
[0.918s] [ 20%] Built target image_interfaces__rosidl_generator_c
[0.923s] [ 28%] [34m[1mGenerating C type support for eProsima Fast-RTPS[0m
[0.923s] [ 28%] [34m[1mGenerating C introspection for ROS interfaces[0m
[0.923s] [ 28%] [34m[1mGenerating C type support dispatch for ROS interfaces[0m
[1.036s] [ 30%] [32mBuilding CXX object CMakeFiles/image_interfaces__rosidl_typesupport_introspection_cpp.dir/rosidl_typesupport_introspection_cpp/image_interfaces/msg/detail/centroid__type_support.cpp.o[0m
[1.037s] [ 33%] [32mBuilding CXX object CMakeFiles/image_interfaces__rosidl_typesupport_introspection_cpp.dir/rosidl_typesupport_introspection_cpp/image_interfaces/srv/detail/find_centroid__type_support.cpp.o[0m
[1.040s] [ 35%] [32mBuilding CXX object CMakeFiles/image_interfaces__rosidl_typesupport_fastrtps_cpp.dir/rosidl_typesupport_fastrtps_cpp/image_interfaces/msg/detail/dds_fastrtps/centroid__type_support.cpp.o[0m
[1.040s] [ 38%] [32mBuilding CXX object CMakeFiles/image_interfaces__rosidl_typesupport_fastrtps_cpp.dir/rosidl_typesupport_fastrtps_cpp/image_interfaces/srv/detail/dds_fastrtps/find_centroid__type_support.cpp.o[0m
[1.089s] [ 43%] [32mBuilding CXX object CMakeFiles/image_interfaces__rosidl_typesupport_cpp.dir/rosidl_typesupport_cpp/image_interfaces/msg/centroid__type_support.cpp.o[0m
[1.089s] [ 43%] [32mBuilding CXX object CMakeFiles/image_interfaces__rosidl_typesupport_cpp.dir/rosidl_typesupport_cpp/image_interfaces/srv/find_centroid__type_support.cpp.o[0m
[1.101s] [ 48%] [32mBuilding CXX object CMakeFiles/image_interfaces__rosidl_typesupport_fastrtps_c.dir/rosidl_typesupport_fastrtps_c/image_interfaces/srv/detail/find_centroid__type_support_c.cpp.o[0m
[1.102s] [ 48%] [32mBuilding CXX object CMakeFiles/image_interfaces__rosidl_typesupport_fastrtps_c.dir/rosidl_typesupport_fastrtps_c/image_interfaces/msg/detail/centroid__type_support_c.cpp.o[0m
[1.132s] [ 53%] [32mBuilding C object CMakeFiles/image_interfaces__rosidl_typesupport_introspection_c.dir/rosidl_typesupport_introspection_c/image_interfaces/srv/detail/find_centroid__type_support.c.o[0m
[1.132s] [ 53%] [32mBuilding C object CMakeFiles/image_interfaces__rosidl_typesupport_introspection_c.dir/rosidl_typesupport_introspection_c/image_interfaces/msg/detail/centroid__type_support.c.o[0m
[1.152s] [ 56%] [32mBuilding CXX object CMakeFiles/image_interfaces__rosidl_typesupport_c.dir/rosidl_typesupport_c/image_interfaces/msg/centroid__type_support.cpp.o[0m
[1.152s] [ 58%] [32mBuilding CXX object CMakeFiles/image_interfaces__rosidl_typesupport_c.dir/rosidl_typesupport_c/image_interfaces/srv/find_centroid__type_support.cpp.o[0m
[1.166s] [ 61%] [32m[1mLinking C shared library libimage_interfaces__rosidl_typesupport_introspection_c.so[0m
[1.179s] [ 64%] [32m[1mLinking CXX shared library libimage_interfaces__rosidl_typesupport_c.so[0m
[1.192s] [ 64%] Built target image_interfaces__rosidl_typesupport_introspection_c
[1.207s] [ 64%] Built target image_interfaces__rosidl_typesupport_c
[1.311s] [ 66%] [32m[1mLinking CXX shared library libimage_interfaces__rosidl_typesupport_cpp.so[0m
[1.339s] [ 66%] Built target image_interfaces__rosidl_typesupport_cpp
[1.342s] [ 69%] [32m[1mLinking CXX shared library libimage_interfaces__rosidl_typesupport_introspection_cpp.so[0m
[1.357s] [ 71%] [32m[1mLinking CXX shared library libimage_interfaces__rosidl_typesupport_fastrtps_cpp.so[0m
[1.366s] [ 71%] Built target image_interfaces__rosidl_typesupport_introspection_cpp
[1.381s] [ 74%] [32m[1mLinking CXX shared library libimage_interfaces__rosidl_typesupport_fastrtps_c.so[0m
[1.400s] [ 74%] Built target image_interfaces__rosidl_typesupport_fastrtps_cpp
[1.422s] [ 74%] Built target image_interfaces__rosidl_typesupport_fastrtps_c
[1.433s] [ 74%] Built target image_interfaces
[1.444s] [ 76%] [34m[1mGenerating Python code for ROS interfaces[0m
[1.669s] [ 76%] Built target image_interfaces__py
[1.680s] [ 79%] [32mBuilding C object CMakeFiles/image_interfaces__rosidl_generator_py.dir/rosidl_generator_py/image_interfaces/msg/_centroid_s.c.o[0m
[1.680s] [ 82%] [32mBuilding C object CMakeFiles/image_interfaces__rosidl_generator_py.dir/rosidl_generator_py/image_interfaces/srv/_find_centroid_s.c.o[0m
[1.753s] [ 84%] [32m[1mLinking C shared library rosidl_generator_py/image_interfaces/libimage_interfaces__rosidl_generator_py.so[0m
[1.775s] [ 84%] Built target image_interfaces__rosidl_generator_py
[1.788s] [ 87%] [32mBuilding C object CMakeFiles/image_interfaces__rosidl_typesupport_fastrtps_c__pyext.dir/rosidl_generator_py/image_interfaces/_image_interfaces_s.ep.rosidl_typesupport_fastrtps_c.c.o[0m
[1.788s] [ 89%] [32mBuilding C object CMakeFiles/image_interfaces__rosidl_typesupport_introspection_c__pyext.dir/rosidl_generator_py/image_interfaces/_image_interfaces_s.ep.rosidl_typesupport_introspection_c.c.o[0m
[1.788s] [ 92%] [32mBuilding C object CMakeFiles/image_interfaces__rosidl_typesupport_c__pyext.dir/rosidl_generator_py/image_interfaces/_image_interfaces_s.ep.rosidl_typesupport_c.c.o[0m
[1.842s] [ 97%] [32m[1mLinking C shared library rosidl_generator_py/image_interfaces/image_interfaces_s__rosidl_typesupport_c.cpython-310-x86_64-linux-gnu.so[0m
[1.842s] [ 97%] [32m[1mLinking C shared library rosidl_generator_py/image_interfaces/image_interfaces_s__rosidl_typesupport_introspection_c.cpython-310-x86_64-linux-gnu.so[0m
[1.843s] [100%] [32m[1mLinking C shared library rosidl_generator_py/image_interfaces/image_interfaces_s__rosidl_typesupport_fastrtps_c.cpython-310-x86_64-linux-gnu.so[0m
[1.860s] [100%] Built target image_interfaces__rosidl_typesupport_introspection_c__pyext
[1.860s] [100%] Built target image_interfaces__rosidl_typesupport_c__pyext
[1.861s] [100%] Built target image_interfaces__rosidl_typesupport_fastrtps_c__pyext
[1.867s] Invoked command in '/home/bctat/turtlebot3ros/turtlebot3_ws/build/image_interfaces' returned '0': CMAKE_PREFIX_PATH=${CMAKE_PREFIX_PATH}:/home/bctat/turtlebot3ros/turtlebot3_ws/install/turtlebot3_controller:/opt/ros/humble /usr/bin/cmake --build /home/bctat/turtlebot3ros/turtlebot3_ws/build/image_interfaces -- -j12 -l12
[1.914s] Invoking command in '/home/bctat/turtlebot3ros/turtlebot3_ws/build/image_interfaces': CMAKE_PREFIX_PATH=${CMAKE_PREFIX_PATH}:/home/bctat/turtlebot3ros/turtlebot3_ws/install/turtlebot3_controller:/opt/ros/humble /usr/bin/cmake --install /home/bctat/turtlebot3ros/turtlebot3_ws/build/image_interfaces
[1.922s] -- Install configuration: ""
[1.923s] -- Installing: /home/bctat/turtlebot3ros/turtlebot3_ws/install/image_interfaces/share/ament_index/resource_index/rosidl_interfaces/image_interfaces
[1.923s] -- Installing: /home/bctat/turtlebot3ros/turtlebot3_ws/install/image_interfaces/include/image_interfaces/image_interfaces
[1.923s] -- Installing: /home/bctat/turtlebot3ros/turtlebot3_ws/install/image_interfaces/include/image_interfaces/image_interfaces/msg
[1.923s] -- Installing: /home/bctat/turtlebot3ros/turtlebot3_ws/install/image_interfaces/include/image_interfaces/image_interfaces/msg/rosidl_generator_c__visibility_control.h
[1.923s] -- Installing: /home/bctat/turtlebot3ros/turtlebot3_ws/install/image_interfaces/include/image_interfaces/image_interfaces/msg/detail
[1.923s] -- Installing: /home/bctat/turtlebot3ros/turtlebot3_ws/install/image_interfaces/include/image_interfaces/image_interfaces/msg/detail/centroid__functions.h
[1.923s] -- Installing: /home/bctat/turtlebot3ros/turtlebot3_ws/install/image_interfaces/include/image_interfaces/image_interfaces/msg/detail/centroid__struct.h
[1.923s] -- Installing: /home/bctat/turtlebot3ros/turtlebot3_ws/install/image_interfaces/include/image_interfaces/image_interfaces/msg/detail/centroid__type_support.h
[1.924s] -- Installing: /home/bctat/turtlebot3ros/turtlebot3_ws/install/image_interfaces/include/image_interfaces/image_interfaces/msg/detail/centroid__functions.c
[1.924s] -- Installing: /home/bctat/turtlebot3ros/turtlebot3_ws/install/image_interfaces/include/image_interfaces/image_interfaces/msg/centroid.h
[1.924s] -- Installing: /home/bctat/turtlebot3ros/turtlebot3_ws/install/image_interfaces/include/image_interfaces/image_interfaces/srv
[1.924s] -- Installing: /home/bctat/turtlebot3ros/turtlebot3_ws/install/image_interfaces/include/image_interfaces/image_interfaces/srv/find_centroid.h
[1.924s] -- Installing: /home/bctat/turtlebot3ros/turtlebot3_ws/install/image_interfaces/include/image_interfaces/image_interfaces/srv/detail
[1.924s] -- Installing: /home/bctat/turtlebot3ros/turtlebot3_ws/install/image_interfaces/include/image_interfaces/image_interfaces/srv/detail/find_centroid__functions.h
[1.924s] -- Installing: /home/bctat/turtlebot3ros/turtlebot3_ws/install/image_interfaces/include/image_interfaces/image_interfaces/srv/detail/find_centroid__struct.h
[1.924s] -- Installing: /home/bctat/turtlebot3ros/turtlebot3_ws/install/image_interfaces/include/image_interfaces/image_interfaces/srv/detail/find_centroid__type_support.h
[1.924s] -- Installing: /home/bctat/turtlebot3ros/turtlebot3_ws/install/image_interfaces/include/image_interfaces/image_interfaces/srv/detail/find_centroid__functions.c
[1.924s] -- Installing: /home/bctat/turtlebot3ros/turtlebot3_ws/install/image_interfaces/share/image_interfaces/environment/library_path.sh
[1.924s] -- Installing: /home/bctat/turtlebot3ros/turtlebot3_ws/install/image_interfaces/share/image_interfaces/environment/library_path.dsv
[1.924s] -- Installing: /home/bctat/turtlebot3ros/turtlebot3_ws/install/image_interfaces/lib/libimage_interfaces__rosidl_generator_c.so
[1.925s] -- Set runtime path of "/home/bctat/turtlebot3ros/turtlebot3_ws/install/image_interfaces/lib/libimage_interfaces__rosidl_generator_c.so" to ""
[1.925s] -- Up-to-date: /home/bctat/turtlebot3ros/turtlebot3_ws/install/image_interfaces/include/image_interfaces/image_interfaces
[1.925s] -- Up-to-date: /home/bctat/turtlebot3ros/turtlebot3_ws/install/image_interfaces/include/image_interfaces/image_interfaces/msg
[1.925s] -- Up-to-date: /home/bctat/turtlebot3ros/turtlebot3_ws/install/image_interfaces/include/image_interfaces/image_interfaces/msg/detail
[1.925s] -- Installing: /home/bctat/turtlebot3ros/turtlebot3_ws/install/image_interfaces/include/image_interfaces/image_interfaces/msg/detail/centroid__rosidl_typesupport_fastrtps_c.h
[1.925s] -- Installing: /home/bctat/turtlebot3ros/turtlebot3_ws/install/image_interfaces/include/image_interfaces/image_interfaces/msg/rosidl_typesupport_fastrtps_c__visibility_control.h
[1.925s] -- Up-to-date: /home/bctat/turtlebot3ros/turtlebot3_ws/install/image_interfaces/include/image_interfaces/image_interfaces/srv
[1.925s] -- Up-to-date: /home/bctat/turtlebot3ros/turtlebot3_ws/install/image_interfaces/include/image_interfaces/image_interfaces/srv/detail
[1.925s] -- Installing: /home/bctat/turtlebot3ros/turtlebot3_ws/install/image_interfaces/include/image_interfaces/image_interfaces/srv/detail/find_centroid__rosidl_typesupport_fastrtps_c.h
[1.925s] -- Installing: /home/bctat/turtlebot3ros/turtlebot3_ws/install/image_interfaces/lib/libimage_interfaces__rosidl_typesupport_fastrtps_c.so
[1.925s] -- Set runtime path of "/home/bctat/turtlebot3ros/turtlebot3_ws/install/image_interfaces/lib/libimage_interfaces__rosidl_typesupport_fastrtps_c.so" to ""
[1.925s] -- Up-to-date: /home/bctat/turtlebot3ros/turtlebot3_ws/install/image_interfaces/include/image_interfaces/image_interfaces
[1.925s] -- Up-to-date: /home/bctat/turtlebot3ros/turtlebot3_ws/install/image_interfaces/include/image_interfaces/image_interfaces/msg
[1.926s] -- Installing: /home/bctat/turtlebot3ros/turtlebot3_ws/install/image_interfaces/include/image_interfaces/image_interfaces/msg/rosidl_typesupport_introspection_c__visibility_control.h
[1.926s] -- Up-to-date: /home/bctat/turtlebot3ros/turtlebot3_ws/install/image_interfaces/include/image_interfaces/image_interfaces/msg/detail
[1.926s] -- Installing: /home/bctat/turtlebot3ros/turtlebot3_ws/install/image_interfaces/include/image_interfaces/image_interfaces/msg/detail/centroid__rosidl_typesupport_introspection_c.h
[1.926s] -- Installing: /home/bctat/turtlebot3ros/turtlebot3_ws/install/image_interfaces/include/image_interfaces/image_interfaces/msg/detail/centroid__type_support.c
[1.926s] -- Up-to-date: /home/bctat/turtlebot3ros/turtlebot3_ws/install/image_interfaces/include/image_interfaces/image_interfaces/srv
[1.926s] -- Up-to-date: /home/bctat/turtlebot3ros/turtlebot3_ws/install/image_interfaces/include/image_interfaces/image_interfaces/srv/detail
[1.926s] -- Installing: /home/bctat/turtlebot3ros/turtlebot3_ws/install/image_interfaces/include/image_interfaces/image_interfaces/srv/detail/find_centroid__type_support.c
[1.926s] -- Installing: /home/bctat/turtlebot3ros/turtlebot3_ws/install/image_interfaces/include/image_interfaces/image_interfaces/srv/detail/find_centroid__rosidl_typesupport_introspection_c.h
[1.926s] -- Installing: /home/bctat/turtlebot3ros/turtlebot3_ws/install/image_interfaces/lib/libimage_interfaces__rosidl_typesupport_introspection_c.so
[1.926s] -- Set runtime path of "/home/bctat/turtlebot3ros/turtlebot3_ws/install/image_interfaces/lib/libimage_interfaces__rosidl_typesupport_introspection_c.so" to ""
[1.926s] -- Installing: /home/bctat/turtlebot3ros/turtlebot3_ws/install/image_interfaces/lib/libimage_interfaces__rosidl_typesupport_c.so
[1.926s] -- Set runtime path of "/home/bctat/turtlebot3ros/turtlebot3_ws/install/image_interfaces/lib/libimage_interfaces__rosidl_typesupport_c.so" to ""
[1.927s] -- Up-to-date: /home/bctat/turtlebot3ros/turtlebot3_ws/install/image_interfaces/include/image_interfaces/image_interfaces
[1.927s] -- Up-to-date: /home/bctat/turtlebot3ros/turtlebot3_ws/install/image_interfaces/include/image_interfaces/image_interfaces/msg
[1.927s] -- Installing: /home/bctat/turtlebot3ros/turtlebot3_ws/install/image_interfaces/include/image_interfaces/image_interfaces/msg/centroid.hpp
[1.927s] -- Up-to-date: /home/bctat/turtlebot3ros/turtlebot3_ws/install/image_interfaces/include/image_interfaces/image_interfaces/msg/detail
[1.927s] -- Installing: /home/bctat/turtlebot3ros/turtlebot3_ws/install/image_interfaces/include/image_interfaces/image_interfaces/msg/detail/centroid__builder.hpp
[1.927s] -- Installing: /home/bctat/turtlebot3ros/turtlebot3_ws/install/image_interfaces/include/image_interfaces/image_interfaces/msg/detail/centroid__traits.hpp
[1.927s] -- Installing: /home/bctat/turtlebot3ros/turtlebot3_ws/install/image_interfaces/include/image_interfaces/image_interfaces/msg/detail/centroid__struct.hpp
[1.927s] -- Up-to-date: /home/bctat/turtlebot3ros/turtlebot3_ws/install/image_interfaces/include/image_interfaces/image_interfaces/srv
[1.927s] -- Installing: /home/bctat/turtlebot3ros/turtlebot3_ws/install/image_interfaces/include/image_interfaces/image_interfaces/srv/find_centroid.hpp
[1.927s] -- Up-to-date: /home/bctat/turtlebot3ros/turtlebot3_ws/install/image_interfaces/include/image_interfaces/image_interfaces/srv/detail
[1.927s] -- Installing: /home/bctat/turtlebot3ros/turtlebot3_ws/install/image_interfaces/include/image_interfaces/image_interfaces/srv/detail/find_centroid__struct.hpp
[1.927s] -- Installing: /home/bctat/turtlebot3ros/turtlebot3_ws/install/image_interfaces/include/image_interfaces/image_interfaces/srv/detail/find_centroid__builder.hpp
[1.927s] -- Installing: /home/bctat/turtlebot3ros/turtlebot3_ws/install/image_interfaces/include/image_interfaces/image_interfaces/srv/detail/find_centroid__traits.hpp
[1.928s] -- Up-to-date: /home/bctat/turtlebot3ros/turtlebot3_ws/install/image_interfaces/include/image_interfaces/image_interfaces
[1.928s] -- Up-to-date: /home/bctat/turtlebot3ros/turtlebot3_ws/install/image_interfaces/include/image_interfaces/image_interfaces/msg
[1.928s] -- Installing: /home/bctat/turtlebot3ros/turtlebot3_ws/install/image_interfaces/include/image_interfaces/image_interfaces/msg/rosidl_typesupport_fastrtps_cpp__visibility_control.h
[1.928s] -- Up-to-date: /home/bctat/turtlebot3ros/turtlebot3_ws/install/image_interfaces/include/image_interfaces/image_interfaces/msg/detail
[1.928s] -- Installing: /home/bctat/turtlebot3ros/turtlebot3_ws/install/image_interfaces/include/image_interfaces/image_interfaces/msg/detail/centroid__rosidl_typesupport_fastrtps_cpp.hpp
[1.928s] -- Installing: /home/bctat/turtlebot3ros/turtlebot3_ws/install/image_interfaces/include/image_interfaces/image_interfaces/msg/detail/dds_fastrtps
[1.928s] -- Up-to-date: /home/bctat/turtlebot3ros/turtlebot3_ws/install/image_interfaces/include/image_interfaces/image_interfaces/srv
[1.928s] -- Up-to-date: /home/bctat/turtlebot3ros/turtlebot3_ws/install/image_interfaces/include/image_interfaces/image_interfaces/srv/detail
[1.928s] -- Installing: /home/bctat/turtlebot3ros/turtlebot3_ws/install/image_interfaces/include/image_interfaces/image_interfaces/srv/detail/dds_fastrtps
[1.928s] -- Installing: /home/bctat/turtlebot3ros/turtlebot3_ws/install/image_interfaces/include/image_interfaces/image_interfaces/srv/detail/find_centroid__rosidl_typesupport_fastrtps_cpp.hpp
[1.928s] -- Installing: /home/bctat/turtlebot3ros/turtlebot3_ws/install/image_interfaces/lib/libimage_interfaces__rosidl_typesupport_fastrtps_cpp.so
[1.928s] -- Set runtime path of "/home/bctat/turtlebot3ros/turtlebot3_ws/install/image_interfaces/lib/libimage_interfaces__rosidl_typesupport_fastrtps_cpp.so" to ""
[1.928s] -- Up-to-date: /home/bctat/turtlebot3ros/turtlebot3_ws/install/image_interfaces/include/image_interfaces/image_interfaces
[1.928s] -- Up-to-date: /home/bctat/turtlebot3ros/turtlebot3_ws/install/image_interfaces/include/image_interfaces/image_interfaces/msg
[1.929s] -- Up-to-date: /home/bctat/turtlebot3ros/turtlebot3_ws/install/image_interfaces/include/image_interfaces/image_interfaces/msg/detail
[1.929s] -- Installing: /home/bctat/turtlebot3ros/turtlebot3_ws/install/image_interfaces/include/image_interfaces/image_interfaces/msg/detail/centroid__rosidl_typesupport_introspection_cpp.hpp
[1.929s] -- Installing: /home/bctat/turtlebot3ros/turtlebot3_ws/install/image_interfaces/include/image_interfaces/image_interfaces/msg/detail/centroid__type_support.cpp
[1.929s] -- Up-to-date: /home/bctat/turtlebot3ros/turtlebot3_ws/install/image_interfaces/include/image_interfaces/image_interfaces/srv
[1.929s] -- Up-to-date: /home/bctat/turtlebot3ros/turtlebot3_ws/install/image_interfaces/include/image_interfaces/image_interfaces/srv/detail
[1.929s] -- Installing: /home/bctat/turtlebot3ros/turtlebot3_ws/install/image_interfaces/include/image_interfaces/image_interfaces/srv/detail/find_centroid__type_support.cpp
[1.929s] -- Installing: /home/bctat/turtlebot3ros/turtlebot3_ws/install/image_interfaces/include/image_interfaces/image_interfaces/srv/detail/find_centroid__rosidl_typesupport_introspection_cpp.hpp
[1.929s] -- Installing: /home/bctat/turtlebot3ros/turtlebot3_ws/install/image_interfaces/lib/libimage_interfaces__rosidl_typesupport_introspection_cpp.so
[1.929s] -- Set runtime path of "/home/bctat/turtlebot3ros/turtlebot3_ws/install/image_interfaces/lib/libimage_interfaces__rosidl_typesupport_introspection_cpp.so" to ""
[1.929s] -- Installing: /home/bctat/turtlebot3ros/turtlebot3_ws/install/image_interfaces/lib/libimage_interfaces__rosidl_typesupport_cpp.so
[1.929s] -- Set runtime path of "/home/bctat/turtlebot3ros/turtlebot3_ws/install/image_interfaces/lib/libimage_interfaces__rosidl_typesupport_cpp.so" to ""
[1.929s] -- Installing: /home/bctat/turtlebot3ros/turtlebot3_ws/install/image_interfaces/share/image_interfaces/environment/pythonpath.sh
[1.929s] -- Installing: /home/bctat/turtlebot3ros/turtlebot3_ws/install/image_interfaces/share/image_interfaces/environment/pythonpath.dsv
[1.929s] -- Installing: /home/bctat/turtlebot3ros/turtlebot3_ws/install/image_interfaces/local/lib/python3.10/dist-packages/image_interfaces-0.0.0-py3.10.egg-info
[1.929s] -- Installing: /home/bctat/turtlebot3ros/turtlebot3_ws/install/image_interfaces/local/lib/python3.10/dist-packages/image_interfaces-0.0.0-py3.10.egg-info/PKG-INFO
[1.929s] -- Installing: /home/bctat/turtlebot3ros/turtlebot3_ws/install/image_interfaces/local/lib/python3.10/dist-packages/image_interfaces-0.0.0-py3.10.egg-info/top_level.txt
[1.929s] -- Installing: /home/bctat/turtlebot3ros/turtlebot3_ws/install/image_interfaces/local/lib/python3.10/dist-packages/image_interfaces-0.0.0-py3.10.egg-info/dependency_links.txt
[1.930s] -- Installing: /home/bctat/turtlebot3ros/turtlebot3_ws/install/image_interfaces/local/lib/python3.10/dist-packages/image_interfaces-0.0.0-py3.10.egg-info/SOURCES.txt
[1.930s] -- Installing: /home/bctat/turtlebot3ros/turtlebot3_ws/install/image_interfaces/local/lib/python3.10/dist-packages/image_interfaces
[1.930s] -- Installing: /home/bctat/turtlebot3ros/turtlebot3_ws/install/image_interfaces/local/lib/python3.10/dist-packages/image_interfaces/msg
[1.930s] -- Installing: /home/bctat/turtlebot3ros/turtlebot3_ws/install/image_interfaces/local/lib/python3.10/dist-packages/image_interfaces/msg/_centroid.py
[1.930s] -- Installing: /home/bctat/turtlebot3ros/turtlebot3_ws/install/image_interfaces/local/lib/python3.10/dist-packages/image_interfaces/msg/__init__.py
[1.930s] -- Installing: /home/bctat/turtlebot3ros/turtlebot3_ws/install/image_interfaces/local/lib/python3.10/dist-packages/image_interfaces/msg/_centroid_s.c
[1.930s] -- Installing: /home/bctat/turtlebot3ros/turtlebot3_ws/install/image_interfaces/local/lib/python3.10/dist-packages/image_interfaces/__init__.py
[1.930s] -- Installing: /home/bctat/turtlebot3ros/turtlebot3_ws/install/image_interfaces/local/lib/python3.10/dist-packages/image_interfaces/image_interfaces_s__rosidl_typesupport_fastrtps_c.cpython-310-x86_64-linux-gnu.so
[1.930s] -- Installing: /home/bctat/turtlebot3ros/turtlebot3_ws/install/image_interfaces/local/lib/python3.10/dist-packages/image_interfaces/image_interfaces_s__rosidl_typesupport_introspection_c.cpython-310-x86_64-linux-gnu.so
[1.930s] -- Installing: /home/bctat/turtlebot3ros/turtlebot3_ws/install/image_interfaces/local/lib/python3.10/dist-packages/image_interfaces/_image_interfaces_s.ep.rosidl_typesupport_fastrtps_c.c
[1.930s] -- Installing: /home/bctat/turtlebot3ros/turtlebot3_ws/install/image_interfaces/local/lib/python3.10/dist-packages/image_interfaces/srv
[1.930s] -- Installing: /home/bctat/turtlebot3ros/turtlebot3_ws/install/image_interfaces/local/lib/python3.10/dist-packages/image_interfaces/srv/__init__.py
[1.930s] -- Installing: /home/bctat/turtlebot3ros/turtlebot3_ws/install/image_interfaces/local/lib/python3.10/dist-packages/image_interfaces/srv/_find_centroid.py
[1.930s] -- Installing: /home/bctat/turtlebot3ros/turtlebot3_ws/install/image_interfaces/local/lib/python3.10/dist-packages/image_interfaces/srv/_find_centroid_s.c
[1.930s] -- Installing: /home/bctat/turtlebot3ros/turtlebot3_ws/install/image_interfaces/local/lib/python3.10/dist-packages/image_interfaces/_image_interfaces_s.ep.rosidl_typesupport_c.c
[1.931s] -- Installing: /home/bctat/turtlebot3ros/turtlebot3_ws/install/image_interfaces/local/lib/python3.10/dist-packages/image_interfaces/libimage_interfaces__rosidl_generator_py.so
[1.931s] -- Installing: /home/bctat/turtlebot3ros/turtlebot3_ws/install/image_interfaces/local/lib/python3.10/dist-packages/image_interfaces/image_interfaces_s__rosidl_typesupport_c.cpython-310-x86_64-linux-gnu.so
[1.931s] -- Installing: /home/bctat/turtlebot3ros/turtlebot3_ws/install/image_interfaces/local/lib/python3.10/dist-packages/image_interfaces/_image_interfaces_s.ep.rosidl_typesupport_introspection_c.c
[1.954s] Listing '/home/bctat/turtlebot3ros/turtlebot3_ws/install/image_interfaces/local/lib/python3.10/dist-packages/image_interfaces'...
[1.954s] Compiling '/home/bctat/turtlebot3ros/turtlebot3_ws/install/image_interfaces/local/lib/python3.10/dist-packages/image_interfaces/__init__.py'...
[1.954s] Listing '/home/bctat/turtlebot3ros/turtlebot3_ws/install/image_interfaces/local/lib/python3.10/dist-packages/image_interfaces/msg'...
[1.954s] Compiling '/home/bctat/turtlebot3ros/turtlebot3_ws/install/image_interfaces/local/lib/python3.10/dist-packages/image_interfaces/msg/__init__.py'...
[1.954s] Compiling '/home/bctat/turtlebot3ros/turtlebot3_ws/install/image_interfaces/local/lib/python3.10/dist-packages/image_interfaces/msg/_centroid.py'...
[1.954s] Listing '/home/bctat/turtlebot3ros/turtlebot3_ws/install/image_interfaces/local/lib/python3.10/dist-packages/image_interfaces/srv'...
[1.954s] Compiling '/home/bctat/turtlebot3ros/turtlebot3_ws/install/image_interfaces/local/lib/python3.10/dist-packages/image_interfaces/srv/__init__.py'...
[1.954s] Compiling '/home/bctat/turtlebot3ros/turtlebot3_ws/install/image_interfaces/local/lib/python3.10/dist-packages/image_interfaces/srv/_find_centroid.py'...
[1.957s] -- Installing: /home/bctat/turtlebot3ros/turtlebot3_ws/install/image_interfaces/local/lib/python3.10/dist-packages/image_interfaces/image_interfaces_s__rosidl_typesupport_fastrtps_c.cpython-310-x86_64-linux-gnu.so
[1.957s] -- Set runtime path of "/home/bctat/turtlebot3ros/turtlebot3_ws/install/image_interfaces/local/lib/python3.10/dist-packages/image_interfaces/image_interfaces_s__rosidl_typesupport_fastrtps_c.cpython-310-x86_64-linux-gnu.so" to ""
[1.957s] -- Installing: /home/bctat/turtlebot3ros/turtlebot3_ws/install/image_interfaces/local/lib/python3.10/dist-packages/image_interfaces/image_interfaces_s__rosidl_typesupport_introspection_c.cpython-310-x86_64-linux-gnu.so
[1.957s] -- Set runtime path of "/home/bctat/turtlebot3ros/turtlebot3_ws/install/image_interfaces/local/lib/python3.10/dist-packages/image_interfaces/image_interfaces_s__rosidl_typesupport_introspection_c.cpython-310-x86_64-linux-gnu.so" to ""
[1.957s] -- Installing: /home/bctat/turtlebot3ros/turtlebot3_ws/install/image_interfaces/local/lib/python3.10/dist-packages/image_interfaces/image_interfaces_s__rosidl_typesupport_c.cpython-310-x86_64-linux-gnu.so
[1.957s] -- Set runtime path of "/home/bctat/turtlebot3ros/turtlebot3_ws/install/image_interfaces/local/lib/python3.10/dist-packages/image_interfaces/image_interfaces_s__rosidl_typesupport_c.cpython-310-x86_64-linux-gnu.so" to ""
[1.957s] -- Installing: /home/bctat/turtlebot3ros/turtlebot3_ws/install/image_interfaces/lib/libimage_interfaces__rosidl_generator_py.so
[1.957s] -- Set runtime path of "/home/bctat/turtlebot3ros/turtlebot3_ws/install/image_interfaces/lib/libimage_interfaces__rosidl_generator_py.so" to ""
[1.957s] -- Installing: /home/bctat/turtlebot3ros/turtlebot3_ws/install/image_interfaces/share/image_interfaces/msg/Centroid.idl
[1.957s] -- Installing: /home/bctat/turtlebot3ros/turtlebot3_ws/install/image_interfaces/share/image_interfaces/srv/FindCentroid.idl
[1.957s] -- Installing: /home/bctat/turtlebot3ros/turtlebot3_ws/install/image_interfaces/share/image_interfaces/msg/Centroid.msg
[1.957s] -- Installing: /home/bctat/turtlebot3ros/turtlebot3_ws/install/image_interfaces/share/image_interfaces/srv/FindCentroid.srv
[1.957s] -- Installing: /home/bctat/turtlebot3ros/turtlebot3_ws/install/image_interfaces/share/image_interfaces/srv/FindCentroid_Request.msg
[1.957s] -- Installing: /home/bctat/turtlebot3ros/turtlebot3_ws/install/image_interfaces/share/image_interfaces/srv/FindCentroid_Response.msg
[1.957s] -- Installing: /home/bctat/turtlebot3ros/turtlebot3_ws/install/image_interfaces/share/ament_index/resource_index/package_run_dependencies/image_interfaces
[1.957s] -- Installing: /home/bctat/turtlebot3ros/turtlebot3_ws/install/image_interfaces/share/ament_index/resource_index/parent_prefix_path/image_interfaces
[1.958s] -- Installing: /home/bctat/turtlebot3ros/turtlebot3_ws/install/image_interfaces/share/image_interfaces/environment/ament_prefix_path.sh
[1.958s] -- Installing: /home/bctat/turtlebot3ros/turtlebot3_ws/install/image_interfaces/share/image_interfaces/environment/ament_prefix_path.dsv
[1.958s] -- Installing: /home/bctat/turtlebot3ros/turtlebot3_ws/install/image_interfaces/share/image_interfaces/environment/path.sh
[1.958s] -- Installing: /home/bctat/turtlebot3ros/turtlebot3_ws/install/image_interfaces/share/image_interfaces/environment/path.dsv
[1.958s] -- Installing: /home/bctat/turtlebot3ros/turtlebot3_ws/install/image_interfaces/share/image_interfaces/local_setup.bash
[1.958s] -- Installing: /home/bctat/turtlebot3ros/turtlebot3_ws/install/image_interfaces/share/image_interfaces/local_setup.sh
[1.958s] -- Installing: /home/bctat/turtlebot3ros/turtlebot3_ws/install/image_interfaces/share/image_interfaces/local_setup.zsh
[1.958s] -- Installing: /home/bctat/turtlebot3ros/turtlebot3_ws/install/image_interfaces/share/image_interfaces/local_setup.dsv
[1.958s] -- Installing: /home/bctat/turtlebot3ros/turtlebot3_ws/install/image_interfaces/share/image_interfaces/package.dsv
[1.958s] -- Installing: /home/bctat/turtlebot3ros/turtlebot3_ws/install/image_interfaces/share/ament_index/resource_index/packages/image_interfaces
[1.958s] -- Installing: /home/bctat/turtlebot3ros/turtlebot3_ws/install/image_interfaces/share/image_interfaces/cmake/export_image_interfaces__rosidl_generator_cExport.cmake
[1.958s] -- Installing: /home/bctat/turtlebot3ros/turtlebot3_ws/install/image_interfaces/share/image_interfaces/cmake/export_image_interfaces__rosidl_generator_cExport-noconfig.cmake
[1.958s] -- Installing: /home/bctat/turtlebot3ros/turtlebot3_ws/install/image_interfaces/share/image_interfaces/cmake/export_image_interfaces__rosidl_typesupport_fastrtps_cExport.cmake
[1.958s] -- Installing: /home/bctat/turtlebot3ros/turtlebot3_ws/install/image_interfaces/share/image_interfaces/cmake/export_image_interfaces__rosidl_typesupport_fastrtps_cExport-noconfig.cmake
[1.958s] -- Installing: /home/bctat/turtlebot3ros/turtlebot3_ws/install/image_interfaces/share/image_interfaces/cmake/image_interfaces__rosidl_typesupport_introspection_cExport.cmake
[1.958s] -- Installing: /home/bctat/turtlebot3ros/turtlebot3_ws/install/image_interfaces/share/image_interfaces/cmake/image_interfaces__rosidl_typesupport_introspection_cExport-noconfig.cmake
[1.958s] -- Installing: /home/bctat/turtlebot3ros/turtlebot3_ws/install/image_interfaces/share/image_interfaces/cmake/image_interfaces__rosidl_typesupport_cExport.cmake
[1.958s] -- Installing: /home/bctat/turtlebot3ros/turtlebot3_ws/install/image_interfaces/share/image_interfaces/cmake/image_interfaces__rosidl_typesupport_cExport-noconfig.cmake
[1.958s] -- Installing: /home/bctat/turtlebot3ros/turtlebot3_ws/install/image_interfaces/share/image_interfaces/cmake/export_image_interfaces__rosidl_generator_cppExport.cmake
[1.958s] -- Installing: /home/bctat/turtlebot3ros/turtlebot3_ws/install/image_interfaces/share/image_interfaces/cmake/export_image_interfaces__rosidl_typesupport_fastrtps_cppExport.cmake
[1.958s] -- Installing: /home/bctat/turtlebot3ros/turtlebot3_ws/install/image_interfaces/share/image_interfaces/cmake/export_image_interfaces__rosidl_typesupport_fastrtps_cppExport-noconfig.cmake
[1.959s] -- Installing: /home/bctat/turtlebot3ros/turtlebot3_ws/install/image_interfaces/share/image_interfaces/cmake/image_interfaces__rosidl_typesupport_introspection_cppExport.cmake
[1.959s] -- Installing: /home/bctat/turtlebot3ros/turtlebot3_ws/install/image_interfaces/share/image_interfaces/cmake/image_interfaces__rosidl_typesupport_introspection_cppExport-noconfig.cmake
[1.959s] -- Installing: /home/bctat/turtlebot3ros/turtlebot3_ws/install/image_interfaces/share/image_interfaces/cmake/image_interfaces__rosidl_typesupport_cppExport.cmake
[1.959s] -- Installing: /home/bctat/turtlebot3ros/turtlebot3_ws/install/image_interfaces/share/image_interfaces/cmake/image_interfaces__rosidl_typesupport_cppExport-noconfig.cmake
[1.959s] -- Installing: /home/bctat/turtlebot3ros/turtlebot3_ws/install/image_interfaces/share/image_interfaces/cmake/export_image_interfaces__rosidl_generator_pyExport.cmake
[1.959s] -- Installing: /home/bctat/turtlebot3ros/turtlebot3_ws/install/image_interfaces/share/image_interfaces/cmake/export_image_interfaces__rosidl_generator_pyExport-noconfig.cmake
[1.959s] -- Installing: /home/bctat/turtlebot3ros/turtlebot3_ws/install/image_interfaces/share/image_interfaces/cmake/rosidl_cmake-extras.cmake
[1.959s] -- Installing: /home/bctat/turtlebot3ros/turtlebot3_ws/install/image_interfaces/share/image_interfaces/cmake/ament_cmake_export_include_directories-extras.cmake
[1.959s] -- Installing: /home/bctat/turtlebot3ros/turtlebot3_ws/install/image_interfaces/share/image_interfaces/cmake/ament_cmake_export_libraries-extras.cmake
[1.959s] -- Installing: /home/bctat/turtlebot3ros/turtlebot3_ws/install/image_interfaces/share/image_interfaces/cmake/ament_cmake_export_targets-extras.cmake
[1.959s] -- Installing: /home/bctat/turtlebot3ros/turtlebot3_ws/install/image_interfaces/share/image_interfaces/cmake/rosidl_cmake_export_typesupport_targets-extras.cmake
[1.959s] -- Installing: /home/bctat/turtlebot3ros/turtlebot3_ws/install/image_interfaces/share/image_interfaces/cmake/ament_cmake_export_dependencies-extras.cmake
[1.959s] -- Installing: /home/bctat/turtlebot3ros/turtlebot3_ws/install/image_interfaces/share/image_interfaces/cmake/rosidl_cmake_export_typesupport_libraries-extras.cmake
[1.959s] -- Installing: /home/bctat/turtlebot3ros/turtlebot3_ws/install/image_interfaces/share/image_interfaces/cmake/image_interfacesConfig.cmake
[1.959s] -- Installing: /home/bctat/turtlebot3ros/turtlebot3_ws/install/image_interfaces/share/image_interfaces/cmake/image_interfacesConfig-version.cmake
[1.959s] -- Installing: /home/bctat/turtlebot3ros/turtlebot3_ws/install/image_interfaces/share/image_interfaces/package.xml
[1.961s] Invoked command in '/home/bctat/turtlebot3ros/turtlebot3_ws/build/image_interfaces' returned '0': CMAKE_PREFIX_PATH=${CMAKE_PREFIX_PATH}:/home/bctat/turtlebot3ros/turtlebot3_ws/install/turtlebot3_controller:/opt/ros/humble /usr/bin/cmake --install /home/bctat/turtlebot3ros/turtlebot3_ws/build/image_interfaces
